2025-05-06 22:04:27 - INFO - Starting Federated Learning Simulation: dataset type: iid, dataset name: mnist, strategy: FedAvg(accept_failures=True), rounds: 50, clients: 20
2025-05-06 22:04:27 - WARNING - DEPRECATED FEATURE: flwr.simulation.start_simulation() is deprecated.
	Instead, use the `flwr run` CLI command to start a local simulation in your Flower app, as shown for example below:

		$ flwr new  # Create a new Flower app from a template

		$ flwr run  # Run the Flower app in Simulation Mode

	Using `start_simulation()` is deprecated.

            This is a deprecated feature. It will be removed
            entirely in future versions of Flower.
        
2025-05-06 22:04:27 - INFO - Starting Flower simulation, config: num_rounds=50, no round_timeout
2025-05-06 22:04:29 - INFO - Flower VCE: Ray initialized with resources: {'accelerator_type:G': 1.0, 'node:__internal_head__': 1.0, 'CPU': 24.0, 'memory': 11967669044.0, 'node:127.0.0.1': 1.0, 'object_store_memory': 5983834521.0, 'GPU': 1.0}
2025-05-06 22:04:29 - INFO - Optimize your simulation with Flower VCE: https://flower.ai/docs/framework/how-to-run-simulations.html
2025-05-06 22:04:29 - INFO - No `client_resources` specified. Using minimal resources for clients.
2025-05-06 22:04:29 - INFO - Flower VCE: Resources for each Virtual Client: {'num_cpus': 1, 'num_gpus': 0.0}
2025-05-06 22:04:29 - INFO - Flower VCE: Creating VirtualClientEngineActorPool with 24 actors
2025-05-06 22:04:29 - INFO - [INIT]
2025-05-06 22:04:29 - INFO - Requesting initial parameters from one random client
2025-05-06 22:04:33 - INFO - Received initial parameters from one random client
2025-05-06 22:04:33 - INFO - Starting evaluation of initial global parameters
2025-05-06 22:04:36 - INFO - initial parameters (loss, other metrics): 0.07382761383056641, {'central_global_loss': 0.07382761383056641, 'central_global_accuracy': 0.098, 'central_clean_loss': 0.07206743800640106, 'central_clean_accuracy': 0.1215, 'central_malicious_loss': 0.07206743800640106, 'central_malicious_accuracy': 0.1215}
2025-05-06 22:04:36 - INFO - 
2025-05-06 22:04:36 - INFO - [ROUND 1]
2025-05-06 22:04:36 - INFO - configure_fit: strategy sampled 20 clients (out of 20)
2025-05-06 22:04:44 - INFO - aggregate_fit: received 20 results and 0 failures
2025-05-06 22:04:44 - WARNING - No fit_metrics_aggregation_fn provided
2025-05-06 22:04:47 - INFO - fit progress: (1, 0.010037771046161652, {'central_global_loss': 0.010037771046161652, 'central_global_accuracy': 0.912, 'central_clean_loss': 0.009623030479997397, 'central_clean_accuracy': 0.916, 'central_malicious_loss': 0.009623030479997397, 'central_malicious_accuracy': 0.916}, 11.0001088)
2025-05-06 22:04:47 - INFO - configure_evaluate: strategy sampled 20 clients (out of 20)
2025-05-06 22:04:47 - INFO - aggregate_evaluate: received 20 results and 0 failures
2025-05-06 22:04:47 - INFO - 
2025-05-06 22:04:47 - INFO - [ROUND 2]
2025-05-06 22:04:47 - INFO - configure_fit: strategy sampled 20 clients (out of 20)
2025-05-06 22:04:51 - INFO - aggregate_fit: received 20 results and 0 failures
2025-05-06 22:04:54 - INFO - fit progress: (2, 0.004594143740832806, {'central_global_loss': 0.004594143740832806, 'central_global_accuracy': 0.954, 'central_clean_loss': 0.004535457480349578, 'central_clean_accuracy': 0.9555, 'central_malicious_loss': 0.004535457480349578, 'central_malicious_accuracy': 0.9555}, 18.2468422)
2025-05-06 22:04:54 - INFO - configure_evaluate: strategy sampled 20 clients (out of 20)
2025-05-06 22:04:55 - INFO - aggregate_evaluate: received 20 results and 0 failures
2025-05-06 22:04:55 - INFO - 
2025-05-06 22:04:55 - INFO - [ROUND 3]
2025-05-06 22:04:55 - INFO - configure_fit: strategy sampled 20 clients (out of 20)
2025-05-06 22:04:58 - INFO - aggregate_fit: received 20 results and 0 failures
2025-05-06 22:05:01 - INFO - fit progress: (3, 0.0031181719452142717, {'central_global_loss': 0.0031181719452142717, 'central_global_accuracy': 0.964, 'central_clean_loss': 0.003275171830947511, 'central_clean_accuracy': 0.966, 'central_malicious_loss': 0.003275171830947511, 'central_malicious_accuracy': 0.966}, 25.491856100000003)
2025-05-06 22:05:01 - INFO - configure_evaluate: strategy sampled 20 clients (out of 20)
2025-05-06 22:05:02 - INFO - aggregate_evaluate: received 20 results and 0 failures
2025-05-06 22:05:02 - INFO - 
2025-05-06 22:05:02 - INFO - [ROUND 4]
2025-05-06 22:05:02 - INFO - configure_fit: strategy sampled 20 clients (out of 20)
2025-05-06 22:05:06 - INFO - aggregate_fit: received 20 results and 0 failures
2025-05-06 22:05:09 - INFO - fit progress: (4, 0.0023225491121411325, {'central_global_loss': 0.0023225491121411325, 'central_global_accuracy': 0.978, 'central_clean_loss': 0.0026242420794616917, 'central_clean_accuracy': 0.9726, 'central_malicious_loss': 0.0026242420794616917, 'central_malicious_accuracy': 0.9726}, 32.7321238)
2025-05-06 22:05:09 - INFO - configure_evaluate: strategy sampled 20 clients (out of 20)
2025-05-06 22:05:09 - INFO - aggregate_evaluate: received 20 results and 0 failures
2025-05-06 22:05:09 - INFO - 
2025-05-06 22:05:09 - INFO - [ROUND 5]
2025-05-06 22:05:09 - INFO - configure_fit: strategy sampled 20 clients (out of 20)
2025-05-06 22:05:13 - INFO - aggregate_fit: received 20 results and 0 failures
2025-05-06 22:05:16 - INFO - fit progress: (5, 0.001812019331380725, {'central_global_loss': 0.001812019331380725, 'central_global_accuracy': 0.984, 'central_clean_loss': 0.0022268187342968306, 'central_clean_accuracy': 0.977, 'central_malicious_loss': 0.0022268187342968306, 'central_malicious_accuracy': 0.977}, 40.0912926)
2025-05-06 22:05:16 - INFO - configure_evaluate: strategy sampled 20 clients (out of 20)
2025-05-06 22:05:16 - INFO - aggregate_evaluate: received 20 results and 0 failures
2025-05-06 22:05:16 - INFO - 
2025-05-06 22:05:16 - INFO - [ROUND 6]
2025-05-06 22:05:16 - INFO - configure_fit: strategy sampled 20 clients (out of 20)
2025-05-06 22:05:20 - INFO - aggregate_fit: received 20 results and 0 failures
2025-05-06 22:05:23 - INFO - fit progress: (6, 0.0015123087372630835, {'central_global_loss': 0.0015123087372630835, 'central_global_accuracy': 0.986, 'central_clean_loss': 0.001957110123350867, 'central_clean_accuracy': 0.9797, 'central_malicious_loss': 0.001957110123350867, 'central_malicious_accuracy': 0.9797}, 47.491510000000005)
2025-05-06 22:05:23 - INFO - configure_evaluate: strategy sampled 20 clients (out of 20)
2025-05-06 22:05:24 - INFO - aggregate_evaluate: received 20 results and 0 failures
2025-05-06 22:05:24 - INFO - 
2025-05-06 22:05:24 - INFO - [ROUND 7]
2025-05-06 22:05:24 - INFO - configure_fit: strategy sampled 20 clients (out of 20)
2025-05-06 22:05:28 - INFO - aggregate_fit: received 20 results and 0 failures
2025-05-06 22:05:31 - INFO - fit progress: (7, 0.001310723265632987, {'central_global_loss': 0.001310723265632987, 'central_global_accuracy': 0.99, 'central_clean_loss': 0.0017518624588148668, 'central_clean_accuracy': 0.9819, 'central_malicious_loss': 0.0017518624588148668, 'central_malicious_accuracy': 0.9819}, 55.0148334)
2025-05-06 22:05:31 - INFO - configure_evaluate: strategy sampled 20 clients (out of 20)
2025-05-06 22:05:31 - INFO - aggregate_evaluate: received 20 results and 0 failures
2025-05-06 22:05:31 - INFO - 
2025-05-06 22:05:31 - INFO - [ROUND 8]
2025-05-06 22:05:31 - INFO - configure_fit: strategy sampled 20 clients (out of 20)
2025-05-06 22:05:35 - INFO - aggregate_fit: received 20 results and 0 failures
2025-05-06 22:05:38 - INFO - fit progress: (8, 0.0011866907719522714, {'central_global_loss': 0.0011866907719522714, 'central_global_accuracy': 0.988, 'central_clean_loss': 0.001600138750737824, 'central_clean_accuracy': 0.9831, 'central_malicious_loss': 0.001600138750737824, 'central_malicious_accuracy': 0.9831}, 62.20608440000001)
2025-05-06 22:05:38 - INFO - configure_evaluate: strategy sampled 20 clients (out of 20)
2025-05-06 22:05:39 - INFO - aggregate_evaluate: received 20 results and 0 failures
2025-05-06 22:05:39 - INFO - 
2025-05-06 22:05:39 - INFO - [ROUND 9]
2025-05-06 22:05:39 - INFO - configure_fit: strategy sampled 20 clients (out of 20)
2025-05-06 22:05:42 - INFO - aggregate_fit: received 20 results and 0 failures
2025-05-06 22:05:45 - INFO - fit progress: (9, 0.0010766223622485996, {'central_global_loss': 0.0010766223622485996, 'central_global_accuracy': 0.99, 'central_clean_loss': 0.001477606921964616, 'central_clean_accuracy': 0.9848, 'central_malicious_loss': 0.001477606921964616, 'central_malicious_accuracy': 0.9848}, 69.4184661)
2025-05-06 22:05:45 - INFO - configure_evaluate: strategy sampled 20 clients (out of 20)
2025-05-06 22:05:46 - INFO - aggregate_evaluate: received 20 results and 0 failures
2025-05-06 22:05:46 - INFO - 
2025-05-06 22:05:46 - INFO - [ROUND 10]
2025-05-06 22:05:46 - INFO - configure_fit: strategy sampled 20 clients (out of 20)
