2025-04-09 12:17:47 - INFO - Starting Federated Learning Simulation: dataset type: iid, dataset name: mnist, strategy: FedAvg(accept_failures=True), rounds: 20, clients: 20
2025-04-09 12:17:47 - WARNING - DEPRECATED FEATURE: flwr.simulation.start_simulation() is deprecated.
	Instead, use the `flwr run` CLI command to start a local simulation in your Flower app, as shown for example below:

		$ flwr new  # Create a new Flower app from a template

		$ flwr run  # Run the Flower app in Simulation Mode

	Using `start_simulation()` is deprecated.

            This is a deprecated feature. It will be removed
            entirely in future versions of Flower.
        
2025-04-09 12:17:47 - INFO - Starting Flower simulation, config: num_rounds=20, no round_timeout
2025-04-09 12:17:50 - INFO - Flower VCE: Ray initialized with resources: {'accelerator_type:G': 1.0, 'node:__internal_head__': 1.0, 'CPU': 24.0, 'object_store_memory': 6540158976.0, 'node:127.0.0.1': 1.0, 'memory': 13080317952.0, 'GPU': 1.0}
2025-04-09 12:17:50 - INFO - Optimize your simulation with Flower VCE: https://flower.ai/docs/framework/how-to-run-simulations.html
2025-04-09 12:17:50 - INFO - No `client_resources` specified. Using minimal resources for clients.
2025-04-09 12:17:50 - INFO - Flower VCE: Resources for each Virtual Client: {'num_cpus': 1, 'num_gpus': 0.0}
2025-04-09 12:17:50 - INFO - Flower VCE: Creating VirtualClientEngineActorPool with 24 actors
2025-04-09 12:17:50 - INFO - [INIT]
2025-04-09 12:17:50 - INFO - Requesting initial parameters from one random client
2025-04-09 12:17:58 - INFO - Received initial parameters from one random client
2025-04-09 12:17:58 - INFO - Starting evaluation of initial global parameters
2025-04-09 12:17:58 - INFO - Evaluation returned no results (`None`)
2025-04-09 12:17:58 - INFO - 
2025-04-09 12:17:58 - INFO - [ROUND 1]
2025-04-09 12:17:58 - INFO - configure_fit: strategy sampled 20 clients (out of 20)
2025-04-09 12:18:05 - INFO - aggregate_fit: received 20 results and 0 failures
2025-04-09 12:18:05 - WARNING - No fit_metrics_aggregation_fn provided
2025-04-09 12:18:05 - INFO - configure_evaluate: strategy sampled 20 clients (out of 20)
2025-04-09 12:18:06 - INFO - aggregate_evaluate: received 20 results and 0 failures
2025-04-09 12:18:06 - INFO - 
2025-04-09 12:18:06 - INFO - [ROUND 2]
2025-04-09 12:18:06 - INFO - configure_fit: strategy sampled 20 clients (out of 20)
2025-04-09 12:18:10 - INFO - aggregate_fit: received 20 results and 0 failures
2025-04-09 12:18:10 - INFO - configure_evaluate: strategy sampled 20 clients (out of 20)
2025-04-09 12:18:10 - INFO - aggregate_evaluate: received 20 results and 0 failures
2025-04-09 12:18:10 - INFO - 
2025-04-09 12:18:10 - INFO - [ROUND 3]
2025-04-09 12:18:10 - INFO - configure_fit: strategy sampled 20 clients (out of 20)
2025-04-09 12:18:14 - INFO - aggregate_fit: received 20 results and 0 failures
2025-04-09 12:18:14 - INFO - configure_evaluate: strategy sampled 20 clients (out of 20)
2025-04-09 12:18:14 - INFO - aggregate_evaluate: received 20 results and 0 failures
2025-04-09 12:18:14 - INFO - 
2025-04-09 12:18:14 - INFO - [ROUND 4]
2025-04-09 12:18:14 - INFO - configure_fit: strategy sampled 20 clients (out of 20)
2025-04-09 12:18:18 - INFO - aggregate_fit: received 20 results and 0 failures
2025-04-09 12:18:18 - INFO - configure_evaluate: strategy sampled 20 clients (out of 20)
2025-04-09 12:18:19 - INFO - aggregate_evaluate: received 20 results and 0 failures
2025-04-09 12:18:19 - INFO - 
2025-04-09 12:18:19 - INFO - [ROUND 5]
2025-04-09 12:18:19 - INFO - configure_fit: strategy sampled 20 clients (out of 20)
2025-04-09 12:18:22 - INFO - aggregate_fit: received 20 results and 0 failures
2025-04-09 12:18:22 - INFO - configure_evaluate: strategy sampled 20 clients (out of 20)
2025-04-09 12:18:23 - INFO - aggregate_evaluate: received 20 results and 0 failures
2025-04-09 12:18:23 - INFO - 
2025-04-09 12:18:23 - INFO - [ROUND 6]
2025-04-09 12:18:23 - INFO - configure_fit: strategy sampled 20 clients (out of 20)
2025-04-09 12:18:27 - INFO - aggregate_fit: received 20 results and 0 failures
2025-04-09 12:18:27 - INFO - configure_evaluate: strategy sampled 20 clients (out of 20)
2025-04-09 12:18:27 - INFO - aggregate_evaluate: received 20 results and 0 failures
2025-04-09 12:18:27 - INFO - 
2025-04-09 12:18:27 - INFO - [ROUND 7]
2025-04-09 12:18:27 - INFO - configure_fit: strategy sampled 20 clients (out of 20)
2025-04-09 12:18:31 - INFO - aggregate_fit: received 20 results and 0 failures
2025-04-09 12:18:31 - INFO - configure_evaluate: strategy sampled 20 clients (out of 20)
2025-04-09 12:18:31 - INFO - aggregate_evaluate: received 20 results and 0 failures
2025-04-09 12:18:31 - INFO - 
2025-04-09 12:18:31 - INFO - [ROUND 8]
2025-04-09 12:18:31 - INFO - configure_fit: strategy sampled 20 clients (out of 20)
2025-04-09 12:18:35 - INFO - aggregate_fit: received 20 results and 0 failures
2025-04-09 12:18:35 - INFO - configure_evaluate: strategy sampled 20 clients (out of 20)
2025-04-09 12:18:36 - INFO - aggregate_evaluate: received 20 results and 0 failures
2025-04-09 12:18:36 - INFO - 
2025-04-09 12:18:36 - INFO - [ROUND 9]
2025-04-09 12:18:36 - INFO - configure_fit: strategy sampled 20 clients (out of 20)
2025-04-09 12:18:39 - INFO - aggregate_fit: received 20 results and 0 failures
2025-04-09 12:18:39 - INFO - configure_evaluate: strategy sampled 20 clients (out of 20)
2025-04-09 12:18:40 - INFO - aggregate_evaluate: received 20 results and 0 failures
2025-04-09 12:18:40 - INFO - 
2025-04-09 12:18:40 - INFO - [ROUND 10]
2025-04-09 12:18:40 - INFO - configure_fit: strategy sampled 20 clients (out of 20)
2025-04-09 12:18:44 - INFO - aggregate_fit: received 20 results and 0 failures
2025-04-09 12:18:44 - INFO - configure_evaluate: strategy sampled 20 clients (out of 20)
2025-04-09 12:18:44 - INFO - aggregate_evaluate: received 20 results and 0 failures
2025-04-09 12:18:44 - INFO - 
2025-04-09 12:18:44 - INFO - [ROUND 11]
2025-04-09 12:18:44 - INFO - configure_fit: strategy sampled 20 clients (out of 20)
2025-04-09 12:18:48 - INFO - aggregate_fit: received 20 results and 0 failures
2025-04-09 12:18:48 - INFO - configure_evaluate: strategy sampled 20 clients (out of 20)
2025-04-09 12:18:48 - INFO - aggregate_evaluate: received 20 results and 0 failures
2025-04-09 12:18:48 - INFO - 
2025-04-09 12:18:48 - INFO - [ROUND 12]
2025-04-09 12:18:48 - INFO - configure_fit: strategy sampled 20 clients (out of 20)
2025-04-09 12:18:52 - INFO - aggregate_fit: received 20 results and 0 failures
2025-04-09 12:18:52 - INFO - configure_evaluate: strategy sampled 20 clients (out of 20)
2025-04-09 12:18:53 - INFO - aggregate_evaluate: received 20 results and 0 failures
2025-04-09 12:18:53 - INFO - 
2025-04-09 12:18:53 - INFO - [ROUND 13]
2025-04-09 12:18:53 - INFO - configure_fit: strategy sampled 20 clients (out of 20)
2025-04-09 12:18:57 - INFO - aggregate_fit: received 20 results and 0 failures
2025-04-09 12:18:57 - INFO - configure_evaluate: strategy sampled 20 clients (out of 20)
2025-04-09 12:18:57 - INFO - aggregate_evaluate: received 20 results and 0 failures
2025-04-09 12:18:57 - INFO - 
2025-04-09 12:18:57 - INFO - [ROUND 14]
2025-04-09 12:18:57 - INFO - configure_fit: strategy sampled 20 clients (out of 20)
2025-04-09 12:19:01 - INFO - aggregate_fit: received 20 results and 0 failures
2025-04-09 12:19:01 - INFO - configure_evaluate: strategy sampled 20 clients (out of 20)
2025-04-09 12:19:01 - INFO - aggregate_evaluate: received 20 results and 0 failures
2025-04-09 12:19:01 - INFO - 
2025-04-09 12:19:01 - INFO - [ROUND 15]
2025-04-09 12:19:01 - INFO - configure_fit: strategy sampled 20 clients (out of 20)
2025-04-09 12:19:05 - INFO - aggregate_fit: received 20 results and 0 failures
2025-04-09 12:19:05 - INFO - configure_evaluate: strategy sampled 20 clients (out of 20)
2025-04-09 12:19:06 - INFO - aggregate_evaluate: received 20 results and 0 failures
2025-04-09 12:19:06 - INFO - 
2025-04-09 12:19:06 - INFO - [ROUND 16]
2025-04-09 12:19:06 - INFO - configure_fit: strategy sampled 20 clients (out of 20)
2025-04-09 12:19:09 - INFO - aggregate_fit: received 20 results and 0 failures
2025-04-09 12:19:09 - INFO - configure_evaluate: strategy sampled 20 clients (out of 20)
2025-04-09 12:19:10 - INFO - aggregate_evaluate: received 20 results and 0 failures
2025-04-09 12:19:10 - INFO - 
2025-04-09 12:19:10 - INFO - [ROUND 17]
2025-04-09 12:19:10 - INFO - configure_fit: strategy sampled 20 clients (out of 20)
2025-04-09 12:19:14 - INFO - aggregate_fit: received 20 results and 0 failures
2025-04-09 12:19:14 - INFO - configure_evaluate: strategy sampled 20 clients (out of 20)
2025-04-09 12:19:14 - INFO - aggregate_evaluate: received 20 results and 0 failures
2025-04-09 12:19:14 - INFO - 
2025-04-09 12:19:14 - INFO - [ROUND 18]
2025-04-09 12:19:14 - INFO - configure_fit: strategy sampled 20 clients (out of 20)
2025-04-09 12:19:18 - INFO - aggregate_fit: received 20 results and 0 failures
2025-04-09 12:19:18 - INFO - configure_evaluate: strategy sampled 20 clients (out of 20)
2025-04-09 12:19:18 - INFO - aggregate_evaluate: received 20 results and 0 failures
2025-04-09 12:19:18 - INFO - 
2025-04-09 12:19:18 - INFO - [ROUND 19]
2025-04-09 12:19:18 - INFO - configure_fit: strategy sampled 20 clients (out of 20)
2025-04-09 12:19:22 - INFO - aggregate_fit: received 20 results and 0 failures
2025-04-09 12:19:22 - INFO - configure_evaluate: strategy sampled 20 clients (out of 20)
2025-04-09 12:19:23 - INFO - aggregate_evaluate: received 20 results and 0 failures
2025-04-09 12:19:23 - INFO - 
2025-04-09 12:19:23 - INFO - [ROUND 20]
2025-04-09 12:19:23 - INFO - configure_fit: strategy sampled 20 clients (out of 20)
2025-04-09 12:19:26 - INFO - aggregate_fit: received 20 results and 0 failures
2025-04-09 12:19:27 - INFO - configure_evaluate: strategy sampled 20 clients (out of 20)
2025-04-09 12:19:27 - INFO - aggregate_evaluate: received 20 results and 0 failures
2025-04-09 12:19:27 - INFO - 
2025-04-09 12:19:27 - INFO - [SUMMARY]
2025-04-09 12:19:27 - INFO - Run finished 20 round(s) in 89.40s
2025-04-09 12:19:27 - INFO - 	History (loss, distributed):
2025-04-09 12:19:27 - INFO - 		round 1: 0.5953
2025-04-09 12:19:27 - INFO - 		round 2: 0.9047
2025-04-09 12:19:27 - INFO - 		round 3: 0.8809
2025-04-09 12:19:27 - INFO - 		round 4: 0.923
2025-04-09 12:19:27 - INFO - 		round 5: 0.9312
2025-04-09 12:19:27 - INFO - 		round 6: 0.9295
2025-04-09 12:19:27 - INFO - 		round 7: 0.9279
2025-04-09 12:19:27 - INFO - 		round 8: 0.9372
2025-04-09 12:19:27 - INFO - 		round 9: 0.9293
2025-04-09 12:19:27 - INFO - 		round 10: 0.9526
2025-04-09 12:19:27 - INFO - 		round 11: 0.944
2025-04-09 12:19:27 - INFO - 		round 12: 0.9525
2025-04-09 12:19:27 - INFO - 		round 13: 0.9517
2025-04-09 12:19:27 - INFO - 		round 14: 0.937
2025-04-09 12:19:27 - INFO - 		round 15: 0.9432
2025-04-09 12:19:27 - INFO - 		round 16: 0.961
2025-04-09 12:19:27 - INFO - 		round 17: 0.9543
2025-04-09 12:19:27 - INFO - 		round 18: 0.9583
2025-04-09 12:19:27 - INFO - 		round 19: 0.961
2025-04-09 12:19:27 - INFO - 		round 20: 0.9538
2025-04-09 12:19:27 - INFO - 	History (metrics, distributed, evaluate):
2025-04-09 12:19:27 - INFO - 	{'accuracy': [(1, 0.5953),
2025-04-09 12:19:27 - INFO - 	              (2, 0.9047),
2025-04-09 12:19:27 - INFO - 	              (3, 0.8809),
2025-04-09 12:19:27 - INFO - 	              (4, 0.923),
2025-04-09 12:19:27 - INFO - 	              (5, 0.9312),
2025-04-09 12:19:27 - INFO - 	              (6, 0.9295),
2025-04-09 12:19:27 - INFO - 	              (7, 0.9279),
2025-04-09 12:19:27 - INFO - 	              (8, 0.9372),
2025-04-09 12:19:27 - INFO - 	              (9, 0.9293),
2025-04-09 12:19:27 - INFO - 	              (10, 0.9526),
2025-04-09 12:19:27 - INFO - 	              (11, 0.944),
2025-04-09 12:19:27 - INFO - 	              (12, 0.9525),
2025-04-09 12:19:27 - INFO - 	              (13, 0.9517),
2025-04-09 12:19:27 - INFO - 	              (14, 0.937),
2025-04-09 12:19:27 - INFO - 	              (15, 0.9432),
2025-04-09 12:19:27 - INFO - 	              (16, 0.961),
2025-04-09 12:19:27 - INFO - 	              (17, 0.9543),
2025-04-09 12:19:27 - INFO - 	              (18, 0.9583),
2025-04-09 12:19:27 - INFO - 	              (19, 0.961),
2025-04-09 12:19:27 - INFO - 	              (20, 0.9538)],
2025-04-09 12:19:27 - INFO - 	 'clean_accuracy': [(1, 0.595875),
2025-04-09 12:19:27 - INFO - 	                    (2, 0.8995),
2025-04-09 12:19:27 - INFO - 	                    (3, 0.8785),
2025-04-09 12:19:27 - INFO - 	                    (4, 0.922875),
2025-04-09 12:19:27 - INFO - 	                    (5, 0.92875),
2025-04-09 12:19:27 - INFO - 	                    (6, 0.927875),
2025-04-09 12:19:27 - INFO - 	                    (7, 0.92475),
2025-04-09 12:19:27 - INFO - 	                    (8, 0.936),
2025-04-09 12:19:27 - INFO - 	                    (9, 0.925625),
2025-04-09 12:19:27 - INFO - 	                    (10, 0.951375),
2025-04-09 12:19:27 - INFO - 	                    (11, 0.942125),
2025-04-09 12:19:27 - INFO - 	                    (12, 0.9505),
2025-04-09 12:19:27 - INFO - 	                    (13, 0.95025),
2025-04-09 12:19:27 - INFO - 	                    (14, 0.93525),
2025-04-09 12:19:27 - INFO - 	                    (15, 0.9405),
2025-04-09 12:19:27 - INFO - 	                    (16, 0.960625),
2025-04-09 12:19:27 - INFO - 	                    (17, 0.952875),
2025-04-09 12:19:27 - INFO - 	                    (18, 0.95675),
2025-04-09 12:19:27 - INFO - 	                    (19, 0.96025),
2025-04-09 12:19:27 - INFO - 	                    (20, 0.9525)],
2025-04-09 12:19:27 - INFO - 	 'malicious_accuracy': [(1, 0.593),
2025-04-09 12:19:27 - INFO - 	                        (2, 0.9255),
2025-04-09 12:19:27 - INFO - 	                        (3, 0.8905),
2025-04-09 12:19:27 - INFO - 	                        (4, 0.9235),
2025-04-09 12:19:27 - INFO - 	                        (5, 0.941),
2025-04-09 12:19:27 - INFO - 	                        (6, 0.936),
2025-04-09 12:19:27 - INFO - 	                        (7, 0.9405),
2025-04-09 12:19:27 - INFO - 	                        (8, 0.942),
2025-04-09 12:19:27 - INFO - 	                        (9, 0.944),
2025-04-09 12:19:27 - INFO - 	                        (10, 0.9575),
2025-04-09 12:19:27 - INFO - 	                        (11, 0.9515),
2025-04-09 12:19:27 - INFO - 	                        (12, 0.9605),
2025-04-09 12:19:27 - INFO - 	                        (13, 0.9575),
2025-04-09 12:19:27 - INFO - 	                        (14, 0.944),
2025-04-09 12:19:27 - INFO - 	                        (15, 0.954),
2025-04-09 12:19:27 - INFO - 	                        (16, 0.9625),
2025-04-09 12:19:27 - INFO - 	                        (17, 0.96),
2025-04-09 12:19:27 - INFO - 	                        (18, 0.9645),
2025-04-09 12:19:27 - INFO - 	                        (19, 0.964),
2025-04-09 12:19:27 - INFO - 	                        (20, 0.959)]}
2025-04-09 12:19:27 - INFO - 
