2025-04-15 10:20:40 - INFO - Starting Federated Learning Simulation: dataset type: iid, dataset name: mnist, strategy: FedAvg(accept_failures=True), rounds: 20, clients: 20
2025-04-15 10:20:40 - WARNING - DEPRECATED FEATURE: flwr.simulation.start_simulation() is deprecated.
	Instead, use the `flwr run` CLI command to start a local simulation in your Flower app, as shown for example below:

		$ flwr new  # Create a new Flower app from a template

		$ flwr run  # Run the Flower app in Simulation Mode

	Using `start_simulation()` is deprecated.

            This is a deprecated feature. It will be removed
            entirely in future versions of Flower.
        
2025-04-15 10:20:40 - INFO - Starting Flower simulation, config: num_rounds=20, no round_timeout
2025-04-15 10:20:43 - INFO - Flower VCE: Ray initialized with resources: {'accelerator_type:G': 1.0, 'node:__internal_head__': 1.0, 'CPU': 24.0, 'memory': 12982903604.0, 'node:127.0.0.1': 1.0, 'object_store_memory': 6491451801.0, 'GPU': 1.0}
2025-04-15 10:20:43 - INFO - Optimize your simulation with Flower VCE: https://flower.ai/docs/framework/how-to-run-simulations.html
2025-04-15 10:20:43 - INFO - No `client_resources` specified. Using minimal resources for clients.
2025-04-15 10:20:43 - INFO - Flower VCE: Resources for each Virtual Client: {'num_cpus': 1, 'num_gpus': 0.0}
2025-04-15 10:20:43 - INFO - Flower VCE: Creating VirtualClientEngineActorPool with 24 actors
2025-04-15 10:20:43 - INFO - [INIT]
2025-04-15 10:20:43 - INFO - Requesting initial parameters from one random client
2025-04-15 10:20:46 - INFO - Received initial parameters from one random client
2025-04-15 10:20:46 - INFO - Starting evaluation of initial global parameters
2025-04-15 10:20:47 - INFO - initial parameters (loss, other metrics): 2.3038, {'central_accuracy': 0.13}
2025-04-15 10:20:47 - INFO - 
2025-04-15 10:20:47 - INFO - [ROUND 1]
2025-04-15 10:20:47 - INFO - configure_fit: strategy sampled 20 clients (out of 20)
2025-04-15 10:20:54 - INFO - aggregate_fit: received 20 results and 0 failures
2025-04-15 10:20:54 - WARNING - No fit_metrics_aggregation_fn provided
2025-04-15 10:20:54 - INFO - fit progress: (1, 0.2859, {'central_accuracy': 0.912}, 7.3538642)
2025-04-15 10:20:54 - INFO - configure_evaluate: strategy sampled 20 clients (out of 20)
2025-04-15 10:20:55 - INFO - aggregate_evaluate: received 20 results and 0 failures
2025-04-15 10:20:55 - INFO - 
2025-04-15 10:20:55 - INFO - [ROUND 2]
2025-04-15 10:20:55 - INFO - configure_fit: strategy sampled 20 clients (out of 20)
2025-04-15 10:20:58 - INFO - aggregate_fit: received 20 results and 0 failures
2025-04-15 10:20:58 - INFO - fit progress: (2, 0.1453, {'central_accuracy': 0.954}, 11.5788483)
2025-04-15 10:20:58 - INFO - configure_evaluate: strategy sampled 20 clients (out of 20)
2025-04-15 10:20:59 - INFO - aggregate_evaluate: received 20 results and 0 failures
2025-04-15 10:20:59 - INFO - 
2025-04-15 10:20:59 - INFO - [ROUND 3]
2025-04-15 10:20:59 - INFO - configure_fit: strategy sampled 20 clients (out of 20)
2025-04-15 10:21:02 - INFO - aggregate_fit: received 20 results and 0 failures
2025-04-15 10:21:03 - INFO - fit progress: (3, 0.096, {'central_accuracy': 0.968}, 15.779699400000002)
2025-04-15 10:21:03 - INFO - configure_evaluate: strategy sampled 20 clients (out of 20)
2025-04-15 10:21:03 - INFO - aggregate_evaluate: received 20 results and 0 failures
2025-04-15 10:21:03 - INFO - 
2025-04-15 10:21:03 - INFO - [ROUND 4]
2025-04-15 10:21:03 - INFO - configure_fit: strategy sampled 20 clients (out of 20)
2025-04-15 10:21:07 - INFO - aggregate_fit: received 20 results and 0 failures
2025-04-15 10:21:07 - INFO - fit progress: (4, 0.0759, {'central_accuracy': 0.974}, 19.9958813)
2025-04-15 10:21:07 - INFO - configure_evaluate: strategy sampled 20 clients (out of 20)
2025-04-15 10:21:07 - INFO - aggregate_evaluate: received 20 results and 0 failures
2025-04-15 10:21:07 - INFO - 
2025-04-15 10:21:07 - INFO - [ROUND 5]
2025-04-15 10:21:07 - INFO - configure_fit: strategy sampled 20 clients (out of 20)
2025-04-15 10:21:11 - INFO - aggregate_fit: received 20 results and 0 failures
2025-04-15 10:21:11 - INFO - fit progress: (5, 0.063, {'central_accuracy': 0.978}, 24.188636499999998)
2025-04-15 10:21:11 - INFO - configure_evaluate: strategy sampled 20 clients (out of 20)
2025-04-15 10:21:11 - INFO - aggregate_evaluate: received 20 results and 0 failures
2025-04-15 10:21:11 - INFO - 
2025-04-15 10:21:11 - INFO - [ROUND 6]
2025-04-15 10:21:11 - INFO - configure_fit: strategy sampled 20 clients (out of 20)
2025-04-15 10:21:15 - INFO - aggregate_fit: received 20 results and 0 failures
2025-04-15 10:21:15 - INFO - fit progress: (6, 0.0528, {'central_accuracy': 0.982}, 28.416307900000003)
2025-04-15 10:21:15 - INFO - configure_evaluate: strategy sampled 20 clients (out of 20)
2025-04-15 10:21:16 - INFO - aggregate_evaluate: received 20 results and 0 failures
2025-04-15 10:21:16 - INFO - 
2025-04-15 10:21:16 - INFO - [ROUND 7]
2025-04-15 10:21:16 - INFO - configure_fit: strategy sampled 20 clients (out of 20)
2025-04-15 10:21:19 - INFO - aggregate_fit: received 20 results and 0 failures
2025-04-15 10:21:19 - INFO - fit progress: (7, 0.047, {'central_accuracy': 0.982}, 32.6238235)
2025-04-15 10:21:19 - INFO - configure_evaluate: strategy sampled 20 clients (out of 20)
2025-04-15 10:21:20 - INFO - aggregate_evaluate: received 20 results and 0 failures
2025-04-15 10:21:20 - INFO - 
2025-04-15 10:21:20 - INFO - [ROUND 8]
2025-04-15 10:21:20 - INFO - configure_fit: strategy sampled 20 clients (out of 20)
2025-04-15 10:21:24 - INFO - aggregate_fit: received 20 results and 0 failures
2025-04-15 10:21:24 - INFO - fit progress: (8, 0.0423, {'central_accuracy': 0.984}, 36.8207843)
2025-04-15 10:21:24 - INFO - configure_evaluate: strategy sampled 20 clients (out of 20)
2025-04-15 10:21:24 - INFO - aggregate_evaluate: received 20 results and 0 failures
2025-04-15 10:21:24 - INFO - 
2025-04-15 10:21:24 - INFO - [ROUND 9]
2025-04-15 10:21:24 - INFO - configure_fit: strategy sampled 20 clients (out of 20)
2025-04-15 10:21:28 - INFO - aggregate_fit: received 20 results and 0 failures
2025-04-15 10:21:28 - INFO - fit progress: (9, 0.0378, {'central_accuracy': 0.982}, 41.037561600000004)
2025-04-15 10:21:28 - INFO - configure_evaluate: strategy sampled 20 clients (out of 20)
2025-04-15 10:21:28 - INFO - aggregate_evaluate: received 20 results and 0 failures
2025-04-15 10:21:28 - INFO - 
2025-04-15 10:21:28 - INFO - [ROUND 10]
2025-04-15 10:21:28 - INFO - configure_fit: strategy sampled 20 clients (out of 20)
2025-04-15 10:21:32 - INFO - aggregate_fit: received 20 results and 0 failures
2025-04-15 10:21:32 - INFO - fit progress: (10, 0.0379, {'central_accuracy': 0.986}, 45.2883583)
2025-04-15 10:21:32 - INFO - configure_evaluate: strategy sampled 20 clients (out of 20)
2025-04-15 10:21:32 - INFO - aggregate_evaluate: received 20 results and 0 failures
2025-04-15 10:21:32 - INFO - 
2025-04-15 10:21:32 - INFO - [ROUND 11]
2025-04-15 10:21:32 - INFO - configure_fit: strategy sampled 20 clients (out of 20)
2025-04-15 10:21:36 - INFO - aggregate_fit: received 20 results and 0 failures
2025-04-15 10:21:36 - INFO - fit progress: (11, 0.0333, {'central_accuracy': 0.986}, 49.520225100000005)
2025-04-15 10:21:36 - INFO - configure_evaluate: strategy sampled 20 clients (out of 20)
2025-04-15 10:21:37 - INFO - aggregate_evaluate: received 20 results and 0 failures
2025-04-15 10:21:37 - INFO - 
2025-04-15 10:21:37 - INFO - [ROUND 12]
2025-04-15 10:21:37 - INFO - configure_fit: strategy sampled 20 clients (out of 20)
2025-04-15 10:21:40 - INFO - aggregate_fit: received 20 results and 0 failures
2025-04-15 10:21:41 - INFO - fit progress: (12, 0.0333, {'central_accuracy': 0.986}, 53.75088220000001)
2025-04-15 10:21:41 - INFO - configure_evaluate: strategy sampled 20 clients (out of 20)
2025-04-15 10:21:41 - INFO - aggregate_evaluate: received 20 results and 0 failures
2025-04-15 10:21:41 - INFO - 
2025-04-15 10:21:41 - INFO - [ROUND 13]
2025-04-15 10:21:41 - INFO - configure_fit: strategy sampled 20 clients (out of 20)
2025-04-15 10:21:45 - INFO - aggregate_fit: received 20 results and 0 failures
2025-04-15 10:21:45 - INFO - fit progress: (13, 0.0286, {'central_accuracy': 0.988}, 58.166638500000005)
2025-04-15 10:21:45 - INFO - configure_evaluate: strategy sampled 20 clients (out of 20)
2025-04-15 10:21:45 - INFO - aggregate_evaluate: received 20 results and 0 failures
2025-04-15 10:21:45 - INFO - 
2025-04-15 10:21:45 - INFO - [ROUND 14]
2025-04-15 10:21:45 - INFO - configure_fit: strategy sampled 20 clients (out of 20)
2025-04-15 10:21:49 - INFO - aggregate_fit: received 20 results and 0 failures
2025-04-15 10:21:49 - INFO - fit progress: (14, 0.0308, {'central_accuracy': 0.988}, 62.7035958)
2025-04-15 10:21:49 - INFO - configure_evaluate: strategy sampled 20 clients (out of 20)
2025-04-15 10:21:50 - INFO - aggregate_evaluate: received 20 results and 0 failures
2025-04-15 10:21:50 - INFO - 
2025-04-15 10:21:50 - INFO - [ROUND 15]
2025-04-15 10:21:50 - INFO - configure_fit: strategy sampled 20 clients (out of 20)
2025-04-15 10:21:54 - INFO - aggregate_fit: received 20 results and 0 failures
2025-04-15 10:21:54 - INFO - fit progress: (15, 0.0256, {'central_accuracy': 0.992}, 66.9198712)
2025-04-15 10:21:54 - INFO - configure_evaluate: strategy sampled 20 clients (out of 20)
2025-04-15 10:21:54 - INFO - aggregate_evaluate: received 20 results and 0 failures
2025-04-15 10:21:54 - INFO - 
2025-04-15 10:21:54 - INFO - [ROUND 16]
2025-04-15 10:21:54 - INFO - configure_fit: strategy sampled 20 clients (out of 20)
2025-04-15 10:21:58 - INFO - aggregate_fit: received 20 results and 0 failures
2025-04-15 10:21:58 - INFO - fit progress: (16, 0.0264, {'central_accuracy': 0.99}, 71.40464)
2025-04-15 10:21:58 - INFO - configure_evaluate: strategy sampled 20 clients (out of 20)
2025-04-15 10:21:59 - INFO - aggregate_evaluate: received 20 results and 0 failures
2025-04-15 10:21:59 - INFO - 
2025-04-15 10:21:59 - INFO - [ROUND 17]
2025-04-15 10:21:59 - INFO - configure_fit: strategy sampled 20 clients (out of 20)
2025-04-15 10:22:02 - INFO - aggregate_fit: received 20 results and 0 failures
2025-04-15 10:22:02 - INFO - fit progress: (17, 0.0258, {'central_accuracy': 0.99}, 75.6555659)
2025-04-15 10:22:02 - INFO - configure_evaluate: strategy sampled 20 clients (out of 20)
2025-04-15 10:22:03 - INFO - aggregate_evaluate: received 20 results and 0 failures
2025-04-15 10:22:03 - INFO - 
2025-04-15 10:22:03 - INFO - [ROUND 18]
2025-04-15 10:22:03 - INFO - configure_fit: strategy sampled 20 clients (out of 20)
2025-04-15 10:22:07 - INFO - aggregate_fit: received 20 results and 0 failures
2025-04-15 10:22:07 - INFO - fit progress: (18, 0.028, {'central_accuracy': 0.99}, 79.9020041)
2025-04-15 10:22:07 - INFO - configure_evaluate: strategy sampled 20 clients (out of 20)
2025-04-15 10:22:07 - INFO - aggregate_evaluate: received 20 results and 0 failures
2025-04-15 10:22:07 - INFO - 
2025-04-15 10:22:07 - INFO - [ROUND 19]
2025-04-15 10:22:07 - INFO - configure_fit: strategy sampled 20 clients (out of 20)
2025-04-15 10:22:11 - INFO - aggregate_fit: received 20 results and 0 failures
2025-04-15 10:22:11 - INFO - fit progress: (19, 0.0237, {'central_accuracy': 0.992}, 84.1217055)
2025-04-15 10:22:11 - INFO - configure_evaluate: strategy sampled 20 clients (out of 20)
2025-04-15 10:22:11 - INFO - aggregate_evaluate: received 20 results and 0 failures
2025-04-15 10:22:11 - INFO - 
2025-04-15 10:22:11 - INFO - [ROUND 20]
2025-04-15 10:22:11 - INFO - configure_fit: strategy sampled 20 clients (out of 20)
2025-04-15 10:22:15 - INFO - aggregate_fit: received 20 results and 0 failures
2025-04-15 10:22:15 - INFO - fit progress: (20, 0.0228, {'central_accuracy': 0.992}, 88.3440743)
2025-04-15 10:22:15 - INFO - configure_evaluate: strategy sampled 20 clients (out of 20)
2025-04-15 10:22:16 - INFO - aggregate_evaluate: received 20 results and 0 failures
2025-04-15 10:22:16 - INFO - 
2025-04-15 10:22:16 - INFO - [SUMMARY]
2025-04-15 10:22:16 - INFO - Run finished 20 round(s) in 88.80s
2025-04-15 10:22:16 - INFO - 	History (loss, distributed):
2025-04-15 10:22:16 - INFO - 		round 1: 0.9263
2025-04-15 10:22:16 - INFO - 		round 2: 0.958
2025-04-15 10:22:16 - INFO - 		round 3: 0.9687
2025-04-15 10:22:16 - INFO - 		round 4: 0.9744
2025-04-15 10:22:16 - INFO - 		round 5: 0.978
2025-04-15 10:22:16 - INFO - 		round 6: 0.9805
2025-04-15 10:22:16 - INFO - 		round 7: 0.9816
2025-04-15 10:22:16 - INFO - 		round 8: 0.9834
2025-04-15 10:22:16 - INFO - 		round 9: 0.9841
2025-04-15 10:22:16 - INFO - 		round 10: 0.9839
2025-04-15 10:22:16 - INFO - 		round 11: 0.9859
2025-04-15 10:22:16 - INFO - 		round 12: 0.9862
2025-04-15 10:22:16 - INFO - 		round 13: 0.9872
2025-04-15 10:22:16 - INFO - 		round 14: 0.9877
2025-04-15 10:22:16 - INFO - 		round 15: 0.9893
2025-04-15 10:22:16 - INFO - 		round 16: 0.9886
2025-04-15 10:22:16 - INFO - 		round 17: 0.9891
2025-04-15 10:22:16 - INFO - 		round 18: 0.9892
2025-04-15 10:22:16 - INFO - 		round 19: 0.9897
2025-04-15 10:22:16 - INFO - 		round 20: 0.9895
2025-04-15 10:22:16 - INFO - 	History (loss, centralized):
2025-04-15 10:22:16 - INFO - 		round 0: 2.3038
2025-04-15 10:22:16 - INFO - 		round 1: 0.2859
2025-04-15 10:22:16 - INFO - 		round 2: 0.1453
2025-04-15 10:22:16 - INFO - 		round 3: 0.096
2025-04-15 10:22:16 - INFO - 		round 4: 0.0759
2025-04-15 10:22:16 - INFO - 		round 5: 0.063
2025-04-15 10:22:16 - INFO - 		round 6: 0.0528
2025-04-15 10:22:16 - INFO - 		round 7: 0.047
2025-04-15 10:22:16 - INFO - 		round 8: 0.0423
2025-04-15 10:22:16 - INFO - 		round 9: 0.0378
2025-04-15 10:22:16 - INFO - 		round 10: 0.0379
2025-04-15 10:22:16 - INFO - 		round 11: 0.0333
2025-04-15 10:22:16 - INFO - 		round 12: 0.0333
2025-04-15 10:22:16 - INFO - 		round 13: 0.0286
2025-04-15 10:22:16 - INFO - 		round 14: 0.0308
2025-04-15 10:22:16 - INFO - 		round 15: 0.0256
2025-04-15 10:22:16 - INFO - 		round 16: 0.0264
2025-04-15 10:22:16 - INFO - 		round 17: 0.0258
2025-04-15 10:22:16 - INFO - 		round 18: 0.028
2025-04-15 10:22:16 - INFO - 		round 19: 0.0237
2025-04-15 10:22:16 - INFO - 		round 20: 0.0228
2025-04-15 10:22:16 - INFO - 	History (metrics, distributed, evaluate):
2025-04-15 10:22:16 - INFO - 	{'accuracy': [(1, 0.9263),
2025-04-15 10:22:16 - INFO - 	              (2, 0.958),
2025-04-15 10:22:16 - INFO - 	              (3, 0.9687),
2025-04-15 10:22:16 - INFO - 	              (4, 0.9744),
2025-04-15 10:22:16 - INFO - 	              (5, 0.978),
2025-04-15 10:22:16 - INFO - 	              (6, 0.9805),
2025-04-15 10:22:16 - INFO - 	              (7, 0.9816),
2025-04-15 10:22:16 - INFO - 	              (8, 0.9834),
2025-04-15 10:22:16 - INFO - 	              (9, 0.9841),
2025-04-15 10:22:16 - INFO - 	              (10, 0.9839),
2025-04-15 10:22:16 - INFO - 	              (11, 0.9859),
2025-04-15 10:22:16 - INFO - 	              (12, 0.9862),
2025-04-15 10:22:16 - INFO - 	              (13, 0.9872),
2025-04-15 10:22:16 - INFO - 	              (14, 0.9877),
2025-04-15 10:22:16 - INFO - 	              (15, 0.9893),
2025-04-15 10:22:16 - INFO - 	              (16, 0.9886),
2025-04-15 10:22:16 - INFO - 	              (17, 0.9891),
2025-04-15 10:22:16 - INFO - 	              (18, 0.9892),
2025-04-15 10:22:16 - INFO - 	              (19, 0.9897),
2025-04-15 10:22:16 - INFO - 	              (20, 0.9895)],
2025-04-15 10:22:16 - INFO - 	 'clean_accuracy': [(1, 0.9263),
2025-04-15 10:22:16 - INFO - 	                    (2, 0.958),
2025-04-15 10:22:16 - INFO - 	                    (3, 0.9687),
2025-04-15 10:22:16 - INFO - 	                    (4, 0.9744),
2025-04-15 10:22:16 - INFO - 	                    (5, 0.978),
2025-04-15 10:22:16 - INFO - 	                    (6, 0.9805),
2025-04-15 10:22:16 - INFO - 	                    (7, 0.9816),
2025-04-15 10:22:16 - INFO - 	                    (8, 0.9834),
2025-04-15 10:22:16 - INFO - 	                    (9, 0.9841),
2025-04-15 10:22:16 - INFO - 	                    (10, 0.9839),
2025-04-15 10:22:16 - INFO - 	                    (11, 0.9859),
2025-04-15 10:22:16 - INFO - 	                    (12, 0.9862),
2025-04-15 10:22:16 - INFO - 	                    (13, 0.9872),
2025-04-15 10:22:16 - INFO - 	                    (14, 0.9877),
2025-04-15 10:22:16 - INFO - 	                    (15, 0.9893),
2025-04-15 10:22:16 - INFO - 	                    (16, 0.9886),
2025-04-15 10:22:16 - INFO - 	                    (17, 0.9891),
2025-04-15 10:22:16 - INFO - 	                    (18, 0.9892),
2025-04-15 10:22:16 - INFO - 	                    (19, 0.9897),
2025-04-15 10:22:16 - INFO - 	                    (20, 0.9895)],
2025-04-15 10:22:16 - INFO - 	 'malicious_accuracy': [(1, 0.0),
2025-04-15 10:22:16 - INFO - 	                        (2, 0.0),
2025-04-15 10:22:16 - INFO - 	                        (3, 0.0),
2025-04-15 10:22:16 - INFO - 	                        (4, 0.0),
2025-04-15 10:22:16 - INFO - 	                        (5, 0.0),
2025-04-15 10:22:16 - INFO - 	                        (6, 0.0),
2025-04-15 10:22:16 - INFO - 	                        (7, 0.0),
2025-04-15 10:22:16 - INFO - 	                        (8, 0.0),
2025-04-15 10:22:16 - INFO - 	                        (9, 0.0),
2025-04-15 10:22:16 - INFO - 	                        (10, 0.0),
2025-04-15 10:22:16 - INFO - 	                        (11, 0.0),
2025-04-15 10:22:16 - INFO - 	                        (12, 0.0),
2025-04-15 10:22:16 - INFO - 	                        (13, 0.0),
2025-04-15 10:22:16 - INFO - 	                        (14, 0.0),
2025-04-15 10:22:16 - INFO - 	                        (15, 0.0),
2025-04-15 10:22:16 - INFO - 	                        (16, 0.0),
2025-04-15 10:22:16 - INFO - 	                        (17, 0.0),
2025-04-15 10:22:16 - INFO - 	                        (18, 0.0),
2025-04-15 10:22:16 - INFO - 	                        (19, 0.0),
2025-04-15 10:22:16 - INFO - 	                        (20, 0.0)]}
2025-04-15 10:22:16 - INFO - 	History (metrics, centralized):
2025-04-15 10:22:16 - INFO - 	{'central_accuracy': [(0, 0.13),
2025-04-15 10:22:16 - INFO - 	                      (1, 0.912),
2025-04-15 10:22:16 - INFO - 	                      (2, 0.954),
2025-04-15 10:22:16 - INFO - 	                      (3, 0.968),
2025-04-15 10:22:16 - INFO - 	                      (4, 0.974),
2025-04-15 10:22:16 - INFO - 	                      (5, 0.978),
2025-04-15 10:22:16 - INFO - 	                      (6, 0.982),
2025-04-15 10:22:16 - INFO - 	                      (7, 0.982),
2025-04-15 10:22:16 - INFO - 	                      (8, 0.984),
2025-04-15 10:22:16 - INFO - 	                      (9, 0.982),
2025-04-15 10:22:16 - INFO - 	                      (10, 0.986),
2025-04-15 10:22:16 - INFO - 	                      (11, 0.986),
2025-04-15 10:22:16 - INFO - 	                      (12, 0.986),
2025-04-15 10:22:16 - INFO - 	                      (13, 0.988),
2025-04-15 10:22:16 - INFO - 	                      (14, 0.988),
2025-04-15 10:22:16 - INFO - 	                      (15, 0.992),
2025-04-15 10:22:16 - INFO - 	                      (16, 0.99),
2025-04-15 10:22:16 - INFO - 	                      (17, 0.99),
2025-04-15 10:22:16 - INFO - 	                      (18, 0.99),
2025-04-15 10:22:16 - INFO - 	                      (19, 0.992),
2025-04-15 10:22:16 - INFO - 	                      (20, 0.992)]}
2025-04-15 10:22:16 - INFO - 
2025-04-15 10:22:17 - INFO - Starting Federated Learning Simulation: dataset type: iid, dataset name: mnist, strategy: FedAvg(accept_failures=True), rounds: 20, clients: 20
2025-04-15 10:22:17 - WARNING - DEPRECATED FEATURE: flwr.simulation.start_simulation() is deprecated.
	Instead, use the `flwr run` CLI command to start a local simulation in your Flower app, as shown for example below:

		$ flwr new  # Create a new Flower app from a template

		$ flwr run  # Run the Flower app in Simulation Mode

	Using `start_simulation()` is deprecated.

            This is a deprecated feature. It will be removed
            entirely in future versions of Flower.
        
2025-04-15 10:22:17 - INFO - Starting Flower simulation, config: num_rounds=20, no round_timeout
2025-04-15 10:22:20 - INFO - Flower VCE: Ray initialized with resources: {'accelerator_type:G': 1.0, 'node:__internal_head__': 1.0, 'CPU': 24.0, 'memory': 12959042766.0, 'node:127.0.0.1': 1.0, 'object_store_memory': 6479521382.0, 'GPU': 1.0}
2025-04-15 10:22:20 - INFO - Optimize your simulation with Flower VCE: https://flower.ai/docs/framework/how-to-run-simulations.html
2025-04-15 10:22:20 - INFO - No `client_resources` specified. Using minimal resources for clients.
2025-04-15 10:22:20 - INFO - Flower VCE: Resources for each Virtual Client: {'num_cpus': 1, 'num_gpus': 0.0}
2025-04-15 10:22:20 - INFO - Flower VCE: Creating VirtualClientEngineActorPool with 24 actors
2025-04-15 10:22:20 - INFO - [INIT]
2025-04-15 10:22:20 - INFO - Requesting initial parameters from one random client
2025-04-15 10:22:23 - INFO - Received initial parameters from one random client
2025-04-15 10:22:23 - INFO - Starting evaluation of initial global parameters
2025-04-15 10:22:23 - INFO - initial parameters (loss, other metrics): 2.3077, {'central_accuracy': 0.086}
2025-04-15 10:22:23 - INFO - 
2025-04-15 10:22:23 - INFO - [ROUND 1]
2025-04-15 10:22:23 - INFO - configure_fit: strategy sampled 20 clients (out of 20)
2025-04-15 10:22:30 - INFO - aggregate_fit: received 20 results and 0 failures
2025-04-15 10:22:30 - WARNING - No fit_metrics_aggregation_fn provided
2025-04-15 10:22:30 - INFO - fit progress: (1, 0.2773, {'central_accuracy': 0.922}, 7.434384899999998)
2025-04-15 10:22:30 - INFO - configure_evaluate: strategy sampled 20 clients (out of 20)
2025-04-15 10:22:31 - INFO - aggregate_evaluate: received 20 results and 0 failures
2025-04-15 10:22:31 - INFO - 
2025-04-15 10:22:31 - INFO - [ROUND 2]
2025-04-15 10:22:31 - INFO - configure_fit: strategy sampled 20 clients (out of 20)
2025-04-15 10:22:35 - INFO - aggregate_fit: received 20 results and 0 failures
2025-04-15 10:22:35 - INFO - fit progress: (2, 0.1341, {'central_accuracy': 0.954}, 11.698172900000003)
2025-04-15 10:22:35 - INFO - configure_evaluate: strategy sampled 20 clients (out of 20)
2025-04-15 10:22:35 - INFO - aggregate_evaluate: received 20 results and 0 failures
2025-04-15 10:22:35 - INFO - 
2025-04-15 10:22:35 - INFO - [ROUND 3]
2025-04-15 10:22:35 - INFO - configure_fit: strategy sampled 20 clients (out of 20)
2025-04-15 10:22:39 - INFO - aggregate_fit: received 20 results and 0 failures
2025-04-15 10:22:39 - INFO - fit progress: (3, 0.0854, {'central_accuracy': 0.976}, 15.979714600000008)
2025-04-15 10:22:39 - INFO - configure_evaluate: strategy sampled 20 clients (out of 20)
2025-04-15 10:22:39 - INFO - aggregate_evaluate: received 20 results and 0 failures
2025-04-15 10:22:39 - INFO - 
2025-04-15 10:22:39 - INFO - [ROUND 4]
2025-04-15 10:22:39 - INFO - configure_fit: strategy sampled 20 clients (out of 20)
2025-04-15 10:22:43 - INFO - aggregate_fit: received 20 results and 0 failures
2025-04-15 10:22:43 - INFO - fit progress: (4, 0.0693, {'central_accuracy': 0.98}, 20.22890720000001)
2025-04-15 10:22:43 - INFO - configure_evaluate: strategy sampled 20 clients (out of 20)
2025-04-15 10:22:44 - INFO - aggregate_evaluate: received 20 results and 0 failures
2025-04-15 10:22:44 - INFO - 
2025-04-15 10:22:44 - INFO - [ROUND 5]
2025-04-15 10:22:44 - INFO - configure_fit: strategy sampled 20 clients (out of 20)
2025-04-15 10:22:47 - INFO - aggregate_fit: received 20 results and 0 failures
2025-04-15 10:22:47 - INFO - fit progress: (5, 0.0514, {'central_accuracy': 0.984}, 24.5163055)
2025-04-15 10:22:47 - INFO - configure_evaluate: strategy sampled 20 clients (out of 20)
2025-04-15 10:22:48 - INFO - aggregate_evaluate: received 20 results and 0 failures
2025-04-15 10:22:48 - INFO - 
2025-04-15 10:22:48 - INFO - [ROUND 6]
2025-04-15 10:22:48 - INFO - configure_fit: strategy sampled 20 clients (out of 20)
2025-04-15 10:22:52 - INFO - aggregate_fit: received 20 results and 0 failures
2025-04-15 10:22:52 - INFO - fit progress: (6, 0.0485, {'central_accuracy': 0.982}, 29.265069300000008)
2025-04-15 10:22:52 - INFO - configure_evaluate: strategy sampled 20 clients (out of 20)
2025-04-15 10:22:53 - INFO - aggregate_evaluate: received 20 results and 0 failures
2025-04-15 10:22:53 - INFO - 
2025-04-15 10:22:53 - INFO - [ROUND 7]
2025-04-15 10:22:53 - INFO - configure_fit: strategy sampled 20 clients (out of 20)
2025-04-15 10:22:56 - INFO - aggregate_fit: received 20 results and 0 failures
2025-04-15 10:22:56 - INFO - fit progress: (7, 0.044, {'central_accuracy': 0.99}, 33.52538940000001)
2025-04-15 10:22:56 - INFO - configure_evaluate: strategy sampled 20 clients (out of 20)
2025-04-15 10:22:57 - INFO - aggregate_evaluate: received 20 results and 0 failures
2025-04-15 10:22:57 - INFO - 
2025-04-15 10:22:57 - INFO - [ROUND 8]
2025-04-15 10:22:57 - INFO - configure_fit: strategy sampled 20 clients (out of 20)
2025-04-15 10:23:01 - INFO - aggregate_fit: received 20 results and 0 failures
2025-04-15 10:23:01 - INFO - fit progress: (8, 0.038, {'central_accuracy': 0.99}, 37.763536)
2025-04-15 10:23:01 - INFO - configure_evaluate: strategy sampled 20 clients (out of 20)
2025-04-15 10:23:01 - INFO - aggregate_evaluate: received 20 results and 0 failures
2025-04-15 10:23:01 - INFO - 
2025-04-15 10:23:01 - INFO - [ROUND 9]
2025-04-15 10:23:01 - INFO - configure_fit: strategy sampled 20 clients (out of 20)
2025-04-15 10:23:05 - INFO - aggregate_fit: received 20 results and 0 failures
2025-04-15 10:23:05 - INFO - fit progress: (9, 0.0327, {'central_accuracy': 0.99}, 41.98356009999999)
2025-04-15 10:23:05 - INFO - configure_evaluate: strategy sampled 20 clients (out of 20)
2025-04-15 10:23:05 - INFO - aggregate_evaluate: received 20 results and 0 failures
2025-04-15 10:23:05 - INFO - 
2025-04-15 10:23:05 - INFO - [ROUND 10]
2025-04-15 10:23:05 - INFO - configure_fit: strategy sampled 20 clients (out of 20)
2025-04-15 10:23:09 - INFO - aggregate_fit: received 20 results and 0 failures
2025-04-15 10:23:09 - INFO - fit progress: (10, 0.0315, {'central_accuracy': 0.984}, 46.26069070000001)
2025-04-15 10:23:09 - INFO - configure_evaluate: strategy sampled 20 clients (out of 20)
2025-04-15 10:23:10 - INFO - aggregate_evaluate: received 20 results and 0 failures
2025-04-15 10:23:10 - INFO - 
2025-04-15 10:23:10 - INFO - [ROUND 11]
2025-04-15 10:23:10 - INFO - configure_fit: strategy sampled 20 clients (out of 20)
2025-04-15 10:23:13 - INFO - aggregate_fit: received 20 results and 0 failures
2025-04-15 10:23:13 - INFO - fit progress: (11, 0.032, {'central_accuracy': 0.992}, 50.519595800000005)
2025-04-15 10:23:13 - INFO - configure_evaluate: strategy sampled 20 clients (out of 20)
2025-04-15 10:23:14 - INFO - aggregate_evaluate: received 20 results and 0 failures
2025-04-15 10:23:14 - INFO - 
2025-04-15 10:23:14 - INFO - [ROUND 12]
2025-04-15 10:23:14 - INFO - configure_fit: strategy sampled 20 clients (out of 20)
2025-04-15 10:23:18 - INFO - aggregate_fit: received 20 results and 0 failures
2025-04-15 10:23:18 - INFO - fit progress: (12, 0.0271, {'central_accuracy': 0.988}, 55.0435744)
2025-04-15 10:23:18 - INFO - configure_evaluate: strategy sampled 20 clients (out of 20)
2025-04-15 10:23:18 - INFO - aggregate_evaluate: received 20 results and 0 failures
2025-04-15 10:23:18 - INFO - 
2025-04-15 10:23:18 - INFO - [ROUND 13]
2025-04-15 10:23:18 - INFO - configure_fit: strategy sampled 20 clients (out of 20)
2025-04-15 10:23:22 - INFO - aggregate_fit: received 20 results and 0 failures
2025-04-15 10:23:22 - INFO - fit progress: (13, 0.0299, {'central_accuracy': 0.99}, 59.3687499)
2025-04-15 10:23:22 - INFO - configure_evaluate: strategy sampled 20 clients (out of 20)
2025-04-15 10:23:23 - INFO - aggregate_evaluate: received 20 results and 0 failures
2025-04-15 10:23:23 - INFO - 
2025-04-15 10:23:23 - INFO - [ROUND 14]
2025-04-15 10:23:23 - INFO - configure_fit: strategy sampled 20 clients (out of 20)
2025-04-15 10:23:26 - INFO - aggregate_fit: received 20 results and 0 failures
2025-04-15 10:23:27 - INFO - fit progress: (14, 0.0236, {'central_accuracy': 0.994}, 63.658094399999996)
2025-04-15 10:23:27 - INFO - configure_evaluate: strategy sampled 20 clients (out of 20)
2025-04-15 10:23:27 - INFO - aggregate_evaluate: received 20 results and 0 failures
2025-04-15 10:23:27 - INFO - 
2025-04-15 10:23:27 - INFO - [ROUND 15]
2025-04-15 10:23:27 - INFO - configure_fit: strategy sampled 20 clients (out of 20)
2025-04-15 10:23:31 - INFO - aggregate_fit: received 20 results and 0 failures
2025-04-15 10:23:31 - INFO - fit progress: (15, 0.0263, {'central_accuracy': 0.992}, 68.2089597)
2025-04-15 10:23:31 - INFO - configure_evaluate: strategy sampled 20 clients (out of 20)
2025-04-15 10:23:32 - INFO - aggregate_evaluate: received 20 results and 0 failures
2025-04-15 10:23:32 - INFO - 
2025-04-15 10:23:32 - INFO - [ROUND 16]
2025-04-15 10:23:32 - INFO - configure_fit: strategy sampled 20 clients (out of 20)
2025-04-15 10:23:35 - INFO - aggregate_fit: received 20 results and 0 failures
2025-04-15 10:23:35 - INFO - fit progress: (16, 0.0278, {'central_accuracy': 0.988}, 72.4813305)
2025-04-15 10:23:35 - INFO - configure_evaluate: strategy sampled 20 clients (out of 20)
2025-04-15 10:23:36 - INFO - aggregate_evaluate: received 20 results and 0 failures
2025-04-15 10:23:36 - INFO - 
2025-04-15 10:23:36 - INFO - [ROUND 17]
2025-04-15 10:23:36 - INFO - configure_fit: strategy sampled 20 clients (out of 20)
2025-04-15 10:23:40 - INFO - aggregate_fit: received 20 results and 0 failures
2025-04-15 10:23:40 - INFO - fit progress: (17, 0.0245, {'central_accuracy': 0.99}, 76.8658516)
2025-04-15 10:23:40 - INFO - configure_evaluate: strategy sampled 20 clients (out of 20)
2025-04-15 10:23:40 - INFO - aggregate_evaluate: received 20 results and 0 failures
2025-04-15 10:23:40 - INFO - 
2025-04-15 10:23:40 - INFO - [ROUND 18]
2025-04-15 10:23:40 - INFO - configure_fit: strategy sampled 20 clients (out of 20)
2025-04-15 10:23:44 - INFO - aggregate_fit: received 20 results and 0 failures
2025-04-15 10:23:44 - INFO - fit progress: (18, 0.0275, {'central_accuracy': 0.99}, 81.17520209999999)
2025-04-15 10:23:44 - INFO - configure_evaluate: strategy sampled 20 clients (out of 20)
2025-04-15 10:23:45 - INFO - aggregate_evaluate: received 20 results and 0 failures
2025-04-15 10:23:45 - INFO - 
2025-04-15 10:23:45 - INFO - [ROUND 19]
2025-04-15 10:23:45 - INFO - configure_fit: strategy sampled 20 clients (out of 20)
2025-04-15 10:23:48 - INFO - aggregate_fit: received 20 results and 0 failures
2025-04-15 10:23:48 - INFO - fit progress: (19, 0.0236, {'central_accuracy': 0.994}, 85.53101640000001)
2025-04-15 10:23:48 - INFO - configure_evaluate: strategy sampled 20 clients (out of 20)
2025-04-15 10:23:49 - INFO - aggregate_evaluate: received 20 results and 0 failures
2025-04-15 10:23:49 - INFO - 
2025-04-15 10:23:49 - INFO - [ROUND 20]
2025-04-15 10:23:49 - INFO - configure_fit: strategy sampled 20 clients (out of 20)
2025-04-15 10:23:53 - INFO - aggregate_fit: received 20 results and 0 failures
2025-04-15 10:23:53 - INFO - fit progress: (20, 0.024, {'central_accuracy': 0.99}, 89.8921787)
2025-04-15 10:23:53 - INFO - configure_evaluate: strategy sampled 20 clients (out of 20)
2025-04-15 10:23:53 - INFO - aggregate_evaluate: received 20 results and 0 failures
2025-04-15 10:23:53 - INFO - 
2025-04-15 10:23:53 - INFO - [SUMMARY]
2025-04-15 10:23:53 - INFO - Run finished 20 round(s) in 90.32s
2025-04-15 10:23:53 - INFO - 	History (loss, distributed):
2025-04-15 10:23:53 - INFO - 		round 1: 0.9225
2025-04-15 10:23:53 - INFO - 		round 2: 0.9602
2025-04-15 10:23:53 - INFO - 		round 3: 0.9704
2025-04-15 10:23:53 - INFO - 		round 4: 0.9753
2025-04-15 10:23:53 - INFO - 		round 5: 0.9781
2025-04-15 10:23:53 - INFO - 		round 6: 0.9799
2025-04-15 10:23:53 - INFO - 		round 7: 0.9821
2025-04-15 10:23:53 - INFO - 		round 8: 0.9836
2025-04-15 10:23:53 - INFO - 		round 9: 0.9854
2025-04-15 10:23:53 - INFO - 		round 10: 0.9856
2025-04-15 10:23:53 - INFO - 		round 11: 0.9864
2025-04-15 10:23:53 - INFO - 		round 12: 0.987
2025-04-15 10:23:53 - INFO - 		round 13: 0.9874
2025-04-15 10:23:53 - INFO - 		round 14: 0.9884
2025-04-15 10:23:53 - INFO - 		round 15: 0.988
2025-04-15 10:23:53 - INFO - 		round 16: 0.9886
2025-04-15 10:23:53 - INFO - 		round 17: 0.9889
2025-04-15 10:23:53 - INFO - 		round 18: 0.9885
2025-04-15 10:23:53 - INFO - 		round 19: 0.9903
2025-04-15 10:23:53 - INFO - 		round 20: 0.99
2025-04-15 10:23:53 - INFO - 	History (loss, centralized):
2025-04-15 10:23:53 - INFO - 		round 0: 2.3077
2025-04-15 10:23:53 - INFO - 		round 1: 0.2773
2025-04-15 10:23:53 - INFO - 		round 2: 0.1341
2025-04-15 10:23:53 - INFO - 		round 3: 0.0854
2025-04-15 10:23:53 - INFO - 		round 4: 0.0693
2025-04-15 10:23:53 - INFO - 		round 5: 0.0514
2025-04-15 10:23:53 - INFO - 		round 6: 0.0485
2025-04-15 10:23:53 - INFO - 		round 7: 0.044
2025-04-15 10:23:53 - INFO - 		round 8: 0.038
2025-04-15 10:23:53 - INFO - 		round 9: 0.0327
2025-04-15 10:23:53 - INFO - 		round 10: 0.0315
2025-04-15 10:23:53 - INFO - 		round 11: 0.032
2025-04-15 10:23:53 - INFO - 		round 12: 0.0271
2025-04-15 10:23:53 - INFO - 		round 13: 0.0299
2025-04-15 10:23:53 - INFO - 		round 14: 0.0236
2025-04-15 10:23:53 - INFO - 		round 15: 0.0263
2025-04-15 10:23:53 - INFO - 		round 16: 0.0278
2025-04-15 10:23:53 - INFO - 		round 17: 0.0245
2025-04-15 10:23:53 - INFO - 		round 18: 0.0275
2025-04-15 10:23:53 - INFO - 		round 19: 0.0236
2025-04-15 10:23:53 - INFO - 		round 20: 0.024
2025-04-15 10:23:53 - INFO - 	History (metrics, distributed, evaluate):
2025-04-15 10:23:53 - INFO - 	{'accuracy': [(1, 0.9225),
2025-04-15 10:23:53 - INFO - 	              (2, 0.9602),
2025-04-15 10:23:53 - INFO - 	              (3, 0.9704),
2025-04-15 10:23:53 - INFO - 	              (4, 0.9753),
2025-04-15 10:23:53 - INFO - 	              (5, 0.9781),
2025-04-15 10:23:53 - INFO - 	              (6, 0.9799),
2025-04-15 10:23:53 - INFO - 	              (7, 0.9821),
2025-04-15 10:23:53 - INFO - 	              (8, 0.9836),
2025-04-15 10:23:53 - INFO - 	              (9, 0.9854),
2025-04-15 10:23:53 - INFO - 	              (10, 0.9856),
2025-04-15 10:23:53 - INFO - 	              (11, 0.9864),
2025-04-15 10:23:53 - INFO - 	              (12, 0.987),
2025-04-15 10:23:53 - INFO - 	              (13, 0.9874),
2025-04-15 10:23:53 - INFO - 	              (14, 0.9884),
2025-04-15 10:23:53 - INFO - 	              (15, 0.988),
2025-04-15 10:23:53 - INFO - 	              (16, 0.9886),
2025-04-15 10:23:53 - INFO - 	              (17, 0.9889),
2025-04-15 10:23:53 - INFO - 	              (18, 0.9885),
2025-04-15 10:23:53 - INFO - 	              (19, 0.9903),
2025-04-15 10:23:53 - INFO - 	              (20, 0.99)],
2025-04-15 10:23:53 - INFO - 	 'clean_accuracy': [(1, 0.919375),
2025-04-15 10:23:53 - INFO - 	                    (2, 0.958125),
2025-04-15 10:23:53 - INFO - 	                    (3, 0.967375),
2025-04-15 10:23:53 - INFO - 	                    (4, 0.972875),
2025-04-15 10:23:53 - INFO - 	                    (5, 0.975375),
2025-04-15 10:23:53 - INFO - 	                    (6, 0.978),
2025-04-15 10:23:53 - INFO - 	                    (7, 0.979625),
2025-04-15 10:23:53 - INFO - 	                    (8, 0.982),
2025-04-15 10:23:53 - INFO - 	                    (9, 0.983875),
2025-04-15 10:23:53 - INFO - 	                    (10, 0.98475),
2025-04-15 10:23:53 - INFO - 	                    (11, 0.98475),
2025-04-15 10:23:53 - INFO - 	                    (12, 0.986),
2025-04-15 10:23:53 - INFO - 	                    (13, 0.985875),
2025-04-15 10:23:53 - INFO - 	                    (14, 0.986875),
2025-04-15 10:23:53 - INFO - 	                    (15, 0.987),
2025-04-15 10:23:53 - INFO - 	                    (16, 0.98775),
2025-04-15 10:23:53 - INFO - 	                    (17, 0.98775),
2025-04-15 10:23:53 - INFO - 	                    (18, 0.987625),
2025-04-15 10:23:53 - INFO - 	                    (19, 0.989375),
2025-04-15 10:23:53 - INFO - 	                    (20, 0.98925)],
2025-04-15 10:23:53 - INFO - 	 'malicious_accuracy': [(1, 0.935),
2025-04-15 10:23:53 - INFO - 	                        (2, 0.9685),
2025-04-15 10:23:53 - INFO - 	                        (3, 0.9825),
2025-04-15 10:23:53 - INFO - 	                        (4, 0.985),
2025-04-15 10:23:53 - INFO - 	                        (5, 0.989),
2025-04-15 10:23:53 - INFO - 	                        (6, 0.9875),
2025-04-15 10:23:53 - INFO - 	                        (7, 0.992),
2025-04-15 10:23:53 - INFO - 	                        (8, 0.99),
2025-04-15 10:23:53 - INFO - 	                        (9, 0.9915),
2025-04-15 10:23:53 - INFO - 	                        (10, 0.989),
2025-04-15 10:23:53 - INFO - 	                        (11, 0.993),
2025-04-15 10:23:53 - INFO - 	                        (12, 0.991),
2025-04-15 10:23:53 - INFO - 	                        (13, 0.9935),
2025-04-15 10:23:53 - INFO - 	                        (14, 0.9945),
2025-04-15 10:23:53 - INFO - 	                        (15, 0.992),
2025-04-15 10:23:53 - INFO - 	                        (16, 0.992),
2025-04-15 10:23:53 - INFO - 	                        (17, 0.9935),
2025-04-15 10:23:53 - INFO - 	                        (18, 0.992),
2025-04-15 10:23:53 - INFO - 	                        (19, 0.994),
2025-04-15 10:23:53 - INFO - 	                        (20, 0.993)]}
2025-04-15 10:23:53 - INFO - 	History (metrics, centralized):
2025-04-15 10:23:53 - INFO - 	{'central_accuracy': [(0, 0.086),
2025-04-15 10:23:53 - INFO - 	                      (1, 0.922),
2025-04-15 10:23:53 - INFO - 	                      (2, 0.954),
2025-04-15 10:23:53 - INFO - 	                      (3, 0.976),
2025-04-15 10:23:53 - INFO - 	                      (4, 0.98),
2025-04-15 10:23:53 - INFO - 	                      (5, 0.984),
2025-04-15 10:23:53 - INFO - 	                      (6, 0.982),
2025-04-15 10:23:53 - INFO - 	                      (7, 0.99),
2025-04-15 10:23:53 - INFO - 	                      (8, 0.99),
2025-04-15 10:23:53 - INFO - 	                      (9, 0.99),
2025-04-15 10:23:53 - INFO - 	                      (10, 0.984),
2025-04-15 10:23:53 - INFO - 	                      (11, 0.992),
2025-04-15 10:23:53 - INFO - 	                      (12, 0.988),
2025-04-15 10:23:53 - INFO - 	                      (13, 0.99),
2025-04-15 10:23:53 - INFO - 	                      (14, 0.994),
2025-04-15 10:23:53 - INFO - 	                      (15, 0.992),
2025-04-15 10:23:53 - INFO - 	                      (16, 0.988),
2025-04-15 10:23:53 - INFO - 	                      (17, 0.99),
2025-04-15 10:23:53 - INFO - 	                      (18, 0.99),
2025-04-15 10:23:53 - INFO - 	                      (19, 0.994),
2025-04-15 10:23:53 - INFO - 	                      (20, 0.99)]}
2025-04-15 10:23:53 - INFO - 
2025-04-15 10:23:54 - INFO - Starting Federated Learning Simulation: dataset type: iid, dataset name: mnist, strategy: FedAvg(accept_failures=True), rounds: 20, clients: 20
2025-04-15 10:23:54 - WARNING - DEPRECATED FEATURE: flwr.simulation.start_simulation() is deprecated.
	Instead, use the `flwr run` CLI command to start a local simulation in your Flower app, as shown for example below:

		$ flwr new  # Create a new Flower app from a template

		$ flwr run  # Run the Flower app in Simulation Mode

	Using `start_simulation()` is deprecated.

            This is a deprecated feature. It will be removed
            entirely in future versions of Flower.
        
2025-04-15 10:23:54 - INFO - Starting Flower simulation, config: num_rounds=20, no round_timeout
2025-04-15 10:23:57 - INFO - Flower VCE: Ray initialized with resources: {'accelerator_type:G': 1.0, 'node:__internal_head__': 1.0, 'CPU': 24.0, 'object_store_memory': 6476274892.0, 'node:127.0.0.1': 1.0, 'memory': 12952549787.0, 'GPU': 1.0}
2025-04-15 10:23:57 - INFO - Optimize your simulation with Flower VCE: https://flower.ai/docs/framework/how-to-run-simulations.html
2025-04-15 10:23:57 - INFO - No `client_resources` specified. Using minimal resources for clients.
2025-04-15 10:23:57 - INFO - Flower VCE: Resources for each Virtual Client: {'num_cpus': 1, 'num_gpus': 0.0}
2025-04-15 10:23:57 - INFO - Flower VCE: Creating VirtualClientEngineActorPool with 24 actors
2025-04-15 10:23:57 - INFO - [INIT]
2025-04-15 10:23:57 - INFO - Requesting initial parameters from one random client
2025-04-15 10:24:00 - INFO - Received initial parameters from one random client
2025-04-15 10:24:00 - INFO - Starting evaluation of initial global parameters
2025-04-15 10:24:00 - INFO - initial parameters (loss, other metrics): 2.2986, {'central_accuracy': 0.166}
2025-04-15 10:24:00 - INFO - 
2025-04-15 10:24:00 - INFO - [ROUND 1]
2025-04-15 10:24:00 - INFO - configure_fit: strategy sampled 20 clients (out of 20)
2025-04-15 10:24:08 - INFO - aggregate_fit: received 20 results and 0 failures
2025-04-15 10:24:08 - WARNING - No fit_metrics_aggregation_fn provided
2025-04-15 10:24:08 - INFO - fit progress: (1, 0.9511, {'central_accuracy': 0.662}, 7.495237199999991)
2025-04-15 10:24:08 - INFO - configure_evaluate: strategy sampled 20 clients (out of 20)
2025-04-15 10:24:08 - INFO - aggregate_evaluate: received 20 results and 0 failures
2025-04-15 10:24:08 - INFO - 
2025-04-15 10:24:08 - INFO - [ROUND 2]
2025-04-15 10:24:08 - INFO - configure_fit: strategy sampled 20 clients (out of 20)
2025-04-15 10:24:12 - INFO - aggregate_fit: received 20 results and 0 failures
2025-04-15 10:24:12 - INFO - fit progress: (2, 0.299, {'central_accuracy': 0.912}, 11.783122500000019)
2025-04-15 10:24:12 - INFO - configure_evaluate: strategy sampled 20 clients (out of 20)
2025-04-15 10:24:13 - INFO - aggregate_evaluate: received 20 results and 0 failures
2025-04-15 10:24:13 - INFO - 
2025-04-15 10:24:13 - INFO - [ROUND 3]
2025-04-15 10:24:13 - INFO - configure_fit: strategy sampled 20 clients (out of 20)
2025-04-15 10:24:16 - INFO - aggregate_fit: received 20 results and 0 failures
2025-04-15 10:24:17 - INFO - fit progress: (3, 0.4907, {'central_accuracy': 0.842}, 16.061331499999994)
2025-04-15 10:24:17 - INFO - configure_evaluate: strategy sampled 20 clients (out of 20)
2025-04-15 10:24:17 - INFO - aggregate_evaluate: received 20 results and 0 failures
2025-04-15 10:24:17 - INFO - 
2025-04-15 10:24:17 - INFO - [ROUND 4]
2025-04-15 10:24:17 - INFO - configure_fit: strategy sampled 20 clients (out of 20)
2025-04-15 10:24:21 - INFO - aggregate_fit: received 20 results and 0 failures
2025-04-15 10:24:21 - INFO - fit progress: (4, 0.2133, {'central_accuracy': 0.938}, 20.32286290000002)
2025-04-15 10:24:21 - INFO - configure_evaluate: strategy sampled 20 clients (out of 20)
2025-04-15 10:24:21 - INFO - aggregate_evaluate: received 20 results and 0 failures
2025-04-15 10:24:21 - INFO - 
2025-04-15 10:24:21 - INFO - [ROUND 5]
2025-04-15 10:24:21 - INFO - configure_fit: strategy sampled 20 clients (out of 20)
2025-04-15 10:24:25 - INFO - aggregate_fit: received 20 results and 0 failures
2025-04-15 10:24:25 - INFO - fit progress: (5, 0.2465, {'central_accuracy': 0.922}, 24.571831400000008)
2025-04-15 10:24:25 - INFO - configure_evaluate: strategy sampled 20 clients (out of 20)
2025-04-15 10:24:25 - INFO - aggregate_evaluate: received 20 results and 0 failures
2025-04-15 10:24:25 - INFO - 
2025-04-15 10:24:25 - INFO - [ROUND 6]
2025-04-15 10:24:25 - INFO - configure_fit: strategy sampled 20 clients (out of 20)
2025-04-15 10:24:29 - INFO - aggregate_fit: received 20 results and 0 failures
2025-04-15 10:24:30 - INFO - fit progress: (6, 0.1574, {'central_accuracy': 0.948}, 29.07208779999999)
2025-04-15 10:24:30 - INFO - configure_evaluate: strategy sampled 20 clients (out of 20)
2025-04-15 10:24:30 - INFO - aggregate_evaluate: received 20 results and 0 failures
2025-04-15 10:24:30 - INFO - 
2025-04-15 10:24:30 - INFO - [ROUND 7]
2025-04-15 10:24:30 - INFO - configure_fit: strategy sampled 20 clients (out of 20)
2025-04-15 10:24:34 - INFO - aggregate_fit: received 20 results and 0 failures
2025-04-15 10:24:34 - INFO - fit progress: (7, 0.1597, {'central_accuracy': 0.942}, 33.322425400000014)
2025-04-15 10:24:34 - INFO - configure_evaluate: strategy sampled 20 clients (out of 20)
2025-04-15 10:24:34 - INFO - aggregate_evaluate: received 20 results and 0 failures
2025-04-15 10:24:34 - INFO - 
2025-04-15 10:24:34 - INFO - [ROUND 8]
2025-04-15 10:24:34 - INFO - configure_fit: strategy sampled 20 clients (out of 20)
2025-04-15 10:24:38 - INFO - aggregate_fit: received 20 results and 0 failures
2025-04-15 10:24:38 - INFO - fit progress: (8, 0.29, {'central_accuracy': 0.916}, 37.5626877)
2025-04-15 10:24:38 - INFO - configure_evaluate: strategy sampled 20 clients (out of 20)
2025-04-15 10:24:38 - INFO - aggregate_evaluate: received 20 results and 0 failures
2025-04-15 10:24:38 - INFO - 
2025-04-15 10:24:38 - INFO - [ROUND 9]
2025-04-15 10:24:38 - INFO - configure_fit: strategy sampled 20 clients (out of 20)
2025-04-15 10:24:42 - INFO - aggregate_fit: received 20 results and 0 failures
2025-04-15 10:24:42 - INFO - fit progress: (9, 0.1636, {'central_accuracy': 0.95}, 41.8166784)
2025-04-15 10:24:42 - INFO - configure_evaluate: strategy sampled 20 clients (out of 20)
2025-04-15 10:24:43 - INFO - aggregate_evaluate: received 20 results and 0 failures
2025-04-15 10:24:43 - INFO - 
2025-04-15 10:24:43 - INFO - [ROUND 10]
2025-04-15 10:24:43 - INFO - configure_fit: strategy sampled 20 clients (out of 20)
2025-04-15 10:24:46 - INFO - aggregate_fit: received 20 results and 0 failures
2025-04-15 10:24:46 - INFO - fit progress: (10, 0.1851, {'central_accuracy': 0.944}, 46.0227213)
2025-04-15 10:24:46 - INFO - configure_evaluate: strategy sampled 20 clients (out of 20)
2025-04-15 10:24:47 - INFO - aggregate_evaluate: received 20 results and 0 failures
2025-04-15 10:24:47 - INFO - 
2025-04-15 10:24:47 - INFO - [ROUND 11]
2025-04-15 10:24:47 - INFO - configure_fit: strategy sampled 20 clients (out of 20)
2025-04-15 10:24:51 - INFO - aggregate_fit: received 20 results and 0 failures
2025-04-15 10:24:51 - INFO - fit progress: (11, 0.1682, {'central_accuracy': 0.956}, 50.27947740000002)
2025-04-15 10:24:51 - INFO - configure_evaluate: strategy sampled 20 clients (out of 20)
2025-04-15 10:24:51 - INFO - aggregate_evaluate: received 20 results and 0 failures
2025-04-15 10:24:51 - INFO - 
2025-04-15 10:24:51 - INFO - [ROUND 12]
2025-04-15 10:24:51 - INFO - configure_fit: strategy sampled 20 clients (out of 20)
2025-04-15 10:24:55 - INFO - aggregate_fit: received 20 results and 0 failures
2025-04-15 10:24:55 - INFO - fit progress: (12, 0.1177, {'central_accuracy': 0.966}, 54.52511439999998)
2025-04-15 10:24:55 - INFO - configure_evaluate: strategy sampled 20 clients (out of 20)
2025-04-15 10:24:55 - INFO - aggregate_evaluate: received 20 results and 0 failures
2025-04-15 10:24:55 - INFO - 
2025-04-15 10:24:55 - INFO - [ROUND 13]
2025-04-15 10:24:55 - INFO - configure_fit: strategy sampled 20 clients (out of 20)
2025-04-15 10:24:59 - INFO - aggregate_fit: received 20 results and 0 failures
2025-04-15 10:24:59 - INFO - fit progress: (13, 0.1351, {'central_accuracy': 0.962}, 58.72430060000002)
2025-04-15 10:24:59 - INFO - configure_evaluate: strategy sampled 20 clients (out of 20)
2025-04-15 10:25:00 - INFO - aggregate_evaluate: received 20 results and 0 failures
2025-04-15 10:25:00 - INFO - 
2025-04-15 10:25:00 - INFO - [ROUND 14]
2025-04-15 10:25:00 - INFO - configure_fit: strategy sampled 20 clients (out of 20)
2025-04-15 10:25:03 - INFO - aggregate_fit: received 20 results and 0 failures
2025-04-15 10:25:03 - INFO - fit progress: (14, 0.1403, {'central_accuracy': 0.958}, 62.93089010000003)
2025-04-15 10:25:03 - INFO - configure_evaluate: strategy sampled 20 clients (out of 20)
2025-04-15 10:25:04 - INFO - aggregate_evaluate: received 20 results and 0 failures
2025-04-15 10:25:04 - INFO - 
2025-04-15 10:25:04 - INFO - [ROUND 15]
2025-04-15 10:25:04 - INFO - configure_fit: strategy sampled 20 clients (out of 20)
2025-04-15 10:25:07 - INFO - aggregate_fit: received 20 results and 0 failures
2025-04-15 10:25:08 - INFO - fit progress: (15, 0.1136, {'central_accuracy': 0.96}, 67.13583480000003)
2025-04-15 10:25:08 - INFO - configure_evaluate: strategy sampled 20 clients (out of 20)
2025-04-15 10:25:08 - INFO - aggregate_evaluate: received 20 results and 0 failures
2025-04-15 10:25:08 - INFO - 
2025-04-15 10:25:08 - INFO - [ROUND 16]
2025-04-15 10:25:08 - INFO - configure_fit: strategy sampled 20 clients (out of 20)
2025-04-15 10:25:12 - INFO - aggregate_fit: received 20 results and 0 failures
2025-04-15 10:25:12 - INFO - fit progress: (16, 0.1074, {'central_accuracy': 0.968}, 71.35702089999998)
2025-04-15 10:25:12 - INFO - configure_evaluate: strategy sampled 20 clients (out of 20)
2025-04-15 10:25:12 - INFO - aggregate_evaluate: received 20 results and 0 failures
2025-04-15 10:25:12 - INFO - 
2025-04-15 10:25:12 - INFO - [ROUND 17]
2025-04-15 10:25:12 - INFO - configure_fit: strategy sampled 20 clients (out of 20)
2025-04-15 10:25:16 - INFO - aggregate_fit: received 20 results and 0 failures
2025-04-15 10:25:16 - INFO - fit progress: (17, 0.1542, {'central_accuracy': 0.956}, 75.5983234)
2025-04-15 10:25:16 - INFO - configure_evaluate: strategy sampled 20 clients (out of 20)
2025-04-15 10:25:16 - INFO - aggregate_evaluate: received 20 results and 0 failures
2025-04-15 10:25:16 - INFO - 
2025-04-15 10:25:16 - INFO - [ROUND 18]
2025-04-15 10:25:16 - INFO - configure_fit: strategy sampled 20 clients (out of 20)
2025-04-15 10:25:20 - INFO - aggregate_fit: received 20 results and 0 failures
2025-04-15 10:25:20 - INFO - fit progress: (18, 0.1191, {'central_accuracy': 0.964}, 79.83281159999999)
2025-04-15 10:25:20 - INFO - configure_evaluate: strategy sampled 20 clients (out of 20)
2025-04-15 10:25:21 - INFO - aggregate_evaluate: received 20 results and 0 failures
2025-04-15 10:25:21 - INFO - 
2025-04-15 10:25:21 - INFO - [ROUND 19]
2025-04-15 10:25:21 - INFO - configure_fit: strategy sampled 20 clients (out of 20)
2025-04-15 10:25:24 - INFO - aggregate_fit: received 20 results and 0 failures
2025-04-15 10:25:24 - INFO - fit progress: (19, 0.1983, {'central_accuracy': 0.944}, 84.02418930000002)
2025-04-15 10:25:24 - INFO - configure_evaluate: strategy sampled 20 clients (out of 20)
2025-04-15 10:25:25 - INFO - aggregate_evaluate: received 20 results and 0 failures
2025-04-15 10:25:25 - INFO - 
2025-04-15 10:25:25 - INFO - [ROUND 20]
2025-04-15 10:25:25 - INFO - configure_fit: strategy sampled 20 clients (out of 20)
2025-04-15 10:25:29 - INFO - aggregate_fit: received 20 results and 0 failures
2025-04-15 10:25:29 - INFO - fit progress: (20, 0.1346, {'central_accuracy': 0.958}, 88.43503080000002)
2025-04-15 10:25:29 - INFO - configure_evaluate: strategy sampled 20 clients (out of 20)
2025-04-15 10:25:29 - INFO - aggregate_evaluate: received 20 results and 0 failures
2025-04-15 10:25:29 - INFO - 
2025-04-15 10:25:29 - INFO - [SUMMARY]
2025-04-15 10:25:29 - INFO - Run finished 20 round(s) in 88.84s
2025-04-15 10:25:29 - INFO - 	History (loss, distributed):
2025-04-15 10:25:29 - INFO - 		round 1: 0.6823
2025-04-15 10:25:29 - INFO - 		round 2: 0.8995
2025-04-15 10:25:29 - INFO - 		round 3: 0.854
2025-04-15 10:25:29 - INFO - 		round 4: 0.9319
2025-04-15 10:25:29 - INFO - 		round 5: 0.9257
2025-04-15 10:25:29 - INFO - 		round 6: 0.9452
2025-04-15 10:25:29 - INFO - 		round 7: 0.9414
2025-04-15 10:25:29 - INFO - 		round 8: 0.9248
2025-04-15 10:25:29 - INFO - 		round 9: 0.951
2025-04-15 10:25:29 - INFO - 		round 10: 0.947
2025-04-15 10:25:29 - INFO - 		round 11: 0.9429
2025-04-15 10:25:29 - INFO - 		round 12: 0.9508
2025-04-15 10:25:29 - INFO - 		round 13: 0.9507
2025-04-15 10:25:29 - INFO - 		round 14: 0.9473
2025-04-15 10:25:29 - INFO - 		round 15: 0.9595
2025-04-15 10:25:29 - INFO - 		round 16: 0.959
2025-04-15 10:25:29 - INFO - 		round 17: 0.9539
2025-04-15 10:25:29 - INFO - 		round 18: 0.9604
2025-04-15 10:25:29 - INFO - 		round 19: 0.9541
2025-04-15 10:25:29 - INFO - 		round 20: 0.9586
2025-04-15 10:25:29 - INFO - 	History (loss, centralized):
2025-04-15 10:25:29 - INFO - 		round 0: 2.2986
2025-04-15 10:25:29 - INFO - 		round 1: 0.9511
2025-04-15 10:25:29 - INFO - 		round 2: 0.299
2025-04-15 10:25:29 - INFO - 		round 3: 0.4907
2025-04-15 10:25:29 - INFO - 		round 4: 0.2133
2025-04-15 10:25:29 - INFO - 		round 5: 0.2465
2025-04-15 10:25:29 - INFO - 		round 6: 0.1574
2025-04-15 10:25:29 - INFO - 		round 7: 0.1597
2025-04-15 10:25:29 - INFO - 		round 8: 0.29
2025-04-15 10:25:29 - INFO - 		round 9: 0.1636
2025-04-15 10:25:29 - INFO - 		round 10: 0.1851
2025-04-15 10:25:29 - INFO - 		round 11: 0.1682
2025-04-15 10:25:29 - INFO - 		round 12: 0.1177
2025-04-15 10:25:29 - INFO - 		round 13: 0.1351
2025-04-15 10:25:29 - INFO - 		round 14: 0.1403
2025-04-15 10:25:29 - INFO - 		round 15: 0.1136
2025-04-15 10:25:29 - INFO - 		round 16: 0.1074
2025-04-15 10:25:29 - INFO - 		round 17: 0.1542
2025-04-15 10:25:29 - INFO - 		round 18: 0.1191
2025-04-15 10:25:29 - INFO - 		round 19: 0.1983
2025-04-15 10:25:29 - INFO - 		round 20: 0.1346
2025-04-15 10:25:29 - INFO - 	History (metrics, distributed, evaluate):
2025-04-15 10:25:29 - INFO - 	{'accuracy': [(1, 0.6823),
2025-04-15 10:25:29 - INFO - 	              (2, 0.8995),
2025-04-15 10:25:29 - INFO - 	              (3, 0.854),
2025-04-15 10:25:29 - INFO - 	              (4, 0.9319),
2025-04-15 10:25:29 - INFO - 	              (5, 0.9257),
2025-04-15 10:25:29 - INFO - 	              (6, 0.9452),
2025-04-15 10:25:29 - INFO - 	              (7, 0.9414),
2025-04-15 10:25:29 - INFO - 	              (8, 0.9248),
2025-04-15 10:25:29 - INFO - 	              (9, 0.951),
2025-04-15 10:25:29 - INFO - 	              (10, 0.947),
2025-04-15 10:25:29 - INFO - 	              (11, 0.9429),
2025-04-15 10:25:29 - INFO - 	              (12, 0.9508),
2025-04-15 10:25:29 - INFO - 	              (13, 0.9507),
2025-04-15 10:25:29 - INFO - 	              (14, 0.9473),
2025-04-15 10:25:29 - INFO - 	              (15, 0.9595),
2025-04-15 10:25:29 - INFO - 	              (16, 0.959),
2025-04-15 10:25:29 - INFO - 	              (17, 0.9539),
2025-04-15 10:25:29 - INFO - 	              (18, 0.9604),
2025-04-15 10:25:29 - INFO - 	              (19, 0.9541),
2025-04-15 10:25:29 - INFO - 	              (20, 0.9586)],
2025-04-15 10:25:29 - INFO - 	 'clean_accuracy': [(1, 0.67775),
2025-04-15 10:25:29 - INFO - 	                    (2, 0.894625),
2025-04-15 10:25:29 - INFO - 	                    (3, 0.84925),
2025-04-15 10:25:29 - INFO - 	                    (4, 0.927),
2025-04-15 10:25:29 - INFO - 	                    (5, 0.92475),
2025-04-15 10:25:29 - INFO - 	                    (6, 0.9425),
2025-04-15 10:25:29 - INFO - 	                    (7, 0.939125),
2025-04-15 10:25:29 - INFO - 	                    (8, 0.922),
2025-04-15 10:25:29 - INFO - 	                    (9, 0.949),
2025-04-15 10:25:29 - INFO - 	                    (10, 0.943875),
2025-04-15 10:25:29 - INFO - 	                    (11, 0.939),
2025-04-15 10:25:29 - INFO - 	                    (12, 0.94775),
2025-04-15 10:25:29 - INFO - 	                    (13, 0.949125),
2025-04-15 10:25:29 - INFO - 	                    (14, 0.945625),
2025-04-15 10:25:29 - INFO - 	                    (15, 0.958),
2025-04-15 10:25:29 - INFO - 	                    (16, 0.95775),
2025-04-15 10:25:29 - INFO - 	                    (17, 0.952125),
2025-04-15 10:25:29 - INFO - 	                    (18, 0.958375),
2025-04-15 10:25:29 - INFO - 	                    (19, 0.953375),
2025-04-15 10:25:29 - INFO - 	                    (20, 0.956625)],
2025-04-15 10:25:29 - INFO - 	 'malicious_accuracy': [(1, 0.7005),
2025-04-15 10:25:29 - INFO - 	                        (2, 0.919),
2025-04-15 10:25:29 - INFO - 	                        (3, 0.873),
2025-04-15 10:25:29 - INFO - 	                        (4, 0.9515),
2025-04-15 10:25:29 - INFO - 	                        (5, 0.9295),
2025-04-15 10:25:29 - INFO - 	                        (6, 0.956),
2025-04-15 10:25:29 - INFO - 	                        (7, 0.9505),
2025-04-15 10:25:29 - INFO - 	                        (8, 0.936),
2025-04-15 10:25:29 - INFO - 	                        (9, 0.959),
2025-04-15 10:25:29 - INFO - 	                        (10, 0.9595),
2025-04-15 10:25:29 - INFO - 	                        (11, 0.9585),
2025-04-15 10:25:29 - INFO - 	                        (12, 0.963),
2025-04-15 10:25:29 - INFO - 	                        (13, 0.957),
2025-04-15 10:25:29 - INFO - 	                        (14, 0.954),
2025-04-15 10:25:29 - INFO - 	                        (15, 0.9655),
2025-04-15 10:25:29 - INFO - 	                        (16, 0.964),
2025-04-15 10:25:29 - INFO - 	                        (17, 0.961),
2025-04-15 10:25:29 - INFO - 	                        (18, 0.9685),
2025-04-15 10:25:29 - INFO - 	                        (19, 0.957),
2025-04-15 10:25:29 - INFO - 	                        (20, 0.9665)]}
2025-04-15 10:25:29 - INFO - 	History (metrics, centralized):
2025-04-15 10:25:29 - INFO - 	{'central_accuracy': [(0, 0.166),
2025-04-15 10:25:29 - INFO - 	                      (1, 0.662),
2025-04-15 10:25:29 - INFO - 	                      (2, 0.912),
2025-04-15 10:25:29 - INFO - 	                      (3, 0.842),
2025-04-15 10:25:29 - INFO - 	                      (4, 0.938),
2025-04-15 10:25:29 - INFO - 	                      (5, 0.922),
2025-04-15 10:25:29 - INFO - 	                      (6, 0.948),
2025-04-15 10:25:29 - INFO - 	                      (7, 0.942),
2025-04-15 10:25:29 - INFO - 	                      (8, 0.916),
2025-04-15 10:25:29 - INFO - 	                      (9, 0.95),
2025-04-15 10:25:29 - INFO - 	                      (10, 0.944),
2025-04-15 10:25:29 - INFO - 	                      (11, 0.956),
2025-04-15 10:25:29 - INFO - 	                      (12, 0.966),
2025-04-15 10:25:29 - INFO - 	                      (13, 0.962),
2025-04-15 10:25:29 - INFO - 	                      (14, 0.958),
2025-04-15 10:25:29 - INFO - 	                      (15, 0.96),
2025-04-15 10:25:29 - INFO - 	                      (16, 0.968),
2025-04-15 10:25:29 - INFO - 	                      (17, 0.956),
2025-04-15 10:25:29 - INFO - 	                      (18, 0.964),
2025-04-15 10:25:29 - INFO - 	                      (19, 0.944),
2025-04-15 10:25:29 - INFO - 	                      (20, 0.958)]}
2025-04-15 10:25:29 - INFO - 
