2025-04-15 14:07:42 - INFO - Starting Federated Learning Simulation: dataset type: iid, dataset name: mnist, strategy: FedAvg(accept_failures=True), rounds: 20, clients: 20
2025-04-15 14:07:42 - WARNING - DEPRECATED FEATURE: flwr.simulation.start_simulation() is deprecated.
	Instead, use the `flwr run` CLI command to start a local simulation in your Flower app, as shown for example below:

		$ flwr new  # Create a new Flower app from a template

		$ flwr run  # Run the Flower app in Simulation Mode

	Using `start_simulation()` is deprecated.

            This is a deprecated feature. It will be removed
            entirely in future versions of Flower.
        
2025-04-15 14:07:42 - INFO - Starting Flower simulation, config: num_rounds=20, no round_timeout
2025-04-15 14:07:45 - INFO - Flower VCE: Ray initialized with resources: {'accelerator_type:G': 1.0, 'node:__internal_head__': 1.0, 'CPU': 24.0, 'memory': 12755140608.0, 'node:127.0.0.1': 1.0, 'object_store_memory': 6377570304.0, 'GPU': 1.0}
2025-04-15 14:07:45 - INFO - Optimize your simulation with Flower VCE: https://flower.ai/docs/framework/how-to-run-simulations.html
2025-04-15 14:07:45 - INFO - No `client_resources` specified. Using minimal resources for clients.
2025-04-15 14:07:45 - INFO - Flower VCE: Resources for each Virtual Client: {'num_cpus': 1, 'num_gpus': 0.0}
2025-04-15 14:07:45 - INFO - Flower VCE: Creating VirtualClientEngineActorPool with 24 actors
2025-04-15 14:07:45 - INFO - [INIT]
2025-04-15 14:07:45 - INFO - Requesting initial parameters from one random client
2025-04-15 14:07:48 - INFO - Received initial parameters from one random client
2025-04-15 14:07:48 - INFO - Starting evaluation of initial global parameters
2025-04-15 14:07:50 - INFO - initial parameters (loss, other metrics): 2.3003, {'local_loss': 2.3003, 'local_accuracy': 0.108, 'central_malicious_loss': 2.3061, 'central_malicious_accuracy': 0.0881}
2025-04-15 14:07:50 - INFO - 
2025-04-15 14:07:50 - INFO - [ROUND 1]
2025-04-15 14:07:50 - INFO - configure_fit: strategy sampled 20 clients (out of 20)
2025-04-15 14:07:58 - INFO - aggregate_fit: received 20 results and 0 failures
2025-04-15 14:07:58 - WARNING - No fit_metrics_aggregation_fn provided
2025-04-15 14:07:59 - INFO - fit progress: (1, 0.2781, {'local_loss': 0.2781, 'local_accuracy': 0.908, 'central_malicious_loss': 0.272, 'central_malicious_accuracy': 0.9287}, 8.7878795)
2025-04-15 14:07:59 - INFO - configure_evaluate: strategy sampled 20 clients (out of 20)
2025-04-15 14:07:59 - INFO - aggregate_evaluate: received 20 results and 0 failures
2025-04-15 14:07:59 - INFO - 
2025-04-15 14:07:59 - INFO - [ROUND 2]
2025-04-15 14:07:59 - INFO - configure_fit: strategy sampled 20 clients (out of 20)
2025-04-15 14:08:03 - INFO - aggregate_fit: received 20 results and 0 failures
2025-04-15 14:08:04 - INFO - fit progress: (2, 0.1251, {'local_loss': 0.1251, 'local_accuracy': 0.966, 'central_malicious_loss': 0.136, 'central_malicious_accuracy': 0.9582}, 14.2391633)
2025-04-15 14:08:04 - INFO - configure_evaluate: strategy sampled 20 clients (out of 20)
2025-04-15 14:08:05 - INFO - aggregate_evaluate: received 20 results and 0 failures
2025-04-15 14:08:05 - INFO - 
2025-04-15 14:08:05 - INFO - [ROUND 3]
2025-04-15 14:08:05 - INFO - configure_fit: strategy sampled 20 clients (out of 20)
2025-04-15 14:08:09 - INFO - aggregate_fit: received 20 results and 0 failures
2025-04-15 14:08:10 - INFO - fit progress: (3, 0.0831, {'local_loss': 0.0831, 'local_accuracy': 0.974, 'central_malicious_loss': 0.0986, 'central_malicious_accuracy': 0.9689}, 19.6558476)
2025-04-15 14:08:10 - INFO - configure_evaluate: strategy sampled 20 clients (out of 20)
2025-04-15 14:08:10 - INFO - aggregate_evaluate: received 20 results and 0 failures
2025-04-15 14:08:10 - INFO - 
2025-04-15 14:08:10 - INFO - [ROUND 4]
2025-04-15 14:08:10 - INFO - configure_fit: strategy sampled 20 clients (out of 20)
2025-04-15 14:08:14 - INFO - aggregate_fit: received 20 results and 0 failures
2025-04-15 14:08:15 - INFO - fit progress: (4, 0.0577, {'local_loss': 0.0577, 'local_accuracy': 0.984, 'central_malicious_loss': 0.0796, 'central_malicious_accuracy': 0.9737}, 25.2654042)
2025-04-15 14:08:15 - INFO - configure_evaluate: strategy sampled 20 clients (out of 20)
2025-04-15 14:08:16 - INFO - aggregate_evaluate: received 20 results and 0 failures
2025-04-15 14:08:16 - INFO - 
2025-04-15 14:08:16 - INFO - [ROUND 5]
2025-04-15 14:08:16 - INFO - configure_fit: strategy sampled 20 clients (out of 20)
2025-04-15 14:08:20 - INFO - aggregate_fit: received 20 results and 0 failures
2025-04-15 14:08:22 - INFO - fit progress: (5, 0.0498, {'local_loss': 0.0498, 'local_accuracy': 0.984, 'central_malicious_loss': 0.0661, 'central_malicious_accuracy': 0.9787}, 31.3488672)
2025-04-15 14:08:22 - INFO - configure_evaluate: strategy sampled 20 clients (out of 20)
2025-04-15 14:08:22 - INFO - aggregate_evaluate: received 20 results and 0 failures
2025-04-15 14:08:22 - INFO - 
2025-04-15 14:08:22 - INFO - [ROUND 6]
2025-04-15 14:08:22 - INFO - configure_fit: strategy sampled 20 clients (out of 20)
2025-04-15 14:08:26 - INFO - aggregate_fit: received 20 results and 0 failures
2025-04-15 14:08:27 - INFO - fit progress: (6, 0.0438, {'local_loss': 0.0438, 'local_accuracy': 0.99, 'central_malicious_loss': 0.059, 'central_malicious_accuracy': 0.9806}, 37.269379300000004)
2025-04-15 14:08:27 - INFO - configure_evaluate: strategy sampled 20 clients (out of 20)
2025-04-15 14:08:28 - INFO - aggregate_evaluate: received 20 results and 0 failures
2025-04-15 14:08:28 - INFO - 
2025-04-15 14:08:28 - INFO - [ROUND 7]
2025-04-15 14:08:28 - INFO - configure_fit: strategy sampled 20 clients (out of 20)
2025-04-15 14:08:32 - INFO - aggregate_fit: received 20 results and 0 failures
2025-04-15 14:08:34 - INFO - fit progress: (7, 0.0375, {'local_loss': 0.0375, 'local_accuracy': 0.988, 'central_malicious_loss': 0.0533, 'central_malicious_accuracy': 0.9822}, 43.4063456)
2025-04-15 14:08:34 - INFO - configure_evaluate: strategy sampled 20 clients (out of 20)
2025-04-15 14:08:34 - INFO - aggregate_evaluate: received 20 results and 0 failures
2025-04-15 14:08:34 - INFO - 
2025-04-15 14:08:34 - INFO - [ROUND 8]
2025-04-15 14:08:34 - INFO - configure_fit: strategy sampled 20 clients (out of 20)
2025-04-15 14:08:38 - INFO - aggregate_fit: received 20 results and 0 failures
2025-04-15 14:08:39 - INFO - fit progress: (8, 0.0301, {'local_loss': 0.0301, 'local_accuracy': 0.99, 'central_malicious_loss': 0.0485, 'central_malicious_accuracy': 0.9826}, 49.2801053)
2025-04-15 14:08:39 - INFO - configure_evaluate: strategy sampled 20 clients (out of 20)
2025-04-15 14:08:40 - INFO - aggregate_evaluate: received 20 results and 0 failures
2025-04-15 14:08:40 - INFO - 
2025-04-15 14:08:40 - INFO - [ROUND 9]
2025-04-15 14:08:40 - INFO - configure_fit: strategy sampled 20 clients (out of 20)
2025-04-15 14:08:44 - INFO - aggregate_fit: received 20 results and 0 failures
2025-04-15 14:08:45 - INFO - fit progress: (9, 0.0313, {'local_loss': 0.0313, 'local_accuracy': 0.988, 'central_malicious_loss': 0.0448, 'central_malicious_accuracy': 0.9841}, 55.0678999)
2025-04-15 14:08:45 - INFO - configure_evaluate: strategy sampled 20 clients (out of 20)
2025-04-15 14:08:46 - INFO - aggregate_evaluate: received 20 results and 0 failures
2025-04-15 14:08:46 - INFO - 
2025-04-15 14:08:46 - INFO - [ROUND 10]
2025-04-15 14:08:46 - INFO - configure_fit: strategy sampled 20 clients (out of 20)
2025-04-15 14:08:50 - INFO - aggregate_fit: received 20 results and 0 failures
2025-04-15 14:08:51 - INFO - fit progress: (10, 0.028, {'local_loss': 0.028, 'local_accuracy': 0.99, 'central_malicious_loss': 0.0421, 'central_malicious_accuracy': 0.9851}, 61.2707132)
2025-04-15 14:08:51 - INFO - configure_evaluate: strategy sampled 20 clients (out of 20)
2025-04-15 14:08:52 - INFO - aggregate_evaluate: received 20 results and 0 failures
2025-04-15 14:08:52 - INFO - 
2025-04-15 14:08:52 - INFO - [ROUND 11]
2025-04-15 14:08:52 - INFO - configure_fit: strategy sampled 20 clients (out of 20)
2025-04-15 14:08:56 - INFO - aggregate_fit: received 20 results and 0 failures
2025-04-15 14:08:58 - INFO - fit progress: (11, 0.0254, {'local_loss': 0.0254, 'local_accuracy': 0.992, 'central_malicious_loss': 0.0396, 'central_malicious_accuracy': 0.9868}, 67.4843974)
2025-04-15 14:08:58 - INFO - configure_evaluate: strategy sampled 20 clients (out of 20)
2025-04-15 14:08:58 - INFO - aggregate_evaluate: received 20 results and 0 failures
2025-04-15 14:08:58 - INFO - 
2025-04-15 14:08:58 - INFO - [ROUND 12]
2025-04-15 14:08:58 - INFO - configure_fit: strategy sampled 20 clients (out of 20)
2025-04-15 14:09:02 - INFO - aggregate_fit: received 20 results and 0 failures
2025-04-15 14:09:04 - INFO - fit progress: (12, 0.0267, {'local_loss': 0.0267, 'local_accuracy': 0.99, 'central_malicious_loss': 0.0389, 'central_malicious_accuracy': 0.9866}, 73.585735)
2025-04-15 14:09:04 - INFO - configure_evaluate: strategy sampled 20 clients (out of 20)
2025-04-15 14:09:04 - INFO - aggregate_evaluate: received 20 results and 0 failures
2025-04-15 14:09:04 - INFO - 
2025-04-15 14:09:04 - INFO - [ROUND 13]
2025-04-15 14:09:04 - INFO - configure_fit: strategy sampled 20 clients (out of 20)
2025-04-15 14:09:08 - INFO - aggregate_fit: received 20 results and 0 failures
2025-04-15 14:09:10 - INFO - fit progress: (13, 0.0223, {'local_loss': 0.0223, 'local_accuracy': 0.99, 'central_malicious_loss': 0.0357, 'central_malicious_accuracy': 0.9883}, 79.49384380000001)
2025-04-15 14:09:10 - INFO - configure_evaluate: strategy sampled 20 clients (out of 20)
2025-04-15 14:09:10 - INFO - aggregate_evaluate: received 20 results and 0 failures
2025-04-15 14:09:10 - INFO - 
2025-04-15 14:09:10 - INFO - [ROUND 14]
2025-04-15 14:09:10 - INFO - configure_fit: strategy sampled 20 clients (out of 20)
2025-04-15 14:09:14 - INFO - aggregate_fit: received 20 results and 0 failures
2025-04-15 14:09:15 - INFO - fit progress: (14, 0.0249, {'local_loss': 0.0249, 'local_accuracy': 0.99, 'central_malicious_loss': 0.0358, 'central_malicious_accuracy': 0.9883}, 85.1379896)
2025-04-15 14:09:15 - INFO - configure_evaluate: strategy sampled 20 clients (out of 20)
2025-04-15 14:09:16 - INFO - aggregate_evaluate: received 20 results and 0 failures
2025-04-15 14:09:16 - INFO - 
2025-04-15 14:09:16 - INFO - [ROUND 15]
2025-04-15 14:09:16 - INFO - configure_fit: strategy sampled 20 clients (out of 20)
2025-04-15 14:09:19 - INFO - aggregate_fit: received 20 results and 0 failures
2025-04-15 14:09:21 - INFO - fit progress: (15, 0.0215, {'local_loss': 0.0215, 'local_accuracy': 0.992, 'central_malicious_loss': 0.033, 'central_malicious_accuracy': 0.9889}, 90.5957366)
2025-04-15 14:09:21 - INFO - configure_evaluate: strategy sampled 20 clients (out of 20)
2025-04-15 14:09:21 - INFO - aggregate_evaluate: received 20 results and 0 failures
2025-04-15 14:09:21 - INFO - 
2025-04-15 14:09:21 - INFO - [ROUND 16]
2025-04-15 14:09:21 - INFO - configure_fit: strategy sampled 20 clients (out of 20)
2025-04-15 14:09:25 - INFO - aggregate_fit: received 20 results and 0 failures
2025-04-15 14:09:26 - INFO - fit progress: (16, 0.0217, {'local_loss': 0.0217, 'local_accuracy': 0.99, 'central_malicious_loss': 0.0324, 'central_malicious_accuracy': 0.9886}, 96.04910770000001)
2025-04-15 14:09:26 - INFO - configure_evaluate: strategy sampled 20 clients (out of 20)
2025-04-15 14:09:27 - INFO - aggregate_evaluate: received 20 results and 0 failures
2025-04-15 14:09:27 - INFO - 
2025-04-15 14:09:27 - INFO - [ROUND 17]
2025-04-15 14:09:27 - INFO - configure_fit: strategy sampled 20 clients (out of 20)
2025-04-15 14:09:30 - INFO - aggregate_fit: received 20 results and 0 failures
2025-04-15 14:09:32 - INFO - fit progress: (17, 0.025, {'local_loss': 0.025, 'local_accuracy': 0.988, 'central_malicious_loss': 0.0323, 'central_malicious_accuracy': 0.9886}, 101.5803183)
2025-04-15 14:09:32 - INFO - configure_evaluate: strategy sampled 20 clients (out of 20)
2025-04-15 14:09:32 - INFO - aggregate_evaluate: received 20 results and 0 failures
2025-04-15 14:09:32 - INFO - 
2025-04-15 14:09:32 - INFO - [ROUND 18]
2025-04-15 14:09:32 - INFO - configure_fit: strategy sampled 20 clients (out of 20)
2025-04-15 14:09:36 - INFO - aggregate_fit: received 20 results and 0 failures
2025-04-15 14:09:37 - INFO - fit progress: (18, 0.0211, {'local_loss': 0.0211, 'local_accuracy': 0.99, 'central_malicious_loss': 0.0311, 'central_malicious_accuracy': 0.9886}, 106.9858913)
2025-04-15 14:09:37 - INFO - configure_evaluate: strategy sampled 20 clients (out of 20)
2025-04-15 14:09:38 - INFO - aggregate_evaluate: received 20 results and 0 failures
2025-04-15 14:09:38 - INFO - 
2025-04-15 14:09:38 - INFO - [ROUND 19]
2025-04-15 14:09:38 - INFO - configure_fit: strategy sampled 20 clients (out of 20)
2025-04-15 14:09:41 - INFO - aggregate_fit: received 20 results and 0 failures
2025-04-15 14:09:43 - INFO - fit progress: (19, 0.0204, {'local_loss': 0.0204, 'local_accuracy': 0.99, 'central_malicious_loss': 0.0296, 'central_malicious_accuracy': 0.9894}, 112.4397593)
2025-04-15 14:09:43 - INFO - configure_evaluate: strategy sampled 20 clients (out of 20)
2025-04-15 14:09:43 - INFO - aggregate_evaluate: received 20 results and 0 failures
2025-04-15 14:09:43 - INFO - 
2025-04-15 14:09:43 - INFO - [ROUND 20]
2025-04-15 14:09:43 - INFO - configure_fit: strategy sampled 20 clients (out of 20)
2025-04-15 14:09:47 - INFO - aggregate_fit: received 20 results and 0 failures
2025-04-15 14:09:48 - INFO - fit progress: (20, 0.0228, {'local_loss': 0.0228, 'local_accuracy': 0.988, 'central_malicious_loss': 0.0292, 'central_malicious_accuracy': 0.9898}, 117.8197685)
2025-04-15 14:09:48 - INFO - configure_evaluate: strategy sampled 20 clients (out of 20)
2025-04-15 14:09:48 - INFO - aggregate_evaluate: received 20 results and 0 failures
2025-04-15 14:09:48 - INFO - 
2025-04-15 14:09:48 - INFO - [SUMMARY]
2025-04-15 14:09:48 - INFO - Run finished 20 round(s) in 118.22s
2025-04-15 14:09:48 - INFO - 	History (loss, distributed):
2025-04-15 14:09:48 - INFO - 		round 1: 0.9287
2025-04-15 14:09:48 - INFO - 		round 2: 0.9582
2025-04-15 14:09:48 - INFO - 		round 3: 0.9689
2025-04-15 14:09:48 - INFO - 		round 4: 0.9737
2025-04-15 14:09:48 - INFO - 		round 5: 0.9787
2025-04-15 14:09:48 - INFO - 		round 6: 0.9806
2025-04-15 14:09:48 - INFO - 		round 7: 0.9822
2025-04-15 14:09:48 - INFO - 		round 8: 0.9826
2025-04-15 14:09:48 - INFO - 		round 9: 0.9841
2025-04-15 14:09:48 - INFO - 		round 10: 0.9851
2025-04-15 14:09:48 - INFO - 		round 11: 0.9868
2025-04-15 14:09:48 - INFO - 		round 12: 0.9866
2025-04-15 14:09:48 - INFO - 		round 13: 0.9883
2025-04-15 14:09:48 - INFO - 		round 14: 0.9883
2025-04-15 14:09:48 - INFO - 		round 15: 0.9889
2025-04-15 14:09:48 - INFO - 		round 16: 0.9886
2025-04-15 14:09:48 - INFO - 		round 17: 0.9886
2025-04-15 14:09:48 - INFO - 		round 18: 0.9886
2025-04-15 14:09:48 - INFO - 		round 19: 0.9894
2025-04-15 14:09:48 - INFO - 		round 20: 0.9898
2025-04-15 14:09:48 - INFO - 	History (loss, centralized):
2025-04-15 14:09:48 - INFO - 		round 0: 2.3003
2025-04-15 14:09:48 - INFO - 		round 1: 0.2781
2025-04-15 14:09:48 - INFO - 		round 2: 0.1251
2025-04-15 14:09:48 - INFO - 		round 3: 0.0831
2025-04-15 14:09:48 - INFO - 		round 4: 0.0577
2025-04-15 14:09:48 - INFO - 		round 5: 0.0498
2025-04-15 14:09:48 - INFO - 		round 6: 0.0438
2025-04-15 14:09:48 - INFO - 		round 7: 0.0375
2025-04-15 14:09:48 - INFO - 		round 8: 0.0301
2025-04-15 14:09:48 - INFO - 		round 9: 0.0313
2025-04-15 14:09:48 - INFO - 		round 10: 0.028
2025-04-15 14:09:48 - INFO - 		round 11: 0.0254
2025-04-15 14:09:48 - INFO - 		round 12: 0.0267
2025-04-15 14:09:48 - INFO - 		round 13: 0.0223
2025-04-15 14:09:48 - INFO - 		round 14: 0.0249
2025-04-15 14:09:48 - INFO - 		round 15: 0.0215
2025-04-15 14:09:48 - INFO - 		round 16: 0.0217
2025-04-15 14:09:48 - INFO - 		round 17: 0.025
2025-04-15 14:09:48 - INFO - 		round 18: 0.0211
2025-04-15 14:09:48 - INFO - 		round 19: 0.0204
2025-04-15 14:09:48 - INFO - 		round 20: 0.0228
2025-04-15 14:09:48 - INFO - 	History (metrics, distributed, evaluate):
2025-04-15 14:09:48 - INFO - 	{'accuracy': [(1, 0.9287),
2025-04-15 14:09:48 - INFO - 	              (2, 0.9582),
2025-04-15 14:09:48 - INFO - 	              (3, 0.9689),
2025-04-15 14:09:48 - INFO - 	              (4, 0.9737),
2025-04-15 14:09:48 - INFO - 	              (5, 0.9787),
2025-04-15 14:09:48 - INFO - 	              (6, 0.9806),
2025-04-15 14:09:48 - INFO - 	              (7, 0.9822),
2025-04-15 14:09:48 - INFO - 	              (8, 0.9826),
2025-04-15 14:09:48 - INFO - 	              (9, 0.9841),
2025-04-15 14:09:48 - INFO - 	              (10, 0.9851),
2025-04-15 14:09:48 - INFO - 	              (11, 0.9868),
2025-04-15 14:09:48 - INFO - 	              (12, 0.9866),
2025-04-15 14:09:48 - INFO - 	              (13, 0.9883),
2025-04-15 14:09:48 - INFO - 	              (14, 0.9883),
2025-04-15 14:09:48 - INFO - 	              (15, 0.9889),
2025-04-15 14:09:48 - INFO - 	              (16, 0.9886),
2025-04-15 14:09:48 - INFO - 	              (17, 0.9886),
2025-04-15 14:09:48 - INFO - 	              (18, 0.9886),
2025-04-15 14:09:48 - INFO - 	              (19, 0.9894),
2025-04-15 14:09:48 - INFO - 	              (20, 0.9898)],
2025-04-15 14:09:48 - INFO - 	 'clean_accuracy': [(1, 0.9287),
2025-04-15 14:09:48 - INFO - 	                    (2, 0.9582),
2025-04-15 14:09:48 - INFO - 	                    (3, 0.9689),
2025-04-15 14:09:48 - INFO - 	                    (4, 0.9737),
2025-04-15 14:09:48 - INFO - 	                    (5, 0.9787),
2025-04-15 14:09:48 - INFO - 	                    (6, 0.9806),
2025-04-15 14:09:48 - INFO - 	                    (7, 0.9822),
2025-04-15 14:09:48 - INFO - 	                    (8, 0.9826),
2025-04-15 14:09:48 - INFO - 	                    (9, 0.9841),
2025-04-15 14:09:48 - INFO - 	                    (10, 0.9851),
2025-04-15 14:09:48 - INFO - 	                    (11, 0.9868),
2025-04-15 14:09:48 - INFO - 	                    (12, 0.9866),
2025-04-15 14:09:48 - INFO - 	                    (13, 0.9883),
2025-04-15 14:09:48 - INFO - 	                    (14, 0.9883),
2025-04-15 14:09:48 - INFO - 	                    (15, 0.9889),
2025-04-15 14:09:48 - INFO - 	                    (16, 0.9886),
2025-04-15 14:09:48 - INFO - 	                    (17, 0.9886),
2025-04-15 14:09:48 - INFO - 	                    (18, 0.9886),
2025-04-15 14:09:48 - INFO - 	                    (19, 0.9894),
2025-04-15 14:09:48 - INFO - 	                    (20, 0.9898)],
2025-04-15 14:09:48 - INFO - 	 'malicious_accuracy': [(1, 0.0),
2025-04-15 14:09:48 - INFO - 	                        (2, 0.0),
2025-04-15 14:09:48 - INFO - 	                        (3, 0.0),
2025-04-15 14:09:48 - INFO - 	                        (4, 0.0),
2025-04-15 14:09:48 - INFO - 	                        (5, 0.0),
2025-04-15 14:09:48 - INFO - 	                        (6, 0.0),
2025-04-15 14:09:48 - INFO - 	                        (7, 0.0),
2025-04-15 14:09:48 - INFO - 	                        (8, 0.0),
2025-04-15 14:09:48 - INFO - 	                        (9, 0.0),
2025-04-15 14:09:48 - INFO - 	                        (10, 0.0),
2025-04-15 14:09:48 - INFO - 	                        (11, 0.0),
2025-04-15 14:09:48 - INFO - 	                        (12, 0.0),
2025-04-15 14:09:48 - INFO - 	                        (13, 0.0),
2025-04-15 14:09:48 - INFO - 	                        (14, 0.0),
2025-04-15 14:09:48 - INFO - 	                        (15, 0.0),
2025-04-15 14:09:48 - INFO - 	                        (16, 0.0),
2025-04-15 14:09:48 - INFO - 	                        (17, 0.0),
2025-04-15 14:09:48 - INFO - 	                        (18, 0.0),
2025-04-15 14:09:48 - INFO - 	                        (19, 0.0),
2025-04-15 14:09:48 - INFO - 	                        (20, 0.0)]}
2025-04-15 14:09:48 - INFO - 	History (metrics, centralized):
2025-04-15 14:09:48 - INFO - 	{'central_malicious_accuracy': [(0, 0.0881),
2025-04-15 14:09:48 - INFO - 	                                (1, 0.9287),
2025-04-15 14:09:48 - INFO - 	                                (2, 0.9582),
2025-04-15 14:09:48 - INFO - 	                                (3, 0.9689),
2025-04-15 14:09:48 - INFO - 	                                (4, 0.9737),
2025-04-15 14:09:48 - INFO - 	                                (5, 0.9787),
2025-04-15 14:09:48 - INFO - 	                                (6, 0.9806),
2025-04-15 14:09:48 - INFO - 	                                (7, 0.9822),
2025-04-15 14:09:48 - INFO - 	                                (8, 0.9826),
2025-04-15 14:09:48 - INFO - 	                                (9, 0.9841),
2025-04-15 14:09:48 - INFO - 	                                (10, 0.9851),
2025-04-15 14:09:48 - INFO - 	                                (11, 0.9868),
2025-04-15 14:09:48 - INFO - 	                                (12, 0.9866),
2025-04-15 14:09:48 - INFO - 	                                (13, 0.9883),
2025-04-15 14:09:48 - INFO - 	                                (14, 0.9883),
2025-04-15 14:09:48 - INFO - 	                                (15, 0.9889),
2025-04-15 14:09:48 - INFO - 	                                (16, 0.9886),
2025-04-15 14:09:48 - INFO - 	                                (17, 0.9886),
2025-04-15 14:09:48 - INFO - 	                                (18, 0.9886),
2025-04-15 14:09:48 - INFO - 	                                (19, 0.9894),
2025-04-15 14:09:48 - INFO - 	                                (20, 0.9898)],
2025-04-15 14:09:48 - INFO - 	 'central_malicious_loss': [(0, 2.3061),
2025-04-15 14:09:48 - INFO - 	                            (1, 0.272),
2025-04-15 14:09:48 - INFO - 	                            (2, 0.136),
2025-04-15 14:09:48 - INFO - 	                            (3, 0.0986),
2025-04-15 14:09:48 - INFO - 	                            (4, 0.0796),
2025-04-15 14:09:48 - INFO - 	                            (5, 0.0661),
2025-04-15 14:09:48 - INFO - 	                            (6, 0.059),
2025-04-15 14:09:48 - INFO - 	                            (7, 0.0533),
2025-04-15 14:09:48 - INFO - 	                            (8, 0.0485),
2025-04-15 14:09:48 - INFO - 	                            (9, 0.0448),
2025-04-15 14:09:48 - INFO - 	                            (10, 0.0421),
2025-04-15 14:09:48 - INFO - 	                            (11, 0.0396),
2025-04-15 14:09:48 - INFO - 	                            (12, 0.0389),
2025-04-15 14:09:48 - INFO - 	                            (13, 0.0357),
2025-04-15 14:09:48 - INFO - 	                            (14, 0.0358),
2025-04-15 14:09:48 - INFO - 	                            (15, 0.033),
2025-04-15 14:09:48 - INFO - 	                            (16, 0.0324),
2025-04-15 14:09:48 - INFO - 	                            (17, 0.0323),
2025-04-15 14:09:48 - INFO - 	                            (18, 0.0311),
2025-04-15 14:09:48 - INFO - 	                            (19, 0.0296),
2025-04-15 14:09:48 - INFO - 	                            (20, 0.0292)],
2025-04-15 14:09:48 - INFO - 	 'local_accuracy': [(0, 0.108),
2025-04-15 14:09:48 - INFO - 	                    (1, 0.908),
2025-04-15 14:09:48 - INFO - 	                    (2, 0.966),
2025-04-15 14:09:48 - INFO - 	                    (3, 0.974),
2025-04-15 14:09:48 - INFO - 	                    (4, 0.984),
2025-04-15 14:09:48 - INFO - 	                    (5, 0.984),
2025-04-15 14:09:48 - INFO - 	                    (6, 0.99),
2025-04-15 14:09:48 - INFO - 	                    (7, 0.988),
2025-04-15 14:09:48 - INFO - 	                    (8, 0.99),
2025-04-15 14:09:48 - INFO - 	                    (9, 0.988),
2025-04-15 14:09:48 - INFO - 	                    (10, 0.99),
2025-04-15 14:09:48 - INFO - 	                    (11, 0.992),
2025-04-15 14:09:48 - INFO - 	                    (12, 0.99),
2025-04-15 14:09:48 - INFO - 	                    (13, 0.99),
2025-04-15 14:09:48 - INFO - 	                    (14, 0.99),
2025-04-15 14:09:48 - INFO - 	                    (15, 0.992),
2025-04-15 14:09:48 - INFO - 	                    (16, 0.99),
2025-04-15 14:09:48 - INFO - 	                    (17, 0.988),
2025-04-15 14:09:48 - INFO - 	                    (18, 0.99),
2025-04-15 14:09:48 - INFO - 	                    (19, 0.99),
2025-04-15 14:09:48 - INFO - 	                    (20, 0.988)],
2025-04-15 14:09:48 - INFO - 	 'local_loss': [(0, 2.3003),
2025-04-15 14:09:48 - INFO - 	                (1, 0.2781),
2025-04-15 14:09:48 - INFO - 	                (2, 0.1251),
2025-04-15 14:09:48 - INFO - 	                (3, 0.0831),
2025-04-15 14:09:48 - INFO - 	                (4, 0.0577),
2025-04-15 14:09:48 - INFO - 	                (5, 0.0498),
2025-04-15 14:09:48 - INFO - 	                (6, 0.0438),
2025-04-15 14:09:48 - INFO - 	                (7, 0.0375),
2025-04-15 14:09:48 - INFO - 	                (8, 0.0301),
2025-04-15 14:09:48 - INFO - 	                (9, 0.0313),
2025-04-15 14:09:48 - INFO - 	                (10, 0.028),
2025-04-15 14:09:48 - INFO - 	                (11, 0.0254),
2025-04-15 14:09:48 - INFO - 	                (12, 0.0267),
2025-04-15 14:09:48 - INFO - 	                (13, 0.0223),
2025-04-15 14:09:48 - INFO - 	                (14, 0.0249),
2025-04-15 14:09:48 - INFO - 	                (15, 0.0215),
2025-04-15 14:09:48 - INFO - 	                (16, 0.0217),
2025-04-15 14:09:48 - INFO - 	                (17, 0.025),
2025-04-15 14:09:48 - INFO - 	                (18, 0.0211),
2025-04-15 14:09:48 - INFO - 	                (19, 0.0204),
2025-04-15 14:09:48 - INFO - 	                (20, 0.0228)]}
2025-04-15 14:09:48 - INFO - 
2025-04-15 14:09:49 - INFO - Starting Federated Learning Simulation: dataset type: iid, dataset name: mnist, strategy: FedAvg(accept_failures=True), rounds: 20, clients: 20
2025-04-15 14:09:49 - WARNING - DEPRECATED FEATURE: flwr.simulation.start_simulation() is deprecated.
	Instead, use the `flwr run` CLI command to start a local simulation in your Flower app, as shown for example below:

		$ flwr new  # Create a new Flower app from a template

		$ flwr run  # Run the Flower app in Simulation Mode

	Using `start_simulation()` is deprecated.

            This is a deprecated feature. It will be removed
            entirely in future versions of Flower.
        
2025-04-15 14:09:49 - INFO - Starting Flower simulation, config: num_rounds=20, no round_timeout
2025-04-15 14:09:53 - INFO - Flower VCE: Ray initialized with resources: {'accelerator_type:G': 1.0, 'node:__internal_head__': 1.0, 'CPU': 24.0, 'object_store_memory': 6319856025.0, 'node:127.0.0.1': 1.0, 'memory': 12639712052.0, 'GPU': 1.0}
2025-04-15 14:09:53 - INFO - Optimize your simulation with Flower VCE: https://flower.ai/docs/framework/how-to-run-simulations.html
2025-04-15 14:09:53 - INFO - No `client_resources` specified. Using minimal resources for clients.
2025-04-15 14:09:53 - INFO - Flower VCE: Resources for each Virtual Client: {'num_cpus': 1, 'num_gpus': 0.0}
2025-04-15 14:09:53 - INFO - Flower VCE: Creating VirtualClientEngineActorPool with 24 actors
2025-04-15 14:09:53 - INFO - [INIT]
2025-04-15 14:09:53 - INFO - Requesting initial parameters from one random client
2025-04-15 14:09:56 - INFO - Received initial parameters from one random client
2025-04-15 14:09:56 - INFO - Starting evaluation of initial global parameters
2025-04-15 14:09:57 - INFO - initial parameters (loss, other metrics): 2.3054, {'local_loss': 2.3054, 'local_accuracy': 0.094, 'central_malicious_loss': 2.3131, 'central_malicious_accuracy': 0.0775}
2025-04-15 14:09:57 - INFO - 
2025-04-15 14:09:57 - INFO - [ROUND 1]
2025-04-15 14:09:57 - INFO - configure_fit: strategy sampled 20 clients (out of 20)
2025-04-15 14:10:04 - INFO - aggregate_fit: received 20 results and 0 failures
2025-04-15 14:10:04 - WARNING - No fit_metrics_aggregation_fn provided
2025-04-15 14:10:06 - INFO - fit progress: (1, 0.2552, {'local_loss': 0.2552, 'local_accuracy': 0.934, 'central_malicious_loss': 0.2452, 'central_malicious_accuracy': 0.9347}, 8.60081360000001)
2025-04-15 14:10:06 - INFO - configure_evaluate: strategy sampled 20 clients (out of 20)
2025-04-15 14:10:06 - INFO - aggregate_evaluate: received 20 results and 0 failures
2025-04-15 14:10:06 - INFO - 
2025-04-15 14:10:06 - INFO - [ROUND 2]
2025-04-15 14:10:06 - INFO - configure_fit: strategy sampled 20 clients (out of 20)
2025-04-15 14:10:10 - INFO - aggregate_fit: received 20 results and 0 failures
2025-04-15 14:10:11 - INFO - fit progress: (2, 0.128, {'local_loss': 0.128, 'local_accuracy': 0.96, 'central_malicious_loss': 0.1313, 'central_malicious_accuracy': 0.959}, 14.1544375)
2025-04-15 14:10:11 - INFO - configure_evaluate: strategy sampled 20 clients (out of 20)
2025-04-15 14:10:12 - INFO - aggregate_evaluate: received 20 results and 0 failures
2025-04-15 14:10:12 - INFO - 
2025-04-15 14:10:12 - INFO - [ROUND 3]
2025-04-15 14:10:12 - INFO - configure_fit: strategy sampled 20 clients (out of 20)
2025-04-15 14:10:15 - INFO - aggregate_fit: received 20 results and 0 failures
2025-04-15 14:10:17 - INFO - fit progress: (3, 0.089, {'local_loss': 0.089, 'local_accuracy': 0.964, 'central_malicious_loss': 0.0958, 'central_malicious_accuracy': 0.9688}, 19.584911599999998)
2025-04-15 14:10:17 - INFO - configure_evaluate: strategy sampled 20 clients (out of 20)
2025-04-15 14:10:17 - INFO - aggregate_evaluate: received 20 results and 0 failures
2025-04-15 14:10:17 - INFO - 
2025-04-15 14:10:17 - INFO - [ROUND 4]
2025-04-15 14:10:17 - INFO - configure_fit: strategy sampled 20 clients (out of 20)
2025-04-15 14:10:21 - INFO - aggregate_fit: received 20 results and 0 failures
2025-04-15 14:10:22 - INFO - fit progress: (4, 0.069, {'local_loss': 0.069, 'local_accuracy': 0.978, 'central_malicious_loss': 0.0776, 'central_malicious_accuracy': 0.9746}, 25.019802800000008)
2025-04-15 14:10:22 - INFO - configure_evaluate: strategy sampled 20 clients (out of 20)
2025-04-15 14:10:22 - INFO - aggregate_evaluate: received 20 results and 0 failures
2025-04-15 14:10:22 - INFO - 
2025-04-15 14:10:22 - INFO - [ROUND 5]
2025-04-15 14:10:22 - INFO - configure_fit: strategy sampled 20 clients (out of 20)
2025-04-15 14:10:26 - INFO - aggregate_fit: received 20 results and 0 failures
2025-04-15 14:10:27 - INFO - fit progress: (5, 0.0535, {'local_loss': 0.0535, 'local_accuracy': 0.98, 'central_malicious_loss': 0.066, 'central_malicious_accuracy': 0.9776}, 30.381832300000013)
2025-04-15 14:10:27 - INFO - configure_evaluate: strategy sampled 20 clients (out of 20)
2025-04-15 14:10:28 - INFO - aggregate_evaluate: received 20 results and 0 failures
2025-04-15 14:10:28 - INFO - 
2025-04-15 14:10:28 - INFO - [ROUND 6]
2025-04-15 14:10:28 - INFO - configure_fit: strategy sampled 20 clients (out of 20)
2025-04-15 14:10:32 - INFO - aggregate_fit: received 20 results and 0 failures
2025-04-15 14:10:33 - INFO - fit progress: (6, 0.0474, {'local_loss': 0.0474, 'local_accuracy': 0.982, 'central_malicious_loss': 0.0585, 'central_malicious_accuracy': 0.98}, 35.75258120000001)
2025-04-15 14:10:33 - INFO - configure_evaluate: strategy sampled 20 clients (out of 20)
2025-04-15 14:10:33 - INFO - aggregate_evaluate: received 20 results and 0 failures
2025-04-15 14:10:33 - INFO - 
2025-04-15 14:10:33 - INFO - [ROUND 7]
2025-04-15 14:10:33 - INFO - configure_fit: strategy sampled 20 clients (out of 20)
2025-04-15 14:10:37 - INFO - aggregate_fit: received 20 results and 0 failures
2025-04-15 14:10:38 - INFO - fit progress: (7, 0.046, {'local_loss': 0.046, 'local_accuracy': 0.982, 'central_malicious_loss': 0.0547, 'central_malicious_accuracy': 0.9813}, 41.1180253)
2025-04-15 14:10:38 - INFO - configure_evaluate: strategy sampled 20 clients (out of 20)
2025-04-15 14:10:39 - INFO - aggregate_evaluate: received 20 results and 0 failures
2025-04-15 14:10:39 - INFO - 
2025-04-15 14:10:39 - INFO - [ROUND 8]
2025-04-15 14:10:39 - INFO - configure_fit: strategy sampled 20 clients (out of 20)
2025-04-15 14:10:42 - INFO - aggregate_fit: received 20 results and 0 failures
2025-04-15 14:10:44 - INFO - fit progress: (8, 0.0369, {'local_loss': 0.0369, 'local_accuracy': 0.99, 'central_malicious_loss': 0.0497, 'central_malicious_accuracy': 0.9828}, 46.51593250000002)
2025-04-15 14:10:44 - INFO - configure_evaluate: strategy sampled 20 clients (out of 20)
2025-04-15 14:10:44 - INFO - aggregate_evaluate: received 20 results and 0 failures
2025-04-15 14:10:44 - INFO - 
2025-04-15 14:10:44 - INFO - [ROUND 9]
2025-04-15 14:10:44 - INFO - configure_fit: strategy sampled 20 clients (out of 20)
2025-04-15 14:10:48 - INFO - aggregate_fit: received 20 results and 0 failures
2025-04-15 14:10:49 - INFO - fit progress: (9, 0.0321, {'local_loss': 0.0321, 'local_accuracy': 0.994, 'central_malicious_loss': 0.0444, 'central_malicious_accuracy': 0.9854}, 52.1413163)
2025-04-15 14:10:49 - INFO - configure_evaluate: strategy sampled 20 clients (out of 20)
2025-04-15 14:10:50 - INFO - aggregate_evaluate: received 20 results and 0 failures
2025-04-15 14:10:50 - INFO - 
2025-04-15 14:10:50 - INFO - [ROUND 10]
2025-04-15 14:10:50 - INFO - configure_fit: strategy sampled 20 clients (out of 20)
2025-04-15 14:10:53 - INFO - aggregate_fit: received 20 results and 0 failures
2025-04-15 14:10:55 - INFO - fit progress: (10, 0.0328, {'local_loss': 0.0328, 'local_accuracy': 0.99, 'central_malicious_loss': 0.0417, 'central_malicious_accuracy': 0.9865}, 57.70561430000001)
2025-04-15 14:10:55 - INFO - configure_evaluate: strategy sampled 20 clients (out of 20)
2025-04-15 14:10:55 - INFO - aggregate_evaluate: received 20 results and 0 failures
2025-04-15 14:10:55 - INFO - 
2025-04-15 14:10:55 - INFO - [ROUND 11]
2025-04-15 14:10:55 - INFO - configure_fit: strategy sampled 20 clients (out of 20)
2025-04-15 14:10:59 - INFO - aggregate_fit: received 20 results and 0 failures
2025-04-15 14:11:00 - INFO - fit progress: (11, 0.0285, {'local_loss': 0.0285, 'local_accuracy': 0.994, 'central_malicious_loss': 0.0389, 'central_malicious_accuracy': 0.9866}, 63.245906700000006)
2025-04-15 14:11:00 - INFO - configure_evaluate: strategy sampled 20 clients (out of 20)
2025-04-15 14:11:01 - INFO - aggregate_evaluate: received 20 results and 0 failures
2025-04-15 14:11:01 - INFO - 
2025-04-15 14:11:01 - INFO - [ROUND 12]
2025-04-15 14:11:01 - INFO - configure_fit: strategy sampled 20 clients (out of 20)
2025-04-15 14:11:04 - INFO - aggregate_fit: received 20 results and 0 failures
2025-04-15 14:11:06 - INFO - fit progress: (12, 0.0265, {'local_loss': 0.0265, 'local_accuracy': 0.992, 'central_malicious_loss': 0.0373, 'central_malicious_accuracy': 0.9874}, 68.67941630000001)
2025-04-15 14:11:06 - INFO - configure_evaluate: strategy sampled 20 clients (out of 20)
2025-04-15 14:11:06 - INFO - aggregate_evaluate: received 20 results and 0 failures
2025-04-15 14:11:06 - INFO - 
2025-04-15 14:11:06 - INFO - [ROUND 13]
2025-04-15 14:11:06 - INFO - configure_fit: strategy sampled 20 clients (out of 20)
2025-04-15 14:11:10 - INFO - aggregate_fit: received 20 results and 0 failures
2025-04-15 14:11:11 - INFO - fit progress: (13, 0.0258, {'local_loss': 0.0258, 'local_accuracy': 0.994, 'central_malicious_loss': 0.0353, 'central_malicious_accuracy': 0.9885}, 74.05684400000001)
2025-04-15 14:11:11 - INFO - configure_evaluate: strategy sampled 20 clients (out of 20)
2025-04-15 14:11:12 - INFO - aggregate_evaluate: received 20 results and 0 failures
2025-04-15 14:11:12 - INFO - 
2025-04-15 14:11:12 - INFO - [ROUND 14]
2025-04-15 14:11:12 - INFO - configure_fit: strategy sampled 20 clients (out of 20)
2025-04-15 14:11:15 - INFO - aggregate_fit: received 20 results and 0 failures
2025-04-15 14:11:17 - INFO - fit progress: (14, 0.0292, {'local_loss': 0.0292, 'local_accuracy': 0.988, 'central_malicious_loss': 0.0353, 'central_malicious_accuracy': 0.9884}, 79.67891080000001)
2025-04-15 14:11:17 - INFO - configure_evaluate: strategy sampled 20 clients (out of 20)
2025-04-15 14:11:17 - INFO - aggregate_evaluate: received 20 results and 0 failures
2025-04-15 14:11:17 - INFO - 
2025-04-15 14:11:17 - INFO - [ROUND 15]
2025-04-15 14:11:17 - INFO - configure_fit: strategy sampled 20 clients (out of 20)
2025-04-15 14:11:21 - INFO - aggregate_fit: received 20 results and 0 failures
2025-04-15 14:11:22 - INFO - fit progress: (15, 0.0259, {'local_loss': 0.0259, 'local_accuracy': 0.988, 'central_malicious_loss': 0.0335, 'central_malicious_accuracy': 0.9885}, 85.096903)
2025-04-15 14:11:22 - INFO - configure_evaluate: strategy sampled 20 clients (out of 20)
2025-04-15 14:11:23 - INFO - aggregate_evaluate: received 20 results and 0 failures
2025-04-15 14:11:23 - INFO - 
2025-04-15 14:11:23 - INFO - [ROUND 16]
2025-04-15 14:11:23 - INFO - configure_fit: strategy sampled 20 clients (out of 20)
2025-04-15 14:11:26 - INFO - aggregate_fit: received 20 results and 0 failures
2025-04-15 14:11:28 - INFO - fit progress: (16, 0.0229, {'local_loss': 0.0229, 'local_accuracy': 0.994, 'central_malicious_loss': 0.0321, 'central_malicious_accuracy': 0.9892}, 90.46180570000001)
2025-04-15 14:11:28 - INFO - configure_evaluate: strategy sampled 20 clients (out of 20)
2025-04-15 14:11:28 - INFO - aggregate_evaluate: received 20 results and 0 failures
2025-04-15 14:11:28 - INFO - 
2025-04-15 14:11:28 - INFO - [ROUND 17]
2025-04-15 14:11:28 - INFO - configure_fit: strategy sampled 20 clients (out of 20)
2025-04-15 14:11:32 - INFO - aggregate_fit: received 20 results and 0 failures
2025-04-15 14:11:33 - INFO - fit progress: (17, 0.024, {'local_loss': 0.024, 'local_accuracy': 0.992, 'central_malicious_loss': 0.0312, 'central_malicious_accuracy': 0.9893}, 95.87825610000002)
2025-04-15 14:11:33 - INFO - configure_evaluate: strategy sampled 20 clients (out of 20)
2025-04-15 14:11:33 - INFO - aggregate_evaluate: received 20 results and 0 failures
2025-04-15 14:11:33 - INFO - 
2025-04-15 14:11:33 - INFO - [ROUND 18]
2025-04-15 14:11:33 - INFO - configure_fit: strategy sampled 20 clients (out of 20)
2025-04-15 14:11:37 - INFO - aggregate_fit: received 20 results and 0 failures
2025-04-15 14:11:38 - INFO - fit progress: (18, 0.0227, {'local_loss': 0.0227, 'local_accuracy': 0.992, 'central_malicious_loss': 0.0301, 'central_malicious_accuracy': 0.9893}, 101.24509070000002)
2025-04-15 14:11:38 - INFO - configure_evaluate: strategy sampled 20 clients (out of 20)
2025-04-15 14:11:39 - INFO - aggregate_evaluate: received 20 results and 0 failures
2025-04-15 14:11:39 - INFO - 
2025-04-15 14:11:39 - INFO - [ROUND 19]
2025-04-15 14:11:39 - INFO - configure_fit: strategy sampled 20 clients (out of 20)
2025-04-15 14:11:42 - INFO - aggregate_fit: received 20 results and 0 failures
2025-04-15 14:11:44 - INFO - fit progress: (19, 0.0189, {'local_loss': 0.0189, 'local_accuracy': 0.994, 'central_malicious_loss': 0.0292, 'central_malicious_accuracy': 0.9898}, 106.6137881)
2025-04-15 14:11:44 - INFO - configure_evaluate: strategy sampled 20 clients (out of 20)
2025-04-15 14:11:44 - INFO - aggregate_evaluate: received 20 results and 0 failures
2025-04-15 14:11:44 - INFO - 
2025-04-15 14:11:44 - INFO - [ROUND 20]
2025-04-15 14:11:44 - INFO - configure_fit: strategy sampled 20 clients (out of 20)
2025-04-15 14:11:48 - INFO - aggregate_fit: received 20 results and 0 failures
2025-04-15 14:11:49 - INFO - fit progress: (20, 0.0198, {'local_loss': 0.0198, 'local_accuracy': 0.996, 'central_malicious_loss': 0.0283, 'central_malicious_accuracy': 0.99}, 111.9873197)
2025-04-15 14:11:49 - INFO - configure_evaluate: strategy sampled 20 clients (out of 20)
2025-04-15 14:11:49 - INFO - aggregate_evaluate: received 20 results and 0 failures
2025-04-15 14:11:49 - INFO - 
2025-04-15 14:11:49 - INFO - [SUMMARY]
2025-04-15 14:11:49 - INFO - Run finished 20 round(s) in 112.39s
2025-04-15 14:11:49 - INFO - 	History (loss, distributed):
2025-04-15 14:11:49 - INFO - 		round 1: 0.9347
2025-04-15 14:11:49 - INFO - 		round 2: 0.959
2025-04-15 14:11:49 - INFO - 		round 3: 0.9688
2025-04-15 14:11:49 - INFO - 		round 4: 0.9746
2025-04-15 14:11:49 - INFO - 		round 5: 0.9776
2025-04-15 14:11:49 - INFO - 		round 6: 0.98
2025-04-15 14:11:49 - INFO - 		round 7: 0.9813
2025-04-15 14:11:49 - INFO - 		round 8: 0.9828
2025-04-15 14:11:49 - INFO - 		round 9: 0.9854
2025-04-15 14:11:49 - INFO - 		round 10: 0.9865
2025-04-15 14:11:49 - INFO - 		round 11: 0.9866
2025-04-15 14:11:49 - INFO - 		round 12: 0.9874
2025-04-15 14:11:49 - INFO - 		round 13: 0.9885
2025-04-15 14:11:49 - INFO - 		round 14: 0.9884
2025-04-15 14:11:49 - INFO - 		round 15: 0.9885
2025-04-15 14:11:49 - INFO - 		round 16: 0.9892
2025-04-15 14:11:49 - INFO - 		round 17: 0.9893
2025-04-15 14:11:49 - INFO - 		round 18: 0.9893
2025-04-15 14:11:49 - INFO - 		round 19: 0.9898
2025-04-15 14:11:49 - INFO - 		round 20: 0.99
2025-04-15 14:11:49 - INFO - 	History (loss, centralized):
2025-04-15 14:11:49 - INFO - 		round 0: 2.3054
2025-04-15 14:11:49 - INFO - 		round 1: 0.2552
2025-04-15 14:11:49 - INFO - 		round 2: 0.128
2025-04-15 14:11:49 - INFO - 		round 3: 0.089
2025-04-15 14:11:49 - INFO - 		round 4: 0.069
2025-04-15 14:11:49 - INFO - 		round 5: 0.0535
2025-04-15 14:11:49 - INFO - 		round 6: 0.0474
2025-04-15 14:11:49 - INFO - 		round 7: 0.046
2025-04-15 14:11:49 - INFO - 		round 8: 0.0369
2025-04-15 14:11:49 - INFO - 		round 9: 0.0321
2025-04-15 14:11:49 - INFO - 		round 10: 0.0328
2025-04-15 14:11:49 - INFO - 		round 11: 0.0285
2025-04-15 14:11:49 - INFO - 		round 12: 0.0265
2025-04-15 14:11:49 - INFO - 		round 13: 0.0258
2025-04-15 14:11:49 - INFO - 		round 14: 0.0292
2025-04-15 14:11:49 - INFO - 		round 15: 0.0259
2025-04-15 14:11:49 - INFO - 		round 16: 0.0229
2025-04-15 14:11:49 - INFO - 		round 17: 0.024
2025-04-15 14:11:49 - INFO - 		round 18: 0.0227
2025-04-15 14:11:49 - INFO - 		round 19: 0.0189
2025-04-15 14:11:49 - INFO - 		round 20: 0.0198
2025-04-15 14:11:49 - INFO - 	History (metrics, distributed, evaluate):
2025-04-15 14:11:49 - INFO - 	{'accuracy': [(1, 0.9347),
2025-04-15 14:11:49 - INFO - 	              (2, 0.959),
2025-04-15 14:11:49 - INFO - 	              (3, 0.9688),
2025-04-15 14:11:49 - INFO - 	              (4, 0.9746),
2025-04-15 14:11:49 - INFO - 	              (5, 0.9776),
2025-04-15 14:11:49 - INFO - 	              (6, 0.98),
2025-04-15 14:11:49 - INFO - 	              (7, 0.9813),
2025-04-15 14:11:49 - INFO - 	              (8, 0.9828),
2025-04-15 14:11:49 - INFO - 	              (9, 0.9854),
2025-04-15 14:11:49 - INFO - 	              (10, 0.9865),
2025-04-15 14:11:49 - INFO - 	              (11, 0.9866),
2025-04-15 14:11:49 - INFO - 	              (12, 0.9874),
2025-04-15 14:11:49 - INFO - 	              (13, 0.9885),
2025-04-15 14:11:49 - INFO - 	              (14, 0.9884),
2025-04-15 14:11:49 - INFO - 	              (15, 0.9885),
2025-04-15 14:11:49 - INFO - 	              (16, 0.9892),
2025-04-15 14:11:49 - INFO - 	              (17, 0.9893),
2025-04-15 14:11:49 - INFO - 	              (18, 0.9893),
2025-04-15 14:11:49 - INFO - 	              (19, 0.9898),
2025-04-15 14:11:49 - INFO - 	              (20, 0.99)],
2025-04-15 14:11:49 - INFO - 	 'clean_accuracy': [(1, 0.93125),
2025-04-15 14:11:49 - INFO - 	                    (2, 0.95525),
2025-04-15 14:11:49 - INFO - 	                    (3, 0.965375),
2025-04-15 14:11:49 - INFO - 	                    (4, 0.971375),
2025-04-15 14:11:49 - INFO - 	                    (5, 0.974625),
2025-04-15 14:11:49 - INFO - 	                    (6, 0.9775),
2025-04-15 14:11:49 - INFO - 	                    (7, 0.979),
2025-04-15 14:11:49 - INFO - 	                    (8, 0.980375),
2025-04-15 14:11:49 - INFO - 	                    (9, 0.983375),
2025-04-15 14:11:49 - INFO - 	                    (10, 0.985),
2025-04-15 14:11:49 - INFO - 	                    (11, 0.98475),
2025-04-15 14:11:49 - INFO - 	                    (12, 0.985875),
2025-04-15 14:11:49 - INFO - 	                    (13, 0.987),
2025-04-15 14:11:49 - INFO - 	                    (14, 0.98725),
2025-04-15 14:11:49 - INFO - 	                    (15, 0.987375),
2025-04-15 14:11:49 - INFO - 	                    (16, 0.987875),
2025-04-15 14:11:49 - INFO - 	                    (17, 0.988125),
2025-04-15 14:11:49 - INFO - 	                    (18, 0.988),
2025-04-15 14:11:49 - INFO - 	                    (19, 0.988625),
2025-04-15 14:11:49 - INFO - 	                    (20, 0.988375)],
2025-04-15 14:11:49 - INFO - 	 'malicious_accuracy': [(1, 0.9485),
2025-04-15 14:11:49 - INFO - 	                        (2, 0.974),
2025-04-15 14:11:49 - INFO - 	                        (3, 0.9825),
2025-04-15 14:11:49 - INFO - 	                        (4, 0.9875),
2025-04-15 14:11:49 - INFO - 	                        (5, 0.9895),
2025-04-15 14:11:49 - INFO - 	                        (6, 0.99),
2025-04-15 14:11:49 - INFO - 	                        (7, 0.9905),
2025-04-15 14:11:49 - INFO - 	                        (8, 0.9925),
2025-04-15 14:11:49 - INFO - 	                        (9, 0.9935),
2025-04-15 14:11:49 - INFO - 	                        (10, 0.9925),
2025-04-15 14:11:49 - INFO - 	                        (11, 0.994),
2025-04-15 14:11:49 - INFO - 	                        (12, 0.9935),
2025-04-15 14:11:49 - INFO - 	                        (13, 0.9945),
2025-04-15 14:11:49 - INFO - 	                        (14, 0.993),
2025-04-15 14:11:49 - INFO - 	                        (15, 0.993),
2025-04-15 14:11:49 - INFO - 	                        (16, 0.9945),
2025-04-15 14:11:49 - INFO - 	                        (17, 0.994),
2025-04-15 14:11:49 - INFO - 	                        (18, 0.9945),
2025-04-15 14:11:49 - INFO - 	                        (19, 0.9945),
2025-04-15 14:11:49 - INFO - 	                        (20, 0.9965)]}
2025-04-15 14:11:49 - INFO - 	History (metrics, centralized):
2025-04-15 14:11:49 - INFO - 	{'central_malicious_accuracy': [(0, 0.0775),
2025-04-15 14:11:49 - INFO - 	                                (1, 0.9347),
2025-04-15 14:11:49 - INFO - 	                                (2, 0.959),
2025-04-15 14:11:49 - INFO - 	                                (3, 0.9688),
2025-04-15 14:11:49 - INFO - 	                                (4, 0.9746),
2025-04-15 14:11:49 - INFO - 	                                (5, 0.9776),
2025-04-15 14:11:49 - INFO - 	                                (6, 0.98),
2025-04-15 14:11:49 - INFO - 	                                (7, 0.9813),
2025-04-15 14:11:49 - INFO - 	                                (8, 0.9828),
2025-04-15 14:11:49 - INFO - 	                                (9, 0.9854),
2025-04-15 14:11:49 - INFO - 	                                (10, 0.9865),
2025-04-15 14:11:49 - INFO - 	                                (11, 0.9866),
2025-04-15 14:11:49 - INFO - 	                                (12, 0.9874),
2025-04-15 14:11:49 - INFO - 	                                (13, 0.9885),
2025-04-15 14:11:49 - INFO - 	                                (14, 0.9884),
2025-04-15 14:11:49 - INFO - 	                                (15, 0.9885),
2025-04-15 14:11:49 - INFO - 	                                (16, 0.9892),
2025-04-15 14:11:49 - INFO - 	                                (17, 0.9893),
2025-04-15 14:11:49 - INFO - 	                                (18, 0.9893),
2025-04-15 14:11:49 - INFO - 	                                (19, 0.9898),
2025-04-15 14:11:49 - INFO - 	                                (20, 0.99)],
2025-04-15 14:11:49 - INFO - 	 'central_malicious_loss': [(0, 2.3131),
2025-04-15 14:11:49 - INFO - 	                            (1, 0.2452),
2025-04-15 14:11:49 - INFO - 	                            (2, 0.1313),
2025-04-15 14:11:49 - INFO - 	                            (3, 0.0958),
2025-04-15 14:11:49 - INFO - 	                            (4, 0.0776),
2025-04-15 14:11:49 - INFO - 	                            (5, 0.066),
2025-04-15 14:11:49 - INFO - 	                            (6, 0.0585),
2025-04-15 14:11:49 - INFO - 	                            (7, 0.0547),
2025-04-15 14:11:49 - INFO - 	                            (8, 0.0497),
2025-04-15 14:11:49 - INFO - 	                            (9, 0.0444),
2025-04-15 14:11:49 - INFO - 	                            (10, 0.0417),
2025-04-15 14:11:49 - INFO - 	                            (11, 0.0389),
2025-04-15 14:11:49 - INFO - 	                            (12, 0.0373),
2025-04-15 14:11:49 - INFO - 	                            (13, 0.0353),
2025-04-15 14:11:49 - INFO - 	                            (14, 0.0353),
2025-04-15 14:11:49 - INFO - 	                            (15, 0.0335),
2025-04-15 14:11:49 - INFO - 	                            (16, 0.0321),
2025-04-15 14:11:49 - INFO - 	                            (17, 0.0312),
2025-04-15 14:11:49 - INFO - 	                            (18, 0.0301),
2025-04-15 14:11:49 - INFO - 	                            (19, 0.0292),
2025-04-15 14:11:49 - INFO - 	                            (20, 0.0283)],
2025-04-15 14:11:49 - INFO - 	 'local_accuracy': [(0, 0.094),
2025-04-15 14:11:49 - INFO - 	                    (1, 0.934),
2025-04-15 14:11:49 - INFO - 	                    (2, 0.96),
2025-04-15 14:11:49 - INFO - 	                    (3, 0.964),
2025-04-15 14:11:49 - INFO - 	                    (4, 0.978),
2025-04-15 14:11:49 - INFO - 	                    (5, 0.98),
2025-04-15 14:11:49 - INFO - 	                    (6, 0.982),
2025-04-15 14:11:49 - INFO - 	                    (7, 0.982),
2025-04-15 14:11:49 - INFO - 	                    (8, 0.99),
2025-04-15 14:11:49 - INFO - 	                    (9, 0.994),
2025-04-15 14:11:49 - INFO - 	                    (10, 0.99),
2025-04-15 14:11:49 - INFO - 	                    (11, 0.994),
2025-04-15 14:11:49 - INFO - 	                    (12, 0.992),
2025-04-15 14:11:49 - INFO - 	                    (13, 0.994),
2025-04-15 14:11:49 - INFO - 	                    (14, 0.988),
2025-04-15 14:11:49 - INFO - 	                    (15, 0.988),
2025-04-15 14:11:49 - INFO - 	                    (16, 0.994),
2025-04-15 14:11:49 - INFO - 	                    (17, 0.992),
2025-04-15 14:11:49 - INFO - 	                    (18, 0.992),
2025-04-15 14:11:49 - INFO - 	                    (19, 0.994),
2025-04-15 14:11:49 - INFO - 	                    (20, 0.996)],
2025-04-15 14:11:49 - INFO - 	 'local_loss': [(0, 2.3054),
2025-04-15 14:11:49 - INFO - 	                (1, 0.2552),
2025-04-15 14:11:49 - INFO - 	                (2, 0.128),
2025-04-15 14:11:49 - INFO - 	                (3, 0.089),
2025-04-15 14:11:49 - INFO - 	                (4, 0.069),
2025-04-15 14:11:49 - INFO - 	                (5, 0.0535),
2025-04-15 14:11:49 - INFO - 	                (6, 0.0474),
2025-04-15 14:11:49 - INFO - 	                (7, 0.046),
2025-04-15 14:11:49 - INFO - 	                (8, 0.0369),
2025-04-15 14:11:49 - INFO - 	                (9, 0.0321),
2025-04-15 14:11:49 - INFO - 	                (10, 0.0328),
2025-04-15 14:11:49 - INFO - 	                (11, 0.0285),
2025-04-15 14:11:49 - INFO - 	                (12, 0.0265),
2025-04-15 14:11:49 - INFO - 	                (13, 0.0258),
2025-04-15 14:11:49 - INFO - 	                (14, 0.0292),
2025-04-15 14:11:49 - INFO - 	                (15, 0.0259),
2025-04-15 14:11:49 - INFO - 	                (16, 0.0229),
2025-04-15 14:11:49 - INFO - 	                (17, 0.024),
2025-04-15 14:11:49 - INFO - 	                (18, 0.0227),
2025-04-15 14:11:49 - INFO - 	                (19, 0.0189),
2025-04-15 14:11:49 - INFO - 	                (20, 0.0198)]}
2025-04-15 14:11:49 - INFO - 
2025-04-15 14:11:50 - INFO - Starting Federated Learning Simulation: dataset type: iid, dataset name: mnist, strategy: FedAvg(accept_failures=True), rounds: 20, clients: 20
2025-04-15 14:11:50 - WARNING - DEPRECATED FEATURE: flwr.simulation.start_simulation() is deprecated.
	Instead, use the `flwr run` CLI command to start a local simulation in your Flower app, as shown for example below:

		$ flwr new  # Create a new Flower app from a template

		$ flwr run  # Run the Flower app in Simulation Mode

	Using `start_simulation()` is deprecated.

            This is a deprecated feature. It will be removed
            entirely in future versions of Flower.
        
2025-04-15 14:11:50 - INFO - Starting Flower simulation, config: num_rounds=20, no round_timeout
2025-04-15 14:11:54 - INFO - Flower VCE: Ray initialized with resources: {'accelerator_type:G': 1.0, 'node:__internal_head__': 1.0, 'CPU': 24.0, 'object_store_memory': 6393794150.0, 'node:127.0.0.1': 1.0, 'memory': 12787588302.0, 'GPU': 1.0}
2025-04-15 14:11:54 - INFO - Optimize your simulation with Flower VCE: https://flower.ai/docs/framework/how-to-run-simulations.html
2025-04-15 14:11:54 - INFO - No `client_resources` specified. Using minimal resources for clients.
2025-04-15 14:11:54 - INFO - Flower VCE: Resources for each Virtual Client: {'num_cpus': 1, 'num_gpus': 0.0}
2025-04-15 14:11:54 - INFO - Flower VCE: Creating VirtualClientEngineActorPool with 24 actors
2025-04-15 14:11:54 - INFO - [INIT]
2025-04-15 14:11:54 - INFO - Requesting initial parameters from one random client
2025-04-15 14:11:57 - INFO - Received initial parameters from one random client
2025-04-15 14:11:57 - INFO - Starting evaluation of initial global parameters
2025-04-15 14:11:58 - INFO - initial parameters (loss, other metrics): 2.3111, {'local_loss': 2.3111, 'local_accuracy': 0.06, 'central_malicious_loss': 2.3104, 'central_malicious_accuracy': 0.0819}
2025-04-15 14:11:58 - INFO - 
2025-04-15 14:11:58 - INFO - [ROUND 1]
2025-04-15 14:11:58 - INFO - configure_fit: strategy sampled 20 clients (out of 20)
2025-04-15 14:12:05 - INFO - aggregate_fit: received 20 results and 0 failures
2025-04-15 14:12:05 - WARNING - No fit_metrics_aggregation_fn provided
2025-04-15 14:12:07 - INFO - fit progress: (1, 0.8645, {'local_loss': 0.8645, 'local_accuracy': 0.72, 'central_malicious_loss': 0.8551, 'central_malicious_accuracy': 0.7167}, 8.743173100000035)
2025-04-15 14:12:07 - INFO - configure_evaluate: strategy sampled 20 clients (out of 20)
2025-04-15 14:12:07 - INFO - aggregate_evaluate: received 20 results and 0 failures
2025-04-15 14:12:07 - INFO - 
2025-04-15 14:12:07 - INFO - [ROUND 2]
2025-04-15 14:12:07 - INFO - configure_fit: strategy sampled 20 clients (out of 20)
2025-04-15 14:12:11 - INFO - aggregate_fit: received 20 results and 0 failures
2025-04-15 14:12:12 - INFO - fit progress: (2, 0.4267, {'local_loss': 0.4267, 'local_accuracy': 0.862, 'central_malicious_loss': 0.4828, 'central_malicious_accuracy': 0.8354}, 14.149175600000035)
2025-04-15 14:12:12 - INFO - configure_evaluate: strategy sampled 20 clients (out of 20)
2025-04-15 14:12:12 - INFO - aggregate_evaluate: received 20 results and 0 failures
2025-04-15 14:12:12 - INFO - 
2025-04-15 14:12:12 - INFO - [ROUND 3]
2025-04-15 14:12:12 - INFO - configure_fit: strategy sampled 20 clients (out of 20)
2025-04-15 14:12:16 - INFO - aggregate_fit: received 20 results and 0 failures
2025-04-15 14:12:17 - INFO - fit progress: (3, 0.2357, {'local_loss': 0.2357, 'local_accuracy': 0.932, 'central_malicious_loss': 0.2074, 'central_malicious_accuracy': 0.9351}, 19.55421210000003)
2025-04-15 14:12:17 - INFO - configure_evaluate: strategy sampled 20 clients (out of 20)
2025-04-15 14:12:18 - INFO - aggregate_evaluate: received 20 results and 0 failures
2025-04-15 14:12:18 - INFO - 
2025-04-15 14:12:18 - INFO - [ROUND 4]
2025-04-15 14:12:18 - INFO - configure_fit: strategy sampled 20 clients (out of 20)
2025-04-15 14:12:22 - INFO - aggregate_fit: received 20 results and 0 failures
2025-04-15 14:12:23 - INFO - fit progress: (4, 0.1778, {'local_loss': 0.1778, 'local_accuracy': 0.948, 'central_malicious_loss': 0.2033, 'central_malicious_accuracy': 0.9358}, 24.925501800000006)
2025-04-15 14:12:23 - INFO - configure_evaluate: strategy sampled 20 clients (out of 20)
2025-04-15 14:12:23 - INFO - aggregate_evaluate: received 20 results and 0 failures
2025-04-15 14:12:23 - INFO - 
2025-04-15 14:12:23 - INFO - [ROUND 5]
2025-04-15 14:12:23 - INFO - configure_fit: strategy sampled 20 clients (out of 20)
2025-04-15 14:12:27 - INFO - aggregate_fit: received 20 results and 0 failures
2025-04-15 14:12:28 - INFO - fit progress: (5, 0.2338, {'local_loss': 0.2338, 'local_accuracy': 0.936, 'central_malicious_loss': 0.2237, 'central_malicious_accuracy': 0.9292}, 30.387116300000002)
2025-04-15 14:12:28 - INFO - configure_evaluate: strategy sampled 20 clients (out of 20)
2025-04-15 14:12:29 - INFO - aggregate_evaluate: received 20 results and 0 failures
2025-04-15 14:12:29 - INFO - 
2025-04-15 14:12:29 - INFO - [ROUND 6]
2025-04-15 14:12:29 - INFO - configure_fit: strategy sampled 20 clients (out of 20)
2025-04-15 14:12:32 - INFO - aggregate_fit: received 20 results and 0 failures
2025-04-15 14:12:34 - INFO - fit progress: (6, 0.1615, {'local_loss': 0.1615, 'local_accuracy': 0.95, 'central_malicious_loss': 0.1927, 'central_malicious_accuracy': 0.9382}, 35.732669300000055)
2025-04-15 14:12:34 - INFO - configure_evaluate: strategy sampled 20 clients (out of 20)
2025-04-15 14:12:34 - INFO - aggregate_evaluate: received 20 results and 0 failures
2025-04-15 14:12:34 - INFO - 
2025-04-15 14:12:34 - INFO - [ROUND 7]
2025-04-15 14:12:34 - INFO - configure_fit: strategy sampled 20 clients (out of 20)
2025-04-15 14:12:38 - INFO - aggregate_fit: received 20 results and 0 failures
2025-04-15 14:12:39 - INFO - fit progress: (7, 0.3122, {'local_loss': 0.3122, 'local_accuracy': 0.906, 'central_malicious_loss': 0.2352, 'central_malicious_accuracy': 0.9302}, 41.08746540000004)
2025-04-15 14:12:39 - INFO - configure_evaluate: strategy sampled 20 clients (out of 20)
2025-04-15 14:12:39 - INFO - aggregate_evaluate: received 20 results and 0 failures
2025-04-15 14:12:39 - INFO - 
2025-04-15 14:12:39 - INFO - [ROUND 8]
2025-04-15 14:12:39 - INFO - configure_fit: strategy sampled 20 clients (out of 20)
2025-04-15 14:12:43 - INFO - aggregate_fit: received 20 results and 0 failures
2025-04-15 14:12:44 - INFO - fit progress: (8, 0.2163, {'local_loss': 0.2163, 'local_accuracy': 0.934, 'central_malicious_loss': 0.1765, 'central_malicious_accuracy': 0.9474}, 46.43963000000002)
2025-04-15 14:12:44 - INFO - configure_evaluate: strategy sampled 20 clients (out of 20)
2025-04-15 14:12:45 - INFO - aggregate_evaluate: received 20 results and 0 failures
2025-04-15 14:12:45 - INFO - 
2025-04-15 14:12:45 - INFO - [ROUND 9]
2025-04-15 14:12:45 - INFO - configure_fit: strategy sampled 20 clients (out of 20)
2025-04-15 14:12:48 - INFO - aggregate_fit: received 20 results and 0 failures
2025-04-15 14:12:50 - INFO - fit progress: (9, 0.1583, {'local_loss': 0.1583, 'local_accuracy': 0.95, 'central_malicious_loss': 0.1708, 'central_malicious_accuracy': 0.9492}, 51.808321600000056)
2025-04-15 14:12:50 - INFO - configure_evaluate: strategy sampled 20 clients (out of 20)
2025-04-15 14:12:50 - INFO - aggregate_evaluate: received 20 results and 0 failures
2025-04-15 14:12:50 - INFO - 
2025-04-15 14:12:50 - INFO - [ROUND 10]
2025-04-15 14:12:50 - INFO - configure_fit: strategy sampled 20 clients (out of 20)
2025-04-15 14:12:54 - INFO - aggregate_fit: received 20 results and 0 failures
2025-04-15 14:12:55 - INFO - fit progress: (10, 0.1695, {'local_loss': 0.1695, 'local_accuracy': 0.942, 'central_malicious_loss': 0.179, 'central_malicious_accuracy': 0.9496}, 57.16671260000004)
2025-04-15 14:12:55 - INFO - configure_evaluate: strategy sampled 20 clients (out of 20)
2025-04-15 14:12:55 - INFO - aggregate_evaluate: received 20 results and 0 failures
2025-04-15 14:12:55 - INFO - 
2025-04-15 14:12:55 - INFO - [ROUND 11]
2025-04-15 14:12:55 - INFO - configure_fit: strategy sampled 20 clients (out of 20)
2025-04-15 14:12:59 - INFO - aggregate_fit: received 20 results and 0 failures
2025-04-15 14:13:00 - INFO - fit progress: (11, 0.2423, {'local_loss': 0.2423, 'local_accuracy': 0.926, 'central_malicious_loss': 0.2013, 'central_malicious_accuracy': 0.941}, 62.52129630000002)
2025-04-15 14:13:00 - INFO - configure_evaluate: strategy sampled 20 clients (out of 20)
2025-04-15 14:13:01 - INFO - aggregate_evaluate: received 20 results and 0 failures
2025-04-15 14:13:01 - INFO - 
2025-04-15 14:13:01 - INFO - [ROUND 12]
2025-04-15 14:13:01 - INFO - configure_fit: strategy sampled 20 clients (out of 20)
2025-04-15 14:13:05 - INFO - aggregate_fit: received 20 results and 0 failures
2025-04-15 14:13:06 - INFO - fit progress: (12, 0.1644, {'local_loss': 0.1644, 'local_accuracy': 0.956, 'central_malicious_loss': 0.1691, 'central_malicious_accuracy': 0.9547}, 67.86183400000004)
2025-04-15 14:13:06 - INFO - configure_evaluate: strategy sampled 20 clients (out of 20)
2025-04-15 14:13:06 - INFO - aggregate_evaluate: received 20 results and 0 failures
2025-04-15 14:13:06 - INFO - 
2025-04-15 14:13:06 - INFO - [ROUND 13]
2025-04-15 14:13:06 - INFO - configure_fit: strategy sampled 20 clients (out of 20)
2025-04-15 14:13:10 - INFO - aggregate_fit: received 20 results and 0 failures
2025-04-15 14:13:11 - INFO - fit progress: (13, 0.2074, {'local_loss': 0.2074, 'local_accuracy': 0.942, 'central_malicious_loss': 0.1591, 'central_malicious_accuracy': 0.9526}, 73.19600500000001)
2025-04-15 14:13:11 - INFO - configure_evaluate: strategy sampled 20 clients (out of 20)
2025-04-15 14:13:11 - INFO - aggregate_evaluate: received 20 results and 0 failures
2025-04-15 14:13:11 - INFO - 
2025-04-15 14:13:11 - INFO - [ROUND 14]
2025-04-15 14:13:11 - INFO - configure_fit: strategy sampled 20 clients (out of 20)
2025-04-15 14:13:15 - INFO - aggregate_fit: received 20 results and 0 failures
2025-04-15 14:13:16 - INFO - fit progress: (14, 0.1779, {'local_loss': 0.1779, 'local_accuracy': 0.948, 'central_malicious_loss': 0.1716, 'central_malicious_accuracy': 0.9541}, 78.54709960000002)
2025-04-15 14:13:16 - INFO - configure_evaluate: strategy sampled 20 clients (out of 20)
2025-04-15 14:13:17 - INFO - aggregate_evaluate: received 20 results and 0 failures
2025-04-15 14:13:17 - INFO - 
2025-04-15 14:13:17 - INFO - [ROUND 15]
2025-04-15 14:13:17 - INFO - configure_fit: strategy sampled 20 clients (out of 20)
2025-04-15 14:13:21 - INFO - aggregate_fit: received 20 results and 0 failures
2025-04-15 14:13:22 - INFO - fit progress: (15, 0.1839, {'local_loss': 0.1839, 'local_accuracy': 0.96, 'central_malicious_loss': 0.1791, 'central_malicious_accuracy': 0.9525}, 83.85593200000005)
2025-04-15 14:13:22 - INFO - configure_evaluate: strategy sampled 20 clients (out of 20)
2025-04-15 14:13:22 - INFO - aggregate_evaluate: received 20 results and 0 failures
2025-04-15 14:13:22 - INFO - 
2025-04-15 14:13:22 - INFO - [ROUND 16]
2025-04-15 14:13:22 - INFO - configure_fit: strategy sampled 20 clients (out of 20)
2025-04-15 14:13:26 - INFO - aggregate_fit: received 20 results and 0 failures
2025-04-15 14:13:27 - INFO - fit progress: (16, 0.233, {'local_loss': 0.233, 'local_accuracy': 0.952, 'central_malicious_loss': 0.1602, 'central_malicious_accuracy': 0.9569}, 89.25867410000001)
2025-04-15 14:13:27 - INFO - configure_evaluate: strategy sampled 20 clients (out of 20)
2025-04-15 14:13:28 - INFO - aggregate_evaluate: received 20 results and 0 failures
2025-04-15 14:13:28 - INFO - 
2025-04-15 14:13:28 - INFO - [ROUND 17]
2025-04-15 14:13:28 - INFO - configure_fit: strategy sampled 20 clients (out of 20)
2025-04-15 14:13:31 - INFO - aggregate_fit: received 20 results and 0 failures
2025-04-15 14:13:33 - INFO - fit progress: (17, 0.3098, {'local_loss': 0.3098, 'local_accuracy': 0.928, 'central_malicious_loss': 0.241, 'central_malicious_accuracy': 0.9352}, 94.6145553)
2025-04-15 14:13:33 - INFO - configure_evaluate: strategy sampled 20 clients (out of 20)
2025-04-15 14:13:33 - INFO - aggregate_evaluate: received 20 results and 0 failures
2025-04-15 14:13:33 - INFO - 
2025-04-15 14:13:33 - INFO - [ROUND 18]
2025-04-15 14:13:33 - INFO - configure_fit: strategy sampled 20 clients (out of 20)
2025-04-15 14:13:37 - INFO - aggregate_fit: received 20 results and 0 failures
2025-04-15 14:13:38 - INFO - fit progress: (18, 0.173, {'local_loss': 0.173, 'local_accuracy': 0.96, 'central_malicious_loss': 0.1646, 'central_malicious_accuracy': 0.9539}, 99.9740228)
2025-04-15 14:13:38 - INFO - configure_evaluate: strategy sampled 20 clients (out of 20)
2025-04-15 14:13:38 - INFO - aggregate_evaluate: received 20 results and 0 failures
2025-04-15 14:13:38 - INFO - 
2025-04-15 14:13:38 - INFO - [ROUND 19]
2025-04-15 14:13:38 - INFO - configure_fit: strategy sampled 20 clients (out of 20)
2025-04-15 14:13:42 - INFO - aggregate_fit: received 20 results and 0 failures
2025-04-15 14:13:43 - INFO - fit progress: (19, 0.1539, {'local_loss': 0.1539, 'local_accuracy': 0.95, 'central_malicious_loss': 0.159, 'central_malicious_accuracy': 0.9564}, 105.55326830000001)
2025-04-15 14:13:43 - INFO - configure_evaluate: strategy sampled 20 clients (out of 20)
2025-04-15 14:13:44 - INFO - aggregate_evaluate: received 20 results and 0 failures
2025-04-15 14:13:44 - INFO - 
2025-04-15 14:13:44 - INFO - [ROUND 20]
2025-04-15 14:13:44 - INFO - configure_fit: strategy sampled 20 clients (out of 20)
2025-04-15 14:13:48 - INFO - aggregate_fit: received 20 results and 0 failures
2025-04-15 14:13:49 - INFO - fit progress: (20, 0.2361, {'local_loss': 0.2361, 'local_accuracy': 0.94, 'central_malicious_loss': 0.1656, 'central_malicious_accuracy': 0.9573}, 110.86250890000002)
2025-04-15 14:13:49 - INFO - configure_evaluate: strategy sampled 20 clients (out of 20)
2025-04-15 14:13:49 - INFO - aggregate_evaluate: received 20 results and 0 failures
2025-04-15 14:13:49 - INFO - 
2025-04-15 14:13:49 - INFO - [SUMMARY]
2025-04-15 14:13:49 - INFO - Run finished 20 round(s) in 111.26s
2025-04-15 14:13:49 - INFO - 	History (loss, distributed):
2025-04-15 14:13:49 - INFO - 		round 1: 0.7167
2025-04-15 14:13:49 - INFO - 		round 2: 0.8354
2025-04-15 14:13:49 - INFO - 		round 3: 0.9351
2025-04-15 14:13:49 - INFO - 		round 4: 0.9358
2025-04-15 14:13:49 - INFO - 		round 5: 0.9292
2025-04-15 14:13:49 - INFO - 		round 6: 0.9382
2025-04-15 14:13:49 - INFO - 		round 7: 0.9302
2025-04-15 14:13:49 - INFO - 		round 8: 0.9474
2025-04-15 14:13:49 - INFO - 		round 9: 0.9492
2025-04-15 14:13:49 - INFO - 		round 10: 0.9496
2025-04-15 14:13:49 - INFO - 		round 11: 0.941
2025-04-15 14:13:49 - INFO - 		round 12: 0.9547
2025-04-15 14:13:49 - INFO - 		round 13: 0.9526
2025-04-15 14:13:49 - INFO - 		round 14: 0.9541
2025-04-15 14:13:49 - INFO - 		round 15: 0.9525
2025-04-15 14:13:49 - INFO - 		round 16: 0.9569
2025-04-15 14:13:49 - INFO - 		round 17: 0.9352
2025-04-15 14:13:49 - INFO - 		round 18: 0.9539
2025-04-15 14:13:49 - INFO - 		round 19: 0.9564
2025-04-15 14:13:49 - INFO - 		round 20: 0.9573
2025-04-15 14:13:49 - INFO - 	History (loss, centralized):
2025-04-15 14:13:49 - INFO - 		round 0: 2.3111
2025-04-15 14:13:49 - INFO - 		round 1: 0.8645
2025-04-15 14:13:49 - INFO - 		round 2: 0.4267
2025-04-15 14:13:49 - INFO - 		round 3: 0.2357
2025-04-15 14:13:49 - INFO - 		round 4: 0.1778
2025-04-15 14:13:49 - INFO - 		round 5: 0.2338
2025-04-15 14:13:49 - INFO - 		round 6: 0.1615
2025-04-15 14:13:49 - INFO - 		round 7: 0.3122
2025-04-15 14:13:49 - INFO - 		round 8: 0.2163
2025-04-15 14:13:49 - INFO - 		round 9: 0.1583
2025-04-15 14:13:49 - INFO - 		round 10: 0.1695
2025-04-15 14:13:49 - INFO - 		round 11: 0.2423
2025-04-15 14:13:49 - INFO - 		round 12: 0.1644
2025-04-15 14:13:49 - INFO - 		round 13: 0.2074
2025-04-15 14:13:49 - INFO - 		round 14: 0.1779
2025-04-15 14:13:49 - INFO - 		round 15: 0.1839
2025-04-15 14:13:49 - INFO - 		round 16: 0.233
2025-04-15 14:13:49 - INFO - 		round 17: 0.3098
2025-04-15 14:13:49 - INFO - 		round 18: 0.173
2025-04-15 14:13:49 - INFO - 		round 19: 0.1539
2025-04-15 14:13:49 - INFO - 		round 20: 0.2361
2025-04-15 14:13:49 - INFO - 	History (metrics, distributed, evaluate):
2025-04-15 14:13:49 - INFO - 	{'accuracy': [(1, 0.7167),
2025-04-15 14:13:49 - INFO - 	              (2, 0.8354),
2025-04-15 14:13:49 - INFO - 	              (3, 0.9351),
2025-04-15 14:13:49 - INFO - 	              (4, 0.9358),
2025-04-15 14:13:49 - INFO - 	              (5, 0.9292),
2025-04-15 14:13:49 - INFO - 	              (6, 0.9382),
2025-04-15 14:13:49 - INFO - 	              (7, 0.9302),
2025-04-15 14:13:49 - INFO - 	              (8, 0.9474),
2025-04-15 14:13:49 - INFO - 	              (9, 0.9492),
2025-04-15 14:13:49 - INFO - 	              (10, 0.9496),
2025-04-15 14:13:49 - INFO - 	              (11, 0.941),
2025-04-15 14:13:49 - INFO - 	              (12, 0.9547),
2025-04-15 14:13:49 - INFO - 	              (13, 0.9526),
2025-04-15 14:13:49 - INFO - 	              (14, 0.9541),
2025-04-15 14:13:49 - INFO - 	              (15, 0.9525),
2025-04-15 14:13:49 - INFO - 	              (16, 0.9569),
2025-04-15 14:13:49 - INFO - 	              (17, 0.9352),
2025-04-15 14:13:49 - INFO - 	              (18, 0.9539),
2025-04-15 14:13:49 - INFO - 	              (19, 0.9564),
2025-04-15 14:13:49 - INFO - 	              (20, 0.9573)],
2025-04-15 14:13:49 - INFO - 	 'clean_accuracy': [(1, 0.711375),
2025-04-15 14:13:49 - INFO - 	                    (2, 0.829875),
2025-04-15 14:13:49 - INFO - 	                    (3, 0.93225),
2025-04-15 14:13:49 - INFO - 	                    (4, 0.934125),
2025-04-15 14:13:49 - INFO - 	                    (5, 0.927375),
2025-04-15 14:13:49 - INFO - 	                    (6, 0.935625),
2025-04-15 14:13:49 - INFO - 	                    (7, 0.932125),
2025-04-15 14:13:49 - INFO - 	                    (8, 0.947875),
2025-04-15 14:13:49 - INFO - 	                    (9, 0.94625),
2025-04-15 14:13:49 - INFO - 	                    (10, 0.947125),
2025-04-15 14:13:49 - INFO - 	                    (11, 0.939875),
2025-04-15 14:13:49 - INFO - 	                    (12, 0.95275),
2025-04-15 14:13:49 - INFO - 	                    (13, 0.953375),
2025-04-15 14:13:49 - INFO - 	                    (14, 0.952125),
2025-04-15 14:13:49 - INFO - 	                    (15, 0.950875),
2025-04-15 14:13:49 - INFO - 	                    (16, 0.955625),
2025-04-15 14:13:49 - INFO - 	                    (17, 0.932875),
2025-04-15 14:13:49 - INFO - 	                    (18, 0.95225),
2025-04-15 14:13:49 - INFO - 	                    (19, 0.954375),
2025-04-15 14:13:49 - INFO - 	                    (20, 0.957125)],
2025-04-15 14:13:49 - INFO - 	 'malicious_accuracy': [(1, 0.738),
2025-04-15 14:13:49 - INFO - 	                        (2, 0.8575),
2025-04-15 14:13:49 - INFO - 	                        (3, 0.9465),
2025-04-15 14:13:49 - INFO - 	                        (4, 0.9425),
2025-04-15 14:13:49 - INFO - 	                        (5, 0.9365),
2025-04-15 14:13:49 - INFO - 	                        (6, 0.9485),
2025-04-15 14:13:49 - INFO - 	                        (7, 0.9225),
2025-04-15 14:13:49 - INFO - 	                        (8, 0.9455),
2025-04-15 14:13:49 - INFO - 	                        (9, 0.961),
2025-04-15 14:13:49 - INFO - 	                        (10, 0.9595),
2025-04-15 14:13:49 - INFO - 	                        (11, 0.9455),
2025-04-15 14:13:49 - INFO - 	                        (12, 0.9625),
2025-04-15 14:13:49 - INFO - 	                        (13, 0.9495),
2025-04-15 14:13:49 - INFO - 	                        (14, 0.962),
2025-04-15 14:13:49 - INFO - 	                        (15, 0.959),
2025-04-15 14:13:49 - INFO - 	                        (16, 0.962),
2025-04-15 14:13:49 - INFO - 	                        (17, 0.9445),
2025-04-15 14:13:49 - INFO - 	                        (18, 0.9605),
2025-04-15 14:13:49 - INFO - 	                        (19, 0.9645),
2025-04-15 14:13:49 - INFO - 	                        (20, 0.958)]}
2025-04-15 14:13:49 - INFO - 	History (metrics, centralized):
2025-04-15 14:13:49 - INFO - 	{'central_malicious_accuracy': [(0, 0.0819),
2025-04-15 14:13:49 - INFO - 	                                (1, 0.7167),
2025-04-15 14:13:49 - INFO - 	                                (2, 0.8354),
2025-04-15 14:13:49 - INFO - 	                                (3, 0.9351),
2025-04-15 14:13:49 - INFO - 	                                (4, 0.9358),
2025-04-15 14:13:49 - INFO - 	                                (5, 0.9292),
2025-04-15 14:13:49 - INFO - 	                                (6, 0.9382),
2025-04-15 14:13:49 - INFO - 	                                (7, 0.9302),
2025-04-15 14:13:49 - INFO - 	                                (8, 0.9474),
2025-04-15 14:13:49 - INFO - 	                                (9, 0.9492),
2025-04-15 14:13:49 - INFO - 	                                (10, 0.9496),
2025-04-15 14:13:49 - INFO - 	                                (11, 0.941),
2025-04-15 14:13:49 - INFO - 	                                (12, 0.9547),
2025-04-15 14:13:49 - INFO - 	                                (13, 0.9526),
2025-04-15 14:13:49 - INFO - 	                                (14, 0.9541),
2025-04-15 14:13:49 - INFO - 	                                (15, 0.9525),
2025-04-15 14:13:49 - INFO - 	                                (16, 0.9569),
2025-04-15 14:13:49 - INFO - 	                                (17, 0.9352),
2025-04-15 14:13:49 - INFO - 	                                (18, 0.9539),
2025-04-15 14:13:49 - INFO - 	                                (19, 0.9564),
2025-04-15 14:13:49 - INFO - 	                                (20, 0.9573)],
2025-04-15 14:13:49 - INFO - 	 'central_malicious_loss': [(0, 2.3104),
2025-04-15 14:13:49 - INFO - 	                            (1, 0.8551),
2025-04-15 14:13:49 - INFO - 	                            (2, 0.4828),
2025-04-15 14:13:49 - INFO - 	                            (3, 0.2074),
2025-04-15 14:13:49 - INFO - 	                            (4, 0.2033),
2025-04-15 14:13:49 - INFO - 	                            (5, 0.2237),
2025-04-15 14:13:49 - INFO - 	                            (6, 0.1927),
2025-04-15 14:13:49 - INFO - 	                            (7, 0.2352),
2025-04-15 14:13:49 - INFO - 	                            (8, 0.1765),
2025-04-15 14:13:49 - INFO - 	                            (9, 0.1708),
2025-04-15 14:13:49 - INFO - 	                            (10, 0.179),
2025-04-15 14:13:49 - INFO - 	                            (11, 0.2013),
2025-04-15 14:13:49 - INFO - 	                            (12, 0.1691),
2025-04-15 14:13:49 - INFO - 	                            (13, 0.1591),
2025-04-15 14:13:49 - INFO - 	                            (14, 0.1716),
2025-04-15 14:13:49 - INFO - 	                            (15, 0.1791),
2025-04-15 14:13:49 - INFO - 	                            (16, 0.1602),
2025-04-15 14:13:49 - INFO - 	                            (17, 0.241),
2025-04-15 14:13:49 - INFO - 	                            (18, 0.1646),
2025-04-15 14:13:49 - INFO - 	                            (19, 0.159),
2025-04-15 14:13:49 - INFO - 	                            (20, 0.1656)],
2025-04-15 14:13:49 - INFO - 	 'local_accuracy': [(0, 0.06),
2025-04-15 14:13:49 - INFO - 	                    (1, 0.72),
2025-04-15 14:13:49 - INFO - 	                    (2, 0.862),
2025-04-15 14:13:49 - INFO - 	                    (3, 0.932),
2025-04-15 14:13:49 - INFO - 	                    (4, 0.948),
2025-04-15 14:13:49 - INFO - 	                    (5, 0.936),
2025-04-15 14:13:49 - INFO - 	                    (6, 0.95),
2025-04-15 14:13:49 - INFO - 	                    (7, 0.906),
2025-04-15 14:13:49 - INFO - 	                    (8, 0.934),
2025-04-15 14:13:49 - INFO - 	                    (9, 0.95),
2025-04-15 14:13:49 - INFO - 	                    (10, 0.942),
2025-04-15 14:13:49 - INFO - 	                    (11, 0.926),
2025-04-15 14:13:49 - INFO - 	                    (12, 0.956),
2025-04-15 14:13:49 - INFO - 	                    (13, 0.942),
2025-04-15 14:13:49 - INFO - 	                    (14, 0.948),
2025-04-15 14:13:49 - INFO - 	                    (15, 0.96),
2025-04-15 14:13:49 - INFO - 	                    (16, 0.952),
2025-04-15 14:13:49 - INFO - 	                    (17, 0.928),
2025-04-15 14:13:49 - INFO - 	                    (18, 0.96),
2025-04-15 14:13:49 - INFO - 	                    (19, 0.95),
2025-04-15 14:13:49 - INFO - 	                    (20, 0.94)],
2025-04-15 14:13:49 - INFO - 	 'local_loss': [(0, 2.3111),
2025-04-15 14:13:49 - INFO - 	                (1, 0.8645),
2025-04-15 14:13:49 - INFO - 	                (2, 0.4267),
2025-04-15 14:13:49 - INFO - 	                (3, 0.2357),
2025-04-15 14:13:49 - INFO - 	                (4, 0.1778),
2025-04-15 14:13:49 - INFO - 	                (5, 0.2338),
2025-04-15 14:13:49 - INFO - 	                (6, 0.1615),
2025-04-15 14:13:49 - INFO - 	                (7, 0.3122),
2025-04-15 14:13:49 - INFO - 	                (8, 0.2163),
2025-04-15 14:13:49 - INFO - 	                (9, 0.1583),
2025-04-15 14:13:49 - INFO - 	                (10, 0.1695),
2025-04-15 14:13:49 - INFO - 	                (11, 0.2423),
2025-04-15 14:13:49 - INFO - 	                (12, 0.1644),
2025-04-15 14:13:49 - INFO - 	                (13, 0.2074),
2025-04-15 14:13:49 - INFO - 	                (14, 0.1779),
2025-04-15 14:13:49 - INFO - 	                (15, 0.1839),
2025-04-15 14:13:49 - INFO - 	                (16, 0.233),
2025-04-15 14:13:49 - INFO - 	                (17, 0.3098),
2025-04-15 14:13:49 - INFO - 	                (18, 0.173),
2025-04-15 14:13:49 - INFO - 	                (19, 0.1539),
2025-04-15 14:13:49 - INFO - 	                (20, 0.2361)]}
2025-04-15 14:13:49 - INFO - 
