2025-05-06 23:42:48 - INFO - Starting Federated Learning Simulation: dataset type: iid, dataset name: mnist, strategy: FedAvg(accept_failures=True), rounds: 50, clients: 20
2025-05-06 23:42:48 - WARNING - DEPRECATED FEATURE: flwr.simulation.start_simulation() is deprecated.
	Instead, use the `flwr run` CLI command to start a local simulation in your Flower app, as shown for example below:

		$ flwr new  # Create a new Flower app from a template

		$ flwr run  # Run the Flower app in Simulation Mode

	Using `start_simulation()` is deprecated.

            This is a deprecated feature. It will be removed
            entirely in future versions of Flower.
        
2025-05-06 23:42:48 - INFO - Starting Flower simulation, config: num_rounds=50, no round_timeout
2025-05-06 23:42:51 - INFO - Flower VCE: Ray initialized with resources: {'accelerator_type:G': 1.0, 'node:__internal_head__': 1.0, 'CPU': 24.0, 'memory': 11889283892.0, 'node:127.0.0.1': 1.0, 'object_store_memory': 5944641945.0, 'GPU': 1.0}
2025-05-06 23:42:51 - INFO - Optimize your simulation with Flower VCE: https://flower.ai/docs/framework/how-to-run-simulations.html
2025-05-06 23:42:51 - INFO - No `client_resources` specified. Using minimal resources for clients.
2025-05-06 23:42:51 - INFO - Flower VCE: Resources for each Virtual Client: {'num_cpus': 1, 'num_gpus': 0.0}
2025-05-06 23:42:51 - INFO - Flower VCE: Creating VirtualClientEngineActorPool with 24 actors
2025-05-06 23:42:51 - INFO - [INIT]
2025-05-06 23:42:51 - INFO - Requesting initial parameters from one random client
2025-05-06 23:42:55 - INFO - Received initial parameters from one random client
2025-05-06 23:42:55 - INFO - Starting evaluation of initial global parameters
2025-05-06 23:42:58 - INFO - initial parameters (loss, other metrics): 0.07382761383056641, {'central_global_loss': 0.07382761383056641, 'central_global_accuracy': 0.098, 'central_clean_loss': 0.07206743800640106, 'central_clean_accuracy': 0.1215, 'central_malicious_loss': 0.07206743800640106, 'central_malicious_accuracy': 0.1215}
2025-05-06 23:42:58 - INFO - 
2025-05-06 23:42:58 - INFO - [ROUND 1]
2025-05-06 23:42:58 - INFO - configure_fit: strategy sampled 20 clients (out of 20)
2025-05-06 23:43:06 - INFO - aggregate_fit: received 20 results and 0 failures
2025-05-06 23:43:06 - WARNING - No fit_metrics_aggregation_fn provided
2025-05-06 23:43:09 - INFO - fit progress: (1, 0.010037770807743072, {'central_global_loss': 0.010037770807743072, 'central_global_accuracy': 0.912, 'central_clean_loss': 0.00962303031757474, 'central_clean_accuracy': 0.916, 'central_malicious_loss': 0.00962303031757474, 'central_malicious_accuracy': 0.916}, 11.758272400000001)
2025-05-06 23:43:09 - INFO - configure_evaluate: strategy sampled 20 clients (out of 20)
2025-05-06 23:43:10 - INFO - aggregate_evaluate: received 20 results and 0 failures
2025-05-06 23:43:10 - INFO - 
2025-05-06 23:43:10 - INFO - [ROUND 2]
2025-05-06 23:43:10 - INFO - configure_fit: strategy sampled 20 clients (out of 20)
