2025-04-30 13:20:57 - INFO - Starting Federated Learning Simulation: dataset type: iid, dataset name: mnist, strategy: FedAvg(accept_failures=True), rounds: 50, clients: 20
2025-04-30 13:20:57 - WARNING - DEPRECATED FEATURE: flwr.simulation.start_simulation() is deprecated.
	Instead, use the `flwr run` CLI command to start a local simulation in your Flower app, as shown for example below:

		$ flwr new  # Create a new Flower app from a template

		$ flwr run  # Run the Flower app in Simulation Mode

	Using `start_simulation()` is deprecated.

            This is a deprecated feature. It will be removed
            entirely in future versions of Flower.
        
2025-04-30 13:20:57 - INFO - Starting Flower simulation, config: num_rounds=50, no round_timeout
2025-04-30 13:21:00 - INFO - Flower VCE: Ray initialized with resources: {'accelerator_type:G': 1.0, 'node:__internal_head__': 1.0, 'CPU': 24.0, 'object_store_memory': 6435883008.0, 'node:127.0.0.1': 1.0, 'memory': 12871766016.0, 'GPU': 1.0}
2025-04-30 13:21:00 - INFO - Optimize your simulation with Flower VCE: https://flower.ai/docs/framework/how-to-run-simulations.html
2025-04-30 13:21:00 - INFO - No `client_resources` specified. Using minimal resources for clients.
2025-04-30 13:21:00 - INFO - Flower VCE: Resources for each Virtual Client: {'num_cpus': 1, 'num_gpus': 0.0}
2025-04-30 13:21:00 - INFO - Flower VCE: Creating VirtualClientEngineActorPool with 24 actors
2025-04-30 13:21:00 - INFO - [INIT]
2025-04-30 13:21:00 - INFO - Requesting initial parameters from one random client
2025-04-30 13:21:03 - INFO - Received initial parameters from one random client
2025-04-30 13:21:03 - INFO - Starting evaluation of initial global parameters
2025-04-30 13:21:07 - INFO - initial parameters (loss, other metrics): 0.07382761383056641, {'central_global_loss': 0.07382761383056641, 'central_global_accuracy': 0.098, 'central_clean_loss': 0.07206743800640106, 'central_clean_accuracy': 0.1215, 'central_malicious_loss': 0.07206743800640106, 'central_malicious_accuracy': 0.1215}
2025-04-30 13:21:07 - INFO - 
2025-04-30 13:21:07 - INFO - [ROUND 1]
2025-04-30 13:21:07 - INFO - configure_fit: strategy sampled 20 clients (out of 20)
2025-04-30 13:21:29 - INFO - aggregate_fit: received 20 results and 0 failures
2025-04-30 13:21:29 - WARNING - No fit_metrics_aggregation_fn provided
2025-04-30 13:21:32 - INFO - fit progress: (1, 0.010746363282203674, {'central_global_loss': 0.010746363282203674, 'central_global_accuracy': 0.904, 'central_clean_loss': 0.010306079747155309, 'central_clean_accuracy': 0.9104, 'central_malicious_loss': 0.010306079747155309, 'central_malicious_accuracy': 0.9104}, 24.602374500000003)
2025-04-30 13:21:32 - INFO - configure_evaluate: strategy sampled 20 clients (out of 20)
2025-04-30 13:21:32 - INFO - aggregate_evaluate: received 20 results and 0 failures
2025-04-30 13:21:32 - INFO - 
2025-04-30 13:21:32 - INFO - [ROUND 2]
2025-04-30 13:21:32 - INFO - configure_fit: strategy sampled 20 clients (out of 20)
2025-04-30 13:21:50 - INFO - aggregate_fit: received 20 results and 0 failures
2025-04-30 13:21:53 - INFO - fit progress: (2, 0.004718474388122559, {'central_global_loss': 0.004718474388122559, 'central_global_accuracy': 0.954, 'central_clean_loss': 0.004539893951220438, 'central_clean_accuracy': 0.9553, 'central_malicious_loss': 0.004539893951220438, 'central_malicious_accuracy': 0.9553}, 45.7310983)
2025-04-30 13:21:53 - INFO - configure_evaluate: strategy sampled 20 clients (out of 20)
2025-04-30 13:21:53 - INFO - aggregate_evaluate: received 20 results and 0 failures
2025-04-30 13:21:53 - INFO - 
2025-04-30 13:21:53 - INFO - [ROUND 3]
2025-04-30 13:21:53 - INFO - configure_fit: strategy sampled 20 clients (out of 20)
2025-04-30 13:22:11 - INFO - aggregate_fit: received 20 results and 0 failures
2025-04-30 13:22:14 - INFO - fit progress: (3, 0.003226728320121765, {'central_global_loss': 0.003226728320121765, 'central_global_accuracy': 0.962, 'central_clean_loss': 0.003259462771564722, 'central_clean_accuracy': 0.9664, 'central_malicious_loss': 0.003259462771564722, 'central_malicious_accuracy': 0.9664}, 66.5324799)
2025-04-30 13:22:14 - INFO - configure_evaluate: strategy sampled 20 clients (out of 20)
2025-04-30 13:22:14 - INFO - aggregate_evaluate: received 20 results and 0 failures
2025-04-30 13:22:14 - INFO - 
2025-04-30 13:22:14 - INFO - [ROUND 4]
2025-04-30 13:22:14 - INFO - configure_fit: strategy sampled 20 clients (out of 20)
2025-04-30 13:22:32 - INFO - aggregate_fit: received 20 results and 0 failures
2025-04-30 13:22:35 - INFO - fit progress: (4, 0.0024021486416459085, {'central_global_loss': 0.0024021486416459085, 'central_global_accuracy': 0.978, 'central_clean_loss': 0.002600809386279434, 'central_clean_accuracy': 0.9732, 'central_malicious_loss': 0.002600809386279434, 'central_malicious_accuracy': 0.9732}, 87.4363335)
2025-04-30 13:22:35 - INFO - configure_evaluate: strategy sampled 20 clients (out of 20)
2025-04-30 13:22:35 - INFO - aggregate_evaluate: received 20 results and 0 failures
2025-04-30 13:22:35 - INFO - 
2025-04-30 13:22:35 - INFO - [ROUND 5]
2025-04-30 13:22:35 - INFO - configure_fit: strategy sampled 20 clients (out of 20)
2025-04-30 13:22:53 - INFO - aggregate_fit: received 20 results and 0 failures
2025-04-30 13:22:55 - INFO - fit progress: (5, 0.0018788203448057174, {'central_global_loss': 0.0018788203448057174, 'central_global_accuracy': 0.984, 'central_clean_loss': 0.0022060759551735826, 'central_clean_accuracy': 0.978, 'central_malicious_loss': 0.0022060759551735826, 'central_malicious_accuracy': 0.978}, 108.3045347)
2025-04-30 13:22:55 - INFO - configure_evaluate: strategy sampled 20 clients (out of 20)
2025-04-30 13:22:56 - INFO - aggregate_evaluate: received 20 results and 0 failures
2025-04-30 13:22:56 - INFO - 
2025-04-30 13:22:56 - INFO - [ROUND 6]
2025-04-30 13:22:56 - INFO - configure_fit: strategy sampled 20 clients (out of 20)
2025-04-30 13:23:13 - INFO - aggregate_fit: received 20 results and 0 failures
2025-04-30 13:23:16 - INFO - fit progress: (6, 0.001560301326215267, {'central_global_loss': 0.001560301326215267, 'central_global_accuracy': 0.99, 'central_clean_loss': 0.0019467619590461255, 'central_clean_accuracy': 0.9804, 'central_malicious_loss': 0.0019467619590461255, 'central_malicious_accuracy': 0.9804}, 129.1216753)
2025-04-30 13:23:16 - INFO - configure_evaluate: strategy sampled 20 clients (out of 20)
2025-04-30 13:23:17 - INFO - aggregate_evaluate: received 20 results and 0 failures
2025-04-30 13:23:17 - INFO - 
2025-04-30 13:23:17 - INFO - [ROUND 7]
2025-04-30 13:23:17 - INFO - configure_fit: strategy sampled 20 clients (out of 20)
2025-04-30 13:23:34 - INFO - aggregate_fit: received 20 results and 0 failures
2025-04-30 13:23:37 - INFO - fit progress: (7, 0.001360214689746499, {'central_global_loss': 0.001360214689746499, 'central_global_accuracy': 0.99, 'central_clean_loss': 0.0017474325726856478, 'central_clean_accuracy': 0.9822, 'central_malicious_loss': 0.0017474325726856478, 'central_malicious_accuracy': 0.9822}, 149.9989589)
2025-04-30 13:23:37 - INFO - configure_evaluate: strategy sampled 20 clients (out of 20)
2025-04-30 13:23:37 - INFO - aggregate_evaluate: received 20 results and 0 failures
2025-04-30 13:23:37 - INFO - 
2025-04-30 13:23:37 - INFO - [ROUND 8]
2025-04-30 13:23:37 - INFO - configure_fit: strategy sampled 20 clients (out of 20)
2025-04-30 13:23:56 - INFO - aggregate_fit: received 20 results and 0 failures
2025-04-30 13:24:00 - INFO - fit progress: (8, 0.00122684517968446, {'central_global_loss': 0.00122684517968446, 'central_global_accuracy': 0.992, 'central_clean_loss': 0.0015910839894233504, 'central_clean_accuracy': 0.9838, 'central_malicious_loss': 0.0015910839894233504, 'central_malicious_accuracy': 0.9838}, 172.4936905)
2025-04-30 13:24:00 - INFO - configure_evaluate: strategy sampled 20 clients (out of 20)
2025-04-30 13:24:00 - INFO - aggregate_evaluate: received 20 results and 0 failures
2025-04-30 13:24:00 - INFO - 
2025-04-30 13:24:00 - INFO - [ROUND 9]
2025-04-30 13:24:00 - INFO - configure_fit: strategy sampled 20 clients (out of 20)
2025-04-30 13:24:19 - INFO - aggregate_fit: received 20 results and 0 failures
2025-04-30 13:24:22 - INFO - fit progress: (9, 0.001140580205246806, {'central_global_loss': 0.001140580205246806, 'central_global_accuracy': 0.992, 'central_clean_loss': 0.001467679822492937, 'central_clean_accuracy': 0.9844, 'central_malicious_loss': 0.001467679822492937, 'central_malicious_accuracy': 0.9844}, 194.9590049)
2025-04-30 13:24:22 - INFO - configure_evaluate: strategy sampled 20 clients (out of 20)
2025-04-30 13:24:22 - INFO - aggregate_evaluate: received 20 results and 0 failures
2025-04-30 13:24:22 - INFO - 
2025-04-30 13:24:22 - INFO - [ROUND 10]
2025-04-30 13:24:22 - INFO - configure_fit: strategy sampled 20 clients (out of 20)
2025-04-30 13:24:40 - INFO - aggregate_fit: received 20 results and 0 failures
2025-04-30 13:24:43 - INFO - fit progress: (10, 0.0010576534494757652, {'central_global_loss': 0.0010576534494757652, 'central_global_accuracy': 0.992, 'central_clean_loss': 0.0013697965218962055, 'central_clean_accuracy': 0.9852, 'central_malicious_loss': 0.0013697965218962055, 'central_malicious_accuracy': 0.9852}, 215.91868)
2025-04-30 13:24:43 - INFO - configure_evaluate: strategy sampled 20 clients (out of 20)
2025-04-30 13:24:43 - INFO - aggregate_evaluate: received 20 results and 0 failures
2025-04-30 13:24:43 - INFO - 
2025-04-30 13:24:43 - INFO - [ROUND 11]
2025-04-30 13:24:43 - INFO - configure_fit: strategy sampled 20 clients (out of 20)
2025-04-30 13:25:01 - INFO - aggregate_fit: received 20 results and 0 failures
2025-04-30 13:25:04 - INFO - fit progress: (11, 0.0010027312859892845, {'central_global_loss': 0.0010027312859892845, 'central_global_accuracy': 0.992, 'central_clean_loss': 0.0012905250116134993, 'central_clean_accuracy': 0.986, 'central_malicious_loss': 0.0012905250116134993, 'central_malicious_accuracy': 0.986}, 236.6908154)
2025-04-30 13:25:04 - INFO - configure_evaluate: strategy sampled 20 clients (out of 20)
2025-04-30 13:25:04 - INFO - aggregate_evaluate: received 20 results and 0 failures
2025-04-30 13:25:04 - INFO - 
2025-04-30 13:25:04 - INFO - [ROUND 12]
2025-04-30 13:25:04 - INFO - configure_fit: strategy sampled 20 clients (out of 20)
2025-04-30 13:25:22 - INFO - aggregate_fit: received 20 results and 0 failures
2025-04-30 13:25:25 - INFO - fit progress: (12, 0.0009547030674293637, {'central_global_loss': 0.0009547030674293637, 'central_global_accuracy': 0.992, 'central_clean_loss': 0.0012267894161719596, 'central_clean_accuracy': 0.9863, 'central_malicious_loss': 0.0012267894161719596, 'central_malicious_accuracy': 0.9863}, 257.68390439999996)
2025-04-30 13:25:25 - INFO - configure_evaluate: strategy sampled 20 clients (out of 20)
2025-04-30 13:25:25 - INFO - aggregate_evaluate: received 20 results and 0 failures
2025-04-30 13:25:25 - INFO - 
2025-04-30 13:25:25 - INFO - [ROUND 13]
2025-04-30 13:25:25 - INFO - configure_fit: strategy sampled 20 clients (out of 20)
2025-04-30 13:25:43 - INFO - aggregate_fit: received 20 results and 0 failures
2025-04-30 13:25:46 - INFO - fit progress: (13, 0.0009256360665895045, {'central_global_loss': 0.0009256360665895045, 'central_global_accuracy': 0.992, 'central_clean_loss': 0.001171954943275341, 'central_clean_accuracy': 0.9867, 'central_malicious_loss': 0.001171954943275341, 'central_malicious_accuracy': 0.9867}, 278.4790517)
2025-04-30 13:25:46 - INFO - configure_evaluate: strategy sampled 20 clients (out of 20)
2025-04-30 13:25:46 - INFO - aggregate_evaluate: received 20 results and 0 failures
2025-04-30 13:25:46 - INFO - 
2025-04-30 13:25:46 - INFO - [ROUND 14]
2025-04-30 13:25:46 - INFO - configure_fit: strategy sampled 20 clients (out of 20)
2025-04-30 13:26:04 - INFO - aggregate_fit: received 20 results and 0 failures
2025-04-30 13:26:07 - INFO - fit progress: (14, 0.0008894056337885558, {'central_global_loss': 0.0008894056337885558, 'central_global_accuracy': 0.992, 'central_clean_loss': 0.001125473858751502, 'central_clean_accuracy': 0.9871, 'central_malicious_loss': 0.001125473858751502, 'central_malicious_accuracy': 0.9871}, 299.63537740000004)
2025-04-30 13:26:07 - INFO - configure_evaluate: strategy sampled 20 clients (out of 20)
2025-04-30 13:26:07 - INFO - aggregate_evaluate: received 20 results and 0 failures
2025-04-30 13:26:07 - INFO - 
2025-04-30 13:26:07 - INFO - [ROUND 15]
2025-04-30 13:26:07 - INFO - configure_fit: strategy sampled 20 clients (out of 20)
2025-04-30 13:26:24 - INFO - aggregate_fit: received 20 results and 0 failures
2025-04-30 13:26:27 - INFO - fit progress: (15, 0.0008603187031112612, {'central_global_loss': 0.0008603187031112612, 'central_global_accuracy': 0.992, 'central_clean_loss': 0.0010875362521506758, 'central_clean_accuracy': 0.9873, 'central_malicious_loss': 0.0010875362521506758, 'central_malicious_accuracy': 0.9873}, 320.1885353)
2025-04-30 13:26:27 - INFO - configure_evaluate: strategy sampled 20 clients (out of 20)
2025-04-30 13:26:28 - INFO - aggregate_evaluate: received 20 results and 0 failures
2025-04-30 13:26:28 - INFO - 
2025-04-30 13:26:28 - INFO - [ROUND 16]
2025-04-30 13:26:28 - INFO - configure_fit: strategy sampled 20 clients (out of 20)
2025-04-30 13:26:45 - INFO - aggregate_fit: received 20 results and 0 failures
2025-04-30 13:26:48 - INFO - fit progress: (16, 0.0008162300232797861, {'central_global_loss': 0.0008162300232797861, 'central_global_accuracy': 0.992, 'central_clean_loss': 0.001047862058163082, 'central_clean_accuracy': 0.9877, 'central_malicious_loss': 0.001047862058163082, 'central_malicious_accuracy': 0.9877}, 341.17773150000005)
2025-04-30 13:26:48 - INFO - configure_evaluate: strategy sampled 20 clients (out of 20)
2025-04-30 13:26:49 - INFO - aggregate_evaluate: received 20 results and 0 failures
2025-04-30 13:26:49 - INFO - 
2025-04-30 13:26:49 - INFO - [ROUND 17]
2025-04-30 13:26:49 - INFO - configure_fit: strategy sampled 20 clients (out of 20)
