2025-04-09 12:44:04 - INFO - Starting Federated Learning Simulation: dataset type: iid, dataset name: mnist, strategy: FedAvg(accept_failures=True), rounds: 20, clients: 20
2025-04-09 12:44:04 - WARNING - DEPRECATED FEATURE: flwr.simulation.start_simulation() is deprecated.
	Instead, use the `flwr run` CLI command to start a local simulation in your Flower app, as shown for example below:

		$ flwr new  # Create a new Flower app from a template

		$ flwr run  # Run the Flower app in Simulation Mode

	Using `start_simulation()` is deprecated.

            This is a deprecated feature. It will be removed
            entirely in future versions of Flower.
        
2025-04-09 12:44:04 - INFO - Starting Flower simulation, config: num_rounds=20, no round_timeout
2025-04-09 12:44:07 - INFO - Flower VCE: Ray initialized with resources: {'accelerator_type:G': 1.0, 'node:__internal_head__': 1.0, 'CPU': 24.0, 'memory': 12951802676.0, 'node:127.0.0.1': 1.0, 'object_store_memory': 6475901337.0, 'GPU': 1.0}
2025-04-09 12:44:07 - INFO - Optimize your simulation with Flower VCE: https://flower.ai/docs/framework/how-to-run-simulations.html
2025-04-09 12:44:07 - INFO - No `client_resources` specified. Using minimal resources for clients.
2025-04-09 12:44:07 - INFO - Flower VCE: Resources for each Virtual Client: {'num_cpus': 1, 'num_gpus': 0.0}
2025-04-09 12:44:07 - INFO - Flower VCE: Creating VirtualClientEngineActorPool with 24 actors
2025-04-09 12:44:07 - INFO - [INIT]
2025-04-09 12:44:07 - INFO - Requesting initial parameters from one random client
2025-04-09 12:44:10 - INFO - Received initial parameters from one random client
2025-04-09 12:44:10 - INFO - Starting evaluation of initial global parameters
2025-04-09 12:44:10 - INFO - Evaluation returned no results (`None`)
2025-04-09 12:44:10 - INFO - 
2025-04-09 12:44:10 - INFO - [ROUND 1]
2025-04-09 12:44:10 - INFO - configure_fit: strategy sampled 20 clients (out of 20)
2025-04-09 12:44:17 - INFO - aggregate_fit: received 20 results and 0 failures
2025-04-09 12:44:17 - WARNING - No fit_metrics_aggregation_fn provided
2025-04-09 12:44:17 - INFO - configure_evaluate: strategy sampled 20 clients (out of 20)
2025-04-09 12:44:18 - INFO - aggregate_evaluate: received 20 results and 0 failures
2025-04-09 12:44:18 - INFO - 
2025-04-09 12:44:18 - INFO - [ROUND 2]
2025-04-09 12:44:18 - INFO - configure_fit: strategy sampled 20 clients (out of 20)
2025-04-09 12:44:22 - INFO - aggregate_fit: received 20 results and 0 failures
2025-04-09 12:44:22 - INFO - configure_evaluate: strategy sampled 20 clients (out of 20)
2025-04-09 12:44:22 - INFO - aggregate_evaluate: received 20 results and 0 failures
2025-04-09 12:44:22 - INFO - 
2025-04-09 12:44:22 - INFO - [ROUND 3]
2025-04-09 12:44:22 - INFO - configure_fit: strategy sampled 20 clients (out of 20)
2025-04-09 12:44:26 - INFO - aggregate_fit: received 20 results and 0 failures
2025-04-09 12:44:26 - INFO - configure_evaluate: strategy sampled 20 clients (out of 20)
2025-04-09 12:44:26 - INFO - aggregate_evaluate: received 20 results and 0 failures
2025-04-09 12:44:26 - INFO - 
2025-04-09 12:44:26 - INFO - [ROUND 4]
2025-04-09 12:44:26 - INFO - configure_fit: strategy sampled 20 clients (out of 20)
2025-04-09 12:44:30 - INFO - aggregate_fit: received 20 results and 0 failures
2025-04-09 12:44:30 - INFO - configure_evaluate: strategy sampled 20 clients (out of 20)
2025-04-09 12:44:30 - INFO - aggregate_evaluate: received 20 results and 0 failures
2025-04-09 12:44:30 - INFO - 
2025-04-09 12:44:30 - INFO - [ROUND 5]
2025-04-09 12:44:30 - INFO - configure_fit: strategy sampled 20 clients (out of 20)
2025-04-09 12:44:34 - INFO - aggregate_fit: received 20 results and 0 failures
2025-04-09 12:44:34 - INFO - configure_evaluate: strategy sampled 20 clients (out of 20)
2025-04-09 12:44:35 - INFO - aggregate_evaluate: received 20 results and 0 failures
2025-04-09 12:44:35 - INFO - 
2025-04-09 12:44:35 - INFO - [ROUND 6]
2025-04-09 12:44:35 - INFO - configure_fit: strategy sampled 20 clients (out of 20)
2025-04-09 12:44:38 - INFO - aggregate_fit: received 20 results and 0 failures
2025-04-09 12:44:38 - INFO - configure_evaluate: strategy sampled 20 clients (out of 20)
2025-04-09 12:44:39 - INFO - aggregate_evaluate: received 20 results and 0 failures
2025-04-09 12:44:39 - INFO - 
2025-04-09 12:44:39 - INFO - [ROUND 7]
2025-04-09 12:44:39 - INFO - configure_fit: strategy sampled 20 clients (out of 20)
2025-04-09 12:44:43 - INFO - aggregate_fit: received 20 results and 0 failures
2025-04-09 12:44:43 - INFO - configure_evaluate: strategy sampled 20 clients (out of 20)
2025-04-09 12:44:43 - INFO - aggregate_evaluate: received 20 results and 0 failures
2025-04-09 12:44:43 - INFO - 
2025-04-09 12:44:43 - INFO - [ROUND 8]
2025-04-09 12:44:43 - INFO - configure_fit: strategy sampled 20 clients (out of 20)
2025-04-09 12:44:47 - INFO - aggregate_fit: received 20 results and 0 failures
2025-04-09 12:44:47 - INFO - configure_evaluate: strategy sampled 20 clients (out of 20)
2025-04-09 12:44:47 - INFO - aggregate_evaluate: received 20 results and 0 failures
2025-04-09 12:44:47 - INFO - 
2025-04-09 12:44:47 - INFO - [ROUND 9]
2025-04-09 12:44:47 - INFO - configure_fit: strategy sampled 20 clients (out of 20)
2025-04-09 12:44:51 - INFO - aggregate_fit: received 20 results and 0 failures
2025-04-09 12:44:51 - INFO - configure_evaluate: strategy sampled 20 clients (out of 20)
2025-04-09 12:44:51 - INFO - aggregate_evaluate: received 20 results and 0 failures
2025-04-09 12:44:51 - INFO - 
2025-04-09 12:44:51 - INFO - [ROUND 10]
2025-04-09 12:44:51 - INFO - configure_fit: strategy sampled 20 clients (out of 20)
2025-04-09 12:44:55 - INFO - aggregate_fit: received 20 results and 0 failures
2025-04-09 12:44:55 - INFO - configure_evaluate: strategy sampled 20 clients (out of 20)
2025-04-09 12:44:55 - INFO - aggregate_evaluate: received 20 results and 0 failures
2025-04-09 12:44:55 - INFO - 
2025-04-09 12:44:55 - INFO - [ROUND 11]
2025-04-09 12:44:55 - INFO - configure_fit: strategy sampled 20 clients (out of 20)
2025-04-09 12:44:59 - INFO - aggregate_fit: received 20 results and 0 failures
2025-04-09 12:44:59 - INFO - configure_evaluate: strategy sampled 20 clients (out of 20)
2025-04-09 12:44:59 - INFO - aggregate_evaluate: received 20 results and 0 failures
2025-04-09 12:44:59 - INFO - 
2025-04-09 12:44:59 - INFO - [ROUND 12]
2025-04-09 12:44:59 - INFO - configure_fit: strategy sampled 20 clients (out of 20)
2025-04-09 12:45:03 - INFO - aggregate_fit: received 20 results and 0 failures
2025-04-09 12:45:03 - INFO - configure_evaluate: strategy sampled 20 clients (out of 20)
2025-04-09 12:45:04 - INFO - aggregate_evaluate: received 20 results and 0 failures
2025-04-09 12:45:04 - INFO - 
2025-04-09 12:45:04 - INFO - [ROUND 13]
2025-04-09 12:45:04 - INFO - configure_fit: strategy sampled 20 clients (out of 20)
2025-04-09 12:45:07 - INFO - aggregate_fit: received 20 results and 0 failures
2025-04-09 12:45:07 - INFO - configure_evaluate: strategy sampled 20 clients (out of 20)
2025-04-09 12:45:08 - INFO - aggregate_evaluate: received 20 results and 0 failures
2025-04-09 12:45:08 - INFO - 
2025-04-09 12:45:08 - INFO - [ROUND 14]
2025-04-09 12:45:08 - INFO - configure_fit: strategy sampled 20 clients (out of 20)
2025-04-09 12:45:11 - INFO - aggregate_fit: received 20 results and 0 failures
2025-04-09 12:45:11 - INFO - configure_evaluate: strategy sampled 20 clients (out of 20)
2025-04-09 12:45:12 - INFO - aggregate_evaluate: received 20 results and 0 failures
2025-04-09 12:45:12 - INFO - 
2025-04-09 12:45:12 - INFO - [ROUND 15]
2025-04-09 12:45:12 - INFO - configure_fit: strategy sampled 20 clients (out of 20)
2025-04-09 12:45:15 - INFO - aggregate_fit: received 20 results and 0 failures
2025-04-09 12:45:15 - INFO - configure_evaluate: strategy sampled 20 clients (out of 20)
2025-04-09 12:45:16 - INFO - aggregate_evaluate: received 20 results and 0 failures
2025-04-09 12:45:16 - INFO - 
2025-04-09 12:45:16 - INFO - [ROUND 16]
2025-04-09 12:45:16 - INFO - configure_fit: strategy sampled 20 clients (out of 20)
2025-04-09 12:45:20 - INFO - aggregate_fit: received 20 results and 0 failures
2025-04-09 12:45:20 - INFO - configure_evaluate: strategy sampled 20 clients (out of 20)
2025-04-09 12:45:20 - INFO - aggregate_evaluate: received 20 results and 0 failures
2025-04-09 12:45:20 - INFO - 
2025-04-09 12:45:20 - INFO - [ROUND 17]
2025-04-09 12:45:20 - INFO - configure_fit: strategy sampled 20 clients (out of 20)
2025-04-09 12:45:24 - INFO - aggregate_fit: received 20 results and 0 failures
2025-04-09 12:45:24 - INFO - configure_evaluate: strategy sampled 20 clients (out of 20)
2025-04-09 12:45:24 - INFO - aggregate_evaluate: received 20 results and 0 failures
2025-04-09 12:45:24 - INFO - 
2025-04-09 12:45:24 - INFO - [ROUND 18]
2025-04-09 12:45:24 - INFO - configure_fit: strategy sampled 20 clients (out of 20)
2025-04-09 12:45:28 - INFO - aggregate_fit: received 20 results and 0 failures
2025-04-09 12:45:28 - INFO - configure_evaluate: strategy sampled 20 clients (out of 20)
2025-04-09 12:45:28 - INFO - aggregate_evaluate: received 20 results and 0 failures
2025-04-09 12:45:28 - INFO - 
2025-04-09 12:45:28 - INFO - [ROUND 19]
2025-04-09 12:45:28 - INFO - configure_fit: strategy sampled 20 clients (out of 20)
2025-04-09 12:45:32 - INFO - aggregate_fit: received 20 results and 0 failures
2025-04-09 12:45:32 - INFO - configure_evaluate: strategy sampled 20 clients (out of 20)
2025-04-09 12:45:32 - INFO - aggregate_evaluate: received 20 results and 0 failures
2025-04-09 12:45:32 - INFO - 
2025-04-09 12:45:32 - INFO - [ROUND 20]
2025-04-09 12:45:32 - INFO - configure_fit: strategy sampled 20 clients (out of 20)
2025-04-09 12:45:36 - INFO - aggregate_fit: received 20 results and 0 failures
2025-04-09 12:45:36 - INFO - configure_evaluate: strategy sampled 20 clients (out of 20)
2025-04-09 12:45:37 - INFO - aggregate_evaluate: received 20 results and 0 failures
2025-04-09 12:45:37 - INFO - 
2025-04-09 12:45:37 - INFO - [SUMMARY]
2025-04-09 12:45:37 - INFO - Run finished 20 round(s) in 86.64s
2025-04-09 12:45:37 - INFO - 	History (loss, distributed):
2025-04-09 12:45:37 - INFO - 		round 1: 0.9261
2025-04-09 12:45:37 - INFO - 		round 2: 0.9598
2025-04-09 12:45:37 - INFO - 		round 3: 0.9716
2025-04-09 12:45:37 - INFO - 		round 4: 0.9752
2025-04-09 12:45:37 - INFO - 		round 5: 0.9787
2025-04-09 12:45:37 - INFO - 		round 6: 0.982
2025-04-09 12:45:37 - INFO - 		round 7: 0.9838
2025-04-09 12:45:37 - INFO - 		round 8: 0.9847
2025-04-09 12:45:37 - INFO - 		round 9: 0.9865
2025-04-09 12:45:37 - INFO - 		round 10: 0.9863
2025-04-09 12:45:37 - INFO - 		round 11: 0.9871
2025-04-09 12:45:37 - INFO - 		round 12: 0.9874
2025-04-09 12:45:37 - INFO - 		round 13: 0.9882
2025-04-09 12:45:37 - INFO - 		round 14: 0.9885
2025-04-09 12:45:37 - INFO - 		round 15: 0.9886
2025-04-09 12:45:37 - INFO - 		round 16: 0.9892
2025-04-09 12:45:37 - INFO - 		round 17: 0.9894
2025-04-09 12:45:37 - INFO - 		round 18: 0.9897
2025-04-09 12:45:37 - INFO - 		round 19: 0.99
2025-04-09 12:45:37 - INFO - 		round 20: 0.9899
2025-04-09 12:45:37 - INFO - 	History (metrics, distributed, evaluate):
2025-04-09 12:45:37 - INFO - 	{'accuracy': [(1, 0.9261),
2025-04-09 12:45:37 - INFO - 	              (2, 0.9598),
2025-04-09 12:45:37 - INFO - 	              (3, 0.9716),
2025-04-09 12:45:37 - INFO - 	              (4, 0.9752),
2025-04-09 12:45:37 - INFO - 	              (5, 0.9787),
2025-04-09 12:45:37 - INFO - 	              (6, 0.982),
2025-04-09 12:45:37 - INFO - 	              (7, 0.9838),
2025-04-09 12:45:37 - INFO - 	              (8, 0.9847),
2025-04-09 12:45:37 - INFO - 	              (9, 0.9865),
2025-04-09 12:45:37 - INFO - 	              (10, 0.9863),
2025-04-09 12:45:37 - INFO - 	              (11, 0.9871),
2025-04-09 12:45:37 - INFO - 	              (12, 0.9874),
2025-04-09 12:45:37 - INFO - 	              (13, 0.9882),
2025-04-09 12:45:37 - INFO - 	              (14, 0.9885),
2025-04-09 12:45:37 - INFO - 	              (15, 0.9886),
2025-04-09 12:45:37 - INFO - 	              (16, 0.9892),
2025-04-09 12:45:37 - INFO - 	              (17, 0.9894),
2025-04-09 12:45:37 - INFO - 	              (18, 0.9897),
2025-04-09 12:45:37 - INFO - 	              (19, 0.99),
2025-04-09 12:45:37 - INFO - 	              (20, 0.9899)],
2025-04-09 12:45:37 - INFO - 	 'clean_accuracy': [(1, 0.92425),
2025-04-09 12:45:37 - INFO - 	                    (2, 0.9565),
2025-04-09 12:45:37 - INFO - 	                    (3, 0.96875),
2025-04-09 12:45:37 - INFO - 	                    (4, 0.97275),
2025-04-09 12:45:37 - INFO - 	                    (5, 0.976375),
2025-04-09 12:45:37 - INFO - 	                    (6, 0.98),
2025-04-09 12:45:37 - INFO - 	                    (7, 0.982125),
2025-04-09 12:45:37 - INFO - 	                    (8, 0.98325),
2025-04-09 12:45:37 - INFO - 	                    (9, 0.9845),
2025-04-09 12:45:37 - INFO - 	                    (10, 0.984625),
2025-04-09 12:45:37 - INFO - 	                    (11, 0.9855),
2025-04-09 12:45:37 - INFO - 	                    (12, 0.985625),
2025-04-09 12:45:37 - INFO - 	                    (13, 0.986625),
2025-04-09 12:45:37 - INFO - 	                    (14, 0.98675),
2025-04-09 12:45:37 - INFO - 	                    (15, 0.987),
2025-04-09 12:45:37 - INFO - 	                    (16, 0.9875),
2025-04-09 12:45:37 - INFO - 	                    (17, 0.987875),
2025-04-09 12:45:37 - INFO - 	                    (18, 0.988375),
2025-04-09 12:45:37 - INFO - 	                    (19, 0.9885),
2025-04-09 12:45:37 - INFO - 	                    (20, 0.9885)],
2025-04-09 12:45:37 - INFO - 	 'malicious_accuracy': [(1, 0.9335),
2025-04-09 12:45:37 - INFO - 	                        (2, 0.973),
2025-04-09 12:45:37 - INFO - 	                        (3, 0.983),
2025-04-09 12:45:37 - INFO - 	                        (4, 0.985),
2025-04-09 12:45:37 - INFO - 	                        (5, 0.988),
2025-04-09 12:45:37 - INFO - 	                        (6, 0.99),
2025-04-09 12:45:37 - INFO - 	                        (7, 0.9905),
2025-04-09 12:45:37 - INFO - 	                        (8, 0.9905),
2025-04-09 12:45:37 - INFO - 	                        (9, 0.9945),
2025-04-09 12:45:37 - INFO - 	                        (10, 0.993),
2025-04-09 12:45:37 - INFO - 	                        (11, 0.9935),
2025-04-09 12:45:37 - INFO - 	                        (12, 0.9945),
2025-04-09 12:45:37 - INFO - 	                        (13, 0.9945),
2025-04-09 12:45:37 - INFO - 	                        (14, 0.9955),
2025-04-09 12:45:37 - INFO - 	                        (15, 0.995),
2025-04-09 12:45:37 - INFO - 	                        (16, 0.996),
2025-04-09 12:45:37 - INFO - 	                        (17, 0.9955),
2025-04-09 12:45:37 - INFO - 	                        (18, 0.995),
2025-04-09 12:45:37 - INFO - 	                        (19, 0.996),
2025-04-09 12:45:37 - INFO - 	                        (20, 0.9955)]}
2025-04-09 12:45:37 - INFO - 
2025-04-09 12:45:38 - INFO - Starting Federated Learning Simulation: dataset type: iid, dataset name: mnist, strategy: FedAvg(accept_failures=True), rounds: 20, clients: 20
2025-04-09 12:45:38 - WARNING - DEPRECATED FEATURE: flwr.simulation.start_simulation() is deprecated.
	Instead, use the `flwr run` CLI command to start a local simulation in your Flower app, as shown for example below:

		$ flwr new  # Create a new Flower app from a template

		$ flwr run  # Run the Flower app in Simulation Mode

	Using `start_simulation()` is deprecated.

            This is a deprecated feature. It will be removed
            entirely in future versions of Flower.
        
2025-04-09 12:45:38 - INFO - Starting Flower simulation, config: num_rounds=20, no round_timeout
2025-04-09 12:45:41 - INFO - Flower VCE: Ray initialized with resources: {'accelerator_type:G': 1.0, 'node:__internal_head__': 1.0, 'CPU': 24.0, 'object_store_memory': 6427191705.0, 'node:127.0.0.1': 1.0, 'memory': 12854383412.0, 'GPU': 1.0}
2025-04-09 12:45:41 - INFO - Optimize your simulation with Flower VCE: https://flower.ai/docs/framework/how-to-run-simulations.html
2025-04-09 12:45:41 - INFO - No `client_resources` specified. Using minimal resources for clients.
2025-04-09 12:45:41 - INFO - Flower VCE: Resources for each Virtual Client: {'num_cpus': 1, 'num_gpus': 0.0}
2025-04-09 12:45:41 - INFO - Flower VCE: Creating VirtualClientEngineActorPool with 24 actors
2025-04-09 12:45:41 - INFO - [INIT]
2025-04-09 12:45:41 - INFO - Requesting initial parameters from one random client
2025-04-09 12:45:44 - INFO - Received initial parameters from one random client
2025-04-09 12:45:44 - INFO - Starting evaluation of initial global parameters
2025-04-09 12:45:44 - INFO - Evaluation returned no results (`None`)
2025-04-09 12:45:44 - INFO - 
2025-04-09 12:45:44 - INFO - [ROUND 1]
2025-04-09 12:45:44 - INFO - configure_fit: strategy sampled 20 clients (out of 20)
2025-04-09 12:45:52 - INFO - aggregate_fit: received 20 results and 0 failures
2025-04-09 12:45:52 - WARNING - No fit_metrics_aggregation_fn provided
2025-04-09 12:45:52 - INFO - configure_evaluate: strategy sampled 20 clients (out of 20)
2025-04-09 12:45:52 - INFO - aggregate_evaluate: received 20 results and 0 failures
2025-04-09 12:45:52 - INFO - 
2025-04-09 12:45:52 - INFO - [ROUND 2]
2025-04-09 12:45:52 - INFO - configure_fit: strategy sampled 20 clients (out of 20)
2025-04-09 12:45:56 - INFO - aggregate_fit: received 20 results and 0 failures
2025-04-09 12:45:56 - INFO - configure_evaluate: strategy sampled 20 clients (out of 20)
2025-04-09 12:45:56 - INFO - aggregate_evaluate: received 20 results and 0 failures
2025-04-09 12:45:56 - INFO - 
2025-04-09 12:45:56 - INFO - [ROUND 3]
2025-04-09 12:45:56 - INFO - configure_fit: strategy sampled 20 clients (out of 20)
2025-04-09 12:46:00 - INFO - aggregate_fit: received 20 results and 0 failures
2025-04-09 12:46:00 - INFO - configure_evaluate: strategy sampled 20 clients (out of 20)
2025-04-09 12:46:00 - INFO - aggregate_evaluate: received 20 results and 0 failures
2025-04-09 12:46:00 - INFO - 
2025-04-09 12:46:00 - INFO - [ROUND 4]
2025-04-09 12:46:00 - INFO - configure_fit: strategy sampled 20 clients (out of 20)
2025-04-09 12:46:04 - INFO - aggregate_fit: received 20 results and 0 failures
2025-04-09 12:46:04 - INFO - configure_evaluate: strategy sampled 20 clients (out of 20)
2025-04-09 12:46:05 - INFO - aggregate_evaluate: received 20 results and 0 failures
2025-04-09 12:46:05 - INFO - 
2025-04-09 12:46:05 - INFO - [ROUND 5]
2025-04-09 12:46:05 - INFO - configure_fit: strategy sampled 20 clients (out of 20)
2025-04-09 12:46:08 - INFO - aggregate_fit: received 20 results and 0 failures
2025-04-09 12:46:08 - INFO - configure_evaluate: strategy sampled 20 clients (out of 20)
2025-04-09 12:46:09 - INFO - aggregate_evaluate: received 20 results and 0 failures
2025-04-09 12:46:09 - INFO - 
2025-04-09 12:46:09 - INFO - [ROUND 6]
2025-04-09 12:46:09 - INFO - configure_fit: strategy sampled 20 clients (out of 20)
2025-04-09 12:46:12 - INFO - aggregate_fit: received 20 results and 0 failures
2025-04-09 12:46:12 - INFO - configure_evaluate: strategy sampled 20 clients (out of 20)
2025-04-09 12:46:13 - INFO - aggregate_evaluate: received 20 results and 0 failures
2025-04-09 12:46:13 - INFO - 
2025-04-09 12:46:13 - INFO - [ROUND 7]
2025-04-09 12:46:13 - INFO - configure_fit: strategy sampled 20 clients (out of 20)
2025-04-09 12:46:17 - INFO - aggregate_fit: received 20 results and 0 failures
2025-04-09 12:46:17 - INFO - configure_evaluate: strategy sampled 20 clients (out of 20)
2025-04-09 12:46:17 - INFO - aggregate_evaluate: received 20 results and 0 failures
2025-04-09 12:46:17 - INFO - 
2025-04-09 12:46:17 - INFO - [ROUND 8]
2025-04-09 12:46:17 - INFO - configure_fit: strategy sampled 20 clients (out of 20)
2025-04-09 12:46:21 - INFO - aggregate_fit: received 20 results and 0 failures
2025-04-09 12:46:21 - INFO - configure_evaluate: strategy sampled 20 clients (out of 20)
2025-04-09 12:46:21 - INFO - aggregate_evaluate: received 20 results and 0 failures
2025-04-09 12:46:21 - INFO - 
2025-04-09 12:46:21 - INFO - [ROUND 9]
2025-04-09 12:46:21 - INFO - configure_fit: strategy sampled 20 clients (out of 20)
2025-04-09 12:46:25 - INFO - aggregate_fit: received 20 results and 0 failures
2025-04-09 12:46:25 - INFO - configure_evaluate: strategy sampled 20 clients (out of 20)
2025-04-09 12:46:25 - INFO - aggregate_evaluate: received 20 results and 0 failures
2025-04-09 12:46:25 - INFO - 
2025-04-09 12:46:25 - INFO - [ROUND 10]
2025-04-09 12:46:25 - INFO - configure_fit: strategy sampled 20 clients (out of 20)
2025-04-09 12:46:29 - INFO - aggregate_fit: received 20 results and 0 failures
2025-04-09 12:46:29 - INFO - configure_evaluate: strategy sampled 20 clients (out of 20)
2025-04-09 12:46:29 - INFO - aggregate_evaluate: received 20 results and 0 failures
2025-04-09 12:46:29 - INFO - 
2025-04-09 12:46:29 - INFO - [ROUND 11]
2025-04-09 12:46:29 - INFO - configure_fit: strategy sampled 20 clients (out of 20)
2025-04-09 12:46:33 - INFO - aggregate_fit: received 20 results and 0 failures
2025-04-09 12:46:33 - INFO - configure_evaluate: strategy sampled 20 clients (out of 20)
2025-04-09 12:46:34 - INFO - aggregate_evaluate: received 20 results and 0 failures
2025-04-09 12:46:34 - INFO - 
2025-04-09 12:46:34 - INFO - [ROUND 12]
2025-04-09 12:46:34 - INFO - configure_fit: strategy sampled 20 clients (out of 20)
2025-04-09 12:46:37 - INFO - aggregate_fit: received 20 results and 0 failures
2025-04-09 12:46:37 - INFO - configure_evaluate: strategy sampled 20 clients (out of 20)
2025-04-09 12:46:38 - INFO - aggregate_evaluate: received 20 results and 0 failures
2025-04-09 12:46:38 - INFO - 
2025-04-09 12:46:38 - INFO - [ROUND 13]
2025-04-09 12:46:38 - INFO - configure_fit: strategy sampled 20 clients (out of 20)
2025-04-09 12:46:41 - INFO - aggregate_fit: received 20 results and 0 failures
2025-04-09 12:46:41 - INFO - configure_evaluate: strategy sampled 20 clients (out of 20)
2025-04-09 12:46:42 - INFO - aggregate_evaluate: received 20 results and 0 failures
2025-04-09 12:46:42 - INFO - 
2025-04-09 12:46:42 - INFO - [ROUND 14]
2025-04-09 12:46:42 - INFO - configure_fit: strategy sampled 20 clients (out of 20)
2025-04-09 12:46:46 - INFO - aggregate_fit: received 20 results and 0 failures
2025-04-09 12:46:46 - INFO - configure_evaluate: strategy sampled 20 clients (out of 20)
2025-04-09 12:46:46 - INFO - aggregate_evaluate: received 20 results and 0 failures
2025-04-09 12:46:46 - INFO - 
2025-04-09 12:46:46 - INFO - [ROUND 15]
2025-04-09 12:46:46 - INFO - configure_fit: strategy sampled 20 clients (out of 20)
2025-04-09 12:46:50 - INFO - aggregate_fit: received 20 results and 0 failures
2025-04-09 12:46:50 - INFO - configure_evaluate: strategy sampled 20 clients (out of 20)
2025-04-09 12:46:50 - INFO - aggregate_evaluate: received 20 results and 0 failures
2025-04-09 12:46:50 - INFO - 
2025-04-09 12:46:50 - INFO - [ROUND 16]
2025-04-09 12:46:50 - INFO - configure_fit: strategy sampled 20 clients (out of 20)
2025-04-09 12:46:54 - INFO - aggregate_fit: received 20 results and 0 failures
2025-04-09 12:46:54 - INFO - configure_evaluate: strategy sampled 20 clients (out of 20)
2025-04-09 12:46:55 - INFO - aggregate_evaluate: received 20 results and 0 failures
2025-04-09 12:46:55 - INFO - 
2025-04-09 12:46:55 - INFO - [ROUND 17]
2025-04-09 12:46:55 - INFO - configure_fit: strategy sampled 20 clients (out of 20)
2025-04-09 12:46:58 - INFO - aggregate_fit: received 20 results and 0 failures
2025-04-09 12:46:58 - INFO - configure_evaluate: strategy sampled 20 clients (out of 20)
2025-04-09 12:46:59 - INFO - aggregate_evaluate: received 20 results and 0 failures
2025-04-09 12:46:59 - INFO - 
2025-04-09 12:46:59 - INFO - [ROUND 18]
2025-04-09 12:46:59 - INFO - configure_fit: strategy sampled 20 clients (out of 20)
2025-04-09 12:47:02 - INFO - aggregate_fit: received 20 results and 0 failures
2025-04-09 12:47:02 - INFO - configure_evaluate: strategy sampled 20 clients (out of 20)
2025-04-09 12:47:03 - INFO - aggregate_evaluate: received 20 results and 0 failures
2025-04-09 12:47:03 - INFO - 
2025-04-09 12:47:03 - INFO - [ROUND 19]
2025-04-09 12:47:03 - INFO - configure_fit: strategy sampled 20 clients (out of 20)
2025-04-09 12:47:07 - INFO - aggregate_fit: received 20 results and 0 failures
2025-04-09 12:47:07 - INFO - configure_evaluate: strategy sampled 20 clients (out of 20)
2025-04-09 12:47:07 - INFO - aggregate_evaluate: received 20 results and 0 failures
2025-04-09 12:47:07 - INFO - 
2025-04-09 12:47:07 - INFO - [ROUND 20]
2025-04-09 12:47:07 - INFO - configure_fit: strategy sampled 20 clients (out of 20)
2025-04-09 12:47:11 - INFO - aggregate_fit: received 20 results and 0 failures
2025-04-09 12:47:11 - INFO - configure_evaluate: strategy sampled 20 clients (out of 20)
2025-04-09 12:47:11 - INFO - aggregate_evaluate: received 20 results and 0 failures
2025-04-09 12:47:11 - INFO - 
2025-04-09 12:47:11 - INFO - [SUMMARY]
2025-04-09 12:47:11 - INFO - Run finished 20 round(s) in 86.95s
2025-04-09 12:47:11 - INFO - 	History (loss, distributed):
2025-04-09 12:47:11 - INFO - 		round 1: 0.7391
2025-04-09 12:47:11 - INFO - 		round 2: 0.8628
2025-04-09 12:47:11 - INFO - 		round 3: 0.9044
2025-04-09 12:47:11 - INFO - 		round 4: 0.9313
2025-04-09 12:47:11 - INFO - 		round 5: 0.9299
2025-04-09 12:47:11 - INFO - 		round 6: 0.9417
2025-04-09 12:47:11 - INFO - 		round 7: 0.9361
2025-04-09 12:47:11 - INFO - 		round 8: 0.9493
2025-04-09 12:47:11 - INFO - 		round 9: 0.952
2025-04-09 12:47:11 - INFO - 		round 10: 0.9436
2025-04-09 12:47:11 - INFO - 		round 11: 0.9346
2025-04-09 12:47:11 - INFO - 		round 12: 0.9566
2025-04-09 12:47:11 - INFO - 		round 13: 0.9555
2025-04-09 12:47:11 - INFO - 		round 14: 0.9591
2025-04-09 12:47:11 - INFO - 		round 15: 0.9574
2025-04-09 12:47:11 - INFO - 		round 16: 0.9355
2025-04-09 12:47:11 - INFO - 		round 17: 0.9562
2025-04-09 12:47:11 - INFO - 		round 18: 0.9565
2025-04-09 12:47:11 - INFO - 		round 19: 0.9537
2025-04-09 12:47:11 - INFO - 		round 20: 0.9563
2025-04-09 12:47:11 - INFO - 	History (metrics, distributed, evaluate):
2025-04-09 12:47:11 - INFO - 	{'accuracy': [(1, 0.7391),
2025-04-09 12:47:11 - INFO - 	              (2, 0.8628),
2025-04-09 12:47:11 - INFO - 	              (3, 0.9044),
2025-04-09 12:47:11 - INFO - 	              (4, 0.9313),
2025-04-09 12:47:11 - INFO - 	              (5, 0.9299),
2025-04-09 12:47:11 - INFO - 	              (6, 0.9417),
2025-04-09 12:47:11 - INFO - 	              (7, 0.9361),
2025-04-09 12:47:11 - INFO - 	              (8, 0.9493),
2025-04-09 12:47:11 - INFO - 	              (9, 0.952),
2025-04-09 12:47:11 - INFO - 	              (10, 0.9436),
2025-04-09 12:47:11 - INFO - 	              (11, 0.9346),
2025-04-09 12:47:11 - INFO - 	              (12, 0.9566),
2025-04-09 12:47:11 - INFO - 	              (13, 0.9555),
2025-04-09 12:47:11 - INFO - 	              (14, 0.9591),
2025-04-09 12:47:11 - INFO - 	              (15, 0.9574),
2025-04-09 12:47:11 - INFO - 	              (16, 0.9355),
2025-04-09 12:47:11 - INFO - 	              (17, 0.9562),
2025-04-09 12:47:11 - INFO - 	              (18, 0.9565),
2025-04-09 12:47:11 - INFO - 	              (19, 0.9537),
2025-04-09 12:47:11 - INFO - 	              (20, 0.9563)],
2025-04-09 12:47:11 - INFO - 	 'clean_accuracy': [(1, 0.73425),
2025-04-09 12:47:11 - INFO - 	                    (2, 0.86),
2025-04-09 12:47:11 - INFO - 	                    (3, 0.902125),
2025-04-09 12:47:11 - INFO - 	                    (4, 0.927625),
2025-04-09 12:47:11 - INFO - 	                    (5, 0.927125),
2025-04-09 12:47:11 - INFO - 	                    (6, 0.936875),
2025-04-09 12:47:11 - INFO - 	                    (7, 0.93375),
2025-04-09 12:47:11 - INFO - 	                    (8, 0.9465),
2025-04-09 12:47:11 - INFO - 	                    (9, 0.94925),
2025-04-09 12:47:11 - INFO - 	                    (10, 0.941),
2025-04-09 12:47:11 - INFO - 	                    (11, 0.932),
2025-04-09 12:47:11 - INFO - 	                    (12, 0.954625),
2025-04-09 12:47:11 - INFO - 	                    (13, 0.952875),
2025-04-09 12:47:11 - INFO - 	                    (14, 0.9565),
2025-04-09 12:47:11 - INFO - 	                    (15, 0.955375),
2025-04-09 12:47:11 - INFO - 	                    (16, 0.934),
2025-04-09 12:47:11 - INFO - 	                    (17, 0.953625),
2025-04-09 12:47:11 - INFO - 	                    (18, 0.9555),
2025-04-09 12:47:11 - INFO - 	                    (19, 0.950875),
2025-04-09 12:47:11 - INFO - 	                    (20, 0.9555)],
2025-04-09 12:47:11 - INFO - 	 'malicious_accuracy': [(1, 0.7585),
2025-04-09 12:47:11 - INFO - 	                        (2, 0.874),
2025-04-09 12:47:11 - INFO - 	                        (3, 0.9135),
2025-04-09 12:47:11 - INFO - 	                        (4, 0.946),
2025-04-09 12:47:11 - INFO - 	                        (5, 0.941),
2025-04-09 12:47:11 - INFO - 	                        (6, 0.961),
2025-04-09 12:47:11 - INFO - 	                        (7, 0.9455),
2025-04-09 12:47:11 - INFO - 	                        (8, 0.9605),
2025-04-09 12:47:11 - INFO - 	                        (9, 0.963),
2025-04-09 12:47:11 - INFO - 	                        (10, 0.954),
2025-04-09 12:47:11 - INFO - 	                        (11, 0.945),
2025-04-09 12:47:11 - INFO - 	                        (12, 0.9645),
2025-04-09 12:47:11 - INFO - 	                        (13, 0.966),
2025-04-09 12:47:11 - INFO - 	                        (14, 0.9695),
2025-04-09 12:47:11 - INFO - 	                        (15, 0.9655),
2025-04-09 12:47:11 - INFO - 	                        (16, 0.9415),
2025-04-09 12:47:11 - INFO - 	                        (17, 0.9665),
2025-04-09 12:47:11 - INFO - 	                        (18, 0.9605),
2025-04-09 12:47:11 - INFO - 	                        (19, 0.965),
2025-04-09 12:47:11 - INFO - 	                        (20, 0.9595)]}
2025-04-09 12:47:11 - INFO - 
