2025-04-15 09:08:52 - INFO - Starting Federated Learning Simulation: dataset type: iid, dataset name: mnist, strategy: FedAvg(accept_failures=True), rounds: 20, clients: 20
2025-04-15 09:08:52 - WARNING - DEPRECATED FEATURE: flwr.simulation.start_simulation() is deprecated.
	Instead, use the `flwr run` CLI command to start a local simulation in your Flower app, as shown for example below:

		$ flwr new  # Create a new Flower app from a template

		$ flwr run  # Run the Flower app in Simulation Mode

	Using `start_simulation()` is deprecated.

            This is a deprecated feature. It will be removed
            entirely in future versions of Flower.
        
2025-04-15 09:08:52 - INFO - Starting Flower simulation, config: num_rounds=20, no round_timeout
2025-04-15 09:08:55 - INFO - Flower VCE: Ray initialized with resources: {'accelerator_type:G': 1.0, 'node:__internal_head__': 1.0, 'CPU': 24.0, 'object_store_memory': 6699083366.0, 'node:127.0.0.1': 1.0, 'memory': 13398166734.0, 'GPU': 1.0}
2025-04-15 09:08:55 - INFO - Optimize your simulation with Flower VCE: https://flower.ai/docs/framework/how-to-run-simulations.html
2025-04-15 09:08:55 - INFO - No `client_resources` specified. Using minimal resources for clients.
2025-04-15 09:08:55 - INFO - Flower VCE: Resources for each Virtual Client: {'num_cpus': 1, 'num_gpus': 0.0}
2025-04-15 09:08:55 - INFO - Flower VCE: Creating VirtualClientEngineActorPool with 24 actors
2025-04-15 09:08:55 - INFO - [INIT]
2025-04-15 09:08:55 - INFO - Requesting initial parameters from one random client
2025-04-15 09:08:58 - INFO - Received initial parameters from one random client
2025-04-15 09:08:58 - INFO - Starting evaluation of initial global parameters
2025-04-15 09:08:59 - INFO - initial parameters (loss, other metrics): 2.3002, {'central_accuracy': 0.142}
2025-04-15 09:08:59 - INFO - 
2025-04-15 09:08:59 - INFO - [ROUND 1]
2025-04-15 09:08:59 - INFO - configure_fit: strategy sampled 20 clients (out of 20)
2025-04-15 09:09:06 - INFO - aggregate_fit: received 20 results and 0 failures
2025-04-15 09:09:06 - WARNING - No fit_metrics_aggregation_fn provided
2025-04-15 09:09:06 - INFO - fit progress: (1, 0.2521, {'central_accuracy': 0.926}, 7.2997877)
2025-04-15 09:09:06 - INFO - configure_evaluate: strategy sampled 20 clients (out of 20)
2025-04-15 09:09:07 - INFO - aggregate_evaluate: received 20 results and 0 failures
2025-04-15 09:09:07 - INFO - 
2025-04-15 09:09:07 - INFO - [ROUND 2]
2025-04-15 09:09:07 - INFO - configure_fit: strategy sampled 20 clients (out of 20)
2025-04-15 09:09:10 - INFO - aggregate_fit: received 20 results and 0 failures
2025-04-15 09:09:10 - INFO - fit progress: (2, 0.1256, {'central_accuracy': 0.964}, 11.5615363)
2025-04-15 09:09:10 - INFO - configure_evaluate: strategy sampled 20 clients (out of 20)
2025-04-15 09:09:11 - INFO - aggregate_evaluate: received 20 results and 0 failures
2025-04-15 09:09:11 - INFO - 
2025-04-15 09:09:11 - INFO - [ROUND 3]
2025-04-15 09:09:11 - INFO - configure_fit: strategy sampled 20 clients (out of 20)
2025-04-15 09:09:15 - INFO - aggregate_fit: received 20 results and 0 failures
2025-04-15 09:09:15 - INFO - fit progress: (3, 0.0917, {'central_accuracy': 0.97}, 15.7799336)
2025-04-15 09:09:15 - INFO - configure_evaluate: strategy sampled 20 clients (out of 20)
2025-04-15 09:09:15 - INFO - aggregate_evaluate: received 20 results and 0 failures
2025-04-15 09:09:15 - INFO - 
2025-04-15 09:09:15 - INFO - [ROUND 4]
2025-04-15 09:09:15 - INFO - configure_fit: strategy sampled 20 clients (out of 20)
2025-04-15 09:09:19 - INFO - aggregate_fit: received 20 results and 0 failures
2025-04-15 09:09:19 - INFO - fit progress: (4, 0.0701, {'central_accuracy': 0.98}, 20.0136489)
2025-04-15 09:09:19 - INFO - configure_evaluate: strategy sampled 20 clients (out of 20)
2025-04-15 09:09:19 - INFO - aggregate_evaluate: received 20 results and 0 failures
2025-04-15 09:09:19 - INFO - 
2025-04-15 09:09:19 - INFO - [ROUND 5]
2025-04-15 09:09:19 - INFO - configure_fit: strategy sampled 20 clients (out of 20)
2025-04-15 09:09:23 - INFO - aggregate_fit: received 20 results and 0 failures
2025-04-15 09:09:23 - INFO - fit progress: (5, 0.0584, {'central_accuracy': 0.984}, 24.4411312)
2025-04-15 09:09:23 - INFO - configure_evaluate: strategy sampled 20 clients (out of 20)
2025-04-15 09:09:24 - INFO - aggregate_evaluate: received 20 results and 0 failures
2025-04-15 09:09:24 - INFO - 
2025-04-15 09:09:24 - INFO - [ROUND 6]
2025-04-15 09:09:24 - INFO - configure_fit: strategy sampled 20 clients (out of 20)
2025-04-15 09:09:27 - INFO - aggregate_fit: received 20 results and 0 failures
2025-04-15 09:09:28 - INFO - fit progress: (6, 0.0494, {'central_accuracy': 0.984}, 28.718037600000002)
2025-04-15 09:09:28 - INFO - configure_evaluate: strategy sampled 20 clients (out of 20)
2025-04-15 09:09:28 - INFO - aggregate_evaluate: received 20 results and 0 failures
2025-04-15 09:09:28 - INFO - 
2025-04-15 09:09:28 - INFO - [ROUND 7]
2025-04-15 09:09:28 - INFO - configure_fit: strategy sampled 20 clients (out of 20)
2025-04-15 09:09:32 - INFO - aggregate_fit: received 20 results and 0 failures
2025-04-15 09:09:32 - INFO - fit progress: (7, 0.0429, {'central_accuracy': 0.986}, 33.2156583)
2025-04-15 09:09:32 - INFO - configure_evaluate: strategy sampled 20 clients (out of 20)
2025-04-15 09:09:32 - INFO - aggregate_evaluate: received 20 results and 0 failures
2025-04-15 09:09:32 - INFO - 
2025-04-15 09:09:32 - INFO - [ROUND 8]
2025-04-15 09:09:32 - INFO - configure_fit: strategy sampled 20 clients (out of 20)
2025-04-15 09:09:36 - INFO - aggregate_fit: received 20 results and 0 failures
2025-04-15 09:09:36 - INFO - fit progress: (8, 0.0385, {'central_accuracy': 0.984}, 37.4926914)
2025-04-15 09:09:36 - INFO - configure_evaluate: strategy sampled 20 clients (out of 20)
2025-04-15 09:09:37 - INFO - aggregate_evaluate: received 20 results and 0 failures
2025-04-15 09:09:37 - INFO - 
2025-04-15 09:09:37 - INFO - [ROUND 9]
2025-04-15 09:09:37 - INFO - configure_fit: strategy sampled 20 clients (out of 20)
2025-04-15 09:09:40 - INFO - aggregate_fit: received 20 results and 0 failures
2025-04-15 09:09:41 - INFO - fit progress: (9, 0.0397, {'central_accuracy': 0.984}, 41.7404472)
2025-04-15 09:09:41 - INFO - configure_evaluate: strategy sampled 20 clients (out of 20)
2025-04-15 09:09:41 - INFO - aggregate_evaluate: received 20 results and 0 failures
2025-04-15 09:09:41 - INFO - 
2025-04-15 09:09:41 - INFO - [ROUND 10]
2025-04-15 09:09:41 - INFO - configure_fit: strategy sampled 20 clients (out of 20)
2025-04-15 09:09:45 - INFO - aggregate_fit: received 20 results and 0 failures
2025-04-15 09:09:45 - INFO - fit progress: (10, 0.0328, {'central_accuracy': 0.992}, 45.982329)
2025-04-15 09:09:45 - INFO - configure_evaluate: strategy sampled 20 clients (out of 20)
2025-04-15 09:09:45 - INFO - aggregate_evaluate: received 20 results and 0 failures
2025-04-15 09:09:45 - INFO - 
2025-04-15 09:09:45 - INFO - [ROUND 11]
2025-04-15 09:09:45 - INFO - configure_fit: strategy sampled 20 clients (out of 20)
2025-04-15 09:09:49 - INFO - aggregate_fit: received 20 results and 0 failures
2025-04-15 09:09:49 - INFO - fit progress: (11, 0.0344, {'central_accuracy': 0.984}, 50.215031599999996)
2025-04-15 09:09:49 - INFO - configure_evaluate: strategy sampled 20 clients (out of 20)
2025-04-15 09:09:49 - INFO - aggregate_evaluate: received 20 results and 0 failures
2025-04-15 09:09:49 - INFO - 
2025-04-15 09:09:49 - INFO - [ROUND 12]
2025-04-15 09:09:49 - INFO - configure_fit: strategy sampled 20 clients (out of 20)
2025-04-15 09:09:53 - INFO - aggregate_fit: received 20 results and 0 failures
2025-04-15 09:09:53 - INFO - fit progress: (12, 0.0324, {'central_accuracy': 0.988}, 54.4653307)
2025-04-15 09:09:53 - INFO - configure_evaluate: strategy sampled 20 clients (out of 20)
2025-04-15 09:09:54 - INFO - aggregate_evaluate: received 20 results and 0 failures
2025-04-15 09:09:54 - INFO - 
2025-04-15 09:09:54 - INFO - [ROUND 13]
2025-04-15 09:09:54 - INFO - configure_fit: strategy sampled 20 clients (out of 20)
2025-04-15 09:09:57 - INFO - aggregate_fit: received 20 results and 0 failures
2025-04-15 09:09:58 - INFO - fit progress: (13, 0.0314, {'central_accuracy': 0.986}, 58.760377)
2025-04-15 09:09:58 - INFO - configure_evaluate: strategy sampled 20 clients (out of 20)
2025-04-15 09:09:58 - INFO - aggregate_evaluate: received 20 results and 0 failures
2025-04-15 09:09:58 - INFO - 
2025-04-15 09:09:58 - INFO - [ROUND 14]
2025-04-15 09:09:58 - INFO - configure_fit: strategy sampled 20 clients (out of 20)
2025-04-15 09:10:02 - INFO - aggregate_fit: received 20 results and 0 failures
2025-04-15 09:10:02 - INFO - fit progress: (14, 0.0258, {'central_accuracy': 0.99}, 63.009649700000004)
2025-04-15 09:10:02 - INFO - configure_evaluate: strategy sampled 20 clients (out of 20)
2025-04-15 09:10:02 - INFO - aggregate_evaluate: received 20 results and 0 failures
2025-04-15 09:10:02 - INFO - 
2025-04-15 09:10:02 - INFO - [ROUND 15]
2025-04-15 09:10:02 - INFO - configure_fit: strategy sampled 20 clients (out of 20)
2025-04-15 09:10:06 - INFO - aggregate_fit: received 20 results and 0 failures
2025-04-15 09:10:06 - INFO - fit progress: (15, 0.0239, {'central_accuracy': 0.994}, 67.2708595)
2025-04-15 09:10:06 - INFO - configure_evaluate: strategy sampled 20 clients (out of 20)
2025-04-15 09:10:07 - INFO - aggregate_evaluate: received 20 results and 0 failures
2025-04-15 09:10:07 - INFO - 
2025-04-15 09:10:07 - INFO - [ROUND 16]
2025-04-15 09:10:07 - INFO - configure_fit: strategy sampled 20 clients (out of 20)
2025-04-15 09:10:11 - INFO - aggregate_fit: received 20 results and 0 failures
2025-04-15 09:10:11 - INFO - fit progress: (16, 0.0291, {'central_accuracy': 0.988}, 71.78616620000001)
2025-04-15 09:10:11 - INFO - configure_evaluate: strategy sampled 20 clients (out of 20)
2025-04-15 09:10:11 - INFO - aggregate_evaluate: received 20 results and 0 failures
2025-04-15 09:10:11 - INFO - 
2025-04-15 09:10:11 - INFO - [ROUND 17]
2025-04-15 09:10:11 - INFO - configure_fit: strategy sampled 20 clients (out of 20)
2025-04-15 09:10:15 - INFO - aggregate_fit: received 20 results and 0 failures
2025-04-15 09:10:15 - INFO - fit progress: (17, 0.0272, {'central_accuracy': 0.99}, 76.10371420000001)
2025-04-15 09:10:15 - INFO - configure_evaluate: strategy sampled 20 clients (out of 20)
2025-04-15 09:10:15 - INFO - aggregate_evaluate: received 20 results and 0 failures
2025-04-15 09:10:15 - INFO - 
2025-04-15 09:10:15 - INFO - [ROUND 18]
2025-04-15 09:10:15 - INFO - configure_fit: strategy sampled 20 clients (out of 20)
2025-04-15 09:10:19 - INFO - aggregate_fit: received 20 results and 0 failures
2025-04-15 09:10:19 - INFO - fit progress: (18, 0.0221, {'central_accuracy': 0.992}, 80.35720300000001)
2025-04-15 09:10:19 - INFO - configure_evaluate: strategy sampled 20 clients (out of 20)
2025-04-15 09:10:20 - INFO - aggregate_evaluate: received 20 results and 0 failures
2025-04-15 09:10:20 - INFO - 
2025-04-15 09:10:20 - INFO - [ROUND 19]
2025-04-15 09:10:20 - INFO - configure_fit: strategy sampled 20 clients (out of 20)
2025-04-15 09:10:23 - INFO - aggregate_fit: received 20 results and 0 failures
2025-04-15 09:10:23 - INFO - fit progress: (19, 0.0213, {'central_accuracy': 0.994}, 84.59841750000001)
2025-04-15 09:10:23 - INFO - configure_evaluate: strategy sampled 20 clients (out of 20)
2025-04-15 09:10:24 - INFO - aggregate_evaluate: received 20 results and 0 failures
2025-04-15 09:10:24 - INFO - 
2025-04-15 09:10:24 - INFO - [ROUND 20]
2025-04-15 09:10:24 - INFO - configure_fit: strategy sampled 20 clients (out of 20)
2025-04-15 09:10:28 - INFO - aggregate_fit: received 20 results and 0 failures
2025-04-15 09:10:28 - INFO - fit progress: (20, 0.0208, {'central_accuracy': 0.994}, 88.8511199)
2025-04-15 09:10:28 - INFO - configure_evaluate: strategy sampled 20 clients (out of 20)
2025-04-15 09:10:28 - INFO - aggregate_evaluate: received 20 results and 0 failures
2025-04-15 09:10:28 - INFO - 
2025-04-15 09:10:28 - INFO - [SUMMARY]
2025-04-15 09:10:28 - INFO - Run finished 20 round(s) in 89.25s
2025-04-15 09:10:28 - INFO - 	History (loss, distributed):
2025-04-15 09:10:28 - INFO - 		round 1: 0.9313
2025-04-15 09:10:28 - INFO - 		round 2: 0.9581
2025-04-15 09:10:28 - INFO - 		round 3: 0.969
2025-04-15 09:10:28 - INFO - 		round 4: 0.9752
2025-04-15 09:10:28 - INFO - 		round 5: 0.978
2025-04-15 09:10:28 - INFO - 		round 6: 0.9813
2025-04-15 09:10:28 - INFO - 		round 7: 0.983
2025-04-15 09:10:28 - INFO - 		round 8: 0.9842
2025-04-15 09:10:28 - INFO - 		round 9: 0.9838
2025-04-15 09:10:28 - INFO - 		round 10: 0.9857
2025-04-15 09:10:28 - INFO - 		round 11: 0.9858
2025-04-15 09:10:28 - INFO - 		round 12: 0.987
2025-04-15 09:10:28 - INFO - 		round 13: 0.9875
2025-04-15 09:10:28 - INFO - 		round 14: 0.988
2025-04-15 09:10:28 - INFO - 		round 15: 0.9885
2025-04-15 09:10:28 - INFO - 		round 16: 0.9883
2025-04-15 09:10:28 - INFO - 		round 17: 0.9883
2025-04-15 09:10:28 - INFO - 		round 18: 0.9897
2025-04-15 09:10:28 - INFO - 		round 19: 0.9902
2025-04-15 09:10:28 - INFO - 		round 20: 0.9902
2025-04-15 09:10:28 - INFO - 	History (loss, centralized):
2025-04-15 09:10:28 - INFO - 		round 0: 2.3002
2025-04-15 09:10:28 - INFO - 		round 1: 0.2521
2025-04-15 09:10:28 - INFO - 		round 2: 0.1256
2025-04-15 09:10:28 - INFO - 		round 3: 0.0917
2025-04-15 09:10:28 - INFO - 		round 4: 0.0701
2025-04-15 09:10:28 - INFO - 		round 5: 0.0584
2025-04-15 09:10:28 - INFO - 		round 6: 0.0494
2025-04-15 09:10:28 - INFO - 		round 7: 0.0429
2025-04-15 09:10:28 - INFO - 		round 8: 0.0385
2025-04-15 09:10:28 - INFO - 		round 9: 0.0397
2025-04-15 09:10:28 - INFO - 		round 10: 0.0328
2025-04-15 09:10:28 - INFO - 		round 11: 0.0344
2025-04-15 09:10:28 - INFO - 		round 12: 0.0324
2025-04-15 09:10:28 - INFO - 		round 13: 0.0314
2025-04-15 09:10:28 - INFO - 		round 14: 0.0258
2025-04-15 09:10:28 - INFO - 		round 15: 0.0239
2025-04-15 09:10:28 - INFO - 		round 16: 0.0291
2025-04-15 09:10:28 - INFO - 		round 17: 0.0272
2025-04-15 09:10:28 - INFO - 		round 18: 0.0221
2025-04-15 09:10:28 - INFO - 		round 19: 0.0213
2025-04-15 09:10:28 - INFO - 		round 20: 0.0208
2025-04-15 09:10:28 - INFO - 	History (metrics, distributed, evaluate):
2025-04-15 09:10:28 - INFO - 	{'accuracy': [(1, 0.9313),
2025-04-15 09:10:28 - INFO - 	              (2, 0.9581),
2025-04-15 09:10:28 - INFO - 	              (3, 0.969),
2025-04-15 09:10:28 - INFO - 	              (4, 0.9752),
2025-04-15 09:10:28 - INFO - 	              (5, 0.978),
2025-04-15 09:10:28 - INFO - 	              (6, 0.9813),
2025-04-15 09:10:28 - INFO - 	              (7, 0.983),
2025-04-15 09:10:28 - INFO - 	              (8, 0.9842),
2025-04-15 09:10:28 - INFO - 	              (9, 0.9838),
2025-04-15 09:10:28 - INFO - 	              (10, 0.9857),
2025-04-15 09:10:28 - INFO - 	              (11, 0.9858),
2025-04-15 09:10:28 - INFO - 	              (12, 0.987),
2025-04-15 09:10:28 - INFO - 	              (13, 0.9875),
2025-04-15 09:10:28 - INFO - 	              (14, 0.988),
2025-04-15 09:10:28 - INFO - 	              (15, 0.9885),
2025-04-15 09:10:28 - INFO - 	              (16, 0.9883),
2025-04-15 09:10:28 - INFO - 	              (17, 0.9883),
2025-04-15 09:10:28 - INFO - 	              (18, 0.9897),
2025-04-15 09:10:28 - INFO - 	              (19, 0.9902),
2025-04-15 09:10:28 - INFO - 	              (20, 0.9902)],
2025-04-15 09:10:28 - INFO - 	 'clean_accuracy': [(1, 0.9313),
2025-04-15 09:10:28 - INFO - 	                    (2, 0.9581),
2025-04-15 09:10:28 - INFO - 	                    (3, 0.969),
2025-04-15 09:10:28 - INFO - 	                    (4, 0.9752),
2025-04-15 09:10:28 - INFO - 	                    (5, 0.978),
2025-04-15 09:10:28 - INFO - 	                    (6, 0.9813),
2025-04-15 09:10:28 - INFO - 	                    (7, 0.983),
2025-04-15 09:10:28 - INFO - 	                    (8, 0.9842),
2025-04-15 09:10:28 - INFO - 	                    (9, 0.9838),
2025-04-15 09:10:28 - INFO - 	                    (10, 0.9857),
2025-04-15 09:10:28 - INFO - 	                    (11, 0.9858),
2025-04-15 09:10:28 - INFO - 	                    (12, 0.987),
2025-04-15 09:10:28 - INFO - 	                    (13, 0.9875),
2025-04-15 09:10:28 - INFO - 	                    (14, 0.988),
2025-04-15 09:10:28 - INFO - 	                    (15, 0.9885),
2025-04-15 09:10:28 - INFO - 	                    (16, 0.9883),
2025-04-15 09:10:28 - INFO - 	                    (17, 0.9883),
2025-04-15 09:10:28 - INFO - 	                    (18, 0.9897),
2025-04-15 09:10:28 - INFO - 	                    (19, 0.9902),
2025-04-15 09:10:28 - INFO - 	                    (20, 0.9902)],
2025-04-15 09:10:28 - INFO - 	 'malicious_accuracy': [(1, 0.0),
2025-04-15 09:10:28 - INFO - 	                        (2, 0.0),
2025-04-15 09:10:28 - INFO - 	                        (3, 0.0),
2025-04-15 09:10:28 - INFO - 	                        (4, 0.0),
2025-04-15 09:10:28 - INFO - 	                        (5, 0.0),
2025-04-15 09:10:28 - INFO - 	                        (6, 0.0),
2025-04-15 09:10:28 - INFO - 	                        (7, 0.0),
2025-04-15 09:10:28 - INFO - 	                        (8, 0.0),
2025-04-15 09:10:28 - INFO - 	                        (9, 0.0),
2025-04-15 09:10:28 - INFO - 	                        (10, 0.0),
2025-04-15 09:10:28 - INFO - 	                        (11, 0.0),
2025-04-15 09:10:28 - INFO - 	                        (12, 0.0),
2025-04-15 09:10:28 - INFO - 	                        (13, 0.0),
2025-04-15 09:10:28 - INFO - 	                        (14, 0.0),
2025-04-15 09:10:28 - INFO - 	                        (15, 0.0),
2025-04-15 09:10:28 - INFO - 	                        (16, 0.0),
2025-04-15 09:10:28 - INFO - 	                        (17, 0.0),
2025-04-15 09:10:28 - INFO - 	                        (18, 0.0),
2025-04-15 09:10:28 - INFO - 	                        (19, 0.0),
2025-04-15 09:10:28 - INFO - 	                        (20, 0.0)]}
2025-04-15 09:10:28 - INFO - 	History (metrics, centralized):
2025-04-15 09:10:28 - INFO - 	{'central_accuracy': [(0, 0.142),
2025-04-15 09:10:28 - INFO - 	                      (1, 0.926),
2025-04-15 09:10:28 - INFO - 	                      (2, 0.964),
2025-04-15 09:10:28 - INFO - 	                      (3, 0.97),
2025-04-15 09:10:28 - INFO - 	                      (4, 0.98),
2025-04-15 09:10:28 - INFO - 	                      (5, 0.984),
2025-04-15 09:10:28 - INFO - 	                      (6, 0.984),
2025-04-15 09:10:28 - INFO - 	                      (7, 0.986),
2025-04-15 09:10:28 - INFO - 	                      (8, 0.984),
2025-04-15 09:10:28 - INFO - 	                      (9, 0.984),
2025-04-15 09:10:28 - INFO - 	                      (10, 0.992),
2025-04-15 09:10:28 - INFO - 	                      (11, 0.984),
2025-04-15 09:10:28 - INFO - 	                      (12, 0.988),
2025-04-15 09:10:28 - INFO - 	                      (13, 0.986),
2025-04-15 09:10:28 - INFO - 	                      (14, 0.99),
2025-04-15 09:10:28 - INFO - 	                      (15, 0.994),
2025-04-15 09:10:28 - INFO - 	                      (16, 0.988),
2025-04-15 09:10:28 - INFO - 	                      (17, 0.99),
2025-04-15 09:10:28 - INFO - 	                      (18, 0.992),
2025-04-15 09:10:28 - INFO - 	                      (19, 0.994),
2025-04-15 09:10:28 - INFO - 	                      (20, 0.994)]}
2025-04-15 09:10:28 - INFO - 
2025-04-15 09:10:29 - INFO - Starting Federated Learning Simulation: dataset type: iid, dataset name: mnist, strategy: FedAvg(accept_failures=True), rounds: 20, clients: 20
2025-04-15 09:10:29 - WARNING - DEPRECATED FEATURE: flwr.simulation.start_simulation() is deprecated.
	Instead, use the `flwr run` CLI command to start a local simulation in your Flower app, as shown for example below:

		$ flwr new  # Create a new Flower app from a template

		$ flwr run  # Run the Flower app in Simulation Mode

	Using `start_simulation()` is deprecated.

            This is a deprecated feature. It will be removed
            entirely in future versions of Flower.
        
2025-04-15 09:10:29 - INFO - Starting Flower simulation, config: num_rounds=20, no round_timeout
2025-04-15 09:10:32 - INFO - Flower VCE: Ray initialized with resources: {'accelerator_type:G': 1.0, 'node:__internal_head__': 1.0, 'CPU': 24.0, 'object_store_memory': 6651952742.0, 'node:127.0.0.1': 1.0, 'memory': 13303905486.0, 'GPU': 1.0}
2025-04-15 09:10:32 - INFO - Optimize your simulation with Flower VCE: https://flower.ai/docs/framework/how-to-run-simulations.html
2025-04-15 09:10:32 - INFO - No `client_resources` specified. Using minimal resources for clients.
2025-04-15 09:10:32 - INFO - Flower VCE: Resources for each Virtual Client: {'num_cpus': 1, 'num_gpus': 0.0}
2025-04-15 09:10:32 - INFO - Flower VCE: Creating VirtualClientEngineActorPool with 24 actors
2025-04-15 09:10:32 - INFO - [INIT]
2025-04-15 09:10:32 - INFO - Requesting initial parameters from one random client
2025-04-15 09:10:35 - INFO - Received initial parameters from one random client
2025-04-15 09:10:35 - INFO - Starting evaluation of initial global parameters
2025-04-15 09:10:35 - INFO - initial parameters (loss, other metrics): 2.3081, {'central_accuracy': 0.062}
2025-04-15 09:10:35 - INFO - 
2025-04-15 09:10:35 - INFO - [ROUND 1]
2025-04-15 09:10:35 - INFO - configure_fit: strategy sampled 20 clients (out of 20)
2025-04-15 09:10:43 - INFO - aggregate_fit: received 20 results and 0 failures
2025-04-15 09:10:43 - WARNING - No fit_metrics_aggregation_fn provided
2025-04-15 09:10:43 - INFO - fit progress: (1, 0.2713, {'central_accuracy': 0.92}, 7.476519600000003)
2025-04-15 09:10:43 - INFO - configure_evaluate: strategy sampled 20 clients (out of 20)
2025-04-15 09:10:43 - INFO - aggregate_evaluate: received 20 results and 0 failures
2025-04-15 09:10:43 - INFO - 
2025-04-15 09:10:43 - INFO - [ROUND 2]
2025-04-15 09:10:43 - INFO - configure_fit: strategy sampled 20 clients (out of 20)
2025-04-15 09:10:47 - INFO - aggregate_fit: received 20 results and 0 failures
2025-04-15 09:10:47 - INFO - fit progress: (2, 0.1275, {'central_accuracy': 0.966}, 11.848292599999994)
2025-04-15 09:10:47 - INFO - configure_evaluate: strategy sampled 20 clients (out of 20)
2025-04-15 09:10:48 - INFO - aggregate_evaluate: received 20 results and 0 failures
2025-04-15 09:10:48 - INFO - 
2025-04-15 09:10:48 - INFO - [ROUND 3]
2025-04-15 09:10:48 - INFO - configure_fit: strategy sampled 20 clients (out of 20)
2025-04-15 09:10:51 - INFO - aggregate_fit: received 20 results and 0 failures
2025-04-15 09:10:52 - INFO - fit progress: (3, 0.0919, {'central_accuracy': 0.972}, 16.151147499999993)
2025-04-15 09:10:52 - INFO - configure_evaluate: strategy sampled 20 clients (out of 20)
2025-04-15 09:10:52 - INFO - aggregate_evaluate: received 20 results and 0 failures
2025-04-15 09:10:52 - INFO - 
2025-04-15 09:10:52 - INFO - [ROUND 4]
2025-04-15 09:10:52 - INFO - configure_fit: strategy sampled 20 clients (out of 20)
2025-04-15 09:10:56 - INFO - aggregate_fit: received 20 results and 0 failures
2025-04-15 09:10:56 - INFO - fit progress: (4, 0.0642, {'central_accuracy': 0.982}, 20.4050651)
2025-04-15 09:10:56 - INFO - configure_evaluate: strategy sampled 20 clients (out of 20)
2025-04-15 09:10:56 - INFO - aggregate_evaluate: received 20 results and 0 failures
2025-04-15 09:10:56 - INFO - 
2025-04-15 09:10:56 - INFO - [ROUND 5]
2025-04-15 09:10:56 - INFO - configure_fit: strategy sampled 20 clients (out of 20)
2025-04-15 09:11:00 - INFO - aggregate_fit: received 20 results and 0 failures
2025-04-15 09:11:00 - INFO - fit progress: (5, 0.0516, {'central_accuracy': 0.986}, 24.667663200000007)
2025-04-15 09:11:00 - INFO - configure_evaluate: strategy sampled 20 clients (out of 20)
2025-04-15 09:11:00 - INFO - aggregate_evaluate: received 20 results and 0 failures
2025-04-15 09:11:00 - INFO - 
2025-04-15 09:11:00 - INFO - [ROUND 6]
2025-04-15 09:11:00 - INFO - configure_fit: strategy sampled 20 clients (out of 20)
2025-04-15 09:11:04 - INFO - aggregate_fit: received 20 results and 0 failures
2025-04-15 09:11:04 - INFO - fit progress: (6, 0.0457, {'central_accuracy': 0.986}, 28.97500559999999)
2025-04-15 09:11:04 - INFO - configure_evaluate: strategy sampled 20 clients (out of 20)
2025-04-15 09:11:05 - INFO - aggregate_evaluate: received 20 results and 0 failures
2025-04-15 09:11:05 - INFO - 
2025-04-15 09:11:05 - INFO - [ROUND 7]
2025-04-15 09:11:05 - INFO - configure_fit: strategy sampled 20 clients (out of 20)
2025-04-15 09:11:09 - INFO - aggregate_fit: received 20 results and 0 failures
2025-04-15 09:11:09 - INFO - fit progress: (7, 0.0373, {'central_accuracy': 0.988}, 33.267037099999996)
2025-04-15 09:11:09 - INFO - configure_evaluate: strategy sampled 20 clients (out of 20)
2025-04-15 09:11:09 - INFO - aggregate_evaluate: received 20 results and 0 failures
2025-04-15 09:11:09 - INFO - 
2025-04-15 09:11:09 - INFO - [ROUND 8]
2025-04-15 09:11:09 - INFO - configure_fit: strategy sampled 20 clients (out of 20)
2025-04-15 09:11:13 - INFO - aggregate_fit: received 20 results and 0 failures
2025-04-15 09:11:13 - INFO - fit progress: (8, 0.0362, {'central_accuracy': 0.988}, 37.53608340000001)
2025-04-15 09:11:13 - INFO - configure_evaluate: strategy sampled 20 clients (out of 20)
2025-04-15 09:11:13 - INFO - aggregate_evaluate: received 20 results and 0 failures
2025-04-15 09:11:13 - INFO - 
2025-04-15 09:11:13 - INFO - [ROUND 9]
2025-04-15 09:11:13 - INFO - configure_fit: strategy sampled 20 clients (out of 20)
2025-04-15 09:11:17 - INFO - aggregate_fit: received 20 results and 0 failures
2025-04-15 09:11:17 - INFO - fit progress: (9, 0.0309, {'central_accuracy': 0.992}, 41.77895339999999)
2025-04-15 09:11:17 - INFO - configure_evaluate: strategy sampled 20 clients (out of 20)
2025-04-15 09:11:18 - INFO - aggregate_evaluate: received 20 results and 0 failures
2025-04-15 09:11:18 - INFO - 
2025-04-15 09:11:18 - INFO - [ROUND 10]
2025-04-15 09:11:18 - INFO - configure_fit: strategy sampled 20 clients (out of 20)
2025-04-15 09:11:21 - INFO - aggregate_fit: received 20 results and 0 failures
2025-04-15 09:11:21 - INFO - fit progress: (10, 0.0297, {'central_accuracy': 0.988}, 46.034135199999994)
2025-04-15 09:11:21 - INFO - configure_evaluate: strategy sampled 20 clients (out of 20)
2025-04-15 09:11:22 - INFO - aggregate_evaluate: received 20 results and 0 failures
2025-04-15 09:11:22 - INFO - 
2025-04-15 09:11:22 - INFO - [ROUND 11]
2025-04-15 09:11:22 - INFO - configure_fit: strategy sampled 20 clients (out of 20)
2025-04-15 09:11:26 - INFO - aggregate_fit: received 20 results and 0 failures
2025-04-15 09:11:26 - INFO - fit progress: (11, 0.0268, {'central_accuracy': 0.988}, 50.3075535)
2025-04-15 09:11:26 - INFO - configure_evaluate: strategy sampled 20 clients (out of 20)
2025-04-15 09:11:26 - INFO - aggregate_evaluate: received 20 results and 0 failures
2025-04-15 09:11:26 - INFO - 
2025-04-15 09:11:26 - INFO - [ROUND 12]
2025-04-15 09:11:26 - INFO - configure_fit: strategy sampled 20 clients (out of 20)
2025-04-15 09:11:30 - INFO - aggregate_fit: received 20 results and 0 failures
2025-04-15 09:11:30 - INFO - fit progress: (12, 0.0256, {'central_accuracy': 0.988}, 54.557705600000006)
2025-04-15 09:11:30 - INFO - configure_evaluate: strategy sampled 20 clients (out of 20)
2025-04-15 09:11:30 - INFO - aggregate_evaluate: received 20 results and 0 failures
2025-04-15 09:11:30 - INFO - 
2025-04-15 09:11:30 - INFO - [ROUND 13]
2025-04-15 09:11:30 - INFO - configure_fit: strategy sampled 20 clients (out of 20)
2025-04-15 09:11:34 - INFO - aggregate_fit: received 20 results and 0 failures
2025-04-15 09:11:34 - INFO - fit progress: (13, 0.0253, {'central_accuracy': 0.99}, 58.816638)
2025-04-15 09:11:34 - INFO - configure_evaluate: strategy sampled 20 clients (out of 20)
2025-04-15 09:11:35 - INFO - aggregate_evaluate: received 20 results and 0 failures
2025-04-15 09:11:35 - INFO - 
2025-04-15 09:11:35 - INFO - [ROUND 14]
2025-04-15 09:11:35 - INFO - configure_fit: strategy sampled 20 clients (out of 20)
2025-04-15 09:11:38 - INFO - aggregate_fit: received 20 results and 0 failures
2025-04-15 09:11:38 - INFO - fit progress: (14, 0.0236, {'central_accuracy': 0.992}, 63.06760609999999)
2025-04-15 09:11:38 - INFO - configure_evaluate: strategy sampled 20 clients (out of 20)
2025-04-15 09:11:39 - INFO - aggregate_evaluate: received 20 results and 0 failures
2025-04-15 09:11:39 - INFO - 
2025-04-15 09:11:39 - INFO - [ROUND 15]
2025-04-15 09:11:39 - INFO - configure_fit: strategy sampled 20 clients (out of 20)
2025-04-15 09:11:43 - INFO - aggregate_fit: received 20 results and 0 failures
2025-04-15 09:11:43 - INFO - fit progress: (15, 0.0214, {'central_accuracy': 0.988}, 67.3233866)
2025-04-15 09:11:43 - INFO - configure_evaluate: strategy sampled 20 clients (out of 20)
2025-04-15 09:11:43 - INFO - aggregate_evaluate: received 20 results and 0 failures
2025-04-15 09:11:43 - INFO - 
2025-04-15 09:11:43 - INFO - [ROUND 16]
2025-04-15 09:11:43 - INFO - configure_fit: strategy sampled 20 clients (out of 20)
2025-04-15 09:11:47 - INFO - aggregate_fit: received 20 results and 0 failures
2025-04-15 09:11:47 - INFO - fit progress: (16, 0.0222, {'central_accuracy': 0.992}, 71.79349559999999)
2025-04-15 09:11:47 - INFO - configure_evaluate: strategy sampled 20 clients (out of 20)
2025-04-15 09:11:48 - INFO - aggregate_evaluate: received 20 results and 0 failures
2025-04-15 09:11:48 - INFO - 
2025-04-15 09:11:48 - INFO - [ROUND 17]
2025-04-15 09:11:48 - INFO - configure_fit: strategy sampled 20 clients (out of 20)
2025-04-15 09:11:51 - INFO - aggregate_fit: received 20 results and 0 failures
2025-04-15 09:11:51 - INFO - fit progress: (17, 0.0207, {'central_accuracy': 0.99}, 76.02350059999999)
2025-04-15 09:11:51 - INFO - configure_evaluate: strategy sampled 20 clients (out of 20)
2025-04-15 09:11:52 - INFO - aggregate_evaluate: received 20 results and 0 failures
2025-04-15 09:11:52 - INFO - 
2025-04-15 09:11:52 - INFO - [ROUND 18]
2025-04-15 09:11:52 - INFO - configure_fit: strategy sampled 20 clients (out of 20)
2025-04-15 09:11:56 - INFO - aggregate_fit: received 20 results and 0 failures
2025-04-15 09:11:56 - INFO - fit progress: (18, 0.0185, {'central_accuracy': 0.996}, 80.25765790000001)
2025-04-15 09:11:56 - INFO - configure_evaluate: strategy sampled 20 clients (out of 20)
2025-04-15 09:11:56 - INFO - aggregate_evaluate: received 20 results and 0 failures
2025-04-15 09:11:56 - INFO - 
2025-04-15 09:11:56 - INFO - [ROUND 19]
2025-04-15 09:11:56 - INFO - configure_fit: strategy sampled 20 clients (out of 20)
2025-04-15 09:12:00 - INFO - aggregate_fit: received 20 results and 0 failures
2025-04-15 09:12:00 - INFO - fit progress: (19, 0.0204, {'central_accuracy': 0.992}, 84.49080719999999)
2025-04-15 09:12:00 - INFO - configure_evaluate: strategy sampled 20 clients (out of 20)
2025-04-15 09:12:00 - INFO - aggregate_evaluate: received 20 results and 0 failures
2025-04-15 09:12:00 - INFO - 
2025-04-15 09:12:00 - INFO - [ROUND 20]
2025-04-15 09:12:00 - INFO - configure_fit: strategy sampled 20 clients (out of 20)
2025-04-15 09:12:04 - INFO - aggregate_fit: received 20 results and 0 failures
2025-04-15 09:12:04 - INFO - fit progress: (20, 0.0197, {'central_accuracy': 0.992}, 88.76021920000001)
2025-04-15 09:12:04 - INFO - configure_evaluate: strategy sampled 20 clients (out of 20)
2025-04-15 09:12:05 - INFO - aggregate_evaluate: received 20 results and 0 failures
2025-04-15 09:12:05 - INFO - 
2025-04-15 09:12:05 - INFO - [SUMMARY]
2025-04-15 09:12:05 - INFO - Run finished 20 round(s) in 89.17s
2025-04-15 09:12:05 - INFO - 	History (loss, distributed):
2025-04-15 09:12:05 - INFO - 		round 1: 0.9257
2025-04-15 09:12:05 - INFO - 		round 2: 0.9592
2025-04-15 09:12:05 - INFO - 		round 3: 0.9698
2025-04-15 09:12:05 - INFO - 		round 4: 0.9755
2025-04-15 09:12:05 - INFO - 		round 5: 0.9784
2025-04-15 09:12:05 - INFO - 		round 6: 0.9804
2025-04-15 09:12:05 - INFO - 		round 7: 0.9829
2025-04-15 09:12:05 - INFO - 		round 8: 0.9841
2025-04-15 09:12:05 - INFO - 		round 9: 0.9846
2025-04-15 09:12:05 - INFO - 		round 10: 0.9856
2025-04-15 09:12:05 - INFO - 		round 11: 0.9865
2025-04-15 09:12:05 - INFO - 		round 12: 0.9871
2025-04-15 09:12:05 - INFO - 		round 13: 0.9871
2025-04-15 09:12:05 - INFO - 		round 14: 0.9883
2025-04-15 09:12:05 - INFO - 		round 15: 0.9879
2025-04-15 09:12:05 - INFO - 		round 16: 0.9889
2025-04-15 09:12:05 - INFO - 		round 17: 0.9888
2025-04-15 09:12:05 - INFO - 		round 18: 0.9893
2025-04-15 09:12:05 - INFO - 		round 19: 0.9889
2025-04-15 09:12:05 - INFO - 		round 20: 0.9896
2025-04-15 09:12:05 - INFO - 	History (loss, centralized):
2025-04-15 09:12:05 - INFO - 		round 0: 2.3081
2025-04-15 09:12:05 - INFO - 		round 1: 0.2713
2025-04-15 09:12:05 - INFO - 		round 2: 0.1275
2025-04-15 09:12:05 - INFO - 		round 3: 0.0919
2025-04-15 09:12:05 - INFO - 		round 4: 0.0642
2025-04-15 09:12:05 - INFO - 		round 5: 0.0516
2025-04-15 09:12:05 - INFO - 		round 6: 0.0457
2025-04-15 09:12:05 - INFO - 		round 7: 0.0373
2025-04-15 09:12:05 - INFO - 		round 8: 0.0362
2025-04-15 09:12:05 - INFO - 		round 9: 0.0309
2025-04-15 09:12:05 - INFO - 		round 10: 0.0297
2025-04-15 09:12:05 - INFO - 		round 11: 0.0268
2025-04-15 09:12:05 - INFO - 		round 12: 0.0256
2025-04-15 09:12:05 - INFO - 		round 13: 0.0253
2025-04-15 09:12:05 - INFO - 		round 14: 0.0236
2025-04-15 09:12:05 - INFO - 		round 15: 0.0214
2025-04-15 09:12:05 - INFO - 		round 16: 0.0222
2025-04-15 09:12:05 - INFO - 		round 17: 0.0207
2025-04-15 09:12:05 - INFO - 		round 18: 0.0185
2025-04-15 09:12:05 - INFO - 		round 19: 0.0204
2025-04-15 09:12:05 - INFO - 		round 20: 0.0197
2025-04-15 09:12:05 - INFO - 	History (metrics, distributed, evaluate):
2025-04-15 09:12:05 - INFO - 	{'accuracy': [(1, 0.9257),
2025-04-15 09:12:05 - INFO - 	              (2, 0.9592),
2025-04-15 09:12:05 - INFO - 	              (3, 0.9698),
2025-04-15 09:12:05 - INFO - 	              (4, 0.9755),
2025-04-15 09:12:05 - INFO - 	              (5, 0.9784),
2025-04-15 09:12:05 - INFO - 	              (6, 0.9804),
2025-04-15 09:12:05 - INFO - 	              (7, 0.9829),
2025-04-15 09:12:05 - INFO - 	              (8, 0.9841),
2025-04-15 09:12:05 - INFO - 	              (9, 0.9846),
2025-04-15 09:12:05 - INFO - 	              (10, 0.9856),
2025-04-15 09:12:05 - INFO - 	              (11, 0.9865),
2025-04-15 09:12:05 - INFO - 	              (12, 0.9871),
2025-04-15 09:12:05 - INFO - 	              (13, 0.9871),
2025-04-15 09:12:05 - INFO - 	              (14, 0.9883),
2025-04-15 09:12:05 - INFO - 	              (15, 0.9879),
2025-04-15 09:12:05 - INFO - 	              (16, 0.9889),
2025-04-15 09:12:05 - INFO - 	              (17, 0.9888),
2025-04-15 09:12:05 - INFO - 	              (18, 0.9893),
2025-04-15 09:12:05 - INFO - 	              (19, 0.9889),
2025-04-15 09:12:05 - INFO - 	              (20, 0.9896)],
2025-04-15 09:12:05 - INFO - 	 'clean_accuracy': [(1, 0.9235),
2025-04-15 09:12:05 - INFO - 	                    (2, 0.956),
2025-04-15 09:12:05 - INFO - 	                    (3, 0.96675),
2025-04-15 09:12:05 - INFO - 	                    (4, 0.972875),
2025-04-15 09:12:05 - INFO - 	                    (5, 0.97625),
2025-04-15 09:12:05 - INFO - 	                    (6, 0.97825),
2025-04-15 09:12:05 - INFO - 	                    (7, 0.980875),
2025-04-15 09:12:05 - INFO - 	                    (8, 0.982125),
2025-04-15 09:12:05 - INFO - 	                    (9, 0.9825),
2025-04-15 09:12:05 - INFO - 	                    (10, 0.984),
2025-04-15 09:12:05 - INFO - 	                    (11, 0.985),
2025-04-15 09:12:05 - INFO - 	                    (12, 0.985625),
2025-04-15 09:12:05 - INFO - 	                    (13, 0.9855),
2025-04-15 09:12:05 - INFO - 	                    (14, 0.986625),
2025-04-15 09:12:05 - INFO - 	                    (15, 0.9865),
2025-04-15 09:12:05 - INFO - 	                    (16, 0.987375),
2025-04-15 09:12:05 - INFO - 	                    (17, 0.9875),
2025-04-15 09:12:05 - INFO - 	                    (18, 0.987625),
2025-04-15 09:12:05 - INFO - 	                    (19, 0.987375),
2025-04-15 09:12:05 - INFO - 	                    (20, 0.98825)],
2025-04-15 09:12:05 - INFO - 	 'malicious_accuracy': [(1, 0.9345),
2025-04-15 09:12:05 - INFO - 	                        (2, 0.972),
2025-04-15 09:12:05 - INFO - 	                        (3, 0.982),
2025-04-15 09:12:05 - INFO - 	                        (4, 0.986),
2025-04-15 09:12:05 - INFO - 	                        (5, 0.987),
2025-04-15 09:12:05 - INFO - 	                        (6, 0.989),
2025-04-15 09:12:05 - INFO - 	                        (7, 0.991),
2025-04-15 09:12:05 - INFO - 	                        (8, 0.992),
2025-04-15 09:12:05 - INFO - 	                        (9, 0.993),
2025-04-15 09:12:05 - INFO - 	                        (10, 0.992),
2025-04-15 09:12:05 - INFO - 	                        (11, 0.9925),
2025-04-15 09:12:05 - INFO - 	                        (12, 0.993),
2025-04-15 09:12:05 - INFO - 	                        (13, 0.9935),
2025-04-15 09:12:05 - INFO - 	                        (14, 0.995),
2025-04-15 09:12:05 - INFO - 	                        (15, 0.9935),
2025-04-15 09:12:05 - INFO - 	                        (16, 0.995),
2025-04-15 09:12:05 - INFO - 	                        (17, 0.994),
2025-04-15 09:12:05 - INFO - 	                        (18, 0.996),
2025-04-15 09:12:05 - INFO - 	                        (19, 0.995),
2025-04-15 09:12:05 - INFO - 	                        (20, 0.995)]}
2025-04-15 09:12:05 - INFO - 	History (metrics, centralized):
2025-04-15 09:12:05 - INFO - 	{'central_accuracy': [(0, 0.062),
2025-04-15 09:12:05 - INFO - 	                      (1, 0.92),
2025-04-15 09:12:05 - INFO - 	                      (2, 0.966),
2025-04-15 09:12:05 - INFO - 	                      (3, 0.972),
2025-04-15 09:12:05 - INFO - 	                      (4, 0.982),
2025-04-15 09:12:05 - INFO - 	                      (5, 0.986),
2025-04-15 09:12:05 - INFO - 	                      (6, 0.986),
2025-04-15 09:12:05 - INFO - 	                      (7, 0.988),
2025-04-15 09:12:05 - INFO - 	                      (8, 0.988),
2025-04-15 09:12:05 - INFO - 	                      (9, 0.992),
2025-04-15 09:12:05 - INFO - 	                      (10, 0.988),
2025-04-15 09:12:05 - INFO - 	                      (11, 0.988),
2025-04-15 09:12:05 - INFO - 	                      (12, 0.988),
2025-04-15 09:12:05 - INFO - 	                      (13, 0.99),
2025-04-15 09:12:05 - INFO - 	                      (14, 0.992),
2025-04-15 09:12:05 - INFO - 	                      (15, 0.988),
2025-04-15 09:12:05 - INFO - 	                      (16, 0.992),
2025-04-15 09:12:05 - INFO - 	                      (17, 0.99),
2025-04-15 09:12:05 - INFO - 	                      (18, 0.996),
2025-04-15 09:12:05 - INFO - 	                      (19, 0.992),
2025-04-15 09:12:05 - INFO - 	                      (20, 0.992)]}
2025-04-15 09:12:05 - INFO - 
2025-04-15 09:12:06 - INFO - Starting Federated Learning Simulation: dataset type: iid, dataset name: mnist, strategy: FedAvg(accept_failures=True), rounds: 20, clients: 20
2025-04-15 09:12:06 - WARNING - DEPRECATED FEATURE: flwr.simulation.start_simulation() is deprecated.
	Instead, use the `flwr run` CLI command to start a local simulation in your Flower app, as shown for example below:

		$ flwr new  # Create a new Flower app from a template

		$ flwr run  # Run the Flower app in Simulation Mode

	Using `start_simulation()` is deprecated.

            This is a deprecated feature. It will be removed
            entirely in future versions of Flower.
        
2025-04-15 09:12:06 - INFO - Starting Flower simulation, config: num_rounds=20, no round_timeout
2025-04-15 09:12:09 - INFO - Flower VCE: Ray initialized with resources: {'accelerator_type:G': 1.0, 'node:__internal_head__': 1.0, 'CPU': 24.0, 'memory': 13332932199.0, 'node:127.0.0.1': 1.0, 'object_store_memory': 6666466099.0, 'GPU': 1.0}
2025-04-15 09:12:09 - INFO - Optimize your simulation with Flower VCE: https://flower.ai/docs/framework/how-to-run-simulations.html
2025-04-15 09:12:09 - INFO - No `client_resources` specified. Using minimal resources for clients.
2025-04-15 09:12:09 - INFO - Flower VCE: Resources for each Virtual Client: {'num_cpus': 1, 'num_gpus': 0.0}
2025-04-15 09:12:09 - INFO - Flower VCE: Creating VirtualClientEngineActorPool with 24 actors
2025-04-15 09:12:09 - INFO - [INIT]
2025-04-15 09:12:09 - INFO - Requesting initial parameters from one random client
2025-04-15 09:12:12 - INFO - Received initial parameters from one random client
2025-04-15 09:12:12 - INFO - Starting evaluation of initial global parameters
2025-04-15 09:12:12 - INFO - initial parameters (loss, other metrics): 2.3037, {'central_accuracy': 0.112}
2025-04-15 09:12:12 - INFO - 
2025-04-15 09:12:12 - INFO - [ROUND 1]
2025-04-15 09:12:12 - INFO - configure_fit: strategy sampled 20 clients (out of 20)
2025-04-15 09:12:19 - INFO - aggregate_fit: received 20 results and 0 failures
2025-04-15 09:12:19 - WARNING - No fit_metrics_aggregation_fn provided
2025-04-15 09:12:20 - INFO - fit progress: (1, 0.7391, {'central_accuracy': 0.742}, 7.528123499999992)
2025-04-15 09:12:20 - INFO - configure_evaluate: strategy sampled 20 clients (out of 20)
2025-04-15 09:12:20 - INFO - aggregate_evaluate: received 20 results and 0 failures
2025-04-15 09:12:20 - INFO - 
2025-04-15 09:12:20 - INFO - [ROUND 2]
2025-04-15 09:12:20 - INFO - configure_fit: strategy sampled 20 clients (out of 20)
2025-04-15 09:12:24 - INFO - aggregate_fit: received 20 results and 0 failures
2025-04-15 09:12:24 - INFO - fit progress: (2, 0.3554, {'central_accuracy': 0.878}, 11.80645899999999)
2025-04-15 09:12:24 - INFO - configure_evaluate: strategy sampled 20 clients (out of 20)
2025-04-15 09:12:24 - INFO - aggregate_evaluate: received 20 results and 0 failures
2025-04-15 09:12:24 - INFO - 
2025-04-15 09:12:24 - INFO - [ROUND 3]
2025-04-15 09:12:24 - INFO - configure_fit: strategy sampled 20 clients (out of 20)
2025-04-15 09:12:28 - INFO - aggregate_fit: received 20 results and 0 failures
2025-04-15 09:12:28 - INFO - fit progress: (3, 0.3369, {'central_accuracy': 0.89}, 16.0827453)
2025-04-15 09:12:28 - INFO - configure_evaluate: strategy sampled 20 clients (out of 20)
2025-04-15 09:12:29 - INFO - aggregate_evaluate: received 20 results and 0 failures
2025-04-15 09:12:29 - INFO - 
2025-04-15 09:12:29 - INFO - [ROUND 4]
2025-04-15 09:12:29 - INFO - configure_fit: strategy sampled 20 clients (out of 20)
2025-04-15 09:12:32 - INFO - aggregate_fit: received 20 results and 0 failures
2025-04-15 09:12:32 - INFO - fit progress: (4, 0.3633, {'central_accuracy': 0.88}, 20.3617596)
2025-04-15 09:12:32 - INFO - configure_evaluate: strategy sampled 20 clients (out of 20)
2025-04-15 09:12:33 - INFO - aggregate_evaluate: received 20 results and 0 failures
2025-04-15 09:12:33 - INFO - 
2025-04-15 09:12:33 - INFO - [ROUND 5]
2025-04-15 09:12:33 - INFO - configure_fit: strategy sampled 20 clients (out of 20)
2025-04-15 09:12:37 - INFO - aggregate_fit: received 20 results and 0 failures
2025-04-15 09:12:37 - INFO - fit progress: (5, 0.1975, {'central_accuracy': 0.936}, 24.606816100000003)
2025-04-15 09:12:37 - INFO - configure_evaluate: strategy sampled 20 clients (out of 20)
2025-04-15 09:12:37 - INFO - aggregate_evaluate: received 20 results and 0 failures
2025-04-15 09:12:37 - INFO - 
2025-04-15 09:12:37 - INFO - [ROUND 6]
2025-04-15 09:12:37 - INFO - configure_fit: strategy sampled 20 clients (out of 20)
2025-04-15 09:12:41 - INFO - aggregate_fit: received 20 results and 0 failures
2025-04-15 09:12:41 - INFO - fit progress: (6, 0.2199, {'central_accuracy': 0.93}, 29.070552399999997)
2025-04-15 09:12:41 - INFO - configure_evaluate: strategy sampled 20 clients (out of 20)
2025-04-15 09:12:42 - INFO - aggregate_evaluate: received 20 results and 0 failures
2025-04-15 09:12:42 - INFO - 
2025-04-15 09:12:42 - INFO - [ROUND 7]
2025-04-15 09:12:42 - INFO - configure_fit: strategy sampled 20 clients (out of 20)
2025-04-15 09:12:45 - INFO - aggregate_fit: received 20 results and 0 failures
2025-04-15 09:12:45 - INFO - fit progress: (7, 0.2333, {'central_accuracy': 0.924}, 33.35314149999999)
2025-04-15 09:12:45 - INFO - configure_evaluate: strategy sampled 20 clients (out of 20)
2025-04-15 09:12:46 - INFO - aggregate_evaluate: received 20 results and 0 failures
2025-04-15 09:12:46 - INFO - 
2025-04-15 09:12:46 - INFO - [ROUND 8]
2025-04-15 09:12:46 - INFO - configure_fit: strategy sampled 20 clients (out of 20)
2025-04-15 09:12:49 - INFO - aggregate_fit: received 20 results and 0 failures
2025-04-15 09:12:50 - INFO - fit progress: (8, 0.1648, {'central_accuracy': 0.95}, 37.56828229999999)
2025-04-15 09:12:50 - INFO - configure_evaluate: strategy sampled 20 clients (out of 20)
2025-04-15 09:12:50 - INFO - aggregate_evaluate: received 20 results and 0 failures
2025-04-15 09:12:50 - INFO - 
2025-04-15 09:12:50 - INFO - [ROUND 9]
2025-04-15 09:12:50 - INFO - configure_fit: strategy sampled 20 clients (out of 20)
2025-04-15 09:12:54 - INFO - aggregate_fit: received 20 results and 0 failures
2025-04-15 09:12:54 - INFO - fit progress: (9, 0.2236, {'central_accuracy': 0.922}, 41.78703630000001)
2025-04-15 09:12:54 - INFO - configure_evaluate: strategy sampled 20 clients (out of 20)
2025-04-15 09:12:54 - INFO - aggregate_evaluate: received 20 results and 0 failures
2025-04-15 09:12:54 - INFO - 
2025-04-15 09:12:54 - INFO - [ROUND 10]
2025-04-15 09:12:54 - INFO - configure_fit: strategy sampled 20 clients (out of 20)
2025-04-15 09:12:58 - INFO - aggregate_fit: received 20 results and 0 failures
2025-04-15 09:12:58 - INFO - fit progress: (10, 0.1761, {'central_accuracy': 0.948}, 46.037961499999994)
2025-04-15 09:12:58 - INFO - configure_evaluate: strategy sampled 20 clients (out of 20)
2025-04-15 09:12:59 - INFO - aggregate_evaluate: received 20 results and 0 failures
2025-04-15 09:12:59 - INFO - 
2025-04-15 09:12:59 - INFO - [ROUND 11]
2025-04-15 09:12:59 - INFO - configure_fit: strategy sampled 20 clients (out of 20)
2025-04-15 09:13:02 - INFO - aggregate_fit: received 20 results and 0 failures
2025-04-15 09:13:02 - INFO - fit progress: (11, 0.1421, {'central_accuracy': 0.964}, 50.37306570000001)
2025-04-15 09:13:02 - INFO - configure_evaluate: strategy sampled 20 clients (out of 20)
2025-04-15 09:13:03 - INFO - aggregate_evaluate: received 20 results and 0 failures
2025-04-15 09:13:03 - INFO - 
2025-04-15 09:13:03 - INFO - [ROUND 12]
2025-04-15 09:13:03 - INFO - configure_fit: strategy sampled 20 clients (out of 20)
2025-04-15 09:13:07 - INFO - aggregate_fit: received 20 results and 0 failures
2025-04-15 09:13:07 - INFO - fit progress: (12, 0.1752, {'central_accuracy': 0.946}, 54.811625099999986)
2025-04-15 09:13:07 - INFO - configure_evaluate: strategy sampled 20 clients (out of 20)
2025-04-15 09:13:07 - INFO - aggregate_evaluate: received 20 results and 0 failures
2025-04-15 09:13:07 - INFO - 
2025-04-15 09:13:07 - INFO - [ROUND 13]
2025-04-15 09:13:07 - INFO - configure_fit: strategy sampled 20 clients (out of 20)
2025-04-15 09:13:11 - INFO - aggregate_fit: received 20 results and 0 failures
2025-04-15 09:13:11 - INFO - fit progress: (13, 0.1703, {'central_accuracy': 0.948}, 58.99907589999998)
2025-04-15 09:13:11 - INFO - configure_evaluate: strategy sampled 20 clients (out of 20)
2025-04-15 09:13:11 - INFO - aggregate_evaluate: received 20 results and 0 failures
2025-04-15 09:13:11 - INFO - 
2025-04-15 09:13:11 - INFO - [ROUND 14]
2025-04-15 09:13:11 - INFO - configure_fit: strategy sampled 20 clients (out of 20)
2025-04-15 09:13:15 - INFO - aggregate_fit: received 20 results and 0 failures
2025-04-15 09:13:15 - INFO - fit progress: (14, 0.1743, {'central_accuracy': 0.948}, 63.21778690000002)
2025-04-15 09:13:15 - INFO - configure_evaluate: strategy sampled 20 clients (out of 20)
2025-04-15 09:13:16 - INFO - aggregate_evaluate: received 20 results and 0 failures
2025-04-15 09:13:16 - INFO - 
2025-04-15 09:13:16 - INFO - [ROUND 15]
2025-04-15 09:13:16 - INFO - configure_fit: strategy sampled 20 clients (out of 20)
2025-04-15 09:13:19 - INFO - aggregate_fit: received 20 results and 0 failures
2025-04-15 09:13:19 - INFO - fit progress: (15, 0.1813, {'central_accuracy': 0.962}, 67.43586470000002)
2025-04-15 09:13:19 - INFO - configure_evaluate: strategy sampled 20 clients (out of 20)
2025-04-15 09:13:20 - INFO - aggregate_evaluate: received 20 results and 0 failures
2025-04-15 09:13:20 - INFO - 
2025-04-15 09:13:20 - INFO - [ROUND 16]
2025-04-15 09:13:20 - INFO - configure_fit: strategy sampled 20 clients (out of 20)
2025-04-15 09:13:24 - INFO - aggregate_fit: received 20 results and 0 failures
2025-04-15 09:13:24 - INFO - fit progress: (16, 0.1285, {'central_accuracy': 0.95}, 71.76036820000002)
2025-04-15 09:13:24 - INFO - configure_evaluate: strategy sampled 20 clients (out of 20)
2025-04-15 09:13:24 - INFO - aggregate_evaluate: received 20 results and 0 failures
2025-04-15 09:13:24 - INFO - 
2025-04-15 09:13:24 - INFO - [ROUND 17]
2025-04-15 09:13:24 - INFO - configure_fit: strategy sampled 20 clients (out of 20)
2025-04-15 09:13:28 - INFO - aggregate_fit: received 20 results and 0 failures
2025-04-15 09:13:28 - INFO - fit progress: (17, 0.1519, {'central_accuracy': 0.948}, 75.98447390000001)
2025-04-15 09:13:28 - INFO - configure_evaluate: strategy sampled 20 clients (out of 20)
2025-04-15 09:13:28 - INFO - aggregate_evaluate: received 20 results and 0 failures
2025-04-15 09:13:28 - INFO - 
2025-04-15 09:13:28 - INFO - [ROUND 18]
2025-04-15 09:13:28 - INFO - configure_fit: strategy sampled 20 clients (out of 20)
2025-04-15 09:13:32 - INFO - aggregate_fit: received 20 results and 0 failures
2025-04-15 09:13:32 - INFO - fit progress: (18, 0.169, {'central_accuracy': 0.944}, 80.42722700000002)
2025-04-15 09:13:32 - INFO - configure_evaluate: strategy sampled 20 clients (out of 20)
2025-04-15 09:13:33 - INFO - aggregate_evaluate: received 20 results and 0 failures
2025-04-15 09:13:33 - INFO - 
2025-04-15 09:13:33 - INFO - [ROUND 19]
2025-04-15 09:13:33 - INFO - configure_fit: strategy sampled 20 clients (out of 20)
2025-04-15 09:13:37 - INFO - aggregate_fit: received 20 results and 0 failures
2025-04-15 09:13:37 - INFO - fit progress: (19, 0.1281, {'central_accuracy': 0.952}, 84.62561060000002)
2025-04-15 09:13:37 - INFO - configure_evaluate: strategy sampled 20 clients (out of 20)
2025-04-15 09:13:37 - INFO - aggregate_evaluate: received 20 results and 0 failures
2025-04-15 09:13:37 - INFO - 
2025-04-15 09:13:37 - INFO - [ROUND 20]
2025-04-15 09:13:37 - INFO - configure_fit: strategy sampled 20 clients (out of 20)
2025-04-15 09:13:41 - INFO - aggregate_fit: received 20 results and 0 failures
2025-04-15 09:13:41 - INFO - fit progress: (20, 0.0899, {'central_accuracy': 0.984}, 88.8694276)
2025-04-15 09:13:41 - INFO - configure_evaluate: strategy sampled 20 clients (out of 20)
2025-04-15 09:13:41 - INFO - aggregate_evaluate: received 20 results and 0 failures
2025-04-15 09:13:41 - INFO - 
2025-04-15 09:13:41 - INFO - [SUMMARY]
2025-04-15 09:13:41 - INFO - Run finished 20 round(s) in 89.27s
2025-04-15 09:13:41 - INFO - 	History (loss, distributed):
2025-04-15 09:13:41 - INFO - 		round 1: 0.7656
2025-04-15 09:13:41 - INFO - 		round 2: 0.875
2025-04-15 09:13:41 - INFO - 		round 3: 0.9006
2025-04-15 09:13:41 - INFO - 		round 4: 0.8918
2025-04-15 09:13:41 - INFO - 		round 5: 0.9418
2025-04-15 09:13:41 - INFO - 		round 6: 0.9326
2025-04-15 09:13:41 - INFO - 		round 7: 0.9314
2025-04-15 09:13:41 - INFO - 		round 8: 0.9496
2025-04-15 09:13:41 - INFO - 		round 9: 0.9376
2025-04-15 09:13:41 - INFO - 		round 10: 0.9512
2025-04-15 09:13:41 - INFO - 		round 11: 0.9619
2025-04-15 09:13:41 - INFO - 		round 12: 0.9497
2025-04-15 09:13:41 - INFO - 		round 13: 0.9504
2025-04-15 09:13:41 - INFO - 		round 14: 0.9516
2025-04-15 09:13:41 - INFO - 		round 15: 0.9506
2025-04-15 09:13:41 - INFO - 		round 16: 0.9473
2025-04-15 09:13:41 - INFO - 		round 17: 0.9566
2025-04-15 09:13:41 - INFO - 		round 18: 0.9578
2025-04-15 09:13:41 - INFO - 		round 19: 0.9561
2025-04-15 09:13:41 - INFO - 		round 20: 0.9638
2025-04-15 09:13:41 - INFO - 	History (loss, centralized):
2025-04-15 09:13:41 - INFO - 		round 0: 2.3037
2025-04-15 09:13:41 - INFO - 		round 1: 0.7391
2025-04-15 09:13:41 - INFO - 		round 2: 0.3554
2025-04-15 09:13:41 - INFO - 		round 3: 0.3369
2025-04-15 09:13:41 - INFO - 		round 4: 0.3633
2025-04-15 09:13:41 - INFO - 		round 5: 0.1975
2025-04-15 09:13:41 - INFO - 		round 6: 0.2199
2025-04-15 09:13:41 - INFO - 		round 7: 0.2333
2025-04-15 09:13:41 - INFO - 		round 8: 0.1648
2025-04-15 09:13:41 - INFO - 		round 9: 0.2236
2025-04-15 09:13:41 - INFO - 		round 10: 0.1761
2025-04-15 09:13:41 - INFO - 		round 11: 0.1421
2025-04-15 09:13:41 - INFO - 		round 12: 0.1752
2025-04-15 09:13:41 - INFO - 		round 13: 0.1703
2025-04-15 09:13:41 - INFO - 		round 14: 0.1743
2025-04-15 09:13:41 - INFO - 		round 15: 0.1813
2025-04-15 09:13:41 - INFO - 		round 16: 0.1285
2025-04-15 09:13:41 - INFO - 		round 17: 0.1519
2025-04-15 09:13:41 - INFO - 		round 18: 0.169
2025-04-15 09:13:41 - INFO - 		round 19: 0.1281
2025-04-15 09:13:41 - INFO - 		round 20: 0.0899
2025-04-15 09:13:41 - INFO - 	History (metrics, distributed, evaluate):
2025-04-15 09:13:41 - INFO - 	{'accuracy': [(1, 0.7656),
2025-04-15 09:13:41 - INFO - 	              (2, 0.875),
2025-04-15 09:13:41 - INFO - 	              (3, 0.9006),
2025-04-15 09:13:41 - INFO - 	              (4, 0.8918),
2025-04-15 09:13:41 - INFO - 	              (5, 0.9418),
2025-04-15 09:13:41 - INFO - 	              (6, 0.9326),
2025-04-15 09:13:41 - INFO - 	              (7, 0.9314),
2025-04-15 09:13:41 - INFO - 	              (8, 0.9496),
2025-04-15 09:13:41 - INFO - 	              (9, 0.9376),
2025-04-15 09:13:41 - INFO - 	              (10, 0.9512),
2025-04-15 09:13:41 - INFO - 	              (11, 0.9619),
2025-04-15 09:13:41 - INFO - 	              (12, 0.9497),
2025-04-15 09:13:41 - INFO - 	              (13, 0.9504),
2025-04-15 09:13:41 - INFO - 	              (14, 0.9516),
2025-04-15 09:13:41 - INFO - 	              (15, 0.9506),
2025-04-15 09:13:41 - INFO - 	              (16, 0.9473),
2025-04-15 09:13:41 - INFO - 	              (17, 0.9566),
2025-04-15 09:13:41 - INFO - 	              (18, 0.9578),
2025-04-15 09:13:41 - INFO - 	              (19, 0.9561),
2025-04-15 09:13:41 - INFO - 	              (20, 0.9638)],
2025-04-15 09:13:41 - INFO - 	 'clean_accuracy': [(1, 0.764375),
2025-04-15 09:13:41 - INFO - 	                    (2, 0.871375),
2025-04-15 09:13:41 - INFO - 	                    (3, 0.896625),
2025-04-15 09:13:41 - INFO - 	                    (4, 0.8905),
2025-04-15 09:13:41 - INFO - 	                    (5, 0.940375),
2025-04-15 09:13:41 - INFO - 	                    (6, 0.93075),
2025-04-15 09:13:41 - INFO - 	                    (7, 0.93),
2025-04-15 09:13:41 - INFO - 	                    (8, 0.946375),
2025-04-15 09:13:41 - INFO - 	                    (9, 0.9355),
2025-04-15 09:13:41 - INFO - 	                    (10, 0.949),
2025-04-15 09:13:41 - INFO - 	                    (11, 0.96),
2025-04-15 09:13:41 - INFO - 	                    (12, 0.94725),
2025-04-15 09:13:41 - INFO - 	                    (13, 0.947),
2025-04-15 09:13:41 - INFO - 	                    (14, 0.94975),
2025-04-15 09:13:41 - INFO - 	                    (15, 0.94825),
2025-04-15 09:13:41 - INFO - 	                    (16, 0.9455),
2025-04-15 09:13:41 - INFO - 	                    (17, 0.955625),
2025-04-15 09:13:41 - INFO - 	                    (18, 0.957),
2025-04-15 09:13:41 - INFO - 	                    (19, 0.95475),
2025-04-15 09:13:41 - INFO - 	                    (20, 0.960625)],
2025-04-15 09:13:41 - INFO - 	 'malicious_accuracy': [(1, 0.7705),
2025-04-15 09:13:41 - INFO - 	                        (2, 0.8895),
2025-04-15 09:13:41 - INFO - 	                        (3, 0.9165),
2025-04-15 09:13:41 - INFO - 	                        (4, 0.897),
2025-04-15 09:13:41 - INFO - 	                        (5, 0.9475),
2025-04-15 09:13:41 - INFO - 	                        (6, 0.94),
2025-04-15 09:13:41 - INFO - 	                        (7, 0.937),
2025-04-15 09:13:41 - INFO - 	                        (8, 0.9625),
2025-04-15 09:13:41 - INFO - 	                        (9, 0.946),
2025-04-15 09:13:41 - INFO - 	                        (10, 0.96),
2025-04-15 09:13:41 - INFO - 	                        (11, 0.9695),
2025-04-15 09:13:41 - INFO - 	                        (12, 0.9595),
2025-04-15 09:13:41 - INFO - 	                        (13, 0.964),
2025-04-15 09:13:41 - INFO - 	                        (14, 0.959),
2025-04-15 09:13:41 - INFO - 	                        (15, 0.96),
2025-04-15 09:13:41 - INFO - 	                        (16, 0.9545),
2025-04-15 09:13:41 - INFO - 	                        (17, 0.9605),
2025-04-15 09:13:41 - INFO - 	                        (18, 0.961),
2025-04-15 09:13:41 - INFO - 	                        (19, 0.9615),
2025-04-15 09:13:41 - INFO - 	                        (20, 0.9765)]}
2025-04-15 09:13:41 - INFO - 	History (metrics, centralized):
2025-04-15 09:13:41 - INFO - 	{'central_accuracy': [(0, 0.112),
2025-04-15 09:13:41 - INFO - 	                      (1, 0.742),
2025-04-15 09:13:41 - INFO - 	                      (2, 0.878),
2025-04-15 09:13:41 - INFO - 	                      (3, 0.89),
2025-04-15 09:13:41 - INFO - 	                      (4, 0.88),
2025-04-15 09:13:41 - INFO - 	                      (5, 0.936),
2025-04-15 09:13:41 - INFO - 	                      (6, 0.93),
2025-04-15 09:13:41 - INFO - 	                      (7, 0.924),
2025-04-15 09:13:41 - INFO - 	                      (8, 0.95),
2025-04-15 09:13:41 - INFO - 	                      (9, 0.922),
2025-04-15 09:13:41 - INFO - 	                      (10, 0.948),
2025-04-15 09:13:41 - INFO - 	                      (11, 0.964),
2025-04-15 09:13:41 - INFO - 	                      (12, 0.946),
2025-04-15 09:13:41 - INFO - 	                      (13, 0.948),
2025-04-15 09:13:41 - INFO - 	                      (14, 0.948),
2025-04-15 09:13:41 - INFO - 	                      (15, 0.962),
2025-04-15 09:13:41 - INFO - 	                      (16, 0.95),
2025-04-15 09:13:41 - INFO - 	                      (17, 0.948),
2025-04-15 09:13:41 - INFO - 	                      (18, 0.944),
2025-04-15 09:13:41 - INFO - 	                      (19, 0.952),
2025-04-15 09:13:41 - INFO - 	                      (20, 0.984)]}
2025-04-15 09:13:41 - INFO - 
