2025-04-07 20:22:07 - INFO - Starting Federated Learning Simulation: dataset type: iid, dataset name: mnist, strategy: FedAvg(accept_failures=True), rounds: 20, clients: 20
2025-04-07 20:22:07 - WARNING - DEPRECATED FEATURE: flwr.simulation.start_simulation() is deprecated.
	Instead, use the `flwr run` CLI command to start a local simulation in your Flower app, as shown for example below:

		$ flwr new  # Create a new Flower app from a template

		$ flwr run  # Run the Flower app in Simulation Mode

	Using `start_simulation()` is deprecated.

            This is a deprecated feature. It will be removed
            entirely in future versions of Flower.
        
2025-04-07 20:22:07 - INFO - Starting Flower simulation, config: num_rounds=20, no round_timeout
2025-04-07 20:22:09 - INFO - Flower VCE: Ray initialized with resources: {'accelerator_type:G': 1.0, 'node:__internal_head__': 1.0, 'CPU': 24.0, 'object_store_memory': 6571970150.0, 'node:127.0.0.1': 1.0, 'memory': 13143940302.0, 'GPU': 1.0}
2025-04-07 20:22:09 - INFO - Optimize your simulation with Flower VCE: https://flower.ai/docs/framework/how-to-run-simulations.html
2025-04-07 20:22:09 - INFO - No `client_resources` specified. Using minimal resources for clients.
2025-04-07 20:22:09 - INFO - Flower VCE: Resources for each Virtual Client: {'num_cpus': 1, 'num_gpus': 0.0}
2025-04-07 20:22:09 - INFO - Flower VCE: Creating VirtualClientEngineActorPool with 24 actors
2025-04-07 20:22:09 - INFO - [INIT]
2025-04-07 20:22:09 - INFO - Requesting initial parameters from one random client
2025-04-07 20:22:12 - INFO - Received initial parameters from one random client
2025-04-07 20:22:12 - INFO - Starting evaluation of initial global parameters
2025-04-07 20:22:12 - INFO - Evaluation returned no results (`None`)
2025-04-07 20:22:12 - INFO - 
2025-04-07 20:22:12 - INFO - [ROUND 1]
2025-04-07 20:22:12 - INFO - configure_fit: strategy sampled 20 clients (out of 20)
2025-04-07 20:22:20 - INFO - aggregate_fit: received 20 results and 0 failures
2025-04-07 20:22:20 - WARNING - No fit_metrics_aggregation_fn provided
2025-04-07 20:22:20 - INFO - configure_evaluate: strategy sampled 20 clients (out of 20)
2025-04-07 20:22:20 - INFO - aggregate_evaluate: received 20 results and 0 failures
2025-04-07 20:22:20 - WARNING - No evaluate_metrics_aggregation_fn provided
2025-04-07 20:22:20 - INFO - 
2025-04-07 20:22:20 - INFO - [ROUND 2]
2025-04-07 20:22:20 - INFO - configure_fit: strategy sampled 20 clients (out of 20)
2025-04-07 20:22:24 - INFO - aggregate_fit: received 20 results and 0 failures
2025-04-07 20:22:24 - INFO - configure_evaluate: strategy sampled 20 clients (out of 20)
2025-04-07 20:22:24 - INFO - aggregate_evaluate: received 20 results and 0 failures
2025-04-07 20:22:24 - INFO - 
2025-04-07 20:22:24 - INFO - [ROUND 3]
2025-04-07 20:22:24 - INFO - configure_fit: strategy sampled 20 clients (out of 20)
2025-04-07 20:22:28 - INFO - aggregate_fit: received 20 results and 0 failures
2025-04-07 20:22:28 - INFO - configure_evaluate: strategy sampled 20 clients (out of 20)
2025-04-07 20:22:29 - INFO - aggregate_evaluate: received 20 results and 0 failures
2025-04-07 20:22:29 - INFO - 
2025-04-07 20:22:29 - INFO - [ROUND 4]
2025-04-07 20:22:29 - INFO - configure_fit: strategy sampled 20 clients (out of 20)
2025-04-07 20:22:33 - INFO - aggregate_fit: received 20 results and 0 failures
2025-04-07 20:22:33 - INFO - configure_evaluate: strategy sampled 20 clients (out of 20)
2025-04-07 20:22:33 - INFO - aggregate_evaluate: received 20 results and 0 failures
2025-04-07 20:22:33 - INFO - 
2025-04-07 20:22:33 - INFO - [ROUND 5]
2025-04-07 20:22:33 - INFO - configure_fit: strategy sampled 20 clients (out of 20)
2025-04-07 20:22:37 - INFO - aggregate_fit: received 20 results and 0 failures
2025-04-07 20:22:37 - INFO - configure_evaluate: strategy sampled 20 clients (out of 20)
2025-04-07 20:22:37 - INFO - aggregate_evaluate: received 20 results and 0 failures
2025-04-07 20:22:37 - INFO - 
2025-04-07 20:22:37 - INFO - [ROUND 6]
2025-04-07 20:22:37 - INFO - configure_fit: strategy sampled 20 clients (out of 20)
2025-04-07 20:22:41 - INFO - aggregate_fit: received 20 results and 0 failures
2025-04-07 20:22:41 - INFO - configure_evaluate: strategy sampled 20 clients (out of 20)
2025-04-07 20:22:41 - INFO - aggregate_evaluate: received 20 results and 0 failures
2025-04-07 20:22:41 - INFO - 
2025-04-07 20:22:41 - INFO - [ROUND 7]
2025-04-07 20:22:41 - INFO - configure_fit: strategy sampled 20 clients (out of 20)
2025-04-07 20:22:45 - INFO - aggregate_fit: received 20 results and 0 failures
2025-04-07 20:22:45 - INFO - configure_evaluate: strategy sampled 20 clients (out of 20)
2025-04-07 20:22:46 - INFO - aggregate_evaluate: received 20 results and 0 failures
2025-04-07 20:22:46 - INFO - 
2025-04-07 20:22:46 - INFO - [ROUND 8]
2025-04-07 20:22:46 - INFO - configure_fit: strategy sampled 20 clients (out of 20)
2025-04-07 20:22:49 - INFO - aggregate_fit: received 20 results and 0 failures
2025-04-07 20:22:49 - INFO - configure_evaluate: strategy sampled 20 clients (out of 20)
2025-04-07 20:22:50 - INFO - aggregate_evaluate: received 20 results and 0 failures
2025-04-07 20:22:50 - INFO - 
2025-04-07 20:22:50 - INFO - [ROUND 9]
2025-04-07 20:22:50 - INFO - configure_fit: strategy sampled 20 clients (out of 20)
2025-04-07 20:22:53 - INFO - aggregate_fit: received 20 results and 0 failures
2025-04-07 20:22:53 - INFO - configure_evaluate: strategy sampled 20 clients (out of 20)
2025-04-07 20:22:54 - INFO - aggregate_evaluate: received 20 results and 0 failures
2025-04-07 20:22:54 - INFO - 
2025-04-07 20:22:54 - INFO - [ROUND 10]
2025-04-07 20:22:54 - INFO - configure_fit: strategy sampled 20 clients (out of 20)
2025-04-07 20:22:58 - INFO - aggregate_fit: received 20 results and 0 failures
2025-04-07 20:22:58 - INFO - configure_evaluate: strategy sampled 20 clients (out of 20)
2025-04-07 20:22:58 - INFO - aggregate_evaluate: received 20 results and 0 failures
2025-04-07 20:22:58 - INFO - 
2025-04-07 20:22:58 - INFO - [ROUND 11]
2025-04-07 20:22:58 - INFO - configure_fit: strategy sampled 20 clients (out of 20)
2025-04-07 20:23:02 - INFO - aggregate_fit: received 20 results and 0 failures
2025-04-07 20:23:02 - INFO - configure_evaluate: strategy sampled 20 clients (out of 20)
2025-04-07 20:23:02 - INFO - aggregate_evaluate: received 20 results and 0 failures
2025-04-07 20:23:02 - INFO - 
2025-04-07 20:23:02 - INFO - [ROUND 12]
2025-04-07 20:23:02 - INFO - configure_fit: strategy sampled 20 clients (out of 20)
2025-04-07 20:23:06 - INFO - aggregate_fit: received 20 results and 0 failures
2025-04-07 20:23:06 - INFO - configure_evaluate: strategy sampled 20 clients (out of 20)
2025-04-07 20:23:07 - INFO - aggregate_evaluate: received 20 results and 0 failures
2025-04-07 20:23:07 - INFO - 
2025-04-07 20:23:07 - INFO - [ROUND 13]
2025-04-07 20:23:07 - INFO - configure_fit: strategy sampled 20 clients (out of 20)
2025-04-07 20:23:11 - INFO - aggregate_fit: received 20 results and 0 failures
2025-04-07 20:23:11 - INFO - configure_evaluate: strategy sampled 20 clients (out of 20)
2025-04-07 20:23:11 - INFO - aggregate_evaluate: received 20 results and 0 failures
2025-04-07 20:23:11 - INFO - 
2025-04-07 20:23:11 - INFO - [ROUND 14]
2025-04-07 20:23:11 - INFO - configure_fit: strategy sampled 20 clients (out of 20)
2025-04-07 20:23:15 - INFO - aggregate_fit: received 20 results and 0 failures
2025-04-07 20:23:15 - INFO - configure_evaluate: strategy sampled 20 clients (out of 20)
2025-04-07 20:23:15 - INFO - aggregate_evaluate: received 20 results and 0 failures
2025-04-07 20:23:15 - INFO - 
2025-04-07 20:23:15 - INFO - [ROUND 15]
2025-04-07 20:23:15 - INFO - configure_fit: strategy sampled 20 clients (out of 20)
2025-04-07 20:23:19 - INFO - aggregate_fit: received 20 results and 0 failures
2025-04-07 20:23:19 - INFO - configure_evaluate: strategy sampled 20 clients (out of 20)
2025-04-07 20:23:20 - INFO - aggregate_evaluate: received 20 results and 0 failures
2025-04-07 20:23:20 - INFO - 
2025-04-07 20:23:20 - INFO - [ROUND 16]
2025-04-07 20:23:20 - INFO - configure_fit: strategy sampled 20 clients (out of 20)
2025-04-07 20:23:24 - INFO - aggregate_fit: received 20 results and 0 failures
2025-04-07 20:23:24 - INFO - configure_evaluate: strategy sampled 20 clients (out of 20)
2025-04-07 20:23:24 - INFO - aggregate_evaluate: received 20 results and 0 failures
2025-04-07 20:23:24 - INFO - 
2025-04-07 20:23:24 - INFO - [ROUND 17]
2025-04-07 20:23:24 - INFO - configure_fit: strategy sampled 20 clients (out of 20)
2025-04-07 20:23:28 - INFO - aggregate_fit: received 20 results and 0 failures
2025-04-07 20:23:28 - INFO - configure_evaluate: strategy sampled 20 clients (out of 20)
2025-04-07 20:23:29 - INFO - aggregate_evaluate: received 20 results and 0 failures
2025-04-07 20:23:29 - INFO - 
2025-04-07 20:23:29 - INFO - [ROUND 18]
2025-04-07 20:23:29 - INFO - configure_fit: strategy sampled 20 clients (out of 20)
2025-04-07 20:23:32 - INFO - aggregate_fit: received 20 results and 0 failures
2025-04-07 20:23:33 - INFO - configure_evaluate: strategy sampled 20 clients (out of 20)
2025-04-07 20:23:33 - INFO - aggregate_evaluate: received 20 results and 0 failures
2025-04-07 20:23:33 - INFO - 
2025-04-07 20:23:33 - INFO - [ROUND 19]
2025-04-07 20:23:33 - INFO - configure_fit: strategy sampled 20 clients (out of 20)
2025-04-07 20:23:37 - INFO - aggregate_fit: received 20 results and 0 failures
2025-04-07 20:23:37 - INFO - configure_evaluate: strategy sampled 20 clients (out of 20)
2025-04-07 20:23:37 - INFO - aggregate_evaluate: received 20 results and 0 failures
2025-04-07 20:23:37 - INFO - 
2025-04-07 20:23:37 - INFO - [ROUND 20]
2025-04-07 20:23:37 - INFO - configure_fit: strategy sampled 20 clients (out of 20)
2025-04-07 20:23:41 - INFO - aggregate_fit: received 20 results and 0 failures
2025-04-07 20:23:41 - INFO - configure_evaluate: strategy sampled 20 clients (out of 20)
2025-04-07 20:23:41 - INFO - aggregate_evaluate: received 20 results and 0 failures
2025-04-07 20:23:41 - INFO - 
2025-04-07 20:23:41 - INFO - [SUMMARY]
2025-04-07 20:23:41 - INFO - Run finished 20 round(s) in 88.85s
2025-04-07 20:23:41 - INFO - 	History (loss, distributed):
2025-04-07 20:23:41 - INFO - 		round 1: 1.8527825744036428
2025-04-07 20:23:41 - INFO - 		round 2: 2.1370562575757504
2025-04-07 20:23:41 - INFO - 		round 3: 2.519020617176898
2025-04-07 20:23:41 - INFO - 		round 4: 2.1634137647226455
2025-04-07 20:23:41 - INFO - 		round 5: 3.1815599596127866
2025-04-07 20:23:41 - INFO - 		round 6: 0.7685492380114738
2025-04-07 20:23:41 - INFO - 		round 7: 0.8065230695530772
2025-04-07 20:23:41 - INFO - 		round 8: 0.94903498177664
2025-04-07 20:23:41 - INFO - 		round 9: 0.8831534205004573
2025-04-07 20:23:41 - INFO - 		round 10: 0.6485686792773583
2025-04-07 20:23:41 - INFO - 		round 11: 1.1730944162234664
2025-04-07 20:23:41 - INFO - 		round 12: 2.1720595539110947
2025-04-07 20:23:41 - INFO - 		round 13: 0.7583064020611345
2025-04-07 20:23:41 - INFO - 		round 14: 2.4953832230356054
2025-04-07 20:23:41 - INFO - 		round 15: 0.7041853548958897
2025-04-07 20:23:41 - INFO - 		round 16: 0.5222006141275415
2025-04-07 20:23:41 - INFO - 		round 17: 0.794714414793998
2025-04-07 20:23:41 - INFO - 		round 18: 0.5412968812779582
2025-04-07 20:23:41 - INFO - 		round 19: 1.4759785037720576
2025-04-07 20:23:41 - INFO - 		round 20: 0.36531676638951466
2025-04-07 20:23:41 - INFO - 	History (metrics, distributed, evaluate):
2025-04-07 20:23:41 - INFO - 	{'accuracy': [(1, 0.903),
2025-04-07 20:23:41 - INFO - 	              (2, 0.2947),
2025-04-07 20:23:41 - INFO - 	              (3, 0.8353),
2025-04-07 20:23:41 - INFO - 	              (4, 0.5829),
2025-04-07 20:23:41 - INFO - 	              (5, 0.4589),
2025-04-07 20:23:41 - INFO - 	              (6, 0.8051),
2025-04-07 20:23:41 - INFO - 	              (7, 0.774),
2025-04-07 20:23:41 - INFO - 	              (8, 0.8566),
2025-04-07 20:23:41 - INFO - 	              (9, 0.7271),
2025-04-07 20:23:41 - INFO - 	              (10, 0.8917),
2025-04-07 20:23:41 - INFO - 	              (11, 0.6269),
2025-04-07 20:23:41 - INFO - 	              (12, 0.7916),
2025-04-07 20:23:41 - INFO - 	              (13, 0.7977),
2025-04-07 20:23:41 - INFO - 	              (14, 0.7651),
2025-04-07 20:23:41 - INFO - 	              (15, 0.7993),
2025-04-07 20:23:41 - INFO - 	              (16, 0.9012),
2025-04-07 20:23:41 - INFO - 	              (17, 0.7917),
2025-04-07 20:23:41 - INFO - 	              (18, 0.8935),
2025-04-07 20:23:41 - INFO - 	              (19, 0.6688),
2025-04-07 20:23:41 - INFO - 	              (20, 0.9077)]}
2025-04-07 20:23:41 - INFO - 
