2025-04-21 20:44:04 - INFO - Starting Federated Learning Simulation: dataset type: iid, dataset name: mnist, strategy: FedAvg(accept_failures=True), rounds: 50, clients: 20
2025-04-21 20:44:04 - WARNING - DEPRECATED FEATURE: flwr.simulation.start_simulation() is deprecated.
	Instead, use the `flwr run` CLI command to start a local simulation in your Flower app, as shown for example below:

		$ flwr new  # Create a new Flower app from a template

		$ flwr run  # Run the Flower app in Simulation Mode

	Using `start_simulation()` is deprecated.

            This is a deprecated feature. It will be removed
            entirely in future versions of Flower.
        
2025-04-21 20:44:04 - INFO - Starting Flower simulation, config: num_rounds=50, no round_timeout
2025-04-21 20:44:08 - INFO - Flower VCE: Ray initialized with resources: {'accelerator_type:G': 1.0, 'node:__internal_head__': 1.0, 'CPU': 24.0, 'memory': 11366667879.0, 'node:127.0.0.1': 1.0, 'object_store_memory': 5683333939.0, 'GPU': 1.0}
2025-04-21 20:44:08 - INFO - Optimize your simulation with Flower VCE: https://flower.ai/docs/framework/how-to-run-simulations.html
2025-04-21 20:44:08 - INFO - No `client_resources` specified. Using minimal resources for clients.
2025-04-21 20:44:08 - INFO - Flower VCE: Resources for each Virtual Client: {'num_cpus': 1, 'num_gpus': 0.0}
2025-04-21 20:44:08 - INFO - Flower VCE: Creating VirtualClientEngineActorPool with 24 actors
2025-04-21 20:44:08 - INFO - [INIT]
2025-04-21 20:44:08 - INFO - Requesting initial parameters from one random client
2025-04-21 20:44:16 - INFO - Received initial parameters from one random client
2025-04-21 20:44:16 - INFO - Starting evaluation of initial global parameters
2025-04-21 20:44:19 - INFO - initial parameters (loss, other metrics): 0.07382761383056641, {'central_global_loss': 0.07382761383056641, 'central_global_accuracy': 0.098, 'central_clean_loss': 0.07206743800640106, 'central_clean_accuracy': 0.1215, 'central_malicious_loss': 0.07206743800640106, 'central_malicious_accuracy': 0.1215}
2025-04-21 20:44:19 - INFO - 
2025-04-21 20:44:19 - INFO - [ROUND 1]
2025-04-21 20:44:19 - INFO - configure_fit: strategy sampled 20 clients (out of 20)
2025-04-21 20:44:27 - INFO - aggregate_fit: received 20 results and 0 failures
2025-04-21 20:44:27 - WARNING - No fit_metrics_aggregation_fn provided
2025-04-21 20:44:30 - INFO - fit progress: (1, 0.01003777077794075, {'central_global_loss': 0.01003777077794075, 'central_global_accuracy': 0.912, 'central_clean_loss': 0.009623030460253357, 'central_clean_accuracy': 0.916, 'central_malicious_loss': 0.009623030460253357, 'central_malicious_accuracy': 0.916}, 10.656977899999998)
2025-04-21 20:44:30 - INFO - configure_evaluate: strategy sampled 20 clients (out of 20)
2025-04-21 20:44:31 - INFO - aggregate_evaluate: received 20 results and 0 failures
2025-04-21 20:44:31 - INFO - 
2025-04-21 20:44:31 - INFO - [ROUND 2]
2025-04-21 20:44:31 - INFO - configure_fit: strategy sampled 20 clients (out of 20)
2025-04-21 20:44:34 - INFO - aggregate_fit: received 20 results and 0 failures
2025-04-21 20:44:37 - INFO - fit progress: (2, 0.004595246806740761, {'central_global_loss': 0.004595246806740761, 'central_global_accuracy': 0.954, 'central_clean_loss': 0.004535380340390839, 'central_clean_accuracy': 0.9555, 'central_malicious_loss': 0.004535380340390839, 'central_malicious_accuracy': 0.9555}, 17.827938899999996)
2025-04-21 20:44:37 - INFO - configure_evaluate: strategy sampled 20 clients (out of 20)
2025-04-21 20:44:38 - INFO - aggregate_evaluate: received 20 results and 0 failures
2025-04-21 20:44:38 - INFO - 
2025-04-21 20:44:38 - INFO - [ROUND 3]
2025-04-21 20:44:38 - INFO - configure_fit: strategy sampled 20 clients (out of 20)
2025-04-21 20:44:42 - INFO - aggregate_fit: received 20 results and 0 failures
2025-04-21 20:44:44 - INFO - fit progress: (3, 0.0031266794726252556, {'central_global_loss': 0.0031266794726252556, 'central_global_accuracy': 0.964, 'central_clean_loss': 0.0032790415850351565, 'central_clean_accuracy': 0.9659, 'central_malicious_loss': 0.0032790415850351565, 'central_malicious_accuracy': 0.9659}, 24.972731)
2025-04-21 20:44:44 - INFO - configure_evaluate: strategy sampled 20 clients (out of 20)
2025-04-21 20:44:45 - INFO - aggregate_evaluate: received 20 results and 0 failures
2025-04-21 20:44:45 - INFO - 
2025-04-21 20:44:45 - INFO - [ROUND 4]
2025-04-21 20:44:45 - INFO - configure_fit: strategy sampled 20 clients (out of 20)
2025-04-21 20:44:49 - INFO - aggregate_fit: received 20 results and 0 failures
2025-04-21 20:44:52 - INFO - fit progress: (4, 0.0023149805441498757, {'central_global_loss': 0.0023149805441498757, 'central_global_accuracy': 0.976, 'central_clean_loss': 0.002620316089014523, 'central_clean_accuracy': 0.9726, 'central_malicious_loss': 0.002620316089014523, 'central_malicious_accuracy': 0.9726}, 32.106150099999994)
2025-04-21 20:44:52 - INFO - configure_evaluate: strategy sampled 20 clients (out of 20)
2025-04-21 20:44:52 - INFO - aggregate_evaluate: received 20 results and 0 failures
2025-04-21 20:44:52 - INFO - 
2025-04-21 20:44:52 - INFO - [ROUND 5]
2025-04-21 20:44:52 - INFO - configure_fit: strategy sampled 20 clients (out of 20)
2025-04-21 20:44:56 - INFO - aggregate_fit: received 20 results and 0 failures
2025-04-21 20:44:59 - INFO - fit progress: (5, 0.0018197878338396549, {'central_global_loss': 0.0018197878338396549, 'central_global_accuracy': 0.984, 'central_clean_loss': 0.0022271387327928095, 'central_clean_accuracy': 0.977, 'central_malicious_loss': 0.0022271387327928095, 'central_malicious_accuracy': 0.977}, 39.2150049)
2025-04-21 20:44:59 - INFO - configure_evaluate: strategy sampled 20 clients (out of 20)
2025-04-21 20:44:59 - INFO - aggregate_evaluate: received 20 results and 0 failures
2025-04-21 20:44:59 - INFO - 
2025-04-21 20:44:59 - INFO - [ROUND 6]
2025-04-21 20:44:59 - INFO - configure_fit: strategy sampled 20 clients (out of 20)
2025-04-21 20:45:03 - INFO - aggregate_fit: received 20 results and 0 failures
2025-04-21 20:45:06 - INFO - fit progress: (6, 0.0015104864984750747, {'central_global_loss': 0.0015104864984750747, 'central_global_accuracy': 0.986, 'central_clean_loss': 0.001956484702281887, 'central_clean_accuracy': 0.9796, 'central_malicious_loss': 0.001956484702281887, 'central_malicious_accuracy': 0.9796}, 46.28903179999999)
2025-04-21 20:45:06 - INFO - configure_evaluate: strategy sampled 20 clients (out of 20)
2025-04-21 20:45:06 - INFO - aggregate_evaluate: received 20 results and 0 failures
2025-04-21 20:45:06 - INFO - 
2025-04-21 20:45:06 - INFO - [ROUND 7]
2025-04-21 20:45:06 - INFO - configure_fit: strategy sampled 20 clients (out of 20)
2025-04-21 20:45:10 - INFO - aggregate_fit: received 20 results and 0 failures
2025-04-21 20:45:13 - INFO - fit progress: (7, 0.0013151685828343034, {'central_global_loss': 0.0013151685828343034, 'central_global_accuracy': 0.99, 'central_clean_loss': 0.001751186306992895, 'central_clean_accuracy': 0.9818, 'central_malicious_loss': 0.001751186306992895, 'central_malicious_accuracy': 0.9818}, 53.3484165)
2025-04-21 20:45:13 - INFO - configure_evaluate: strategy sampled 20 clients (out of 20)
2025-04-21 20:45:13 - INFO - aggregate_evaluate: received 20 results and 0 failures
2025-04-21 20:45:13 - INFO - 
2025-04-21 20:45:13 - INFO - [ROUND 8]
2025-04-21 20:45:13 - INFO - configure_fit: strategy sampled 20 clients (out of 20)
2025-04-21 20:45:17 - INFO - aggregate_fit: received 20 results and 0 failures
2025-04-21 20:45:20 - INFO - fit progress: (8, 0.0011893797721713782, {'central_global_loss': 0.0011893797721713782, 'central_global_accuracy': 0.988, 'central_clean_loss': 0.0016008712202994501, 'central_clean_accuracy': 0.9833, 'central_malicious_loss': 0.0016008712202994501, 'central_malicious_accuracy': 0.9833}, 60.377883)
2025-04-21 20:45:20 - INFO - configure_evaluate: strategy sampled 20 clients (out of 20)
2025-04-21 20:45:20 - INFO - aggregate_evaluate: received 20 results and 0 failures
2025-04-21 20:45:20 - INFO - 
2025-04-21 20:45:20 - INFO - [ROUND 9]
2025-04-21 20:45:20 - INFO - configure_fit: strategy sampled 20 clients (out of 20)
2025-04-21 20:45:24 - INFO - aggregate_fit: received 20 results and 0 failures
2025-04-21 20:45:27 - INFO - fit progress: (9, 0.0010880003320053219, {'central_global_loss': 0.0010880003320053219, 'central_global_accuracy': 0.992, 'central_clean_loss': 0.0014750022769221686, 'central_clean_accuracy': 0.9849, 'central_malicious_loss': 0.0014750022769221686, 'central_malicious_accuracy': 0.9849}, 67.4369866)
2025-04-21 20:45:27 - INFO - configure_evaluate: strategy sampled 20 clients (out of 20)
2025-04-21 20:45:27 - INFO - aggregate_evaluate: received 20 results and 0 failures
2025-04-21 20:45:27 - INFO - 
2025-04-21 20:45:27 - INFO - [ROUND 10]
2025-04-21 20:45:27 - INFO - configure_fit: strategy sampled 20 clients (out of 20)
2025-04-21 20:45:31 - INFO - aggregate_fit: received 20 results and 0 failures
2025-04-21 20:45:34 - INFO - fit progress: (10, 0.001009862257167697, {'central_global_loss': 0.001009862257167697, 'central_global_accuracy': 0.99, 'central_clean_loss': 0.0013769063490653934, 'central_clean_accuracy': 0.9852, 'central_malicious_loss': 0.0013769063490653934, 'central_malicious_accuracy': 0.9852}, 74.50938119999999)
2025-04-21 20:45:34 - INFO - configure_evaluate: strategy sampled 20 clients (out of 20)
2025-04-21 20:45:34 - INFO - aggregate_evaluate: received 20 results and 0 failures
2025-04-21 20:45:34 - INFO - 
2025-04-21 20:45:34 - INFO - [ROUND 11]
2025-04-21 20:45:34 - INFO - configure_fit: strategy sampled 20 clients (out of 20)
2025-04-21 20:45:38 - INFO - aggregate_fit: received 20 results and 0 failures
2025-04-21 20:45:41 - INFO - fit progress: (11, 0.0009454282680526376, {'central_global_loss': 0.0009454282680526376, 'central_global_accuracy': 0.992, 'central_clean_loss': 0.0012999155623041588, 'central_clean_accuracy': 0.9855, 'central_malicious_loss': 0.0012999155623041588, 'central_malicious_accuracy': 0.9855}, 81.7182184)
2025-04-21 20:45:41 - INFO - configure_evaluate: strategy sampled 20 clients (out of 20)
2025-04-21 20:45:42 - INFO - aggregate_evaluate: received 20 results and 0 failures
2025-04-21 20:45:42 - INFO - 
2025-04-21 20:45:42 - INFO - [ROUND 12]
2025-04-21 20:45:42 - INFO - configure_fit: strategy sampled 20 clients (out of 20)
2025-04-21 20:45:45 - INFO - aggregate_fit: received 20 results and 0 failures
2025-04-21 20:45:48 - INFO - fit progress: (12, 0.0008740430981852114, {'central_global_loss': 0.0008740430981852114, 'central_global_accuracy': 0.992, 'central_clean_loss': 0.0012345442037552856, 'central_clean_accuracy': 0.9864, 'central_malicious_loss': 0.0012345442037552856, 'central_malicious_accuracy': 0.9864}, 88.71815439999999)
2025-04-21 20:45:48 - INFO - configure_evaluate: strategy sampled 20 clients (out of 20)
2025-04-21 20:45:49 - INFO - aggregate_evaluate: received 20 results and 0 failures
2025-04-21 20:45:49 - INFO - 
2025-04-21 20:45:49 - INFO - [ROUND 13]
2025-04-21 20:45:49 - INFO - configure_fit: strategy sampled 20 clients (out of 20)
2025-04-21 20:45:52 - INFO - aggregate_fit: received 20 results and 0 failures
2025-04-21 20:45:55 - INFO - fit progress: (13, 0.0008364662621170283, {'central_global_loss': 0.0008364662621170283, 'central_global_accuracy': 0.992, 'central_clean_loss': 0.0011757452734465915, 'central_clean_accuracy': 0.9869, 'central_malicious_loss': 0.0011757452734465915, 'central_malicious_accuracy': 0.9869}, 95.70818469999999)
2025-04-21 20:45:55 - INFO - configure_evaluate: strategy sampled 20 clients (out of 20)
2025-04-21 20:45:56 - INFO - aggregate_evaluate: received 20 results and 0 failures
2025-04-21 20:45:56 - INFO - 
2025-04-21 20:45:56 - INFO - [ROUND 14]
2025-04-21 20:45:56 - INFO - configure_fit: strategy sampled 20 clients (out of 20)
2025-04-21 20:45:59 - INFO - aggregate_fit: received 20 results and 0 failures
2025-04-21 20:46:02 - INFO - fit progress: (14, 0.000783190899528563, {'central_global_loss': 0.000783190899528563, 'central_global_accuracy': 0.992, 'central_clean_loss': 0.0011251018332623063, 'central_clean_accuracy': 0.9872, 'central_malicious_loss': 0.0011251018332623063, 'central_malicious_accuracy': 0.9872}, 102.72548599999999)
2025-04-21 20:46:02 - INFO - configure_evaluate: strategy sampled 20 clients (out of 20)
2025-04-21 20:46:03 - INFO - aggregate_evaluate: received 20 results and 0 failures
2025-04-21 20:46:03 - INFO - 
2025-04-21 20:46:03 - INFO - [ROUND 15]
2025-04-21 20:46:03 - INFO - configure_fit: strategy sampled 20 clients (out of 20)
2025-04-21 20:46:06 - INFO - aggregate_fit: received 20 results and 0 failures
2025-04-21 20:46:09 - INFO - fit progress: (15, 0.000760414941702038, {'central_global_loss': 0.000760414941702038, 'central_global_accuracy': 0.992, 'central_clean_loss': 0.0010822355931017229, 'central_clean_accuracy': 0.9873, 'central_malicious_loss': 0.0010822355931017229, 'central_malicious_accuracy': 0.9873}, 109.79107669999999)
2025-04-21 20:46:09 - INFO - configure_evaluate: strategy sampled 20 clients (out of 20)
2025-04-21 20:46:10 - INFO - aggregate_evaluate: received 20 results and 0 failures
2025-04-21 20:46:10 - INFO - 
2025-04-21 20:46:10 - INFO - [ROUND 16]
2025-04-21 20:46:10 - INFO - configure_fit: strategy sampled 20 clients (out of 20)
2025-04-21 20:46:14 - INFO - aggregate_fit: received 20 results and 0 failures
2025-04-21 20:46:17 - INFO - fit progress: (16, 0.0007323534418828785, {'central_global_loss': 0.0007323534418828785, 'central_global_accuracy': 0.992, 'central_clean_loss': 0.0010436175979639303, 'central_clean_accuracy': 0.9882, 'central_malicious_loss': 0.0010436175979639303, 'central_malicious_accuracy': 0.9882}, 117.76464519999999)
2025-04-21 20:46:17 - INFO - configure_evaluate: strategy sampled 20 clients (out of 20)
2025-04-21 20:46:18 - INFO - aggregate_evaluate: received 20 results and 0 failures
2025-04-21 20:46:18 - INFO - 
2025-04-21 20:46:18 - INFO - [ROUND 17]
2025-04-21 20:46:18 - INFO - configure_fit: strategy sampled 20 clients (out of 20)
2025-04-21 20:46:22 - INFO - aggregate_fit: received 20 results and 0 failures
2025-04-21 20:46:26 - INFO - fit progress: (17, 0.0007021624015178531, {'central_global_loss': 0.0007021624015178531, 'central_global_accuracy': 0.992, 'central_clean_loss': 0.0010059087380937853, 'central_clean_accuracy': 0.9888, 'central_malicious_loss': 0.0010059087380937853, 'central_malicious_accuracy': 0.9888}, 126.75524469999999)
2025-04-21 20:46:26 - INFO - configure_evaluate: strategy sampled 20 clients (out of 20)
2025-04-21 20:46:27 - INFO - aggregate_evaluate: received 20 results and 0 failures
2025-04-21 20:46:27 - INFO - 
2025-04-21 20:46:27 - INFO - [ROUND 18]
2025-04-21 20:46:27 - INFO - configure_fit: strategy sampled 20 clients (out of 20)
2025-04-21 20:46:31 - INFO - aggregate_fit: received 20 results and 0 failures
2025-04-21 20:46:35 - INFO - fit progress: (18, 0.0006714972392655909, {'central_global_loss': 0.0006714972392655909, 'central_global_accuracy': 0.992, 'central_clean_loss': 0.0009790095632592056, 'central_clean_accuracy': 0.9888, 'central_malicious_loss': 0.0009790095632592056, 'central_malicious_accuracy': 0.9888}, 135.2420134)
2025-04-21 20:46:35 - INFO - configure_evaluate: strategy sampled 20 clients (out of 20)
2025-04-21 20:46:35 - INFO - aggregate_evaluate: received 20 results and 0 failures
2025-04-21 20:46:35 - INFO - 
2025-04-21 20:46:35 - INFO - [ROUND 19]
2025-04-21 20:46:35 - INFO - configure_fit: strategy sampled 20 clients (out of 20)
2025-04-21 20:46:39 - INFO - aggregate_fit: received 20 results and 0 failures
2025-04-21 20:46:44 - INFO - fit progress: (19, 0.00064410435478203, {'central_global_loss': 0.00064410435478203, 'central_global_accuracy': 0.992, 'central_clean_loss': 0.0009531943872396368, 'central_clean_accuracy': 0.9891, 'central_malicious_loss': 0.0009531943872396368, 'central_malicious_accuracy': 0.9891}, 144.0387841)
2025-04-21 20:46:44 - INFO - configure_evaluate: strategy sampled 20 clients (out of 20)
2025-04-21 20:46:44 - INFO - aggregate_evaluate: received 20 results and 0 failures
2025-04-21 20:46:44 - INFO - 
2025-04-21 20:46:44 - INFO - [ROUND 20]
2025-04-21 20:46:44 - INFO - configure_fit: strategy sampled 20 clients (out of 20)
2025-04-21 20:46:48 - INFO - aggregate_fit: received 20 results and 0 failures
2025-04-21 20:46:52 - INFO - fit progress: (20, 0.0006282202997244894, {'central_global_loss': 0.0006282202997244894, 'central_global_accuracy': 0.994, 'central_clean_loss': 0.0009320089459351948, 'central_clean_accuracy': 0.9899, 'central_malicious_loss': 0.0009320089459351948, 'central_malicious_accuracy': 0.9899}, 152.4810402)
2025-04-21 20:46:52 - INFO - configure_evaluate: strategy sampled 20 clients (out of 20)
2025-04-21 20:46:52 - INFO - aggregate_evaluate: received 20 results and 0 failures
2025-04-21 20:46:52 - INFO - 
2025-04-21 20:46:52 - INFO - [ROUND 21]
2025-04-21 20:46:52 - INFO - configure_fit: strategy sampled 20 clients (out of 20)
2025-04-21 20:46:57 - INFO - aggregate_fit: received 20 results and 0 failures
2025-04-21 20:47:02 - INFO - fit progress: (21, 0.000596050756284967, {'central_global_loss': 0.000596050756284967, 'central_global_accuracy': 0.994, 'central_clean_loss': 0.0009091051766209603, 'central_clean_accuracy': 0.9902, 'central_malicious_loss': 0.0009091051766209603, 'central_malicious_accuracy': 0.9902}, 162.3933334)
2025-04-21 20:47:02 - INFO - configure_evaluate: strategy sampled 20 clients (out of 20)
2025-04-21 20:47:02 - INFO - aggregate_evaluate: received 20 results and 0 failures
2025-04-21 20:47:02 - INFO - 
2025-04-21 20:47:02 - INFO - [ROUND 22]
2025-04-21 20:47:02 - INFO - configure_fit: strategy sampled 20 clients (out of 20)
2025-04-21 20:47:06 - INFO - aggregate_fit: received 20 results and 0 failures
2025-04-21 20:47:10 - INFO - fit progress: (22, 0.0005734855823684484, {'central_global_loss': 0.0005734855823684484, 'central_global_accuracy': 0.996, 'central_clean_loss': 0.0008939226022857838, 'central_clean_accuracy': 0.9902, 'central_malicious_loss': 0.0008939226022857838, 'central_malicious_accuracy': 0.9902}, 170.8858533)
2025-04-21 20:47:10 - INFO - configure_evaluate: strategy sampled 20 clients (out of 20)
2025-04-21 20:47:11 - INFO - aggregate_evaluate: received 20 results and 0 failures
2025-04-21 20:47:11 - INFO - 
2025-04-21 20:47:11 - INFO - [ROUND 23]
2025-04-21 20:47:11 - INFO - configure_fit: strategy sampled 20 clients (out of 20)
2025-04-21 20:47:15 - INFO - aggregate_fit: received 20 results and 0 failures
2025-04-21 20:47:19 - INFO - fit progress: (23, 0.0005506103842053562, {'central_global_loss': 0.0005506103842053562, 'central_global_accuracy': 0.996, 'central_clean_loss': 0.0008767692665122013, 'central_clean_accuracy': 0.9904, 'central_malicious_loss': 0.0008767692665122013, 'central_malicious_accuracy': 0.9904}, 179.6350173)
2025-04-21 20:47:19 - INFO - configure_evaluate: strategy sampled 20 clients (out of 20)
2025-04-21 20:47:20 - INFO - aggregate_evaluate: received 20 results and 0 failures
2025-04-21 20:47:20 - INFO - 
2025-04-21 20:47:20 - INFO - [ROUND 24]
2025-04-21 20:47:20 - INFO - configure_fit: strategy sampled 20 clients (out of 20)
2025-04-21 20:47:23 - INFO - aggregate_fit: received 20 results and 0 failures
2025-04-21 20:47:28 - INFO - fit progress: (24, 0.0005315964051987975, {'central_global_loss': 0.0005315964051987975, 'central_global_accuracy': 0.996, 'central_clean_loss': 0.0008625020363197109, 'central_clean_accuracy': 0.9905, 'central_malicious_loss': 0.0008625020363197109, 'central_malicious_accuracy': 0.9905}, 188.2392654)
2025-04-21 20:47:28 - INFO - configure_evaluate: strategy sampled 20 clients (out of 20)
2025-04-21 20:47:28 - INFO - aggregate_evaluate: received 20 results and 0 failures
2025-04-21 20:47:28 - INFO - 
2025-04-21 20:47:28 - INFO - [ROUND 25]
2025-04-21 20:47:28 - INFO - configure_fit: strategy sampled 20 clients (out of 20)
2025-04-21 20:47:32 - INFO - aggregate_fit: received 20 results and 0 failures
2025-04-21 20:47:36 - INFO - fit progress: (25, 0.000519908053567633, {'central_global_loss': 0.000519908053567633, 'central_global_accuracy': 0.996, 'central_clean_loss': 0.0008505161133565707, 'central_clean_accuracy': 0.9906, 'central_malicious_loss': 0.0008505161133565707, 'central_malicious_accuracy': 0.9906}, 196.8673967)
2025-04-21 20:47:36 - INFO - configure_evaluate: strategy sampled 20 clients (out of 20)
2025-04-21 20:47:37 - INFO - aggregate_evaluate: received 20 results and 0 failures
2025-04-21 20:47:37 - INFO - 
2025-04-21 20:47:37 - INFO - [ROUND 26]
2025-04-21 20:47:37 - INFO - configure_fit: strategy sampled 20 clients (out of 20)
2025-04-21 20:47:41 - INFO - aggregate_fit: received 20 results and 0 failures
2025-04-21 20:47:46 - INFO - fit progress: (26, 0.0005023769359104335, {'central_global_loss': 0.0005023769359104335, 'central_global_accuracy': 0.996, 'central_clean_loss': 0.0008403741028593686, 'central_clean_accuracy': 0.9907, 'central_malicious_loss': 0.0008403741028593686, 'central_malicious_accuracy': 0.9907}, 206.3514489)
2025-04-21 20:47:46 - INFO - configure_evaluate: strategy sampled 20 clients (out of 20)
2025-04-21 20:47:46 - INFO - aggregate_evaluate: received 20 results and 0 failures
2025-04-21 20:47:46 - INFO - 
2025-04-21 20:47:46 - INFO - [ROUND 27]
2025-04-21 20:47:46 - INFO - configure_fit: strategy sampled 20 clients (out of 20)
2025-04-21 20:47:50 - INFO - aggregate_fit: received 20 results and 0 failures
2025-04-21 20:47:54 - INFO - fit progress: (27, 0.0004827996655367315, {'central_global_loss': 0.0004827996655367315, 'central_global_accuracy': 0.996, 'central_clean_loss': 0.0008272650068612166, 'central_clean_accuracy': 0.9911, 'central_malicious_loss': 0.0008272650068612166, 'central_malicious_accuracy': 0.9911}, 214.7903778)
2025-04-21 20:47:54 - INFO - configure_evaluate: strategy sampled 20 clients (out of 20)
2025-04-21 20:47:55 - INFO - aggregate_evaluate: received 20 results and 0 failures
2025-04-21 20:47:55 - INFO - 
2025-04-21 20:47:55 - INFO - [ROUND 28]
2025-04-21 20:47:55 - INFO - configure_fit: strategy sampled 20 clients (out of 20)
2025-04-21 20:47:59 - INFO - aggregate_fit: received 20 results and 0 failures
2025-04-21 20:48:03 - INFO - fit progress: (28, 0.00046426842908840624, {'central_global_loss': 0.00046426842908840624, 'central_global_accuracy': 0.996, 'central_clean_loss': 0.000816599883919389, 'central_clean_accuracy': 0.9912, 'central_malicious_loss': 0.000816599883919389, 'central_malicious_accuracy': 0.9912}, 223.381937)
2025-04-21 20:48:03 - INFO - configure_evaluate: strategy sampled 20 clients (out of 20)
2025-04-21 20:48:03 - INFO - aggregate_evaluate: received 20 results and 0 failures
2025-04-21 20:48:03 - INFO - 
2025-04-21 20:48:03 - INFO - [ROUND 29]
2025-04-21 20:48:03 - INFO - configure_fit: strategy sampled 20 clients (out of 20)
2025-04-21 20:48:07 - INFO - aggregate_fit: received 20 results and 0 failures
2025-04-21 20:48:11 - INFO - fit progress: (29, 0.0004486261943820864, {'central_global_loss': 0.0004486261943820864, 'central_global_accuracy': 0.996, 'central_clean_loss': 0.0008056732756480414, 'central_clean_accuracy': 0.9914, 'central_malicious_loss': 0.0008056732756480414, 'central_malicious_accuracy': 0.9914}, 231.80836559999997)
2025-04-21 20:48:11 - INFO - configure_evaluate: strategy sampled 20 clients (out of 20)
2025-04-21 20:48:12 - INFO - aggregate_evaluate: received 20 results and 0 failures
2025-04-21 20:48:12 - INFO - 
2025-04-21 20:48:12 - INFO - [ROUND 30]
2025-04-21 20:48:12 - INFO - configure_fit: strategy sampled 20 clients (out of 20)
2025-04-21 20:48:16 - INFO - aggregate_fit: received 20 results and 0 failures
2025-04-21 20:48:20 - INFO - fit progress: (30, 0.000434284760733135, {'central_global_loss': 0.000434284760733135, 'central_global_accuracy': 0.996, 'central_clean_loss': 0.0007995132949252365, 'central_clean_accuracy': 0.9912, 'central_malicious_loss': 0.0007995132949252365, 'central_malicious_accuracy': 0.9912}, 240.9984517)
2025-04-21 20:48:20 - INFO - configure_evaluate: strategy sampled 20 clients (out of 20)
2025-04-21 20:48:21 - INFO - aggregate_evaluate: received 20 results and 0 failures
2025-04-21 20:48:21 - INFO - 
2025-04-21 20:48:21 - INFO - [ROUND 31]
2025-04-21 20:48:21 - INFO - configure_fit: strategy sampled 20 clients (out of 20)
2025-04-21 20:48:25 - INFO - aggregate_fit: received 20 results and 0 failures
2025-04-21 20:48:30 - INFO - fit progress: (31, 0.00042316053505055606, {'central_global_loss': 0.00042316053505055606, 'central_global_accuracy': 0.996, 'central_clean_loss': 0.0007938931691523067, 'central_clean_accuracy': 0.9915, 'central_malicious_loss': 0.0007938931691523067, 'central_malicious_accuracy': 0.9915}, 250.65275599999998)
2025-04-21 20:48:30 - INFO - configure_evaluate: strategy sampled 20 clients (out of 20)
2025-04-21 20:48:31 - INFO - aggregate_evaluate: received 20 results and 0 failures
2025-04-21 20:48:31 - INFO - 
2025-04-21 20:48:31 - INFO - [ROUND 32]
2025-04-21 20:48:31 - INFO - configure_fit: strategy sampled 20 clients (out of 20)
2025-04-21 20:48:35 - INFO - aggregate_fit: received 20 results and 0 failures
2025-04-21 20:48:39 - INFO - fit progress: (32, 0.0004096977395238355, {'central_global_loss': 0.0004096977395238355, 'central_global_accuracy': 0.996, 'central_clean_loss': 0.000787222551259083, 'central_clean_accuracy': 0.9916, 'central_malicious_loss': 0.000787222551259083, 'central_malicious_accuracy': 0.9916}, 259.2479698)
2025-04-21 20:48:39 - INFO - configure_evaluate: strategy sampled 20 clients (out of 20)
2025-04-21 20:48:39 - INFO - aggregate_evaluate: received 20 results and 0 failures
2025-04-21 20:48:39 - INFO - 
2025-04-21 20:48:39 - INFO - [ROUND 33]
2025-04-21 20:48:39 - INFO - configure_fit: strategy sampled 20 clients (out of 20)
2025-04-21 20:48:43 - INFO - aggregate_fit: received 20 results and 0 failures
