2025-04-15 19:32:53 - INFO - Starting Federated Learning Simulation: dataset type: iid, dataset name: cifar10, strategy: FedAvg(accept_failures=True), rounds: 20, clients: 20
2025-04-15 19:32:53 - WARNING - DEPRECATED FEATURE: flwr.simulation.start_simulation() is deprecated.
	Instead, use the `flwr run` CLI command to start a local simulation in your Flower app, as shown for example below:

		$ flwr new  # Create a new Flower app from a template

		$ flwr run  # Run the Flower app in Simulation Mode

	Using `start_simulation()` is deprecated.

            This is a deprecated feature. It will be removed
            entirely in future versions of Flower.
        
2025-04-15 19:32:53 - INFO - Starting Flower simulation, config: num_rounds=20, no round_timeout
2025-04-15 19:32:55 - INFO - Flower VCE: Ray initialized with resources: {'accelerator_type:G': 1.0, 'node:__internal_head__': 1.0, 'CPU': 24.0, 'memory': 12741292032.0, 'node:127.0.0.1': 1.0, 'object_store_memory': 6370646016.0, 'GPU': 1.0}
2025-04-15 19:32:55 - INFO - Optimize your simulation with Flower VCE: https://flower.ai/docs/framework/how-to-run-simulations.html
2025-04-15 19:32:55 - INFO - No `client_resources` specified. Using minimal resources for clients.
2025-04-15 19:32:55 - INFO - Flower VCE: Resources for each Virtual Client: {'num_cpus': 1, 'num_gpus': 0.0}
2025-04-15 19:32:55 - INFO - Flower VCE: Creating VirtualClientEngineActorPool with 24 actors
2025-04-15 19:32:55 - INFO - [INIT]
2025-04-15 19:32:55 - INFO - Requesting initial parameters from one random client
2025-04-15 19:33:00 - INFO - Received initial parameters from one random client
2025-04-15 19:33:00 - INFO - Starting evaluation of initial global parameters
2025-04-15 19:33:06 - INFO - initial parameters (loss, other metrics): 0.07363741540908814, {'central_global_loss': 0.07363741540908814, 'central_global_accuracy': 0.1, 'central_clean_loss': 0.07206059048175811, 'central_clean_accuracy': 0.099, 'central_malicious_loss': 0.07206059048175811, 'central_malicious_accuracy': 0.099}
2025-04-15 19:33:06 - INFO - 
2025-04-15 19:33:06 - INFO - [ROUND 1]
2025-04-15 19:33:06 - INFO - configure_fit: strategy sampled 20 clients (out of 20)
2025-04-15 19:33:22 - INFO - aggregate_fit: received 20 results and 0 failures
2025-04-15 19:33:23 - WARNING - No fit_metrics_aggregation_fn provided
2025-04-15 19:33:30 - INFO - fit progress: (1, 0.0644744815826416, {'central_global_loss': 0.0644744815826416, 'central_global_accuracy': 0.294, 'central_clean_loss': 0.06368705466985702, 'central_clean_accuracy': 0.2811, 'central_malicious_loss': 0.06368705466985702, 'central_malicious_accuracy': 0.2811}, 23.4383955)
2025-04-15 19:33:30 - INFO - configure_evaluate: strategy sampled 20 clients (out of 20)
2025-04-15 19:33:33 - INFO - aggregate_evaluate: received 20 results and 0 failures
2025-04-15 19:33:33 - INFO - 
2025-04-15 19:33:33 - INFO - [ROUND 2]
2025-04-15 19:33:33 - INFO - configure_fit: strategy sampled 20 clients (out of 20)
2025-04-15 19:33:45 - INFO - aggregate_fit: received 20 results and 0 failures
2025-04-15 19:33:53 - INFO - fit progress: (2, 0.05719843983650207, {'central_global_loss': 0.05719843983650207, 'central_global_accuracy': 0.384, 'central_clean_loss': 0.05603636333942413, 'central_clean_accuracy': 0.3632, 'central_malicious_loss': 0.05603636333942413, 'central_malicious_accuracy': 0.3632}, 46.2119809)
2025-04-15 19:33:53 - INFO - configure_evaluate: strategy sampled 20 clients (out of 20)
2025-04-15 19:33:56 - INFO - aggregate_evaluate: received 20 results and 0 failures
2025-04-15 19:33:56 - INFO - 
2025-04-15 19:33:56 - INFO - [ROUND 3]
2025-04-15 19:33:56 - INFO - configure_fit: strategy sampled 20 clients (out of 20)
2025-04-15 19:34:08 - INFO - aggregate_fit: received 20 results and 0 failures
2025-04-15 19:34:16 - INFO - fit progress: (3, 0.051416010618209836, {'central_global_loss': 0.051416010618209836, 'central_global_accuracy': 0.402, 'central_clean_loss': 0.049704865145683286, 'central_clean_accuracy': 0.4236, 'central_malicious_loss': 0.049704865145683286, 'central_malicious_accuracy': 0.4236}, 69.4917416)
2025-04-15 19:34:16 - INFO - configure_evaluate: strategy sampled 20 clients (out of 20)
2025-04-15 19:34:19 - INFO - aggregate_evaluate: received 20 results and 0 failures
2025-04-15 19:34:19 - INFO - 
2025-04-15 19:34:19 - INFO - [ROUND 4]
2025-04-15 19:34:19 - INFO - configure_fit: strategy sampled 20 clients (out of 20)
2025-04-15 19:34:31 - INFO - aggregate_fit: received 20 results and 0 failures
2025-04-15 19:34:39 - INFO - fit progress: (4, 0.04886891055107117, {'central_global_loss': 0.04886891055107117, 'central_global_accuracy': 0.45, 'central_clean_loss': 0.0467466558098793, 'central_clean_accuracy': 0.4545, 'central_malicious_loss': 0.0467466558098793, 'central_malicious_accuracy': 0.4545}, 92.3011513)
2025-04-15 19:34:39 - INFO - configure_evaluate: strategy sampled 20 clients (out of 20)
2025-04-15 19:34:41 - INFO - aggregate_evaluate: received 20 results and 0 failures
2025-04-15 19:34:41 - INFO - 
2025-04-15 19:34:41 - INFO - [ROUND 5]
2025-04-15 19:34:41 - INFO - configure_fit: strategy sampled 20 clients (out of 20)
2025-04-15 19:34:54 - INFO - aggregate_fit: received 20 results and 0 failures
2025-04-15 19:35:02 - INFO - fit progress: (5, 0.04647306871414185, {'central_global_loss': 0.04647306871414185, 'central_global_accuracy': 0.476, 'central_clean_loss': 0.044437145984172824, 'central_clean_accuracy': 0.4889, 'central_malicious_loss': 0.044437145984172824, 'central_malicious_accuracy': 0.4889}, 115.1896631)
2025-04-15 19:35:02 - INFO - configure_evaluate: strategy sampled 20 clients (out of 20)
2025-04-15 19:35:04 - INFO - aggregate_evaluate: received 20 results and 0 failures
2025-04-15 19:35:04 - INFO - 
2025-04-15 19:35:04 - INFO - [ROUND 6]
2025-04-15 19:35:04 - INFO - configure_fit: strategy sampled 20 clients (out of 20)
2025-04-15 19:35:17 - INFO - aggregate_fit: received 20 results and 0 failures
2025-04-15 19:35:24 - INFO - fit progress: (6, 0.04423554706573486, {'central_global_loss': 0.04423554706573486, 'central_global_accuracy': 0.504, 'central_clean_loss': 0.04235725921392441, 'central_clean_accuracy': 0.5151, 'central_malicious_loss': 0.04235725921392441, 'central_malicious_accuracy': 0.5151}, 137.8992361)
2025-04-15 19:35:24 - INFO - configure_evaluate: strategy sampled 20 clients (out of 20)
2025-04-15 19:35:27 - INFO - aggregate_evaluate: received 20 results and 0 failures
2025-04-15 19:35:27 - INFO - 
2025-04-15 19:35:27 - INFO - [ROUND 7]
2025-04-15 19:35:27 - INFO - configure_fit: strategy sampled 20 clients (out of 20)
2025-04-15 19:35:39 - INFO - aggregate_fit: received 20 results and 0 failures
2025-04-15 19:35:47 - INFO - fit progress: (7, 0.042362151622772216, {'central_global_loss': 0.042362151622772216, 'central_global_accuracy': 0.524, 'central_clean_loss': 0.0408548201918602, 'central_clean_accuracy': 0.5341, 'central_malicious_loss': 0.0408548201918602, 'central_malicious_accuracy': 0.5341}, 160.56384379999997)
2025-04-15 19:35:47 - INFO - configure_evaluate: strategy sampled 20 clients (out of 20)
2025-04-15 19:35:50 - INFO - aggregate_evaluate: received 20 results and 0 failures
2025-04-15 19:35:50 - INFO - 
2025-04-15 19:35:50 - INFO - [ROUND 8]
2025-04-15 19:35:50 - INFO - configure_fit: strategy sampled 20 clients (out of 20)
2025-04-15 19:36:02 - INFO - aggregate_fit: received 20 results and 0 failures
2025-04-15 19:36:08 - INFO - fit progress: (8, 0.04068458533287048, {'central_global_loss': 0.04068458533287048, 'central_global_accuracy': 0.568, 'central_clean_loss': 0.039552102631330494, 'central_clean_accuracy': 0.5515, 'central_malicious_loss': 0.039552102631330494, 'central_malicious_accuracy': 0.5515}, 182.0354339)
2025-04-15 19:36:08 - INFO - configure_evaluate: strategy sampled 20 clients (out of 20)
2025-04-15 19:36:11 - INFO - aggregate_evaluate: received 20 results and 0 failures
2025-04-15 19:36:11 - INFO - 
2025-04-15 19:36:11 - INFO - [ROUND 9]
2025-04-15 19:36:11 - INFO - configure_fit: strategy sampled 20 clients (out of 20)
2025-04-15 19:36:24 - INFO - aggregate_fit: received 20 results and 0 failures
2025-04-15 19:36:30 - INFO - fit progress: (9, 0.038881612658500674, {'central_global_loss': 0.038881612658500674, 'central_global_accuracy': 0.576, 'central_clean_loss': 0.03791015077829361, 'central_clean_accuracy': 0.5698, 'central_malicious_loss': 0.03791015077829361, 'central_malicious_accuracy': 0.5698}, 203.2850871)
2025-04-15 19:36:30 - INFO - configure_evaluate: strategy sampled 20 clients (out of 20)
2025-04-15 19:36:32 - INFO - aggregate_evaluate: received 20 results and 0 failures
2025-04-15 19:36:32 - INFO - 
2025-04-15 19:36:32 - INFO - [ROUND 10]
2025-04-15 19:36:32 - INFO - configure_fit: strategy sampled 20 clients (out of 20)
2025-04-15 19:36:44 - INFO - aggregate_fit: received 20 results and 0 failures
2025-04-15 19:36:51 - INFO - fit progress: (10, 0.037358636856079104, {'central_global_loss': 0.037358636856079104, 'central_global_accuracy': 0.586, 'central_clean_loss': 0.03664888318777084, 'central_clean_accuracy': 0.5877, 'central_malicious_loss': 0.03664888318777084, 'central_malicious_accuracy': 0.5877}, 224.1987391)
2025-04-15 19:36:51 - INFO - configure_evaluate: strategy sampled 20 clients (out of 20)
2025-04-15 19:36:53 - INFO - aggregate_evaluate: received 20 results and 0 failures
2025-04-15 19:36:53 - INFO - 
2025-04-15 19:36:53 - INFO - [ROUND 11]
2025-04-15 19:36:53 - INFO - configure_fit: strategy sampled 20 clients (out of 20)
2025-04-15 19:37:06 - INFO - aggregate_fit: received 20 results and 0 failures
2025-04-15 19:37:12 - INFO - fit progress: (11, 0.03607893252372742, {'central_global_loss': 0.03607893252372742, 'central_global_accuracy': 0.61, 'central_clean_loss': 0.03557691603302956, 'central_clean_accuracy': 0.6017, 'central_malicious_loss': 0.03557691603302956, 'central_malicious_accuracy': 0.6017}, 245.4652127)
2025-04-15 19:37:12 - INFO - configure_evaluate: strategy sampled 20 clients (out of 20)
2025-04-15 19:37:15 - INFO - aggregate_evaluate: received 20 results and 0 failures
2025-04-15 19:37:15 - INFO - 
2025-04-15 19:37:15 - INFO - [ROUND 12]
2025-04-15 19:37:15 - INFO - configure_fit: strategy sampled 20 clients (out of 20)
2025-04-15 19:37:27 - INFO - aggregate_fit: received 20 results and 0 failures
2025-04-15 19:37:34 - INFO - fit progress: (12, 0.03485591673851013, {'central_global_loss': 0.03485591673851013, 'central_global_accuracy': 0.628, 'central_clean_loss': 0.034489196121692656, 'central_clean_accuracy': 0.612, 'central_malicious_loss': 0.034489196121692656, 'central_malicious_accuracy': 0.612}, 267.9345333)
2025-04-15 19:37:34 - INFO - configure_evaluate: strategy sampled 20 clients (out of 20)
2025-04-15 19:37:37 - INFO - aggregate_evaluate: received 20 results and 0 failures
2025-04-15 19:37:37 - INFO - 
2025-04-15 19:37:37 - INFO - [ROUND 13]
2025-04-15 19:37:37 - INFO - configure_fit: strategy sampled 20 clients (out of 20)
2025-04-15 19:37:50 - INFO - aggregate_fit: received 20 results and 0 failures
2025-04-15 19:37:57 - INFO - fit progress: (13, 0.033524436831474304, {'central_global_loss': 0.033524436831474304, 'central_global_accuracy': 0.644, 'central_clean_loss': 0.033470552563667294, 'central_clean_accuracy': 0.6251, 'central_malicious_loss': 0.033470552563667294, 'central_malicious_accuracy': 0.6251}, 290.5373447)
2025-04-15 19:37:57 - INFO - configure_evaluate: strategy sampled 20 clients (out of 20)
2025-04-15 19:38:00 - INFO - aggregate_evaluate: received 20 results and 0 failures
2025-04-15 19:38:00 - INFO - 
2025-04-15 19:38:00 - INFO - [ROUND 14]
2025-04-15 19:38:00 - INFO - configure_fit: strategy sampled 20 clients (out of 20)
2025-04-15 19:38:12 - INFO - aggregate_fit: received 20 results and 0 failures
2025-04-15 19:38:18 - INFO - fit progress: (14, 0.032842628836631776, {'central_global_loss': 0.032842628836631776, 'central_global_accuracy': 0.646, 'central_clean_loss': 0.03257383970618248, 'central_clean_accuracy': 0.6375, 'central_malicious_loss': 0.03257383970618248, 'central_malicious_accuracy': 0.6375}, 311.4472456)
2025-04-15 19:38:18 - INFO - configure_evaluate: strategy sampled 20 clients (out of 20)
2025-04-15 19:38:20 - INFO - aggregate_evaluate: received 20 results and 0 failures
2025-04-15 19:38:20 - INFO - 
2025-04-15 19:38:20 - INFO - [ROUND 15]
2025-04-15 19:38:20 - INFO - configure_fit: strategy sampled 20 clients (out of 20)
2025-04-15 19:38:33 - INFO - aggregate_fit: received 20 results and 0 failures
2025-04-15 19:38:39 - INFO - fit progress: (15, 0.031675983548164366, {'central_global_loss': 0.031675983548164366, 'central_global_accuracy': 0.66, 'central_clean_loss': 0.031676511019468306, 'central_clean_accuracy': 0.6483, 'central_malicious_loss': 0.031676511019468306, 'central_malicious_accuracy': 0.6483}, 332.3188725)
2025-04-15 19:38:39 - INFO - configure_evaluate: strategy sampled 20 clients (out of 20)
2025-04-15 19:38:41 - INFO - aggregate_evaluate: received 20 results and 0 failures
2025-04-15 19:38:41 - INFO - 
2025-04-15 19:38:41 - INFO - [ROUND 16]
2025-04-15 19:38:41 - INFO - configure_fit: strategy sampled 20 clients (out of 20)
2025-04-15 19:38:54 - INFO - aggregate_fit: received 20 results and 0 failures
2025-04-15 19:39:01 - INFO - fit progress: (16, 0.03085876977443695, {'central_global_loss': 0.03085876977443695, 'central_global_accuracy': 0.666, 'central_clean_loss': 0.03097980906367302, 'central_clean_accuracy': 0.6531, 'central_malicious_loss': 0.03097980906367302, 'central_malicious_accuracy': 0.6531}, 354.87028599999996)
2025-04-15 19:39:01 - INFO - configure_evaluate: strategy sampled 20 clients (out of 20)
2025-04-15 19:39:04 - INFO - aggregate_evaluate: received 20 results and 0 failures
2025-04-15 19:39:04 - INFO - 
2025-04-15 19:39:04 - INFO - [ROUND 17]
2025-04-15 19:39:04 - INFO - configure_fit: strategy sampled 20 clients (out of 20)
2025-04-15 19:39:16 - INFO - aggregate_fit: received 20 results and 0 failures
2025-04-15 19:39:24 - INFO - fit progress: (17, 0.029920433521270752, {'central_global_loss': 0.029920433521270752, 'central_global_accuracy': 0.684, 'central_clean_loss': 0.02970876856446266, 'central_clean_accuracy': 0.6706, 'central_malicious_loss': 0.02970876856446266, 'central_malicious_accuracy': 0.6706}, 377.39105109999997)
2025-04-15 19:39:24 - INFO - configure_evaluate: strategy sampled 20 clients (out of 20)
2025-04-15 19:39:26 - INFO - aggregate_evaluate: received 20 results and 0 failures
2025-04-15 19:39:26 - INFO - 
2025-04-15 19:39:26 - INFO - [ROUND 18]
2025-04-15 19:39:26 - INFO - configure_fit: strategy sampled 20 clients (out of 20)
2025-04-15 19:39:39 - INFO - aggregate_fit: received 20 results and 0 failures
2025-04-15 19:39:47 - INFO - fit progress: (18, 0.029070810675621034, {'central_global_loss': 0.029070810675621034, 'central_global_accuracy': 0.678, 'central_clean_loss': 0.029129490768909454, 'central_clean_accuracy': 0.6765, 'central_malicious_loss': 0.029129490768909454, 'central_malicious_accuracy': 0.6765}, 400.1735023)
2025-04-15 19:39:47 - INFO - configure_evaluate: strategy sampled 20 clients (out of 20)
2025-04-15 19:39:49 - INFO - aggregate_evaluate: received 20 results and 0 failures
2025-04-15 19:39:49 - INFO - 
2025-04-15 19:39:49 - INFO - [ROUND 19]
2025-04-15 19:39:49 - INFO - configure_fit: strategy sampled 20 clients (out of 20)
2025-04-15 19:40:02 - INFO - aggregate_fit: received 20 results and 0 failures
2025-04-15 19:40:09 - INFO - fit progress: (19, 0.028462815403938295, {'central_global_loss': 0.028462815403938295, 'central_global_accuracy': 0.692, 'central_clean_loss': 0.028387025582790375, 'central_clean_accuracy': 0.6867, 'central_malicious_loss': 0.028387025582790375, 'central_malicious_accuracy': 0.6867}, 422.9848124)
2025-04-15 19:40:09 - INFO - configure_evaluate: strategy sampled 20 clients (out of 20)
2025-04-15 19:40:12 - INFO - aggregate_evaluate: received 20 results and 0 failures
2025-04-15 19:40:12 - INFO - 
2025-04-15 19:40:12 - INFO - [ROUND 20]
2025-04-15 19:40:12 - INFO - configure_fit: strategy sampled 20 clients (out of 20)
2025-04-15 19:40:25 - INFO - aggregate_fit: received 20 results and 0 failures
2025-04-15 19:40:32 - INFO - fit progress: (20, 0.028115112900733947, {'central_global_loss': 0.028115112900733947, 'central_global_accuracy': 0.696, 'central_clean_loss': 0.027722466433048248, 'central_clean_accuracy': 0.6933, 'central_malicious_loss': 0.027722466433048248, 'central_malicious_accuracy': 0.6933}, 445.7649522)
2025-04-15 19:40:32 - INFO - configure_evaluate: strategy sampled 20 clients (out of 20)
2025-04-15 19:40:35 - INFO - aggregate_evaluate: received 20 results and 0 failures
2025-04-15 19:40:35 - INFO - 
2025-04-15 19:40:35 - INFO - [SUMMARY]
2025-04-15 19:40:35 - INFO - Run finished 20 round(s) in 448.50s
2025-04-15 19:40:35 - INFO - 	History (loss, distributed):
2025-04-15 19:40:35 - INFO - 		round 1: 0.2811
2025-04-15 19:40:35 - INFO - 		round 2: 0.3632
2025-04-15 19:40:35 - INFO - 		round 3: 0.4236
2025-04-15 19:40:35 - INFO - 		round 4: 0.4545
2025-04-15 19:40:35 - INFO - 		round 5: 0.4889
2025-04-15 19:40:35 - INFO - 		round 6: 0.5151
2025-04-15 19:40:35 - INFO - 		round 7: 0.5341
2025-04-15 19:40:35 - INFO - 		round 8: 0.5515
2025-04-15 19:40:35 - INFO - 		round 9: 0.5698
2025-04-15 19:40:35 - INFO - 		round 10: 0.5877
2025-04-15 19:40:35 - INFO - 		round 11: 0.6017
2025-04-15 19:40:35 - INFO - 		round 12: 0.612
2025-04-15 19:40:35 - INFO - 		round 13: 0.6251
2025-04-15 19:40:35 - INFO - 		round 14: 0.6375
2025-04-15 19:40:35 - INFO - 		round 15: 0.6483
2025-04-15 19:40:35 - INFO - 		round 16: 0.6531
2025-04-15 19:40:35 - INFO - 		round 17: 0.6706
2025-04-15 19:40:35 - INFO - 		round 18: 0.6765
2025-04-15 19:40:35 - INFO - 		round 19: 0.6867
2025-04-15 19:40:35 - INFO - 		round 20: 0.6933
2025-04-15 19:40:35 - INFO - 	History (loss, centralized):
2025-04-15 19:40:35 - INFO - 		round 0: 0.07363741540908814
2025-04-15 19:40:35 - INFO - 		round 1: 0.0644744815826416
2025-04-15 19:40:35 - INFO - 		round 2: 0.05719843983650207
2025-04-15 19:40:35 - INFO - 		round 3: 0.051416010618209836
2025-04-15 19:40:35 - INFO - 		round 4: 0.04886891055107117
2025-04-15 19:40:35 - INFO - 		round 5: 0.04647306871414185
2025-04-15 19:40:35 - INFO - 		round 6: 0.04423554706573486
2025-04-15 19:40:35 - INFO - 		round 7: 0.042362151622772216
2025-04-15 19:40:35 - INFO - 		round 8: 0.04068458533287048
2025-04-15 19:40:35 - INFO - 		round 9: 0.038881612658500674
2025-04-15 19:40:35 - INFO - 		round 10: 0.037358636856079104
2025-04-15 19:40:35 - INFO - 		round 11: 0.03607893252372742
2025-04-15 19:40:35 - INFO - 		round 12: 0.03485591673851013
2025-04-15 19:40:35 - INFO - 		round 13: 0.033524436831474304
2025-04-15 19:40:35 - INFO - 		round 14: 0.032842628836631776
2025-04-15 19:40:35 - INFO - 		round 15: 0.031675983548164366
2025-04-15 19:40:35 - INFO - 		round 16: 0.03085876977443695
2025-04-15 19:40:35 - INFO - 		round 17: 0.029920433521270752
2025-04-15 19:40:35 - INFO - 		round 18: 0.029070810675621034
2025-04-15 19:40:35 - INFO - 		round 19: 0.028462815403938295
2025-04-15 19:40:35 - INFO - 		round 20: 0.028115112900733947
2025-04-15 19:40:35 - INFO - 	History (metrics, distributed, evaluate):
2025-04-15 19:40:35 - INFO - 	{'accuracy': [(1, 0.2811),
2025-04-15 19:40:35 - INFO - 	              (2, 0.3632),
2025-04-15 19:40:35 - INFO - 	              (3, 0.4236),
2025-04-15 19:40:35 - INFO - 	              (4, 0.4545),
2025-04-15 19:40:35 - INFO - 	              (5, 0.4889),
2025-04-15 19:40:35 - INFO - 	              (6, 0.5151),
2025-04-15 19:40:35 - INFO - 	              (7, 0.5341),
2025-04-15 19:40:35 - INFO - 	              (8, 0.5515),
2025-04-15 19:40:35 - INFO - 	              (9, 0.5698),
2025-04-15 19:40:35 - INFO - 	              (10, 0.5877),
2025-04-15 19:40:35 - INFO - 	              (11, 0.6017),
2025-04-15 19:40:35 - INFO - 	              (12, 0.612),
2025-04-15 19:40:35 - INFO - 	              (13, 0.6251),
2025-04-15 19:40:35 - INFO - 	              (14, 0.6375),
2025-04-15 19:40:35 - INFO - 	              (15, 0.6483),
2025-04-15 19:40:35 - INFO - 	              (16, 0.6531),
2025-04-15 19:40:35 - INFO - 	              (17, 0.6706),
2025-04-15 19:40:35 - INFO - 	              (18, 0.6765),
2025-04-15 19:40:35 - INFO - 	              (19, 0.6867),
2025-04-15 19:40:35 - INFO - 	              (20, 0.6933)],
2025-04-15 19:40:35 - INFO - 	 'clean_accuracy': [(1, 0.2811),
2025-04-15 19:40:35 - INFO - 	                    (2, 0.3632),
2025-04-15 19:40:35 - INFO - 	                    (3, 0.4236),
2025-04-15 19:40:35 - INFO - 	                    (4, 0.4545),
2025-04-15 19:40:35 - INFO - 	                    (5, 0.4889),
2025-04-15 19:40:35 - INFO - 	                    (6, 0.5151),
2025-04-15 19:40:35 - INFO - 	                    (7, 0.5341),
2025-04-15 19:40:35 - INFO - 	                    (8, 0.5515),
2025-04-15 19:40:35 - INFO - 	                    (9, 0.5698),
2025-04-15 19:40:35 - INFO - 	                    (10, 0.5877),
2025-04-15 19:40:35 - INFO - 	                    (11, 0.6017),
2025-04-15 19:40:35 - INFO - 	                    (12, 0.612),
2025-04-15 19:40:35 - INFO - 	                    (13, 0.6251),
2025-04-15 19:40:35 - INFO - 	                    (14, 0.6375),
2025-04-15 19:40:35 - INFO - 	                    (15, 0.6483),
2025-04-15 19:40:35 - INFO - 	                    (16, 0.6531),
2025-04-15 19:40:35 - INFO - 	                    (17, 0.6706),
2025-04-15 19:40:35 - INFO - 	                    (18, 0.6765),
2025-04-15 19:40:35 - INFO - 	                    (19, 0.6867),
2025-04-15 19:40:35 - INFO - 	                    (20, 0.6933)],
2025-04-15 19:40:35 - INFO - 	 'malicious_accuracy': [(1, 0.0),
2025-04-15 19:40:35 - INFO - 	                        (2, 0.0),
2025-04-15 19:40:35 - INFO - 	                        (3, 0.0),
2025-04-15 19:40:35 - INFO - 	                        (4, 0.0),
2025-04-15 19:40:35 - INFO - 	                        (5, 0.0),
2025-04-15 19:40:35 - INFO - 	                        (6, 0.0),
2025-04-15 19:40:35 - INFO - 	                        (7, 0.0),
2025-04-15 19:40:35 - INFO - 	                        (8, 0.0),
2025-04-15 19:40:35 - INFO - 	                        (9, 0.0),
2025-04-15 19:40:35 - INFO - 	                        (10, 0.0),
2025-04-15 19:40:35 - INFO - 	                        (11, 0.0),
2025-04-15 19:40:35 - INFO - 	                        (12, 0.0),
2025-04-15 19:40:35 - INFO - 	                        (13, 0.0),
2025-04-15 19:40:35 - INFO - 	                        (14, 0.0),
2025-04-15 19:40:35 - INFO - 	                        (15, 0.0),
2025-04-15 19:40:35 - INFO - 	                        (16, 0.0),
2025-04-15 19:40:35 - INFO - 	                        (17, 0.0),
2025-04-15 19:40:35 - INFO - 	                        (18, 0.0),
2025-04-15 19:40:35 - INFO - 	                        (19, 0.0),
2025-04-15 19:40:35 - INFO - 	                        (20, 0.0)]}
2025-04-15 19:40:35 - INFO - 	History (metrics, centralized):
2025-04-15 19:40:35 - INFO - 	{'central_clean_accuracy': [(0, 0.099),
2025-04-15 19:40:35 - INFO - 	                            (1, 0.2811),
2025-04-15 19:40:35 - INFO - 	                            (2, 0.3632),
2025-04-15 19:40:35 - INFO - 	                            (3, 0.4236),
2025-04-15 19:40:35 - INFO - 	                            (4, 0.4545),
2025-04-15 19:40:35 - INFO - 	                            (5, 0.4889),
2025-04-15 19:40:35 - INFO - 	                            (6, 0.5151),
2025-04-15 19:40:35 - INFO - 	                            (7, 0.5341),
2025-04-15 19:40:35 - INFO - 	                            (8, 0.5515),
2025-04-15 19:40:35 - INFO - 	                            (9, 0.5698),
2025-04-15 19:40:35 - INFO - 	                            (10, 0.5877),
2025-04-15 19:40:35 - INFO - 	                            (11, 0.6017),
2025-04-15 19:40:35 - INFO - 	                            (12, 0.612),
2025-04-15 19:40:35 - INFO - 	                            (13, 0.6251),
2025-04-15 19:40:35 - INFO - 	                            (14, 0.6375),
2025-04-15 19:40:35 - INFO - 	                            (15, 0.6483),
2025-04-15 19:40:35 - INFO - 	                            (16, 0.6531),
2025-04-15 19:40:35 - INFO - 	                            (17, 0.6706),
2025-04-15 19:40:35 - INFO - 	                            (18, 0.6765),
2025-04-15 19:40:35 - INFO - 	                            (19, 0.6867),
2025-04-15 19:40:35 - INFO - 	                            (20, 0.6933)],
2025-04-15 19:40:35 - INFO - 	 'central_clean_loss': [(0, 0.07206059048175811),
2025-04-15 19:40:35 - INFO - 	                        (1, 0.06368705466985702),
2025-04-15 19:40:35 - INFO - 	                        (2, 0.05603636333942413),
2025-04-15 19:40:35 - INFO - 	                        (3, 0.049704865145683286),
2025-04-15 19:40:35 - INFO - 	                        (4, 0.0467466558098793),
2025-04-15 19:40:35 - INFO - 	                        (5, 0.044437145984172824),
2025-04-15 19:40:35 - INFO - 	                        (6, 0.04235725921392441),
2025-04-15 19:40:35 - INFO - 	                        (7, 0.0408548201918602),
2025-04-15 19:40:35 - INFO - 	                        (8, 0.039552102631330494),
2025-04-15 19:40:35 - INFO - 	                        (9, 0.03791015077829361),
2025-04-15 19:40:35 - INFO - 	                        (10, 0.03664888318777084),
2025-04-15 19:40:35 - INFO - 	                        (11, 0.03557691603302956),
2025-04-15 19:40:35 - INFO - 	                        (12, 0.034489196121692656),
2025-04-15 19:40:35 - INFO - 	                        (13, 0.033470552563667294),
2025-04-15 19:40:35 - INFO - 	                        (14, 0.03257383970618248),
2025-04-15 19:40:35 - INFO - 	                        (15, 0.031676511019468306),
2025-04-15 19:40:35 - INFO - 	                        (16, 0.03097980906367302),
2025-04-15 19:40:35 - INFO - 	                        (17, 0.02970876856446266),
2025-04-15 19:40:35 - INFO - 	                        (18, 0.029129490768909454),
2025-04-15 19:40:35 - INFO - 	                        (19, 0.028387025582790375),
2025-04-15 19:40:35 - INFO - 	                        (20, 0.027722466433048248)],
2025-04-15 19:40:35 - INFO - 	 'central_global_accuracy': [(0, 0.1),
2025-04-15 19:40:35 - INFO - 	                             (1, 0.294),
2025-04-15 19:40:35 - INFO - 	                             (2, 0.384),
2025-04-15 19:40:35 - INFO - 	                             (3, 0.402),
2025-04-15 19:40:35 - INFO - 	                             (4, 0.45),
2025-04-15 19:40:35 - INFO - 	                             (5, 0.476),
2025-04-15 19:40:35 - INFO - 	                             (6, 0.504),
2025-04-15 19:40:35 - INFO - 	                             (7, 0.524),
2025-04-15 19:40:35 - INFO - 	                             (8, 0.568),
2025-04-15 19:40:35 - INFO - 	                             (9, 0.576),
2025-04-15 19:40:35 - INFO - 	                             (10, 0.586),
2025-04-15 19:40:35 - INFO - 	                             (11, 0.61),
2025-04-15 19:40:35 - INFO - 	                             (12, 0.628),
2025-04-15 19:40:35 - INFO - 	                             (13, 0.644),
2025-04-15 19:40:35 - INFO - 	                             (14, 0.646),
2025-04-15 19:40:35 - INFO - 	                             (15, 0.66),
2025-04-15 19:40:35 - INFO - 	                             (16, 0.666),
2025-04-15 19:40:35 - INFO - 	                             (17, 0.684),
2025-04-15 19:40:35 - INFO - 	                             (18, 0.678),
2025-04-15 19:40:35 - INFO - 	                             (19, 0.692),
2025-04-15 19:40:35 - INFO - 	                             (20, 0.696)],
2025-04-15 19:40:35 - INFO - 	 'central_global_loss': [(0, 0.07363741540908814),
2025-04-15 19:40:35 - INFO - 	                         (1, 0.0644744815826416),
2025-04-15 19:40:35 - INFO - 	                         (2, 0.05719843983650207),
2025-04-15 19:40:35 - INFO - 	                         (3, 0.051416010618209836),
2025-04-15 19:40:35 - INFO - 	                         (4, 0.04886891055107117),
2025-04-15 19:40:35 - INFO - 	                         (5, 0.04647306871414185),
2025-04-15 19:40:35 - INFO - 	                         (6, 0.04423554706573486),
2025-04-15 19:40:35 - INFO - 	                         (7, 0.042362151622772216),
2025-04-15 19:40:35 - INFO - 	                         (8, 0.04068458533287048),
2025-04-15 19:40:35 - INFO - 	                         (9, 0.038881612658500674),
2025-04-15 19:40:35 - INFO - 	                         (10, 0.037358636856079104),
2025-04-15 19:40:35 - INFO - 	                         (11, 0.03607893252372742),
2025-04-15 19:40:35 - INFO - 	                         (12, 0.03485591673851013),
2025-04-15 19:40:35 - INFO - 	                         (13, 0.033524436831474304),
2025-04-15 19:40:35 - INFO - 	                         (14, 0.032842628836631776),
2025-04-15 19:40:35 - INFO - 	                         (15, 0.031675983548164366),
2025-04-15 19:40:35 - INFO - 	                         (16, 0.03085876977443695),
2025-04-15 19:40:35 - INFO - 	                         (17, 0.029920433521270752),
2025-04-15 19:40:35 - INFO - 	                         (18, 0.029070810675621034),
2025-04-15 19:40:35 - INFO - 	                         (19, 0.028462815403938295),
2025-04-15 19:40:35 - INFO - 	                         (20, 0.028115112900733947)],
2025-04-15 19:40:35 - INFO - 	 'central_malicious_accuracy': [(0, 0.099),
2025-04-15 19:40:35 - INFO - 	                                (1, 0.2811),
2025-04-15 19:40:35 - INFO - 	                                (2, 0.3632),
2025-04-15 19:40:35 - INFO - 	                                (3, 0.4236),
2025-04-15 19:40:35 - INFO - 	                                (4, 0.4545),
2025-04-15 19:40:35 - INFO - 	                                (5, 0.4889),
2025-04-15 19:40:35 - INFO - 	                                (6, 0.5151),
2025-04-15 19:40:35 - INFO - 	                                (7, 0.5341),
2025-04-15 19:40:35 - INFO - 	                                (8, 0.5515),
2025-04-15 19:40:35 - INFO - 	                                (9, 0.5698),
2025-04-15 19:40:35 - INFO - 	                                (10, 0.5877),
2025-04-15 19:40:35 - INFO - 	                                (11, 0.6017),
2025-04-15 19:40:35 - INFO - 	                                (12, 0.612),
2025-04-15 19:40:35 - INFO - 	                                (13, 0.6251),
2025-04-15 19:40:35 - INFO - 	                                (14, 0.6375),
2025-04-15 19:40:35 - INFO - 	                                (15, 0.6483),
2025-04-15 19:40:35 - INFO - 	                                (16, 0.6531),
2025-04-15 19:40:35 - INFO - 	                                (17, 0.6706),
2025-04-15 19:40:35 - INFO - 	                                (18, 0.6765),
2025-04-15 19:40:35 - INFO - 	                                (19, 0.6867),
2025-04-15 19:40:35 - INFO - 	                                (20, 0.6933)],
2025-04-15 19:40:35 - INFO - 	 'central_malicious_loss': [(0, 0.07206059048175811),
2025-04-15 19:40:35 - INFO - 	                            (1, 0.06368705466985702),
2025-04-15 19:40:35 - INFO - 	                            (2, 0.05603636333942413),
2025-04-15 19:40:35 - INFO - 	                            (3, 0.049704865145683286),
2025-04-15 19:40:35 - INFO - 	                            (4, 0.0467466558098793),
2025-04-15 19:40:35 - INFO - 	                            (5, 0.044437145984172824),
2025-04-15 19:40:35 - INFO - 	                            (6, 0.04235725921392441),
2025-04-15 19:40:35 - INFO - 	                            (7, 0.0408548201918602),
2025-04-15 19:40:35 - INFO - 	                            (8, 0.039552102631330494),
2025-04-15 19:40:35 - INFO - 	                            (9, 0.03791015077829361),
2025-04-15 19:40:35 - INFO - 	                            (10, 0.03664888318777084),
2025-04-15 19:40:35 - INFO - 	                            (11, 0.03557691603302956),
2025-04-15 19:40:35 - INFO - 	                            (12, 0.034489196121692656),
2025-04-15 19:40:35 - INFO - 	                            (13, 0.033470552563667294),
2025-04-15 19:40:35 - INFO - 	                            (14, 0.03257383970618248),
2025-04-15 19:40:35 - INFO - 	                            (15, 0.031676511019468306),
2025-04-15 19:40:35 - INFO - 	                            (16, 0.03097980906367302),
2025-04-15 19:40:35 - INFO - 	                            (17, 0.02970876856446266),
2025-04-15 19:40:35 - INFO - 	                            (18, 0.029129490768909454),
2025-04-15 19:40:35 - INFO - 	                            (19, 0.028387025582790375),
2025-04-15 19:40:35 - INFO - 	                            (20, 0.027722466433048248)]}
2025-04-15 19:40:35 - INFO - 
2025-04-15 19:40:36 - INFO - Starting Federated Learning Simulation: dataset type: iid, dataset name: cifar10, strategy: FedAvg(accept_failures=True), rounds: 20, clients: 20
2025-04-15 19:40:36 - WARNING - DEPRECATED FEATURE: flwr.simulation.start_simulation() is deprecated.
	Instead, use the `flwr run` CLI command to start a local simulation in your Flower app, as shown for example below:

		$ flwr new  # Create a new Flower app from a template

		$ flwr run  # Run the Flower app in Simulation Mode

	Using `start_simulation()` is deprecated.

            This is a deprecated feature. It will be removed
            entirely in future versions of Flower.
        
2025-04-15 19:40:36 - INFO - Starting Flower simulation, config: num_rounds=20, no round_timeout
2025-04-15 19:40:39 - INFO - Flower VCE: Ray initialized with resources: {'accelerator_type:G': 1.0, 'node:__internal_head__': 1.0, 'CPU': 24.0, 'object_store_memory': 6373898649.0, 'node:127.0.0.1': 1.0, 'memory': 12747797300.0, 'GPU': 1.0}
2025-04-15 19:40:39 - INFO - Optimize your simulation with Flower VCE: https://flower.ai/docs/framework/how-to-run-simulations.html
2025-04-15 19:40:39 - INFO - No `client_resources` specified. Using minimal resources for clients.
2025-04-15 19:40:39 - INFO - Flower VCE: Resources for each Virtual Client: {'num_cpus': 1, 'num_gpus': 0.0}
2025-04-15 19:40:39 - INFO - Flower VCE: Creating VirtualClientEngineActorPool with 24 actors
2025-04-15 19:40:39 - INFO - [INIT]
2025-04-15 19:40:39 - INFO - Requesting initial parameters from one random client
2025-04-15 19:40:44 - INFO - Received initial parameters from one random client
2025-04-15 19:40:44 - INFO - Starting evaluation of initial global parameters
2025-04-15 19:40:51 - INFO - initial parameters (loss, other metrics): 0.07377385997772216, {'central_global_loss': 0.07377385997772216, 'central_global_accuracy': 0.072, 'central_clean_loss': 0.07211652154922485, 'central_clean_accuracy': 0.0868, 'central_malicious_loss': 0.07211652154922485, 'central_malicious_accuracy': 0.0868}
2025-04-15 19:40:51 - INFO - 
2025-04-15 19:40:51 - INFO - [ROUND 1]
2025-04-15 19:40:51 - INFO - configure_fit: strategy sampled 20 clients (out of 20)
2025-04-15 19:41:08 - INFO - aggregate_fit: received 20 results and 0 failures
2025-04-15 19:41:08 - WARNING - No fit_metrics_aggregation_fn provided
2025-04-15 19:41:15 - INFO - fit progress: (1, 0.06308605766296387, {'central_global_loss': 0.06308605766296387, 'central_global_accuracy': 0.302, 'central_clean_loss': 0.062005651259422305, 'central_clean_accuracy': 0.2943, 'central_malicious_loss': 0.062005651259422305, 'central_malicious_accuracy': 0.2943}, 23.779352200000005)
2025-04-15 19:41:15 - INFO - configure_evaluate: strategy sampled 20 clients (out of 20)
2025-04-15 19:41:18 - INFO - aggregate_evaluate: received 20 results and 0 failures
2025-04-15 19:41:18 - INFO - 
2025-04-15 19:41:18 - INFO - [ROUND 2]
2025-04-15 19:41:18 - INFO - configure_fit: strategy sampled 20 clients (out of 20)
2025-04-15 19:41:30 - INFO - aggregate_fit: received 20 results and 0 failures
2025-04-15 19:41:38 - INFO - fit progress: (2, 0.05633186602592468, {'central_global_loss': 0.05633186602592468, 'central_global_accuracy': 0.392, 'central_clean_loss': 0.054440664863586424, 'central_clean_accuracy': 0.3851, 'central_malicious_loss': 0.054440664863586424, 'central_malicious_accuracy': 0.3851}, 46.43577770000002)
2025-04-15 19:41:38 - INFO - configure_evaluate: strategy sampled 20 clients (out of 20)
2025-04-15 19:41:40 - INFO - aggregate_evaluate: received 20 results and 0 failures
2025-04-15 19:41:40 - INFO - 
2025-04-15 19:41:40 - INFO - [ROUND 3]
2025-04-15 19:41:40 - INFO - configure_fit: strategy sampled 20 clients (out of 20)
2025-04-15 19:41:53 - INFO - aggregate_fit: received 20 results and 0 failures
2025-04-15 19:42:00 - INFO - fit progress: (3, 0.05147075605392456, {'central_global_loss': 0.05147075605392456, 'central_global_accuracy': 0.412, 'central_clean_loss': 0.04914815187454224, 'central_clean_accuracy': 0.4328, 'central_malicious_loss': 0.04914815187454224, 'central_malicious_accuracy': 0.4328}, 68.94423489999997)
2025-04-15 19:42:00 - INFO - configure_evaluate: strategy sampled 20 clients (out of 20)
2025-04-15 19:42:03 - INFO - aggregate_evaluate: received 20 results and 0 failures
2025-04-15 19:42:03 - INFO - 
2025-04-15 19:42:03 - INFO - [ROUND 4]
2025-04-15 19:42:03 - INFO - configure_fit: strategy sampled 20 clients (out of 20)
2025-04-15 19:42:15 - INFO - aggregate_fit: received 20 results and 0 failures
2025-04-15 19:42:23 - INFO - fit progress: (4, 0.047940396308898924, {'central_global_loss': 0.047940396308898924, 'central_global_accuracy': 0.468, 'central_clean_loss': 0.045963745200634, 'central_clean_accuracy': 0.4719, 'central_malicious_loss': 0.045963745200634, 'central_malicious_accuracy': 0.4719}, 91.55069049999997)
2025-04-15 19:42:23 - INFO - configure_evaluate: strategy sampled 20 clients (out of 20)
2025-04-15 19:42:25 - INFO - aggregate_evaluate: received 20 results and 0 failures
2025-04-15 19:42:25 - INFO - 
2025-04-15 19:42:25 - INFO - [ROUND 5]
2025-04-15 19:42:25 - INFO - configure_fit: strategy sampled 20 clients (out of 20)
2025-04-15 19:42:38 - INFO - aggregate_fit: received 20 results and 0 failures
2025-04-15 19:42:45 - INFO - fit progress: (5, 0.045180959701538084, {'central_global_loss': 0.045180959701538084, 'central_global_accuracy': 0.498, 'central_clean_loss': 0.043638918566703794, 'central_clean_accuracy': 0.4966, 'central_malicious_loss': 0.043638918566703794, 'central_malicious_accuracy': 0.4966}, 114.29550740000002)
2025-04-15 19:42:45 - INFO - configure_evaluate: strategy sampled 20 clients (out of 20)
2025-04-15 19:42:48 - INFO - aggregate_evaluate: received 20 results and 0 failures
2025-04-15 19:42:48 - INFO - 
2025-04-15 19:42:48 - INFO - [ROUND 6]
2025-04-15 19:42:48 - INFO - configure_fit: strategy sampled 20 clients (out of 20)
2025-04-15 19:43:01 - INFO - aggregate_fit: received 20 results and 0 failures
2025-04-15 19:43:07 - INFO - fit progress: (6, 0.0429990109205246, {'central_global_loss': 0.0429990109205246, 'central_global_accuracy': 0.522, 'central_clean_loss': 0.04152985945343971, 'central_clean_accuracy': 0.5195, 'central_malicious_loss': 0.04152985945343971, 'central_malicious_accuracy': 0.5195}, 135.59543770000005)
2025-04-15 19:43:07 - INFO - configure_evaluate: strategy sampled 20 clients (out of 20)
2025-04-15 19:43:09 - INFO - aggregate_evaluate: received 20 results and 0 failures
2025-04-15 19:43:09 - INFO - 
2025-04-15 19:43:09 - INFO - [ROUND 7]
2025-04-15 19:43:09 - INFO - configure_fit: strategy sampled 20 clients (out of 20)
2025-04-15 19:43:22 - INFO - aggregate_fit: received 20 results and 0 failures
2025-04-15 19:43:28 - INFO - fit progress: (7, 0.04150711679458618, {'central_global_loss': 0.04150711679458618, 'central_global_accuracy': 0.536, 'central_clean_loss': 0.040350743585824966, 'central_clean_accuracy': 0.5332, 'central_malicious_loss': 0.040350743585824966, 'central_malicious_accuracy': 0.5332}, 156.93863020000003)
2025-04-15 19:43:28 - INFO - configure_evaluate: strategy sampled 20 clients (out of 20)
2025-04-15 19:43:31 - INFO - aggregate_evaluate: received 20 results and 0 failures
2025-04-15 19:43:31 - INFO - 
2025-04-15 19:43:31 - INFO - [ROUND 8]
2025-04-15 19:43:31 - INFO - configure_fit: strategy sampled 20 clients (out of 20)
2025-04-15 19:43:43 - INFO - aggregate_fit: received 20 results and 0 failures
2025-04-15 19:43:49 - INFO - fit progress: (8, 0.04029312217235565, {'central_global_loss': 0.04029312217235565, 'central_global_accuracy': 0.562, 'central_clean_loss': 0.039004832834005354, 'central_clean_accuracy': 0.5589, 'central_malicious_loss': 0.039004832834005354, 'central_malicious_accuracy': 0.5589}, 178.0722303)
2025-04-15 19:43:49 - INFO - configure_evaluate: strategy sampled 20 clients (out of 20)
2025-04-15 19:43:52 - INFO - aggregate_evaluate: received 20 results and 0 failures
2025-04-15 19:43:52 - INFO - 
2025-04-15 19:43:52 - INFO - [ROUND 9]
2025-04-15 19:43:52 - INFO - configure_fit: strategy sampled 20 clients (out of 20)
2025-04-15 19:44:04 - INFO - aggregate_fit: received 20 results and 0 failures
2025-04-15 19:44:11 - INFO - fit progress: (9, 0.03862277090549469, {'central_global_loss': 0.03862277090549469, 'central_global_accuracy': 0.572, 'central_clean_loss': 0.03749857422709465, 'central_clean_accuracy': 0.5753, 'central_malicious_loss': 0.03749857422709465, 'central_malicious_accuracy': 0.5753}, 199.72616489999996)
2025-04-15 19:44:11 - INFO - configure_evaluate: strategy sampled 20 clients (out of 20)
2025-04-15 19:44:14 - INFO - aggregate_evaluate: received 20 results and 0 failures
2025-04-15 19:44:14 - INFO - 
2025-04-15 19:44:14 - INFO - [ROUND 10]
2025-04-15 19:44:14 - INFO - configure_fit: strategy sampled 20 clients (out of 20)
2025-04-15 19:44:26 - INFO - aggregate_fit: received 20 results and 0 failures
2025-04-15 19:44:34 - INFO - fit progress: (10, 0.03694078409671783, {'central_global_loss': 0.03694078409671783, 'central_global_accuracy': 0.596, 'central_clean_loss': 0.03619777834415436, 'central_clean_accuracy': 0.5912, 'central_malicious_loss': 0.03619777834415436, 'central_malicious_accuracy': 0.5912}, 222.45062380000002)
2025-04-15 19:44:34 - INFO - configure_evaluate: strategy sampled 20 clients (out of 20)
2025-04-15 19:44:36 - INFO - aggregate_evaluate: received 20 results and 0 failures
2025-04-15 19:44:36 - INFO - 
2025-04-15 19:44:36 - INFO - [ROUND 11]
2025-04-15 19:44:36 - INFO - configure_fit: strategy sampled 20 clients (out of 20)
2025-04-15 19:44:49 - INFO - aggregate_fit: received 20 results and 0 failures
2025-04-15 19:44:56 - INFO - fit progress: (11, 0.03589533734321594, {'central_global_loss': 0.03589533734321594, 'central_global_accuracy': 0.604, 'central_clean_loss': 0.03515986607670784, 'central_clean_accuracy': 0.6016, 'central_malicious_loss': 0.03515986607670784, 'central_malicious_accuracy': 0.6016}, 245.18032689999995)
2025-04-15 19:44:56 - INFO - configure_evaluate: strategy sampled 20 clients (out of 20)
2025-04-15 19:44:59 - INFO - aggregate_evaluate: received 20 results and 0 failures
2025-04-15 19:44:59 - INFO - 
2025-04-15 19:44:59 - INFO - [ROUND 12]
2025-04-15 19:44:59 - INFO - configure_fit: strategy sampled 20 clients (out of 20)
2025-04-15 19:45:12 - INFO - aggregate_fit: received 20 results and 0 failures
2025-04-15 19:45:19 - INFO - fit progress: (12, 0.034672749519348144, {'central_global_loss': 0.034672749519348144, 'central_global_accuracy': 0.608, 'central_clean_loss': 0.03396915407180786, 'central_clean_accuracy': 0.6198, 'central_malicious_loss': 0.03396915407180786, 'central_malicious_accuracy': 0.6198}, 267.77564270000005)
2025-04-15 19:45:19 - INFO - configure_evaluate: strategy sampled 20 clients (out of 20)
2025-04-15 19:45:22 - INFO - aggregate_evaluate: received 20 results and 0 failures
2025-04-15 19:45:22 - INFO - 
2025-04-15 19:45:22 - INFO - [ROUND 13]
2025-04-15 19:45:22 - INFO - configure_fit: strategy sampled 20 clients (out of 20)
2025-04-15 19:45:34 - INFO - aggregate_fit: received 20 results and 0 failures
2025-04-15 19:45:42 - INFO - fit progress: (13, 0.03361177599430084, {'central_global_loss': 0.03361177599430084, 'central_global_accuracy': 0.61, 'central_clean_loss': 0.03289001225233078, 'central_clean_accuracy': 0.6308, 'central_malicious_loss': 0.03289001225233078, 'central_malicious_accuracy': 0.6308}, 290.56981440000004)
2025-04-15 19:45:42 - INFO - configure_evaluate: strategy sampled 20 clients (out of 20)
2025-04-15 19:45:44 - INFO - aggregate_evaluate: received 20 results and 0 failures
2025-04-15 19:45:44 - INFO - 
2025-04-15 19:45:44 - INFO - [ROUND 14]
2025-04-15 19:45:44 - INFO - configure_fit: strategy sampled 20 clients (out of 20)
2025-04-15 19:45:57 - INFO - aggregate_fit: received 20 results and 0 failures
2025-04-15 19:46:04 - INFO - fit progress: (14, 0.03328536832332611, {'central_global_loss': 0.03328536832332611, 'central_global_accuracy': 0.634, 'central_clean_loss': 0.03243232897520065, 'central_clean_accuracy': 0.6376, 'central_malicious_loss': 0.03243232897520065, 'central_malicious_accuracy': 0.6376}, 313.14945780000005)
2025-04-15 19:46:04 - INFO - configure_evaluate: strategy sampled 20 clients (out of 20)
2025-04-15 19:46:07 - INFO - aggregate_evaluate: received 20 results and 0 failures
2025-04-15 19:46:07 - INFO - 
2025-04-15 19:46:07 - INFO - [ROUND 15]
2025-04-15 19:46:07 - INFO - configure_fit: strategy sampled 20 clients (out of 20)
2025-04-15 19:46:19 - INFO - aggregate_fit: received 20 results and 0 failures
2025-04-15 19:46:26 - INFO - fit progress: (15, 0.032180715680122374, {'central_global_loss': 0.032180715680122374, 'central_global_accuracy': 0.638, 'central_clean_loss': 0.03132372504472732, 'central_clean_accuracy': 0.6507, 'central_malicious_loss': 0.03132372504472732, 'central_malicious_accuracy': 0.6507}, 334.37022950000005)
2025-04-15 19:46:26 - INFO - configure_evaluate: strategy sampled 20 clients (out of 20)
2025-04-15 19:46:28 - INFO - aggregate_evaluate: received 20 results and 0 failures
2025-04-15 19:46:28 - INFO - 
2025-04-15 19:46:28 - INFO - [ROUND 16]
2025-04-15 19:46:28 - INFO - configure_fit: strategy sampled 20 clients (out of 20)
2025-04-15 19:46:40 - INFO - aggregate_fit: received 20 results and 0 failures
2025-04-15 19:46:47 - INFO - fit progress: (16, 0.031161519765853882, {'central_global_loss': 0.031161519765853882, 'central_global_accuracy': 0.644, 'central_clean_loss': 0.030321783876419067, 'central_clean_accuracy': 0.6624, 'central_malicious_loss': 0.030321783876419067, 'central_malicious_accuracy': 0.6624}, 355.39281070000004)
2025-04-15 19:46:47 - INFO - configure_evaluate: strategy sampled 20 clients (out of 20)
2025-04-15 19:46:49 - INFO - aggregate_evaluate: received 20 results and 0 failures
2025-04-15 19:46:49 - INFO - 
2025-04-15 19:46:49 - INFO - [ROUND 17]
2025-04-15 19:46:49 - INFO - configure_fit: strategy sampled 20 clients (out of 20)
2025-04-15 19:47:02 - INFO - aggregate_fit: received 20 results and 0 failures
2025-04-15 19:47:08 - INFO - fit progress: (17, 0.030283301830291747, {'central_global_loss': 0.030283301830291747, 'central_global_accuracy': 0.66, 'central_clean_loss': 0.029428383141756057, 'central_clean_accuracy': 0.6706, 'central_malicious_loss': 0.029428383141756057, 'central_malicious_accuracy': 0.6706}, 377.36205270000005)
2025-04-15 19:47:08 - INFO - configure_evaluate: strategy sampled 20 clients (out of 20)
2025-04-15 19:47:11 - INFO - aggregate_evaluate: received 20 results and 0 failures
2025-04-15 19:47:11 - INFO - 
2025-04-15 19:47:11 - INFO - [ROUND 18]
2025-04-15 19:47:11 - INFO - configure_fit: strategy sampled 20 clients (out of 20)
2025-04-15 19:47:23 - INFO - aggregate_fit: received 20 results and 0 failures
2025-04-15 19:47:30 - INFO - fit progress: (18, 0.029660533428192137, {'central_global_loss': 0.029660533428192137, 'central_global_accuracy': 0.664, 'central_clean_loss': 0.028861416071653365, 'central_clean_accuracy': 0.6812, 'central_malicious_loss': 0.028861416071653365, 'central_malicious_accuracy': 0.6812}, 398.4487391)
2025-04-15 19:47:30 - INFO - configure_evaluate: strategy sampled 20 clients (out of 20)
2025-04-15 19:47:32 - INFO - aggregate_evaluate: received 20 results and 0 failures
2025-04-15 19:47:32 - INFO - 
2025-04-15 19:47:32 - INFO - [ROUND 19]
2025-04-15 19:47:32 - INFO - configure_fit: strategy sampled 20 clients (out of 20)
2025-04-15 19:47:45 - INFO - aggregate_fit: received 20 results and 0 failures
2025-04-15 19:47:52 - INFO - fit progress: (19, 0.02921068572998047, {'central_global_loss': 0.02921068572998047, 'central_global_accuracy': 0.668, 'central_clean_loss': 0.028214340513944627, 'central_clean_accuracy': 0.687, 'central_malicious_loss': 0.028214340513944627, 'central_malicious_accuracy': 0.687}, 421.1433211)
2025-04-15 19:47:52 - INFO - configure_evaluate: strategy sampled 20 clients (out of 20)
2025-04-15 19:47:55 - INFO - aggregate_evaluate: received 20 results and 0 failures
2025-04-15 19:47:55 - INFO - 
2025-04-15 19:47:55 - INFO - [ROUND 20]
2025-04-15 19:47:55 - INFO - configure_fit: strategy sampled 20 clients (out of 20)
2025-04-15 19:48:08 - INFO - aggregate_fit: received 20 results and 0 failures
2025-04-15 19:48:15 - INFO - fit progress: (20, 0.028593534350395203, {'central_global_loss': 0.028593534350395203, 'central_global_accuracy': 0.676, 'central_clean_loss': 0.027603918313980104, 'central_clean_accuracy': 0.6935, 'central_malicious_loss': 0.027603918313980104, 'central_malicious_accuracy': 0.6935}, 443.9541233)
2025-04-15 19:48:15 - INFO - configure_evaluate: strategy sampled 20 clients (out of 20)
2025-04-15 19:48:18 - INFO - aggregate_evaluate: received 20 results and 0 failures
2025-04-15 19:48:18 - INFO - 
2025-04-15 19:48:18 - INFO - [SUMMARY]
2025-04-15 19:48:18 - INFO - Run finished 20 round(s) in 446.72s
2025-04-15 19:48:18 - INFO - 	History (loss, distributed):
2025-04-15 19:48:18 - INFO - 		round 1: 0.2943
2025-04-15 19:48:18 - INFO - 		round 2: 0.3851
2025-04-15 19:48:18 - INFO - 		round 3: 0.4328
2025-04-15 19:48:18 - INFO - 		round 4: 0.4719
2025-04-15 19:48:18 - INFO - 		round 5: 0.4966
2025-04-15 19:48:18 - INFO - 		round 6: 0.5195
2025-04-15 19:48:18 - INFO - 		round 7: 0.5332
2025-04-15 19:48:18 - INFO - 		round 8: 0.5589
2025-04-15 19:48:18 - INFO - 		round 9: 0.5753
2025-04-15 19:48:18 - INFO - 		round 10: 0.5912
2025-04-15 19:48:18 - INFO - 		round 11: 0.6016
2025-04-15 19:48:18 - INFO - 		round 12: 0.6198
2025-04-15 19:48:18 - INFO - 		round 13: 0.6308
2025-04-15 19:48:18 - INFO - 		round 14: 0.6376
2025-04-15 19:48:18 - INFO - 		round 15: 0.6507
2025-04-15 19:48:18 - INFO - 		round 16: 0.6624
2025-04-15 19:48:18 - INFO - 		round 17: 0.6706
2025-04-15 19:48:18 - INFO - 		round 18: 0.6812
2025-04-15 19:48:18 - INFO - 		round 19: 0.687
2025-04-15 19:48:18 - INFO - 		round 20: 0.6935
2025-04-15 19:48:18 - INFO - 	History (loss, centralized):
2025-04-15 19:48:18 - INFO - 		round 0: 0.07377385997772216
2025-04-15 19:48:18 - INFO - 		round 1: 0.06308605766296387
2025-04-15 19:48:18 - INFO - 		round 2: 0.05633186602592468
2025-04-15 19:48:18 - INFO - 		round 3: 0.05147075605392456
2025-04-15 19:48:18 - INFO - 		round 4: 0.047940396308898924
2025-04-15 19:48:18 - INFO - 		round 5: 0.045180959701538084
2025-04-15 19:48:18 - INFO - 		round 6: 0.0429990109205246
2025-04-15 19:48:18 - INFO - 		round 7: 0.04150711679458618
2025-04-15 19:48:18 - INFO - 		round 8: 0.04029312217235565
2025-04-15 19:48:18 - INFO - 		round 9: 0.03862277090549469
2025-04-15 19:48:18 - INFO - 		round 10: 0.03694078409671783
2025-04-15 19:48:18 - INFO - 		round 11: 0.03589533734321594
2025-04-15 19:48:18 - INFO - 		round 12: 0.034672749519348144
2025-04-15 19:48:18 - INFO - 		round 13: 0.03361177599430084
2025-04-15 19:48:18 - INFO - 		round 14: 0.03328536832332611
2025-04-15 19:48:18 - INFO - 		round 15: 0.032180715680122374
2025-04-15 19:48:18 - INFO - 		round 16: 0.031161519765853882
2025-04-15 19:48:18 - INFO - 		round 17: 0.030283301830291747
2025-04-15 19:48:18 - INFO - 		round 18: 0.029660533428192137
2025-04-15 19:48:18 - INFO - 		round 19: 0.02921068572998047
2025-04-15 19:48:18 - INFO - 		round 20: 0.028593534350395203
2025-04-15 19:48:18 - INFO - 	History (metrics, distributed, evaluate):
2025-04-15 19:48:18 - INFO - 	{'accuracy': [(1, 0.2943),
2025-04-15 19:48:18 - INFO - 	              (2, 0.3851),
2025-04-15 19:48:18 - INFO - 	              (3, 0.4328),
2025-04-15 19:48:18 - INFO - 	              (4, 0.4719),
2025-04-15 19:48:18 - INFO - 	              (5, 0.4966),
2025-04-15 19:48:18 - INFO - 	              (6, 0.5195),
2025-04-15 19:48:18 - INFO - 	              (7, 0.5332),
2025-04-15 19:48:18 - INFO - 	              (8, 0.5589),
2025-04-15 19:48:18 - INFO - 	              (9, 0.5753),
2025-04-15 19:48:18 - INFO - 	              (10, 0.5912),
2025-04-15 19:48:18 - INFO - 	              (11, 0.6016),
2025-04-15 19:48:18 - INFO - 	              (12, 0.6198),
2025-04-15 19:48:18 - INFO - 	              (13, 0.6308),
2025-04-15 19:48:18 - INFO - 	              (14, 0.6376),
2025-04-15 19:48:18 - INFO - 	              (15, 0.6507),
2025-04-15 19:48:18 - INFO - 	              (16, 0.6624),
2025-04-15 19:48:18 - INFO - 	              (17, 0.6706),
2025-04-15 19:48:18 - INFO - 	              (18, 0.6812),
2025-04-15 19:48:18 - INFO - 	              (19, 0.687),
2025-04-15 19:48:18 - INFO - 	              (20, 0.6935)],
2025-04-15 19:48:18 - INFO - 	 'clean_accuracy': [(1, 0.2985),
2025-04-15 19:48:18 - INFO - 	                    (2, 0.3865),
2025-04-15 19:48:18 - INFO - 	                    (3, 0.437375),
2025-04-15 19:48:18 - INFO - 	                    (4, 0.475875),
2025-04-15 19:48:18 - INFO - 	                    (5, 0.499),
2025-04-15 19:48:18 - INFO - 	                    (6, 0.52225),
2025-04-15 19:48:18 - INFO - 	                    (7, 0.535625),
2025-04-15 19:48:18 - INFO - 	                    (8, 0.561125),
2025-04-15 19:48:18 - INFO - 	                    (9, 0.579125),
2025-04-15 19:48:18 - INFO - 	                    (10, 0.593375),
2025-04-15 19:48:18 - INFO - 	                    (11, 0.603125),
2025-04-15 19:48:18 - INFO - 	                    (12, 0.6235),
2025-04-15 19:48:18 - INFO - 	                    (13, 0.634875),
2025-04-15 19:48:18 - INFO - 	                    (14, 0.640875),
2025-04-15 19:48:18 - INFO - 	                    (15, 0.65375),
2025-04-15 19:48:18 - INFO - 	                    (16, 0.665625),
2025-04-15 19:48:18 - INFO - 	                    (17, 0.673125),
2025-04-15 19:48:18 - INFO - 	                    (18, 0.684625),
2025-04-15 19:48:18 - INFO - 	                    (19, 0.690125),
2025-04-15 19:48:18 - INFO - 	                    (20, 0.695)],
2025-04-15 19:48:18 - INFO - 	 'malicious_accuracy': [(1, 0.2775),
2025-04-15 19:48:18 - INFO - 	                        (2, 0.3795),
2025-04-15 19:48:18 - INFO - 	                        (3, 0.4145),
2025-04-15 19:48:18 - INFO - 	                        (4, 0.456),
2025-04-15 19:48:18 - INFO - 	                        (5, 0.487),
2025-04-15 19:48:18 - INFO - 	                        (6, 0.5085),
2025-04-15 19:48:18 - INFO - 	                        (7, 0.5235),
2025-04-15 19:48:18 - INFO - 	                        (8, 0.55),
2025-04-15 19:48:18 - INFO - 	                        (9, 0.56),
2025-04-15 19:48:18 - INFO - 	                        (10, 0.5825),
2025-04-15 19:48:18 - INFO - 	                        (11, 0.5955),
2025-04-15 19:48:18 - INFO - 	                        (12, 0.605),
2025-04-15 19:48:18 - INFO - 	                        (13, 0.6145),
2025-04-15 19:48:18 - INFO - 	                        (14, 0.6245),
2025-04-15 19:48:18 - INFO - 	                        (15, 0.6385),
2025-04-15 19:48:18 - INFO - 	                        (16, 0.6495),
2025-04-15 19:48:18 - INFO - 	                        (17, 0.6605),
2025-04-15 19:48:18 - INFO - 	                        (18, 0.6675),
2025-04-15 19:48:18 - INFO - 	                        (19, 0.6745),
2025-04-15 19:48:18 - INFO - 	                        (20, 0.6875)]}
2025-04-15 19:48:18 - INFO - 	History (metrics, centralized):
2025-04-15 19:48:18 - INFO - 	{'central_clean_accuracy': [(0, 0.0868),
2025-04-15 19:48:18 - INFO - 	                            (1, 0.2943),
2025-04-15 19:48:18 - INFO - 	                            (2, 0.3851),
2025-04-15 19:48:18 - INFO - 	                            (3, 0.4328),
2025-04-15 19:48:18 - INFO - 	                            (4, 0.4719),
2025-04-15 19:48:18 - INFO - 	                            (5, 0.4966),
2025-04-15 19:48:18 - INFO - 	                            (6, 0.5195),
2025-04-15 19:48:18 - INFO - 	                            (7, 0.5332),
2025-04-15 19:48:18 - INFO - 	                            (8, 0.5589),
2025-04-15 19:48:18 - INFO - 	                            (9, 0.5753),
2025-04-15 19:48:18 - INFO - 	                            (10, 0.5912),
2025-04-15 19:48:18 - INFO - 	                            (11, 0.6016),
2025-04-15 19:48:18 - INFO - 	                            (12, 0.6198),
2025-04-15 19:48:18 - INFO - 	                            (13, 0.6308),
2025-04-15 19:48:18 - INFO - 	                            (14, 0.6376),
2025-04-15 19:48:18 - INFO - 	                            (15, 0.6507),
2025-04-15 19:48:18 - INFO - 	                            (16, 0.6624),
2025-04-15 19:48:18 - INFO - 	                            (17, 0.6706),
2025-04-15 19:48:18 - INFO - 	                            (18, 0.6812),
2025-04-15 19:48:18 - INFO - 	                            (19, 0.687),
2025-04-15 19:48:18 - INFO - 	                            (20, 0.6935)],
2025-04-15 19:48:18 - INFO - 	 'central_clean_loss': [(0, 0.07211652154922485),
2025-04-15 19:48:18 - INFO - 	                        (1, 0.062005651259422305),
2025-04-15 19:48:18 - INFO - 	                        (2, 0.054440664863586424),
2025-04-15 19:48:18 - INFO - 	                        (3, 0.04914815187454224),
2025-04-15 19:48:18 - INFO - 	                        (4, 0.045963745200634),
2025-04-15 19:48:18 - INFO - 	                        (5, 0.043638918566703794),
2025-04-15 19:48:18 - INFO - 	                        (6, 0.04152985945343971),
2025-04-15 19:48:18 - INFO - 	                        (7, 0.040350743585824966),
2025-04-15 19:48:18 - INFO - 	                        (8, 0.039004832834005354),
2025-04-15 19:48:18 - INFO - 	                        (9, 0.03749857422709465),
2025-04-15 19:48:18 - INFO - 	                        (10, 0.03619777834415436),
2025-04-15 19:48:18 - INFO - 	                        (11, 0.03515986607670784),
2025-04-15 19:48:18 - INFO - 	                        (12, 0.03396915407180786),
2025-04-15 19:48:18 - INFO - 	                        (13, 0.03289001225233078),
2025-04-15 19:48:18 - INFO - 	                        (14, 0.03243232897520065),
2025-04-15 19:48:18 - INFO - 	                        (15, 0.03132372504472732),
2025-04-15 19:48:18 - INFO - 	                        (16, 0.030321783876419067),
2025-04-15 19:48:18 - INFO - 	                        (17, 0.029428383141756057),
2025-04-15 19:48:18 - INFO - 	                        (18, 0.028861416071653365),
2025-04-15 19:48:18 - INFO - 	                        (19, 0.028214340513944627),
2025-04-15 19:48:18 - INFO - 	                        (20, 0.027603918313980104)],
2025-04-15 19:48:18 - INFO - 	 'central_global_accuracy': [(0, 0.072),
2025-04-15 19:48:18 - INFO - 	                             (1, 0.302),
2025-04-15 19:48:18 - INFO - 	                             (2, 0.392),
2025-04-15 19:48:18 - INFO - 	                             (3, 0.412),
2025-04-15 19:48:18 - INFO - 	                             (4, 0.468),
2025-04-15 19:48:18 - INFO - 	                             (5, 0.498),
2025-04-15 19:48:18 - INFO - 	                             (6, 0.522),
2025-04-15 19:48:18 - INFO - 	                             (7, 0.536),
2025-04-15 19:48:18 - INFO - 	                             (8, 0.562),
2025-04-15 19:48:18 - INFO - 	                             (9, 0.572),
2025-04-15 19:48:18 - INFO - 	                             (10, 0.596),
2025-04-15 19:48:18 - INFO - 	                             (11, 0.604),
2025-04-15 19:48:18 - INFO - 	                             (12, 0.608),
2025-04-15 19:48:18 - INFO - 	                             (13, 0.61),
2025-04-15 19:48:18 - INFO - 	                             (14, 0.634),
2025-04-15 19:48:18 - INFO - 	                             (15, 0.638),
2025-04-15 19:48:18 - INFO - 	                             (16, 0.644),
2025-04-15 19:48:18 - INFO - 	                             (17, 0.66),
2025-04-15 19:48:18 - INFO - 	                             (18, 0.664),
2025-04-15 19:48:18 - INFO - 	                             (19, 0.668),
2025-04-15 19:48:18 - INFO - 	                             (20, 0.676)],
2025-04-15 19:48:18 - INFO - 	 'central_global_loss': [(0, 0.07377385997772216),
2025-04-15 19:48:18 - INFO - 	                         (1, 0.06308605766296387),
2025-04-15 19:48:18 - INFO - 	                         (2, 0.05633186602592468),
2025-04-15 19:48:18 - INFO - 	                         (3, 0.05147075605392456),
2025-04-15 19:48:18 - INFO - 	                         (4, 0.047940396308898924),
2025-04-15 19:48:18 - INFO - 	                         (5, 0.045180959701538084),
2025-04-15 19:48:18 - INFO - 	                         (6, 0.0429990109205246),
2025-04-15 19:48:18 - INFO - 	                         (7, 0.04150711679458618),
2025-04-15 19:48:18 - INFO - 	                         (8, 0.04029312217235565),
2025-04-15 19:48:18 - INFO - 	                         (9, 0.03862277090549469),
2025-04-15 19:48:18 - INFO - 	                         (10, 0.03694078409671783),
2025-04-15 19:48:18 - INFO - 	                         (11, 0.03589533734321594),
2025-04-15 19:48:18 - INFO - 	                         (12, 0.034672749519348144),
2025-04-15 19:48:18 - INFO - 	                         (13, 0.03361177599430084),
2025-04-15 19:48:18 - INFO - 	                         (14, 0.03328536832332611),
2025-04-15 19:48:18 - INFO - 	                         (15, 0.032180715680122374),
2025-04-15 19:48:18 - INFO - 	                         (16, 0.031161519765853882),
2025-04-15 19:48:18 - INFO - 	                         (17, 0.030283301830291747),
2025-04-15 19:48:18 - INFO - 	                         (18, 0.029660533428192137),
2025-04-15 19:48:18 - INFO - 	                         (19, 0.02921068572998047),
2025-04-15 19:48:18 - INFO - 	                         (20, 0.028593534350395203)],
2025-04-15 19:48:18 - INFO - 	 'central_malicious_accuracy': [(0, 0.0868),
2025-04-15 19:48:18 - INFO - 	                                (1, 0.2943),
2025-04-15 19:48:18 - INFO - 	                                (2, 0.3851),
2025-04-15 19:48:18 - INFO - 	                                (3, 0.4328),
2025-04-15 19:48:18 - INFO - 	                                (4, 0.4719),
2025-04-15 19:48:18 - INFO - 	                                (5, 0.4966),
2025-04-15 19:48:18 - INFO - 	                                (6, 0.5195),
2025-04-15 19:48:18 - INFO - 	                                (7, 0.5332),
2025-04-15 19:48:18 - INFO - 	                                (8, 0.5589),
2025-04-15 19:48:18 - INFO - 	                                (9, 0.5753),
2025-04-15 19:48:18 - INFO - 	                                (10, 0.5912),
2025-04-15 19:48:18 - INFO - 	                                (11, 0.6016),
2025-04-15 19:48:18 - INFO - 	                                (12, 0.6198),
2025-04-15 19:48:18 - INFO - 	                                (13, 0.6308),
2025-04-15 19:48:18 - INFO - 	                                (14, 0.6376),
2025-04-15 19:48:18 - INFO - 	                                (15, 0.6507),
2025-04-15 19:48:18 - INFO - 	                                (16, 0.6624),
2025-04-15 19:48:18 - INFO - 	                                (17, 0.6706),
2025-04-15 19:48:18 - INFO - 	                                (18, 0.6812),
2025-04-15 19:48:18 - INFO - 	                                (19, 0.687),
2025-04-15 19:48:18 - INFO - 	                                (20, 0.6935)],
2025-04-15 19:48:18 - INFO - 	 'central_malicious_loss': [(0, 0.07211652154922485),
2025-04-15 19:48:18 - INFO - 	                            (1, 0.062005651259422305),
2025-04-15 19:48:18 - INFO - 	                            (2, 0.054440664863586424),
2025-04-15 19:48:18 - INFO - 	                            (3, 0.04914815187454224),
2025-04-15 19:48:18 - INFO - 	                            (4, 0.045963745200634),
2025-04-15 19:48:18 - INFO - 	                            (5, 0.043638918566703794),
2025-04-15 19:48:18 - INFO - 	                            (6, 0.04152985945343971),
2025-04-15 19:48:18 - INFO - 	                            (7, 0.040350743585824966),
2025-04-15 19:48:18 - INFO - 	                            (8, 0.039004832834005354),
2025-04-15 19:48:18 - INFO - 	                            (9, 0.03749857422709465),
2025-04-15 19:48:18 - INFO - 	                            (10, 0.03619777834415436),
2025-04-15 19:48:18 - INFO - 	                            (11, 0.03515986607670784),
2025-04-15 19:48:18 - INFO - 	                            (12, 0.03396915407180786),
2025-04-15 19:48:18 - INFO - 	                            (13, 0.03289001225233078),
2025-04-15 19:48:18 - INFO - 	                            (14, 0.03243232897520065),
2025-04-15 19:48:18 - INFO - 	                            (15, 0.03132372504472732),
2025-04-15 19:48:18 - INFO - 	                            (16, 0.030321783876419067),
2025-04-15 19:48:18 - INFO - 	                            (17, 0.029428383141756057),
2025-04-15 19:48:18 - INFO - 	                            (18, 0.028861416071653365),
2025-04-15 19:48:18 - INFO - 	                            (19, 0.028214340513944627),
2025-04-15 19:48:18 - INFO - 	                            (20, 0.027603918313980104)]}
2025-04-15 19:48:18 - INFO - 
2025-04-15 19:48:19 - INFO - Starting Federated Learning Simulation: dataset type: iid, dataset name: cifar10, strategy: FedAvg(accept_failures=True), rounds: 20, clients: 20
2025-04-15 19:48:19 - WARNING - DEPRECATED FEATURE: flwr.simulation.start_simulation() is deprecated.
	Instead, use the `flwr run` CLI command to start a local simulation in your Flower app, as shown for example below:

		$ flwr new  # Create a new Flower app from a template

		$ flwr run  # Run the Flower app in Simulation Mode

	Using `start_simulation()` is deprecated.

            This is a deprecated feature. It will be removed
            entirely in future versions of Flower.
        
2025-04-15 19:48:19 - INFO - Starting Flower simulation, config: num_rounds=20, no round_timeout
2025-04-15 19:48:22 - INFO - Flower VCE: Ray initialized with resources: {'accelerator_type:G': 1.0, 'node:__internal_head__': 1.0, 'CPU': 24.0, 'memory': 12660734363.0, 'node:127.0.0.1': 1.0, 'object_store_memory': 6330367180.0, 'GPU': 1.0}
2025-04-15 19:48:22 - INFO - Optimize your simulation with Flower VCE: https://flower.ai/docs/framework/how-to-run-simulations.html
2025-04-15 19:48:22 - INFO - No `client_resources` specified. Using minimal resources for clients.
2025-04-15 19:48:22 - INFO - Flower VCE: Resources for each Virtual Client: {'num_cpus': 1, 'num_gpus': 0.0}
2025-04-15 19:48:22 - INFO - Flower VCE: Creating VirtualClientEngineActorPool with 24 actors
2025-04-15 19:48:22 - INFO - [INIT]
2025-04-15 19:48:22 - INFO - Requesting initial parameters from one random client
2025-04-15 19:48:26 - INFO - Received initial parameters from one random client
2025-04-15 19:48:26 - INFO - Starting evaluation of initial global parameters
2025-04-15 19:48:33 - INFO - initial parameters (loss, other metrics): 0.07379083013534546, {'central_global_loss': 0.07379083013534546, 'central_global_accuracy': 0.092, 'central_clean_loss': 0.07211591160297394, 'central_clean_accuracy': 0.0947, 'central_malicious_loss': 0.07211591160297394, 'central_malicious_accuracy': 0.0947}
2025-04-15 19:48:33 - INFO - 
2025-04-15 19:48:33 - INFO - [ROUND 1]
2025-04-15 19:48:33 - INFO - configure_fit: strategy sampled 20 clients (out of 20)
2025-04-15 19:48:50 - INFO - aggregate_fit: received 20 results and 0 failures
2025-04-15 19:48:50 - WARNING - No fit_metrics_aggregation_fn provided
2025-04-15 19:48:58 - INFO - fit progress: (1, 0.12097920799255371, {'central_global_loss': 0.12097920799255371, 'central_global_accuracy': 0.094, 'central_clean_loss': 0.11579245932102203, 'central_clean_accuracy': 0.1014, 'central_malicious_loss': 0.11579245932102203, 'central_malicious_accuracy': 0.1014}, 24.429301200000054)
2025-04-15 19:48:58 - INFO - configure_evaluate: strategy sampled 20 clients (out of 20)
2025-04-15 19:49:01 - INFO - aggregate_evaluate: received 20 results and 0 failures
2025-04-15 19:49:01 - INFO - 
2025-04-15 19:49:01 - INFO - [ROUND 2]
2025-04-15 19:49:01 - INFO - configure_fit: strategy sampled 20 clients (out of 20)
2025-04-15 19:49:14 - INFO - aggregate_fit: received 20 results and 0 failures
2025-04-15 19:49:21 - INFO - fit progress: (2, 0.07576876211166382, {'central_global_loss': 0.07576876211166382, 'central_global_accuracy': 0.126, 'central_clean_loss': 0.07172101184129714, 'central_clean_accuracy': 0.1465, 'central_malicious_loss': 0.07172101184129714, 'central_malicious_accuracy': 0.1465}, 47.81231750000006)
2025-04-15 19:49:21 - INFO - configure_evaluate: strategy sampled 20 clients (out of 20)
2025-04-15 19:49:24 - INFO - aggregate_evaluate: received 20 results and 0 failures
2025-04-15 19:49:24 - INFO - 
2025-04-15 19:49:24 - INFO - [ROUND 3]
2025-04-15 19:49:24 - INFO - configure_fit: strategy sampled 20 clients (out of 20)
2025-04-15 19:49:36 - INFO - aggregate_fit: received 20 results and 0 failures
2025-04-15 19:49:44 - INFO - fit progress: (3, 0.06897241878509522, {'central_global_loss': 0.06897241878509522, 'central_global_accuracy': 0.238, 'central_clean_loss': 0.06556641801595688, 'central_clean_accuracy': 0.2561, 'central_malicious_loss': 0.06556641801595688, 'central_malicious_accuracy': 0.2561}, 70.35587770000006)
2025-04-15 19:49:44 - INFO - configure_evaluate: strategy sampled 20 clients (out of 20)
2025-04-15 19:49:46 - INFO - aggregate_evaluate: received 20 results and 0 failures
2025-04-15 19:49:46 - INFO - 
2025-04-15 19:49:46 - INFO - [ROUND 4]
2025-04-15 19:49:46 - INFO - configure_fit: strategy sampled 20 clients (out of 20)
2025-04-15 19:49:59 - INFO - aggregate_fit: received 20 results and 0 failures
2025-04-15 19:50:05 - INFO - fit progress: (4, 0.06536843347549438, {'central_global_loss': 0.06536843347549438, 'central_global_accuracy': 0.276, 'central_clean_loss': 0.06377642251253128, 'central_clean_accuracy': 0.271, 'central_malicious_loss': 0.06377642251253128, 'central_malicious_accuracy': 0.271}, 91.50344949999999)
2025-04-15 19:50:05 - INFO - configure_evaluate: strategy sampled 20 clients (out of 20)
2025-04-15 19:50:07 - INFO - aggregate_evaluate: received 20 results and 0 failures
2025-04-15 19:50:07 - INFO - 
2025-04-15 19:50:07 - INFO - [ROUND 5]
2025-04-15 19:50:07 - INFO - configure_fit: strategy sampled 20 clients (out of 20)
2025-04-15 19:50:20 - INFO - aggregate_fit: received 20 results and 0 failures
2025-04-15 19:50:26 - INFO - fit progress: (5, 0.06662198424339294, {'central_global_loss': 0.06662198424339294, 'central_global_accuracy': 0.22, 'central_clean_loss': 0.06391899893283844, 'central_clean_accuracy': 0.245, 'central_malicious_loss': 0.06391899893283844, 'central_malicious_accuracy': 0.245}, 112.4190059)
2025-04-15 19:50:26 - INFO - configure_evaluate: strategy sampled 20 clients (out of 20)
2025-04-15 19:50:28 - INFO - aggregate_evaluate: received 20 results and 0 failures
2025-04-15 19:50:28 - INFO - 
2025-04-15 19:50:28 - INFO - [ROUND 6]
2025-04-15 19:50:28 - INFO - configure_fit: strategy sampled 20 clients (out of 20)
2025-04-15 19:50:41 - INFO - aggregate_fit: received 20 results and 0 failures
2025-04-15 19:50:48 - INFO - fit progress: (6, 0.06270030426979065, {'central_global_loss': 0.06270030426979065, 'central_global_accuracy': 0.288, 'central_clean_loss': 0.06064642426967621, 'central_clean_accuracy': 0.2621, 'central_malicious_loss': 0.06064642426967621, 'central_malicious_accuracy': 0.2621}, 135.14323790000003)
2025-04-15 19:50:48 - INFO - configure_evaluate: strategy sampled 20 clients (out of 20)
2025-04-15 19:50:51 - INFO - aggregate_evaluate: received 20 results and 0 failures
2025-04-15 19:50:51 - INFO - 
2025-04-15 19:50:51 - INFO - [ROUND 7]
2025-04-15 19:50:51 - INFO - configure_fit: strategy sampled 20 clients (out of 20)
2025-04-15 19:51:03 - INFO - aggregate_fit: received 20 results and 0 failures
2025-04-15 19:51:11 - INFO - fit progress: (7, 0.06322441720962524, {'central_global_loss': 0.06322441720962524, 'central_global_accuracy': 0.264, 'central_clean_loss': 0.06037551312446594, 'central_clean_accuracy': 0.2713, 'central_malicious_loss': 0.06037551312446594, 'central_malicious_accuracy': 0.2713}, 157.6459714)
2025-04-15 19:51:11 - INFO - configure_evaluate: strategy sampled 20 clients (out of 20)
2025-04-15 19:51:14 - INFO - aggregate_evaluate: received 20 results and 0 failures
2025-04-15 19:51:14 - INFO - 
2025-04-15 19:51:14 - INFO - [ROUND 8]
2025-04-15 19:51:14 - INFO - configure_fit: strategy sampled 20 clients (out of 20)
2025-04-15 19:51:26 - INFO - aggregate_fit: received 20 results and 0 failures
2025-04-15 19:51:32 - INFO - fit progress: (8, 0.06331794261932373, {'central_global_loss': 0.06331794261932373, 'central_global_accuracy': 0.238, 'central_clean_loss': 0.05944809229373932, 'central_clean_accuracy': 0.2884, 'central_malicious_loss': 0.05944809229373932, 'central_malicious_accuracy': 0.2884}, 178.67759709999996)
2025-04-15 19:51:32 - INFO - configure_evaluate: strategy sampled 20 clients (out of 20)
2025-04-15 19:51:35 - INFO - aggregate_evaluate: received 20 results and 0 failures
2025-04-15 19:51:35 - INFO - 
2025-04-15 19:51:35 - INFO - [ROUND 9]
2025-04-15 19:51:35 - INFO - configure_fit: strategy sampled 20 clients (out of 20)
2025-04-15 19:51:47 - INFO - aggregate_fit: received 20 results and 0 failures
2025-04-15 19:51:53 - INFO - fit progress: (9, 0.06434628558158874, {'central_global_loss': 0.06434628558158874, 'central_global_accuracy': 0.248, 'central_clean_loss': 0.06269580078125, 'central_clean_accuracy': 0.2633, 'central_malicious_loss': 0.06269580078125, 'central_malicious_accuracy': 0.2633}, 199.37670589999993)
2025-04-15 19:51:53 - INFO - configure_evaluate: strategy sampled 20 clients (out of 20)
2025-04-15 19:51:55 - INFO - aggregate_evaluate: received 20 results and 0 failures
2025-04-15 19:51:55 - INFO - 
2025-04-15 19:51:55 - INFO - [ROUND 10]
2025-04-15 19:51:55 - INFO - configure_fit: strategy sampled 20 clients (out of 20)
2025-04-15 19:52:07 - INFO - aggregate_fit: received 20 results and 0 failures
2025-04-15 19:52:13 - INFO - fit progress: (10, 0.06695485711097718, {'central_global_loss': 0.06695485711097718, 'central_global_accuracy': 0.226, 'central_clean_loss': 0.0656065710902214, 'central_clean_accuracy': 0.2194, 'central_malicious_loss': 0.0656065710902214, 'central_malicious_accuracy': 0.2194}, 220.15144899999996)
2025-04-15 19:52:13 - INFO - configure_evaluate: strategy sampled 20 clients (out of 20)
2025-04-15 19:52:16 - INFO - aggregate_evaluate: received 20 results and 0 failures
2025-04-15 19:52:16 - INFO - 
2025-04-15 19:52:16 - INFO - [ROUND 11]
2025-04-15 19:52:16 - INFO - configure_fit: strategy sampled 20 clients (out of 20)
2025-04-15 19:52:28 - INFO - aggregate_fit: received 20 results and 0 failures
2025-04-15 19:52:34 - INFO - fit progress: (11, 0.06792327761650085, {'central_global_loss': 0.06792327761650085, 'central_global_accuracy': 0.242, 'central_clean_loss': 0.06474497596025466, 'central_clean_accuracy': 0.2438, 'central_malicious_loss': 0.06474497596025466, 'central_malicious_accuracy': 0.2438}, 240.62262480000004)
2025-04-15 19:52:34 - INFO - configure_evaluate: strategy sampled 20 clients (out of 20)
2025-04-15 19:52:37 - INFO - aggregate_evaluate: received 20 results and 0 failures
2025-04-15 19:52:37 - INFO - 
2025-04-15 19:52:37 - INFO - [ROUND 12]
2025-04-15 19:52:37 - INFO - configure_fit: strategy sampled 20 clients (out of 20)
2025-04-15 19:52:48 - INFO - aggregate_fit: received 20 results and 0 failures
2025-04-15 19:52:54 - INFO - fit progress: (12, 0.06721931767463685, {'central_global_loss': 0.06721931767463685, 'central_global_accuracy': 0.206, 'central_clean_loss': 0.0653970828294754, 'central_clean_accuracy': 0.2167, 'central_malicious_loss': 0.0653970828294754, 'central_malicious_accuracy': 0.2167}, 261.20762519999994)
2025-04-15 19:52:54 - INFO - configure_evaluate: strategy sampled 20 clients (out of 20)
2025-04-15 19:52:57 - INFO - aggregate_evaluate: received 20 results and 0 failures
2025-04-15 19:52:57 - INFO - 
2025-04-15 19:52:57 - INFO - [ROUND 13]
2025-04-15 19:52:57 - INFO - configure_fit: strategy sampled 20 clients (out of 20)
2025-04-15 19:53:09 - INFO - aggregate_fit: received 20 results and 0 failures
2025-04-15 19:53:15 - INFO - fit progress: (13, 0.06892044401168823, {'central_global_loss': 0.06892044401168823, 'central_global_accuracy': 0.184, 'central_clean_loss': 0.0670807382941246, 'central_clean_accuracy': 0.2098, 'central_malicious_loss': 0.0670807382941246, 'central_malicious_accuracy': 0.2098}, 281.75529240000014)
2025-04-15 19:53:15 - INFO - configure_evaluate: strategy sampled 20 clients (out of 20)
2025-04-15 19:53:18 - INFO - aggregate_evaluate: received 20 results and 0 failures
2025-04-15 19:53:18 - INFO - 
2025-04-15 19:53:18 - INFO - [ROUND 14]
2025-04-15 19:53:18 - INFO - configure_fit: strategy sampled 20 clients (out of 20)
2025-04-15 19:53:29 - INFO - aggregate_fit: received 20 results and 0 failures
2025-04-15 19:53:35 - INFO - fit progress: (14, 0.06794585037231446, {'central_global_loss': 0.06794585037231446, 'central_global_accuracy': 0.186, 'central_clean_loss': 0.06507934178113937, 'central_clean_accuracy': 0.2185, 'central_malicious_loss': 0.06507934178113937, 'central_malicious_accuracy': 0.2185}, 302.1797854000001)
2025-04-15 19:53:35 - INFO - configure_evaluate: strategy sampled 20 clients (out of 20)
2025-04-15 19:53:38 - INFO - aggregate_evaluate: received 20 results and 0 failures
2025-04-15 19:53:38 - INFO - 
2025-04-15 19:53:38 - INFO - [ROUND 15]
2025-04-15 19:53:38 - INFO - configure_fit: strategy sampled 20 clients (out of 20)
2025-04-15 19:53:50 - INFO - aggregate_fit: received 20 results and 0 failures
2025-04-15 19:53:57 - INFO - fit progress: (15, 0.06960667037963868, {'central_global_loss': 0.06960667037963868, 'central_global_accuracy': 0.176, 'central_clean_loss': 0.06724510080814361, 'central_clean_accuracy': 0.1877, 'central_malicious_loss': 0.06724510080814361, 'central_malicious_accuracy': 0.1877}, 323.69456850000006)
2025-04-15 19:53:57 - INFO - configure_evaluate: strategy sampled 20 clients (out of 20)
2025-04-15 19:54:00 - INFO - aggregate_evaluate: received 20 results and 0 failures
2025-04-15 19:54:00 - INFO - 
2025-04-15 19:54:00 - INFO - [ROUND 16]
2025-04-15 19:54:00 - INFO - configure_fit: strategy sampled 20 clients (out of 20)
2025-04-15 19:54:12 - INFO - aggregate_fit: received 20 results and 0 failures
2025-04-15 19:54:19 - INFO - fit progress: (16, 0.0732922921180725, {'central_global_loss': 0.0732922921180725, 'central_global_accuracy': 0.11, 'central_clean_loss': 0.07107083735466004, 'central_clean_accuracy': 0.1344, 'central_malicious_loss': 0.07107083735466004, 'central_malicious_accuracy': 0.1344}, 345.9119691000001)
2025-04-15 19:54:19 - INFO - configure_evaluate: strategy sampled 20 clients (out of 20)
2025-04-15 19:54:22 - INFO - aggregate_evaluate: received 20 results and 0 failures
2025-04-15 19:54:22 - INFO - 
2025-04-15 19:54:22 - INFO - [ROUND 17]
2025-04-15 19:54:22 - INFO - configure_fit: strategy sampled 20 clients (out of 20)
2025-04-15 19:54:34 - INFO - aggregate_fit: received 20 results and 0 failures
2025-04-15 19:54:42 - INFO - fit progress: (17, 0.07147151756286621, {'central_global_loss': 0.07147151756286621, 'central_global_accuracy': 0.146, 'central_clean_loss': 0.06910894846916199, 'central_clean_accuracy': 0.1677, 'central_malicious_loss': 0.06910894846916199, 'central_malicious_accuracy': 0.1677}, 368.3427812)
2025-04-15 19:54:42 - INFO - configure_evaluate: strategy sampled 20 clients (out of 20)
2025-04-15 19:54:44 - INFO - aggregate_evaluate: received 20 results and 0 failures
2025-04-15 19:54:44 - INFO - 
2025-04-15 19:54:44 - INFO - [ROUND 18]
2025-04-15 19:54:44 - INFO - configure_fit: strategy sampled 20 clients (out of 20)
2025-04-15 19:54:57 - INFO - aggregate_fit: received 20 results and 0 failures
2025-04-15 19:55:04 - INFO - fit progress: (18, 0.07394418859481812, {'central_global_loss': 0.07394418859481812, 'central_global_accuracy': 0.114, 'central_clean_loss': 0.07163779685497285, 'central_clean_accuracy': 0.1267, 'central_malicious_loss': 0.07163779685497285, 'central_malicious_accuracy': 0.1267}, 390.8208400000001)
2025-04-15 19:55:04 - INFO - configure_evaluate: strategy sampled 20 clients (out of 20)
2025-04-15 19:55:07 - INFO - aggregate_evaluate: received 20 results and 0 failures
2025-04-15 19:55:07 - INFO - 
2025-04-15 19:55:07 - INFO - [ROUND 19]
2025-04-15 19:55:07 - INFO - configure_fit: strategy sampled 20 clients (out of 20)
2025-04-15 19:55:19 - INFO - aggregate_fit: received 20 results and 0 failures
2025-04-15 19:55:26 - INFO - fit progress: (19, 0.07393683767318726, {'central_global_loss': 0.07393683767318726, 'central_global_accuracy': 0.098, 'central_clean_loss': 0.07218334825038909, 'central_clean_accuracy': 0.1108, 'central_malicious_loss': 0.07218334825038909, 'central_malicious_accuracy': 0.1108}, 412.9680978000001)
2025-04-15 19:55:26 - INFO - configure_evaluate: strategy sampled 20 clients (out of 20)
2025-04-15 19:55:29 - INFO - aggregate_evaluate: received 20 results and 0 failures
2025-04-15 19:55:29 - INFO - 
2025-04-15 19:55:29 - INFO - [ROUND 20]
2025-04-15 19:55:29 - INFO - configure_fit: strategy sampled 20 clients (out of 20)
2025-04-15 19:55:41 - INFO - aggregate_fit: received 20 results and 0 failures
2025-04-15 19:55:48 - INFO - fit progress: (20, 0.0743523712158203, {'central_global_loss': 0.0743523712158203, 'central_global_accuracy': 0.096, 'central_clean_loss': 0.07218570346832276, 'central_clean_accuracy': 0.1015, 'central_malicious_loss': 0.07218570346832276, 'central_malicious_accuracy': 0.1015}, 435.0449664)
2025-04-15 19:55:48 - INFO - configure_evaluate: strategy sampled 20 clients (out of 20)
2025-04-15 19:55:51 - INFO - aggregate_evaluate: received 20 results and 0 failures
2025-04-15 19:55:51 - INFO - 
2025-04-15 19:55:51 - INFO - [SUMMARY]
2025-04-15 19:55:51 - INFO - Run finished 20 round(s) in 437.72s
2025-04-15 19:55:51 - INFO - 	History (loss, distributed):
2025-04-15 19:55:51 - INFO - 		round 1: 0.1014
2025-04-15 19:55:51 - INFO - 		round 2: 0.1465
2025-04-15 19:55:51 - INFO - 		round 3: 0.2561
2025-04-15 19:55:51 - INFO - 		round 4: 0.271
2025-04-15 19:55:51 - INFO - 		round 5: 0.245
2025-04-15 19:55:51 - INFO - 		round 6: 0.2621
2025-04-15 19:55:51 - INFO - 		round 7: 0.2713
2025-04-15 19:55:51 - INFO - 		round 8: 0.2884
2025-04-15 19:55:51 - INFO - 		round 9: 0.2633
2025-04-15 19:55:51 - INFO - 		round 10: 0.2194
2025-04-15 19:55:51 - INFO - 		round 11: 0.2438
2025-04-15 19:55:51 - INFO - 		round 12: 0.2167
2025-04-15 19:55:51 - INFO - 		round 13: 0.2098
2025-04-15 19:55:51 - INFO - 		round 14: 0.2185
2025-04-15 19:55:51 - INFO - 		round 15: 0.1877
2025-04-15 19:55:51 - INFO - 		round 16: 0.1344
2025-04-15 19:55:51 - INFO - 		round 17: 0.1677
2025-04-15 19:55:51 - INFO - 		round 18: 0.1267
2025-04-15 19:55:51 - INFO - 		round 19: 0.1108
2025-04-15 19:55:51 - INFO - 		round 20: 0.1015
2025-04-15 19:55:51 - INFO - 	History (loss, centralized):
2025-04-15 19:55:51 - INFO - 		round 0: 0.07379083013534546
2025-04-15 19:55:51 - INFO - 		round 1: 0.12097920799255371
2025-04-15 19:55:51 - INFO - 		round 2: 0.07576876211166382
2025-04-15 19:55:51 - INFO - 		round 3: 0.06897241878509522
2025-04-15 19:55:51 - INFO - 		round 4: 0.06536843347549438
2025-04-15 19:55:51 - INFO - 		round 5: 0.06662198424339294
2025-04-15 19:55:51 - INFO - 		round 6: 0.06270030426979065
2025-04-15 19:55:51 - INFO - 		round 7: 0.06322441720962524
2025-04-15 19:55:51 - INFO - 		round 8: 0.06331794261932373
2025-04-15 19:55:51 - INFO - 		round 9: 0.06434628558158874
2025-04-15 19:55:51 - INFO - 		round 10: 0.06695485711097718
2025-04-15 19:55:51 - INFO - 		round 11: 0.06792327761650085
2025-04-15 19:55:51 - INFO - 		round 12: 0.06721931767463685
2025-04-15 19:55:51 - INFO - 		round 13: 0.06892044401168823
2025-04-15 19:55:51 - INFO - 		round 14: 0.06794585037231446
2025-04-15 19:55:51 - INFO - 		round 15: 0.06960667037963868
2025-04-15 19:55:51 - INFO - 		round 16: 0.0732922921180725
2025-04-15 19:55:51 - INFO - 		round 17: 0.07147151756286621
2025-04-15 19:55:51 - INFO - 		round 18: 0.07394418859481812
2025-04-15 19:55:51 - INFO - 		round 19: 0.07393683767318726
2025-04-15 19:55:51 - INFO - 		round 20: 0.0743523712158203
2025-04-15 19:55:51 - INFO - 	History (metrics, distributed, evaluate):
2025-04-15 19:55:51 - INFO - 	{'accuracy': [(1, 0.1014),
2025-04-15 19:55:51 - INFO - 	              (2, 0.1465),
2025-04-15 19:55:51 - INFO - 	              (3, 0.2561),
2025-04-15 19:55:51 - INFO - 	              (4, 0.271),
2025-04-15 19:55:51 - INFO - 	              (5, 0.245),
2025-04-15 19:55:51 - INFO - 	              (6, 0.2621),
2025-04-15 19:55:51 - INFO - 	              (7, 0.2713),
2025-04-15 19:55:51 - INFO - 	              (8, 0.2884),
2025-04-15 19:55:51 - INFO - 	              (9, 0.2633),
2025-04-15 19:55:51 - INFO - 	              (10, 0.2194),
2025-04-15 19:55:51 - INFO - 	              (11, 0.2438),
2025-04-15 19:55:51 - INFO - 	              (12, 0.2167),
2025-04-15 19:55:51 - INFO - 	              (13, 0.2098),
2025-04-15 19:55:51 - INFO - 	              (14, 0.2185),
2025-04-15 19:55:51 - INFO - 	              (15, 0.1877),
2025-04-15 19:55:51 - INFO - 	              (16, 0.1344),
2025-04-15 19:55:51 - INFO - 	              (17, 0.1677),
2025-04-15 19:55:51 - INFO - 	              (18, 0.1267),
2025-04-15 19:55:51 - INFO - 	              (19, 0.1108),
2025-04-15 19:55:51 - INFO - 	              (20, 0.1015)],
2025-04-15 19:55:51 - INFO - 	 'clean_accuracy': [(1, 0.1),
2025-04-15 19:55:51 - INFO - 	                    (2, 0.149875),
2025-04-15 19:55:51 - INFO - 	                    (3, 0.25925),
2025-04-15 19:55:51 - INFO - 	                    (4, 0.268875),
2025-04-15 19:55:51 - INFO - 	                    (5, 0.24575),
2025-04-15 19:55:51 - INFO - 	                    (6, 0.259125),
2025-04-15 19:55:51 - INFO - 	                    (7, 0.2685),
2025-04-15 19:55:51 - INFO - 	                    (8, 0.28925),
2025-04-15 19:55:51 - INFO - 	                    (9, 0.2635),
2025-04-15 19:55:51 - INFO - 	                    (10, 0.22),
2025-04-15 19:55:51 - INFO - 	                    (11, 0.2465),
2025-04-15 19:55:51 - INFO - 	                    (12, 0.217875),
2025-04-15 19:55:51 - INFO - 	                    (13, 0.21025),
2025-04-15 19:55:51 - INFO - 	                    (14, 0.222125),
2025-04-15 19:55:51 - INFO - 	                    (15, 0.188125),
2025-04-15 19:55:51 - INFO - 	                    (16, 0.137875),
2025-04-15 19:55:51 - INFO - 	                    (17, 0.170375),
2025-04-15 19:55:51 - INFO - 	                    (18, 0.127875),
2025-04-15 19:55:51 - INFO - 	                    (19, 0.11175),
2025-04-15 19:55:51 - INFO - 	                    (20, 0.102625)],
2025-04-15 19:55:51 - INFO - 	 'malicious_accuracy': [(1, 0.107),
2025-04-15 19:55:51 - INFO - 	                        (2, 0.133),
2025-04-15 19:55:51 - INFO - 	                        (3, 0.2435),
2025-04-15 19:55:51 - INFO - 	                        (4, 0.2795),
2025-04-15 19:55:51 - INFO - 	                        (5, 0.242),
2025-04-15 19:55:51 - INFO - 	                        (6, 0.274),
2025-04-15 19:55:51 - INFO - 	                        (7, 0.2825),
2025-04-15 19:55:51 - INFO - 	                        (8, 0.285),
2025-04-15 19:55:51 - INFO - 	                        (9, 0.2625),
2025-04-15 19:55:51 - INFO - 	                        (10, 0.217),
2025-04-15 19:55:51 - INFO - 	                        (11, 0.233),
2025-04-15 19:55:51 - INFO - 	                        (12, 0.212),
2025-04-15 19:55:51 - INFO - 	                        (13, 0.208),
2025-04-15 19:55:51 - INFO - 	                        (14, 0.204),
2025-04-15 19:55:51 - INFO - 	                        (15, 0.186),
2025-04-15 19:55:51 - INFO - 	                        (16, 0.1205),
2025-04-15 19:55:51 - INFO - 	                        (17, 0.157),
2025-04-15 19:55:51 - INFO - 	                        (18, 0.122),
2025-04-15 19:55:51 - INFO - 	                        (19, 0.107),
2025-04-15 19:55:51 - INFO - 	                        (20, 0.097)]}
2025-04-15 19:55:51 - INFO - 	History (metrics, centralized):
2025-04-15 19:55:51 - INFO - 	{'central_clean_accuracy': [(0, 0.0947),
2025-04-15 19:55:51 - INFO - 	                            (1, 0.1014),
2025-04-15 19:55:51 - INFO - 	                            (2, 0.1465),
2025-04-15 19:55:51 - INFO - 	                            (3, 0.2561),
2025-04-15 19:55:51 - INFO - 	                            (4, 0.271),
2025-04-15 19:55:51 - INFO - 	                            (5, 0.245),
2025-04-15 19:55:51 - INFO - 	                            (6, 0.2621),
2025-04-15 19:55:51 - INFO - 	                            (7, 0.2713),
2025-04-15 19:55:51 - INFO - 	                            (8, 0.2884),
2025-04-15 19:55:51 - INFO - 	                            (9, 0.2633),
2025-04-15 19:55:51 - INFO - 	                            (10, 0.2194),
2025-04-15 19:55:51 - INFO - 	                            (11, 0.2438),
2025-04-15 19:55:51 - INFO - 	                            (12, 0.2167),
2025-04-15 19:55:51 - INFO - 	                            (13, 0.2098),
2025-04-15 19:55:51 - INFO - 	                            (14, 0.2185),
2025-04-15 19:55:51 - INFO - 	                            (15, 0.1877),
2025-04-15 19:55:51 - INFO - 	                            (16, 0.1344),
2025-04-15 19:55:51 - INFO - 	                            (17, 0.1677),
2025-04-15 19:55:51 - INFO - 	                            (18, 0.1267),
2025-04-15 19:55:51 - INFO - 	                            (19, 0.1108),
2025-04-15 19:55:51 - INFO - 	                            (20, 0.1015)],
2025-04-15 19:55:51 - INFO - 	 'central_clean_loss': [(0, 0.07211591160297394),
2025-04-15 19:55:51 - INFO - 	                        (1, 0.11579245932102203),
2025-04-15 19:55:51 - INFO - 	                        (2, 0.07172101184129714),
2025-04-15 19:55:51 - INFO - 	                        (3, 0.06556641801595688),
2025-04-15 19:55:51 - INFO - 	                        (4, 0.06377642251253128),
2025-04-15 19:55:51 - INFO - 	                        (5, 0.06391899893283844),
2025-04-15 19:55:51 - INFO - 	                        (6, 0.06064642426967621),
2025-04-15 19:55:51 - INFO - 	                        (7, 0.06037551312446594),
2025-04-15 19:55:51 - INFO - 	                        (8, 0.05944809229373932),
2025-04-15 19:55:51 - INFO - 	                        (9, 0.06269580078125),
2025-04-15 19:55:51 - INFO - 	                        (10, 0.0656065710902214),
2025-04-15 19:55:51 - INFO - 	                        (11, 0.06474497596025466),
2025-04-15 19:55:51 - INFO - 	                        (12, 0.0653970828294754),
2025-04-15 19:55:51 - INFO - 	                        (13, 0.0670807382941246),
2025-04-15 19:55:51 - INFO - 	                        (14, 0.06507934178113937),
2025-04-15 19:55:51 - INFO - 	                        (15, 0.06724510080814361),
2025-04-15 19:55:51 - INFO - 	                        (16, 0.07107083735466004),
2025-04-15 19:55:51 - INFO - 	                        (17, 0.06910894846916199),
2025-04-15 19:55:51 - INFO - 	                        (18, 0.07163779685497285),
2025-04-15 19:55:51 - INFO - 	                        (19, 0.07218334825038909),
2025-04-15 19:55:51 - INFO - 	                        (20, 0.07218570346832276)],
2025-04-15 19:55:51 - INFO - 	 'central_global_accuracy': [(0, 0.092),
2025-04-15 19:55:51 - INFO - 	                             (1, 0.094),
2025-04-15 19:55:51 - INFO - 	                             (2, 0.126),
2025-04-15 19:55:51 - INFO - 	                             (3, 0.238),
2025-04-15 19:55:51 - INFO - 	                             (4, 0.276),
2025-04-15 19:55:51 - INFO - 	                             (5, 0.22),
2025-04-15 19:55:51 - INFO - 	                             (6, 0.288),
2025-04-15 19:55:51 - INFO - 	                             (7, 0.264),
2025-04-15 19:55:51 - INFO - 	                             (8, 0.238),
2025-04-15 19:55:51 - INFO - 	                             (9, 0.248),
2025-04-15 19:55:51 - INFO - 	                             (10, 0.226),
2025-04-15 19:55:51 - INFO - 	                             (11, 0.242),
2025-04-15 19:55:51 - INFO - 	                             (12, 0.206),
2025-04-15 19:55:51 - INFO - 	                             (13, 0.184),
2025-04-15 19:55:51 - INFO - 	                             (14, 0.186),
2025-04-15 19:55:51 - INFO - 	                             (15, 0.176),
2025-04-15 19:55:51 - INFO - 	                             (16, 0.11),
2025-04-15 19:55:51 - INFO - 	                             (17, 0.146),
2025-04-15 19:55:51 - INFO - 	                             (18, 0.114),
2025-04-15 19:55:51 - INFO - 	                             (19, 0.098),
2025-04-15 19:55:51 - INFO - 	                             (20, 0.096)],
2025-04-15 19:55:51 - INFO - 	 'central_global_loss': [(0, 0.07379083013534546),
2025-04-15 19:55:51 - INFO - 	                         (1, 0.12097920799255371),
2025-04-15 19:55:51 - INFO - 	                         (2, 0.07576876211166382),
2025-04-15 19:55:51 - INFO - 	                         (3, 0.06897241878509522),
2025-04-15 19:55:51 - INFO - 	                         (4, 0.06536843347549438),
2025-04-15 19:55:51 - INFO - 	                         (5, 0.06662198424339294),
2025-04-15 19:55:51 - INFO - 	                         (6, 0.06270030426979065),
2025-04-15 19:55:51 - INFO - 	                         (7, 0.06322441720962524),
2025-04-15 19:55:51 - INFO - 	                         (8, 0.06331794261932373),
2025-04-15 19:55:51 - INFO - 	                         (9, 0.06434628558158874),
2025-04-15 19:55:51 - INFO - 	                         (10, 0.06695485711097718),
2025-04-15 19:55:51 - INFO - 	                         (11, 0.06792327761650085),
2025-04-15 19:55:51 - INFO - 	                         (12, 0.06721931767463685),
2025-04-15 19:55:51 - INFO - 	                         (13, 0.06892044401168823),
2025-04-15 19:55:51 - INFO - 	                         (14, 0.06794585037231446),
2025-04-15 19:55:51 - INFO - 	                         (15, 0.06960667037963868),
2025-04-15 19:55:51 - INFO - 	                         (16, 0.0732922921180725),
2025-04-15 19:55:51 - INFO - 	                         (17, 0.07147151756286621),
2025-04-15 19:55:51 - INFO - 	                         (18, 0.07394418859481812),
2025-04-15 19:55:51 - INFO - 	                         (19, 0.07393683767318726),
2025-04-15 19:55:51 - INFO - 	                         (20, 0.0743523712158203)],
2025-04-15 19:55:51 - INFO - 	 'central_malicious_accuracy': [(0, 0.0947),
2025-04-15 19:55:51 - INFO - 	                                (1, 0.1014),
2025-04-15 19:55:51 - INFO - 	                                (2, 0.1465),
2025-04-15 19:55:51 - INFO - 	                                (3, 0.2561),
2025-04-15 19:55:51 - INFO - 	                                (4, 0.271),
2025-04-15 19:55:51 - INFO - 	                                (5, 0.245),
2025-04-15 19:55:51 - INFO - 	                                (6, 0.2621),
2025-04-15 19:55:51 - INFO - 	                                (7, 0.2713),
2025-04-15 19:55:51 - INFO - 	                                (8, 0.2884),
2025-04-15 19:55:51 - INFO - 	                                (9, 0.2633),
2025-04-15 19:55:51 - INFO - 	                                (10, 0.2194),
2025-04-15 19:55:51 - INFO - 	                                (11, 0.2438),
2025-04-15 19:55:51 - INFO - 	                                (12, 0.2167),
2025-04-15 19:55:51 - INFO - 	                                (13, 0.2098),
2025-04-15 19:55:51 - INFO - 	                                (14, 0.2185),
2025-04-15 19:55:51 - INFO - 	                                (15, 0.1877),
2025-04-15 19:55:51 - INFO - 	                                (16, 0.1344),
2025-04-15 19:55:51 - INFO - 	                                (17, 0.1677),
2025-04-15 19:55:51 - INFO - 	                                (18, 0.1267),
2025-04-15 19:55:51 - INFO - 	                                (19, 0.1108),
2025-04-15 19:55:51 - INFO - 	                                (20, 0.1015)],
2025-04-15 19:55:51 - INFO - 	 'central_malicious_loss': [(0, 0.07211591160297394),
2025-04-15 19:55:51 - INFO - 	                            (1, 0.11579245932102203),
2025-04-15 19:55:51 - INFO - 	                            (2, 0.07172101184129714),
2025-04-15 19:55:51 - INFO - 	                            (3, 0.06556641801595688),
2025-04-15 19:55:51 - INFO - 	                            (4, 0.06377642251253128),
2025-04-15 19:55:51 - INFO - 	                            (5, 0.06391899893283844),
2025-04-15 19:55:51 - INFO - 	                            (6, 0.06064642426967621),
2025-04-15 19:55:51 - INFO - 	                            (7, 0.06037551312446594),
2025-04-15 19:55:51 - INFO - 	                            (8, 0.05944809229373932),
2025-04-15 19:55:51 - INFO - 	                            (9, 0.06269580078125),
2025-04-15 19:55:51 - INFO - 	                            (10, 0.0656065710902214),
2025-04-15 19:55:51 - INFO - 	                            (11, 0.06474497596025466),
2025-04-15 19:55:51 - INFO - 	                            (12, 0.0653970828294754),
2025-04-15 19:55:51 - INFO - 	                            (13, 0.0670807382941246),
2025-04-15 19:55:51 - INFO - 	                            (14, 0.06507934178113937),
2025-04-15 19:55:51 - INFO - 	                            (15, 0.06724510080814361),
2025-04-15 19:55:51 - INFO - 	                            (16, 0.07107083735466004),
2025-04-15 19:55:51 - INFO - 	                            (17, 0.06910894846916199),
2025-04-15 19:55:51 - INFO - 	                            (18, 0.07163779685497285),
2025-04-15 19:55:51 - INFO - 	                            (19, 0.07218334825038909),
2025-04-15 19:55:51 - INFO - 	                            (20, 0.07218570346832276)]}
2025-04-15 19:55:51 - INFO - 
