2025-04-15 09:46:23 - INFO - Starting Federated Learning Simulation: dataset type: iid, dataset name: mnist, strategy: FedAvg(accept_failures=True), rounds: 20, clients: 20
2025-04-15 09:46:23 - WARNING - DEPRECATED FEATURE: flwr.simulation.start_simulation() is deprecated.
	Instead, use the `flwr run` CLI command to start a local simulation in your Flower app, as shown for example below:

		$ flwr new  # Create a new Flower app from a template

		$ flwr run  # Run the Flower app in Simulation Mode

	Using `start_simulation()` is deprecated.

            This is a deprecated feature. It will be removed
            entirely in future versions of Flower.
        
2025-04-15 09:46:23 - INFO - Starting Flower simulation, config: num_rounds=20, no round_timeout
2025-04-15 09:46:26 - INFO - Flower VCE: Ray initialized with resources: {'accelerator_type:G': 1.0, 'node:__internal_head__': 1.0, 'CPU': 24.0, 'object_store_memory': 6523559116.0, 'node:127.0.0.1': 1.0, 'memory': 13047118235.0, 'GPU': 1.0}
2025-04-15 09:46:26 - INFO - Optimize your simulation with Flower VCE: https://flower.ai/docs/framework/how-to-run-simulations.html
2025-04-15 09:46:26 - INFO - No `client_resources` specified. Using minimal resources for clients.
2025-04-15 09:46:26 - INFO - Flower VCE: Resources for each Virtual Client: {'num_cpus': 1, 'num_gpus': 0.0}
2025-04-15 09:46:26 - INFO - Flower VCE: Creating VirtualClientEngineActorPool with 24 actors
2025-04-15 09:46:26 - INFO - [INIT]
2025-04-15 09:46:26 - INFO - Requesting initial parameters from one random client
2025-04-15 09:46:29 - INFO - Received initial parameters from one random client
2025-04-15 09:46:29 - INFO - Starting evaluation of initial global parameters
2025-04-15 09:46:30 - INFO - initial parameters (loss, other metrics): 2.3105, {'central_accuracy': 0.098}
2025-04-15 09:46:30 - INFO - 
2025-04-15 09:46:30 - INFO - [ROUND 1]
2025-04-15 09:46:30 - INFO - configure_fit: strategy sampled 20 clients (out of 20)
2025-04-15 09:46:37 - INFO - aggregate_fit: received 20 results and 0 failures
2025-04-15 09:46:37 - WARNING - No fit_metrics_aggregation_fn provided
2025-04-15 09:46:37 - INFO - fit progress: (1, 0.2953, {'central_accuracy': 0.912}, 7.666128599999999)
2025-04-15 09:46:37 - INFO - configure_evaluate: strategy sampled 20 clients (out of 20)
2025-04-15 09:46:38 - INFO - aggregate_evaluate: received 20 results and 0 failures
2025-04-15 09:46:38 - INFO - 
2025-04-15 09:46:38 - INFO - [ROUND 2]
2025-04-15 09:46:38 - INFO - configure_fit: strategy sampled 20 clients (out of 20)
2025-04-15 09:46:42 - INFO - aggregate_fit: received 20 results and 0 failures
2025-04-15 09:46:42 - INFO - fit progress: (2, 0.1241, {'central_accuracy': 0.96}, 11.998025299999998)
2025-04-15 09:46:42 - INFO - configure_evaluate: strategy sampled 20 clients (out of 20)
2025-04-15 09:46:42 - INFO - aggregate_evaluate: received 20 results and 0 failures
2025-04-15 09:46:42 - INFO - 
2025-04-15 09:46:42 - INFO - [ROUND 3]
2025-04-15 09:46:42 - INFO - configure_fit: strategy sampled 20 clients (out of 20)
2025-04-15 09:46:46 - INFO - aggregate_fit: received 20 results and 0 failures
2025-04-15 09:46:46 - INFO - fit progress: (3, 0.086, {'central_accuracy': 0.974}, 16.505561699999998)
2025-04-15 09:46:46 - INFO - configure_evaluate: strategy sampled 20 clients (out of 20)
2025-04-15 09:46:47 - INFO - aggregate_evaluate: received 20 results and 0 failures
2025-04-15 09:46:47 - INFO - 
2025-04-15 09:46:47 - INFO - [ROUND 4]
2025-04-15 09:46:47 - INFO - configure_fit: strategy sampled 20 clients (out of 20)
2025-04-15 09:46:51 - INFO - aggregate_fit: received 20 results and 0 failures
2025-04-15 09:46:51 - INFO - fit progress: (4, 0.0674, {'central_accuracy': 0.978}, 21.2042157)
2025-04-15 09:46:51 - INFO - configure_evaluate: strategy sampled 20 clients (out of 20)
2025-04-15 09:46:51 - INFO - aggregate_evaluate: received 20 results and 0 failures
2025-04-15 09:46:51 - INFO - 
2025-04-15 09:46:51 - INFO - [ROUND 5]
2025-04-15 09:46:51 - INFO - configure_fit: strategy sampled 20 clients (out of 20)
2025-04-15 09:46:55 - INFO - aggregate_fit: received 20 results and 0 failures
2025-04-15 09:46:55 - INFO - fit progress: (5, 0.0533, {'central_accuracy': 0.986}, 25.6531822)
2025-04-15 09:46:55 - INFO - configure_evaluate: strategy sampled 20 clients (out of 20)
2025-04-15 09:46:56 - INFO - aggregate_evaluate: received 20 results and 0 failures
2025-04-15 09:46:56 - INFO - 
2025-04-15 09:46:56 - INFO - [ROUND 6]
2025-04-15 09:46:56 - INFO - configure_fit: strategy sampled 20 clients (out of 20)
2025-04-15 09:47:00 - INFO - aggregate_fit: received 20 results and 0 failures
2025-04-15 09:47:00 - INFO - fit progress: (6, 0.046, {'central_accuracy': 0.984}, 30.085817799999997)
2025-04-15 09:47:00 - INFO - configure_evaluate: strategy sampled 20 clients (out of 20)
2025-04-15 09:47:00 - INFO - aggregate_evaluate: received 20 results and 0 failures
2025-04-15 09:47:00 - INFO - 
2025-04-15 09:47:00 - INFO - [ROUND 7]
2025-04-15 09:47:00 - INFO - configure_fit: strategy sampled 20 clients (out of 20)
2025-04-15 09:47:04 - INFO - aggregate_fit: received 20 results and 0 failures
2025-04-15 09:47:04 - INFO - fit progress: (7, 0.0444, {'central_accuracy': 0.986}, 34.621634099999994)
2025-04-15 09:47:04 - INFO - configure_evaluate: strategy sampled 20 clients (out of 20)
2025-04-15 09:47:05 - INFO - aggregate_evaluate: received 20 results and 0 failures
2025-04-15 09:47:05 - INFO - 
2025-04-15 09:47:05 - INFO - [ROUND 8]
2025-04-15 09:47:05 - INFO - configure_fit: strategy sampled 20 clients (out of 20)
2025-04-15 09:47:09 - INFO - aggregate_fit: received 20 results and 0 failures
2025-04-15 09:47:09 - INFO - fit progress: (8, 0.0395, {'central_accuracy': 0.986}, 38.995216600000006)
2025-04-15 09:47:09 - INFO - configure_evaluate: strategy sampled 20 clients (out of 20)
2025-04-15 09:47:09 - INFO - aggregate_evaluate: received 20 results and 0 failures
2025-04-15 09:47:09 - INFO - 
2025-04-15 09:47:09 - INFO - [ROUND 9]
2025-04-15 09:47:09 - INFO - configure_fit: strategy sampled 20 clients (out of 20)
2025-04-15 09:47:13 - INFO - aggregate_fit: received 20 results and 0 failures
2025-04-15 09:47:13 - INFO - fit progress: (9, 0.0349, {'central_accuracy': 0.988}, 43.4388024)
2025-04-15 09:47:13 - INFO - configure_evaluate: strategy sampled 20 clients (out of 20)
2025-04-15 09:47:14 - INFO - aggregate_evaluate: received 20 results and 0 failures
2025-04-15 09:47:14 - INFO - 
2025-04-15 09:47:14 - INFO - [ROUND 10]
2025-04-15 09:47:14 - INFO - configure_fit: strategy sampled 20 clients (out of 20)
2025-04-15 09:47:17 - INFO - aggregate_fit: received 20 results and 0 failures
2025-04-15 09:47:18 - INFO - fit progress: (10, 0.0324, {'central_accuracy': 0.99}, 47.821218)
2025-04-15 09:47:18 - INFO - configure_evaluate: strategy sampled 20 clients (out of 20)
2025-04-15 09:47:18 - INFO - aggregate_evaluate: received 20 results and 0 failures
2025-04-15 09:47:18 - INFO - 
2025-04-15 09:47:18 - INFO - [ROUND 11]
2025-04-15 09:47:18 - INFO - configure_fit: strategy sampled 20 clients (out of 20)
2025-04-15 09:47:22 - INFO - aggregate_fit: received 20 results and 0 failures
2025-04-15 09:47:22 - INFO - fit progress: (11, 0.0286, {'central_accuracy': 0.988}, 52.1501516)
2025-04-15 09:47:22 - INFO - configure_evaluate: strategy sampled 20 clients (out of 20)
2025-04-15 09:47:22 - INFO - aggregate_evaluate: received 20 results and 0 failures
2025-04-15 09:47:22 - INFO - 
2025-04-15 09:47:22 - INFO - [ROUND 12]
2025-04-15 09:47:22 - INFO - configure_fit: strategy sampled 20 clients (out of 20)
2025-04-15 09:47:26 - INFO - aggregate_fit: received 20 results and 0 failures
2025-04-15 09:47:26 - INFO - fit progress: (12, 0.0247, {'central_accuracy': 0.992}, 56.5841147)
2025-04-15 09:47:26 - INFO - configure_evaluate: strategy sampled 20 clients (out of 20)
2025-04-15 09:47:27 - INFO - aggregate_evaluate: received 20 results and 0 failures
2025-04-15 09:47:27 - INFO - 
2025-04-15 09:47:27 - INFO - [ROUND 13]
2025-04-15 09:47:27 - INFO - configure_fit: strategy sampled 20 clients (out of 20)
2025-04-15 09:47:31 - INFO - aggregate_fit: received 20 results and 0 failures
2025-04-15 09:47:31 - INFO - fit progress: (13, 0.0256, {'central_accuracy': 0.99}, 60.935047999999995)
2025-04-15 09:47:31 - INFO - configure_evaluate: strategy sampled 20 clients (out of 20)
2025-04-15 09:47:31 - INFO - aggregate_evaluate: received 20 results and 0 failures
2025-04-15 09:47:31 - INFO - 
2025-04-15 09:47:31 - INFO - [ROUND 14]
2025-04-15 09:47:31 - INFO - configure_fit: strategy sampled 20 clients (out of 20)
2025-04-15 09:47:35 - INFO - aggregate_fit: received 20 results and 0 failures
2025-04-15 09:47:35 - INFO - fit progress: (14, 0.0243, {'central_accuracy': 0.99}, 65.2826099)
2025-04-15 09:47:35 - INFO - configure_evaluate: strategy sampled 20 clients (out of 20)
2025-04-15 09:47:36 - INFO - aggregate_evaluate: received 20 results and 0 failures
2025-04-15 09:47:36 - INFO - 
2025-04-15 09:47:36 - INFO - [ROUND 15]
2025-04-15 09:47:36 - INFO - configure_fit: strategy sampled 20 clients (out of 20)
2025-04-15 09:47:39 - INFO - aggregate_fit: received 20 results and 0 failures
2025-04-15 09:47:39 - INFO - fit progress: (15, 0.023, {'central_accuracy': 0.992}, 69.6552612)
2025-04-15 09:47:39 - INFO - configure_evaluate: strategy sampled 20 clients (out of 20)
2025-04-15 09:47:40 - INFO - aggregate_evaluate: received 20 results and 0 failures
2025-04-15 09:47:40 - INFO - 
2025-04-15 09:47:40 - INFO - [ROUND 16]
2025-04-15 09:47:40 - INFO - configure_fit: strategy sampled 20 clients (out of 20)
2025-04-15 09:47:44 - INFO - aggregate_fit: received 20 results and 0 failures
2025-04-15 09:47:44 - INFO - fit progress: (16, 0.0221, {'central_accuracy': 0.99}, 74.19085899999999)
2025-04-15 09:47:44 - INFO - configure_evaluate: strategy sampled 20 clients (out of 20)
2025-04-15 09:47:44 - INFO - aggregate_evaluate: received 20 results and 0 failures
2025-04-15 09:47:44 - INFO - 
2025-04-15 09:47:44 - INFO - [ROUND 17]
2025-04-15 09:47:44 - INFO - configure_fit: strategy sampled 20 clients (out of 20)
2025-04-15 09:47:48 - INFO - aggregate_fit: received 20 results and 0 failures
2025-04-15 09:47:48 - INFO - fit progress: (17, 0.0209, {'central_accuracy': 0.992}, 78.5589881)
2025-04-15 09:47:48 - INFO - configure_evaluate: strategy sampled 20 clients (out of 20)
2025-04-15 09:47:49 - INFO - aggregate_evaluate: received 20 results and 0 failures
2025-04-15 09:47:49 - INFO - 
2025-04-15 09:47:49 - INFO - [ROUND 18]
2025-04-15 09:47:49 - INFO - configure_fit: strategy sampled 20 clients (out of 20)
2025-04-15 09:47:53 - INFO - aggregate_fit: received 20 results and 0 failures
2025-04-15 09:47:53 - INFO - fit progress: (18, 0.0196, {'central_accuracy': 0.992}, 83.0470011)
2025-04-15 09:47:53 - INFO - configure_evaluate: strategy sampled 20 clients (out of 20)
2025-04-15 09:47:53 - INFO - aggregate_evaluate: received 20 results and 0 failures
2025-04-15 09:47:53 - INFO - 
2025-04-15 09:47:53 - INFO - [ROUND 19]
2025-04-15 09:47:53 - INFO - configure_fit: strategy sampled 20 clients (out of 20)
2025-04-15 09:47:57 - INFO - aggregate_fit: received 20 results and 0 failures
2025-04-15 09:47:57 - INFO - fit progress: (19, 0.0205, {'central_accuracy': 0.992}, 87.60706789999999)
2025-04-15 09:47:57 - INFO - configure_evaluate: strategy sampled 20 clients (out of 20)
2025-04-15 09:47:58 - INFO - aggregate_evaluate: received 20 results and 0 failures
2025-04-15 09:47:58 - INFO - 
2025-04-15 09:47:58 - INFO - [ROUND 20]
2025-04-15 09:47:58 - INFO - configure_fit: strategy sampled 20 clients (out of 20)
2025-04-15 09:48:02 - INFO - aggregate_fit: received 20 results and 0 failures
2025-04-15 09:48:02 - INFO - fit progress: (20, 0.0175, {'central_accuracy': 0.996}, 92.1851057)
2025-04-15 09:48:02 - INFO - configure_evaluate: strategy sampled 20 clients (out of 20)
2025-04-15 09:48:02 - INFO - aggregate_evaluate: received 20 results and 0 failures
2025-04-15 09:48:02 - INFO - 
2025-04-15 09:48:02 - INFO - [SUMMARY]
2025-04-15 09:48:02 - INFO - Run finished 20 round(s) in 92.61s
2025-04-15 09:48:02 - INFO - 	History (loss, distributed):
2025-04-15 09:48:02 - INFO - 		round 1: 0.9232
2025-04-15 09:48:02 - INFO - 		round 2: 0.9577
2025-04-15 09:48:02 - INFO - 		round 3: 0.9692
2025-04-15 09:48:02 - INFO - 		round 4: 0.9741
2025-04-15 09:48:02 - INFO - 		round 5: 0.9776
2025-04-15 09:48:02 - INFO - 		round 6: 0.9796
2025-04-15 09:48:02 - INFO - 		round 7: 0.9817
2025-04-15 09:48:02 - INFO - 		round 8: 0.9833
2025-04-15 09:48:02 - INFO - 		round 9: 0.9849
2025-04-15 09:48:02 - INFO - 		round 10: 0.9839
2025-04-15 09:48:02 - INFO - 		round 11: 0.9848
2025-04-15 09:48:02 - INFO - 		round 12: 0.9866
2025-04-15 09:48:02 - INFO - 		round 13: 0.9868
2025-04-15 09:48:02 - INFO - 		round 14: 0.9873
2025-04-15 09:48:02 - INFO - 		round 15: 0.9872
2025-04-15 09:48:02 - INFO - 		round 16: 0.9881
2025-04-15 09:48:02 - INFO - 		round 17: 0.9888
2025-04-15 09:48:02 - INFO - 		round 18: 0.9897
2025-04-15 09:48:02 - INFO - 		round 19: 0.9891
2025-04-15 09:48:02 - INFO - 		round 20: 0.9906
2025-04-15 09:48:02 - INFO - 	History (loss, centralized):
2025-04-15 09:48:02 - INFO - 		round 0: 2.3105
2025-04-15 09:48:02 - INFO - 		round 1: 0.2953
2025-04-15 09:48:02 - INFO - 		round 2: 0.1241
2025-04-15 09:48:02 - INFO - 		round 3: 0.086
2025-04-15 09:48:02 - INFO - 		round 4: 0.0674
2025-04-15 09:48:02 - INFO - 		round 5: 0.0533
2025-04-15 09:48:02 - INFO - 		round 6: 0.046
2025-04-15 09:48:02 - INFO - 		round 7: 0.0444
2025-04-15 09:48:02 - INFO - 		round 8: 0.0395
2025-04-15 09:48:02 - INFO - 		round 9: 0.0349
2025-04-15 09:48:02 - INFO - 		round 10: 0.0324
2025-04-15 09:48:02 - INFO - 		round 11: 0.0286
2025-04-15 09:48:02 - INFO - 		round 12: 0.0247
2025-04-15 09:48:02 - INFO - 		round 13: 0.0256
2025-04-15 09:48:02 - INFO - 		round 14: 0.0243
2025-04-15 09:48:02 - INFO - 		round 15: 0.023
2025-04-15 09:48:02 - INFO - 		round 16: 0.0221
2025-04-15 09:48:02 - INFO - 		round 17: 0.0209
2025-04-15 09:48:02 - INFO - 		round 18: 0.0196
2025-04-15 09:48:02 - INFO - 		round 19: 0.0205
2025-04-15 09:48:02 - INFO - 		round 20: 0.0175
2025-04-15 09:48:02 - INFO - 	History (metrics, distributed, evaluate):
2025-04-15 09:48:02 - INFO - 	{'accuracy': [(1, 0.9232),
2025-04-15 09:48:02 - INFO - 	              (2, 0.9577),
2025-04-15 09:48:02 - INFO - 	              (3, 0.9692),
2025-04-15 09:48:02 - INFO - 	              (4, 0.9741),
2025-04-15 09:48:02 - INFO - 	              (5, 0.9776),
2025-04-15 09:48:02 - INFO - 	              (6, 0.9796),
2025-04-15 09:48:02 - INFO - 	              (7, 0.9817),
2025-04-15 09:48:02 - INFO - 	              (8, 0.9833),
2025-04-15 09:48:02 - INFO - 	              (9, 0.9849),
2025-04-15 09:48:02 - INFO - 	              (10, 0.9839),
2025-04-15 09:48:02 - INFO - 	              (11, 0.9848),
2025-04-15 09:48:02 - INFO - 	              (12, 0.9866),
2025-04-15 09:48:02 - INFO - 	              (13, 0.9868),
2025-04-15 09:48:02 - INFO - 	              (14, 0.9873),
2025-04-15 09:48:02 - INFO - 	              (15, 0.9872),
2025-04-15 09:48:02 - INFO - 	              (16, 0.9881),
2025-04-15 09:48:02 - INFO - 	              (17, 0.9888),
2025-04-15 09:48:02 - INFO - 	              (18, 0.9897),
2025-04-15 09:48:02 - INFO - 	              (19, 0.9891),
2025-04-15 09:48:02 - INFO - 	              (20, 0.9906)],
2025-04-15 09:48:02 - INFO - 	 'clean_accuracy': [(1, 0.9232),
2025-04-15 09:48:02 - INFO - 	                    (2, 0.9577),
2025-04-15 09:48:02 - INFO - 	                    (3, 0.9692),
2025-04-15 09:48:02 - INFO - 	                    (4, 0.9741),
2025-04-15 09:48:02 - INFO - 	                    (5, 0.9776),
2025-04-15 09:48:02 - INFO - 	                    (6, 0.9796),
2025-04-15 09:48:02 - INFO - 	                    (7, 0.9817),
2025-04-15 09:48:02 - INFO - 	                    (8, 0.9833),
2025-04-15 09:48:02 - INFO - 	                    (9, 0.9849),
2025-04-15 09:48:02 - INFO - 	                    (10, 0.9839),
2025-04-15 09:48:02 - INFO - 	                    (11, 0.9848),
2025-04-15 09:48:02 - INFO - 	                    (12, 0.9866),
2025-04-15 09:48:02 - INFO - 	                    (13, 0.9868),
2025-04-15 09:48:02 - INFO - 	                    (14, 0.9873),
2025-04-15 09:48:02 - INFO - 	                    (15, 0.9872),
2025-04-15 09:48:02 - INFO - 	                    (16, 0.9881),
2025-04-15 09:48:02 - INFO - 	                    (17, 0.9888),
2025-04-15 09:48:02 - INFO - 	                    (18, 0.9897),
2025-04-15 09:48:02 - INFO - 	                    (19, 0.9891),
2025-04-15 09:48:02 - INFO - 	                    (20, 0.9906)],
2025-04-15 09:48:02 - INFO - 	 'malicious_accuracy': [(1, 0.0),
2025-04-15 09:48:02 - INFO - 	                        (2, 0.0),
2025-04-15 09:48:02 - INFO - 	                        (3, 0.0),
2025-04-15 09:48:02 - INFO - 	                        (4, 0.0),
2025-04-15 09:48:02 - INFO - 	                        (5, 0.0),
2025-04-15 09:48:02 - INFO - 	                        (6, 0.0),
2025-04-15 09:48:02 - INFO - 	                        (7, 0.0),
2025-04-15 09:48:02 - INFO - 	                        (8, 0.0),
2025-04-15 09:48:02 - INFO - 	                        (9, 0.0),
2025-04-15 09:48:02 - INFO - 	                        (10, 0.0),
2025-04-15 09:48:02 - INFO - 	                        (11, 0.0),
2025-04-15 09:48:02 - INFO - 	                        (12, 0.0),
2025-04-15 09:48:02 - INFO - 	                        (13, 0.0),
2025-04-15 09:48:02 - INFO - 	                        (14, 0.0),
2025-04-15 09:48:02 - INFO - 	                        (15, 0.0),
2025-04-15 09:48:02 - INFO - 	                        (16, 0.0),
2025-04-15 09:48:02 - INFO - 	                        (17, 0.0),
2025-04-15 09:48:02 - INFO - 	                        (18, 0.0),
2025-04-15 09:48:02 - INFO - 	                        (19, 0.0),
2025-04-15 09:48:02 - INFO - 	                        (20, 0.0)]}
2025-04-15 09:48:02 - INFO - 	History (metrics, centralized):
2025-04-15 09:48:02 - INFO - 	{'central_accuracy': [(0, 0.098),
2025-04-15 09:48:02 - INFO - 	                      (1, 0.912),
2025-04-15 09:48:02 - INFO - 	                      (2, 0.96),
2025-04-15 09:48:02 - INFO - 	                      (3, 0.974),
2025-04-15 09:48:02 - INFO - 	                      (4, 0.978),
2025-04-15 09:48:02 - INFO - 	                      (5, 0.986),
2025-04-15 09:48:02 - INFO - 	                      (6, 0.984),
2025-04-15 09:48:02 - INFO - 	                      (7, 0.986),
2025-04-15 09:48:02 - INFO - 	                      (8, 0.986),
2025-04-15 09:48:02 - INFO - 	                      (9, 0.988),
2025-04-15 09:48:02 - INFO - 	                      (10, 0.99),
2025-04-15 09:48:02 - INFO - 	                      (11, 0.988),
2025-04-15 09:48:02 - INFO - 	                      (12, 0.992),
2025-04-15 09:48:02 - INFO - 	                      (13, 0.99),
2025-04-15 09:48:02 - INFO - 	                      (14, 0.99),
2025-04-15 09:48:02 - INFO - 	                      (15, 0.992),
2025-04-15 09:48:02 - INFO - 	                      (16, 0.99),
2025-04-15 09:48:02 - INFO - 	                      (17, 0.992),
2025-04-15 09:48:02 - INFO - 	                      (18, 0.992),
2025-04-15 09:48:02 - INFO - 	                      (19, 0.992),
2025-04-15 09:48:02 - INFO - 	                      (20, 0.996)]}
2025-04-15 09:48:02 - INFO - 
2025-04-15 09:48:03 - INFO - Starting Federated Learning Simulation: dataset type: iid, dataset name: mnist, strategy: FedAvg(accept_failures=True), rounds: 20, clients: 20
2025-04-15 09:48:03 - WARNING - DEPRECATED FEATURE: flwr.simulation.start_simulation() is deprecated.
	Instead, use the `flwr run` CLI command to start a local simulation in your Flower app, as shown for example below:

		$ flwr new  # Create a new Flower app from a template

		$ flwr run  # Run the Flower app in Simulation Mode

	Using `start_simulation()` is deprecated.

            This is a deprecated feature. It will be removed
            entirely in future versions of Flower.
        
2025-04-15 09:48:03 - INFO - Starting Flower simulation, config: num_rounds=20, no round_timeout
