2025-04-15 08:06:19 - INFO - Starting Federated Learning Simulation: dataset type: iid, dataset name: mnist, strategy: FedAvg(accept_failures=True), rounds: 20, clients: 20
2025-04-15 08:06:19 - WARNING - DEPRECATED FEATURE: flwr.simulation.start_simulation() is deprecated.
	Instead, use the `flwr run` CLI command to start a local simulation in your Flower app, as shown for example below:

		$ flwr new  # Create a new Flower app from a template

		$ flwr run  # Run the Flower app in Simulation Mode

	Using `start_simulation()` is deprecated.

            This is a deprecated feature. It will be removed
            entirely in future versions of Flower.
        
2025-04-15 08:06:19 - INFO - Starting Flower simulation, config: num_rounds=20, no round_timeout
2025-04-15 08:06:21 - INFO - Flower VCE: Ray initialized with resources: {'accelerator_type:G': 1.0, 'node:__internal_head__': 1.0, 'CPU': 24.0, 'memory': 12504794727.0, 'node:127.0.0.1': 1.0, 'object_store_memory': 6252397363.0, 'GPU': 1.0}
2025-04-15 08:06:21 - INFO - Optimize your simulation with Flower VCE: https://flower.ai/docs/framework/how-to-run-simulations.html
2025-04-15 08:06:21 - INFO - No `client_resources` specified. Using minimal resources for clients.
2025-04-15 08:06:21 - INFO - Flower VCE: Resources for each Virtual Client: {'num_cpus': 1, 'num_gpus': 0.0}
2025-04-15 08:06:21 - INFO - Flower VCE: Creating VirtualClientEngineActorPool with 24 actors
2025-04-15 08:06:21 - INFO - [INIT]
2025-04-15 08:06:21 - INFO - Requesting initial parameters from one random client
2025-04-15 08:06:24 - INFO - Received initial parameters from one random client
2025-04-15 08:06:24 - INFO - Starting evaluation of initial global parameters
2025-04-15 08:06:25 - INFO - initial parameters (loss, other metrics): 2.316660925745964, {'central accuracy': 0.088}
2025-04-15 08:06:25 - INFO - 
2025-04-15 08:06:25 - INFO - [ROUND 1]
2025-04-15 08:06:25 - INFO - configure_fit: strategy sampled 20 clients (out of 20)
2025-04-15 08:06:33 - INFO - aggregate_fit: received 20 results and 0 failures
2025-04-15 08:06:33 - WARNING - No fit_metrics_aggregation_fn provided
2025-04-15 08:06:33 - INFO - fit progress: (1, 0.2817562995478511, {'central accuracy': 0.918}, 7.5310767)
2025-04-15 08:06:33 - INFO - configure_evaluate: strategy sampled 20 clients (out of 20)
2025-04-15 08:06:33 - INFO - aggregate_evaluate: received 20 results and 0 failures
2025-04-15 08:06:33 - INFO - 
2025-04-15 08:06:33 - INFO - [ROUND 2]
2025-04-15 08:06:33 - INFO - configure_fit: strategy sampled 20 clients (out of 20)
2025-04-15 08:06:37 - INFO - aggregate_fit: received 20 results and 0 failures
2025-04-15 08:06:37 - INFO - fit progress: (2, 0.13179738563485444, {'central accuracy': 0.962}, 11.9279977)
2025-04-15 08:06:37 - INFO - configure_evaluate: strategy sampled 20 clients (out of 20)
2025-04-15 08:06:38 - INFO - aggregate_evaluate: received 20 results and 0 failures
2025-04-15 08:06:38 - INFO - 
2025-04-15 08:06:38 - INFO - [ROUND 3]
2025-04-15 08:06:38 - INFO - configure_fit: strategy sampled 20 clients (out of 20)
2025-04-15 08:06:41 - INFO - aggregate_fit: received 20 results and 0 failures
2025-04-15 08:06:41 - INFO - fit progress: (3, 0.0869907212909311, {'central accuracy': 0.968}, 16.119973199999997)
2025-04-15 08:06:41 - INFO - configure_evaluate: strategy sampled 20 clients (out of 20)
2025-04-15 08:06:42 - INFO - aggregate_evaluate: received 20 results and 0 failures
2025-04-15 08:06:42 - INFO - 
2025-04-15 08:06:42 - INFO - [ROUND 4]
2025-04-15 08:06:42 - INFO - configure_fit: strategy sampled 20 clients (out of 20)
2025-04-15 08:06:46 - INFO - aggregate_fit: received 20 results and 0 failures
2025-04-15 08:06:46 - INFO - fit progress: (4, 0.06290661089587957, {'central accuracy': 0.982}, 20.382027899999997)
2025-04-15 08:06:46 - INFO - configure_evaluate: strategy sampled 20 clients (out of 20)
2025-04-15 08:06:46 - INFO - aggregate_evaluate: received 20 results and 0 failures
2025-04-15 08:06:46 - INFO - 
2025-04-15 08:06:46 - INFO - [ROUND 5]
2025-04-15 08:06:46 - INFO - configure_fit: strategy sampled 20 clients (out of 20)
2025-04-15 08:06:50 - INFO - aggregate_fit: received 20 results and 0 failures
2025-04-15 08:06:50 - INFO - fit progress: (5, 0.05125149397645146, {'central accuracy': 0.986}, 24.598704399999995)
2025-04-15 08:06:50 - INFO - configure_evaluate: strategy sampled 20 clients (out of 20)
2025-04-15 08:06:50 - INFO - aggregate_evaluate: received 20 results and 0 failures
2025-04-15 08:06:50 - INFO - 
2025-04-15 08:06:50 - INFO - [ROUND 6]
2025-04-15 08:06:50 - INFO - configure_fit: strategy sampled 20 clients (out of 20)
2025-04-15 08:06:54 - INFO - aggregate_fit: received 20 results and 0 failures
2025-04-15 08:06:54 - INFO - fit progress: (6, 0.044719515019096434, {'central accuracy': 0.986}, 28.8325605)
2025-04-15 08:06:54 - INFO - configure_evaluate: strategy sampled 20 clients (out of 20)
2025-04-15 08:06:55 - INFO - aggregate_evaluate: received 20 results and 0 failures
2025-04-15 08:06:55 - INFO - 
2025-04-15 08:06:55 - INFO - [ROUND 7]
2025-04-15 08:06:55 - INFO - configure_fit: strategy sampled 20 clients (out of 20)
2025-04-15 08:06:58 - INFO - aggregate_fit: received 20 results and 0 failures
2025-04-15 08:06:58 - INFO - fit progress: (7, 0.03732962190406397, {'central accuracy': 0.99}, 33.068656399999995)
2025-04-15 08:06:58 - INFO - configure_evaluate: strategy sampled 20 clients (out of 20)
2025-04-15 08:06:59 - INFO - aggregate_evaluate: received 20 results and 0 failures
2025-04-15 08:06:59 - INFO - 
2025-04-15 08:06:59 - INFO - [ROUND 8]
2025-04-15 08:06:59 - INFO - configure_fit: strategy sampled 20 clients (out of 20)
2025-04-15 08:07:03 - INFO - aggregate_fit: received 20 results and 0 failures
2025-04-15 08:07:03 - INFO - fit progress: (8, 0.032735083252191544, {'central accuracy': 0.99}, 37.3812438)
2025-04-15 08:07:03 - INFO - configure_evaluate: strategy sampled 20 clients (out of 20)
2025-04-15 08:07:03 - INFO - aggregate_evaluate: received 20 results and 0 failures
2025-04-15 08:07:03 - INFO - 
2025-04-15 08:07:03 - INFO - [ROUND 9]
2025-04-15 08:07:03 - INFO - configure_fit: strategy sampled 20 clients (out of 20)
2025-04-15 08:07:07 - INFO - aggregate_fit: received 20 results and 0 failures
2025-04-15 08:07:07 - INFO - fit progress: (9, 0.02846044284524396, {'central accuracy': 0.99}, 41.6423048)
2025-04-15 08:07:07 - INFO - configure_evaluate: strategy sampled 20 clients (out of 20)
2025-04-15 08:07:07 - INFO - aggregate_evaluate: received 20 results and 0 failures
2025-04-15 08:07:07 - INFO - 
2025-04-15 08:07:07 - INFO - [ROUND 10]
2025-04-15 08:07:07 - INFO - configure_fit: strategy sampled 20 clients (out of 20)
2025-04-15 08:07:11 - INFO - aggregate_fit: received 20 results and 0 failures
2025-04-15 08:07:11 - INFO - fit progress: (10, 0.0270920901093632, {'central accuracy': 0.992}, 45.8411091)
2025-04-15 08:07:11 - INFO - configure_evaluate: strategy sampled 20 clients (out of 20)
2025-04-15 08:07:12 - INFO - aggregate_evaluate: received 20 results and 0 failures
2025-04-15 08:07:12 - INFO - 
2025-04-15 08:07:12 - INFO - [ROUND 11]
2025-04-15 08:07:12 - INFO - configure_fit: strategy sampled 20 clients (out of 20)
2025-04-15 08:07:15 - INFO - aggregate_fit: received 20 results and 0 failures
2025-04-15 08:07:15 - INFO - fit progress: (11, 0.025610844983020797, {'central accuracy': 0.99}, 50.0837153)
2025-04-15 08:07:15 - INFO - configure_evaluate: strategy sampled 20 clients (out of 20)
2025-04-15 08:07:16 - INFO - aggregate_evaluate: received 20 results and 0 failures
2025-04-15 08:07:16 - INFO - 
2025-04-15 08:07:16 - INFO - [ROUND 12]
2025-04-15 08:07:16 - INFO - configure_fit: strategy sampled 20 clients (out of 20)
2025-04-15 08:07:20 - INFO - aggregate_fit: received 20 results and 0 failures
2025-04-15 08:07:20 - INFO - fit progress: (12, 0.025054782061488368, {'central accuracy': 0.992}, 54.3435407)
2025-04-15 08:07:20 - INFO - configure_evaluate: strategy sampled 20 clients (out of 20)
2025-04-15 08:07:20 - INFO - aggregate_evaluate: received 20 results and 0 failures
2025-04-15 08:07:20 - INFO - 
2025-04-15 08:07:20 - INFO - [ROUND 13]
2025-04-15 08:07:20 - INFO - configure_fit: strategy sampled 20 clients (out of 20)
2025-04-15 08:07:24 - INFO - aggregate_fit: received 20 results and 0 failures
2025-04-15 08:07:24 - INFO - fit progress: (13, 0.024299213517224416, {'central accuracy': 0.992}, 58.577862599999996)
2025-04-15 08:07:24 - INFO - configure_evaluate: strategy sampled 20 clients (out of 20)
2025-04-15 08:07:24 - INFO - aggregate_evaluate: received 20 results and 0 failures
2025-04-15 08:07:24 - INFO - 
2025-04-15 08:07:24 - INFO - [ROUND 14]
2025-04-15 08:07:24 - INFO - configure_fit: strategy sampled 20 clients (out of 20)
2025-04-15 08:07:28 - INFO - aggregate_fit: received 20 results and 0 failures
2025-04-15 08:07:28 - INFO - fit progress: (14, 0.020736740669235587, {'central accuracy': 0.994}, 62.827624699999994)
2025-04-15 08:07:28 - INFO - configure_evaluate: strategy sampled 20 clients (out of 20)
2025-04-15 08:07:29 - INFO - aggregate_evaluate: received 20 results and 0 failures
2025-04-15 08:07:29 - INFO - 
2025-04-15 08:07:29 - INFO - [ROUND 15]
2025-04-15 08:07:29 - INFO - configure_fit: strategy sampled 20 clients (out of 20)
2025-04-15 08:07:32 - INFO - aggregate_fit: received 20 results and 0 failures
2025-04-15 08:07:32 - INFO - fit progress: (15, 0.019501889823004603, {'central accuracy': 0.992}, 67.17217690000001)
2025-04-15 08:07:32 - INFO - configure_evaluate: strategy sampled 20 clients (out of 20)
2025-04-15 08:07:33 - INFO - aggregate_evaluate: received 20 results and 0 failures
2025-04-15 08:07:33 - INFO - 
2025-04-15 08:07:33 - INFO - [ROUND 16]
2025-04-15 08:07:33 - INFO - configure_fit: strategy sampled 20 clients (out of 20)
2025-04-15 08:07:37 - INFO - aggregate_fit: received 20 results and 0 failures
2025-04-15 08:07:37 - INFO - fit progress: (16, 0.018647164120920934, {'central accuracy': 0.994}, 71.4036875)
2025-04-15 08:07:37 - INFO - configure_evaluate: strategy sampled 20 clients (out of 20)
2025-04-15 08:07:37 - INFO - aggregate_evaluate: received 20 results and 0 failures
2025-04-15 08:07:37 - INFO - 
2025-04-15 08:07:37 - INFO - [ROUND 17]
2025-04-15 08:07:37 - INFO - configure_fit: strategy sampled 20 clients (out of 20)
2025-04-15 08:07:41 - INFO - aggregate_fit: received 20 results and 0 failures
2025-04-15 08:07:41 - INFO - fit progress: (17, 0.017341295853839256, {'central accuracy': 0.994}, 75.6124446)
2025-04-15 08:07:41 - INFO - configure_evaluate: strategy sampled 20 clients (out of 20)
2025-04-15 08:07:41 - INFO - aggregate_evaluate: received 20 results and 0 failures
2025-04-15 08:07:41 - INFO - 
2025-04-15 08:07:41 - INFO - [ROUND 18]
2025-04-15 08:07:41 - INFO - configure_fit: strategy sampled 20 clients (out of 20)
2025-04-15 08:07:45 - INFO - aggregate_fit: received 20 results and 0 failures
2025-04-15 08:07:45 - INFO - fit progress: (18, 0.017681721321423538, {'central accuracy': 0.996}, 80.05495140000001)
2025-04-15 08:07:45 - INFO - configure_evaluate: strategy sampled 20 clients (out of 20)
2025-04-15 08:07:46 - INFO - aggregate_evaluate: received 20 results and 0 failures
2025-04-15 08:07:46 - INFO - 
2025-04-15 08:07:46 - INFO - [ROUND 19]
2025-04-15 08:07:46 - INFO - configure_fit: strategy sampled 20 clients (out of 20)
2025-04-15 08:07:49 - INFO - aggregate_fit: received 20 results and 0 failures
2025-04-15 08:07:50 - INFO - fit progress: (19, 0.01775818040187005, {'central accuracy': 0.996}, 84.2738032)
2025-04-15 08:07:50 - INFO - configure_evaluate: strategy sampled 20 clients (out of 20)
2025-04-15 08:07:50 - INFO - aggregate_evaluate: received 20 results and 0 failures
2025-04-15 08:07:50 - INFO - 
2025-04-15 08:07:50 - INFO - [ROUND 20]
2025-04-15 08:07:50 - INFO - configure_fit: strategy sampled 20 clients (out of 20)
2025-04-15 08:07:54 - INFO - aggregate_fit: received 20 results and 0 failures
2025-04-15 08:07:54 - INFO - fit progress: (20, 0.018184767759521492, {'central accuracy': 0.994}, 88.78830520000001)
2025-04-15 08:07:54 - INFO - configure_evaluate: strategy sampled 20 clients (out of 20)
2025-04-15 08:07:54 - INFO - aggregate_evaluate: received 20 results and 0 failures
2025-04-15 08:07:55 - INFO - 
2025-04-15 08:07:55 - INFO - [SUMMARY]
2025-04-15 08:07:55 - INFO - Run finished 20 round(s) in 89.20s
2025-04-15 08:07:55 - INFO - 	History (loss, distributed):
2025-04-15 08:07:55 - INFO - 		round 1: 0.9289
2025-04-15 08:07:55 - INFO - 		round 2: 0.9605
2025-04-15 08:07:55 - INFO - 		round 3: 0.9707
2025-04-15 08:07:55 - INFO - 		round 4: 0.9752
2025-04-15 08:07:55 - INFO - 		round 5: 0.9791
2025-04-15 08:07:55 - INFO - 		round 6: 0.9812
2025-04-15 08:07:55 - INFO - 		round 7: 0.9831
2025-04-15 08:07:55 - INFO - 		round 8: 0.9846
2025-04-15 08:07:55 - INFO - 		round 9: 0.9851
2025-04-15 08:07:55 - INFO - 		round 10: 0.9859
2025-04-15 08:07:55 - INFO - 		round 11: 0.9861
2025-04-15 08:07:55 - INFO - 		round 12: 0.9869
2025-04-15 08:07:55 - INFO - 		round 13: 0.9875
2025-04-15 08:07:55 - INFO - 		round 14: 0.9876
2025-04-15 08:07:55 - INFO - 		round 15: 0.9877
2025-04-15 08:07:55 - INFO - 		round 16: 0.9884
2025-04-15 08:07:55 - INFO - 		round 17: 0.9892
2025-04-15 08:07:55 - INFO - 		round 18: 0.9897
2025-04-15 08:07:55 - INFO - 		round 19: 0.9897
2025-04-15 08:07:55 - INFO - 		round 20: 0.9901
2025-04-15 08:07:55 - INFO - 	History (loss, centralized):
2025-04-15 08:07:55 - INFO - 		round 0: 2.316660925745964
2025-04-15 08:07:55 - INFO - 		round 1: 0.2817562995478511
2025-04-15 08:07:55 - INFO - 		round 2: 0.13179738563485444
2025-04-15 08:07:55 - INFO - 		round 3: 0.0869907212909311
2025-04-15 08:07:55 - INFO - 		round 4: 0.06290661089587957
2025-04-15 08:07:55 - INFO - 		round 5: 0.05125149397645146
2025-04-15 08:07:55 - INFO - 		round 6: 0.044719515019096434
2025-04-15 08:07:55 - INFO - 		round 7: 0.03732962190406397
2025-04-15 08:07:55 - INFO - 		round 8: 0.032735083252191544
2025-04-15 08:07:55 - INFO - 		round 9: 0.02846044284524396
2025-04-15 08:07:55 - INFO - 		round 10: 0.0270920901093632
2025-04-15 08:07:55 - INFO - 		round 11: 0.025610844983020797
2025-04-15 08:07:55 - INFO - 		round 12: 0.025054782061488368
2025-04-15 08:07:55 - INFO - 		round 13: 0.024299213517224416
2025-04-15 08:07:55 - INFO - 		round 14: 0.020736740669235587
2025-04-15 08:07:55 - INFO - 		round 15: 0.019501889823004603
2025-04-15 08:07:55 - INFO - 		round 16: 0.018647164120920934
2025-04-15 08:07:55 - INFO - 		round 17: 0.017341295853839256
2025-04-15 08:07:55 - INFO - 		round 18: 0.017681721321423538
2025-04-15 08:07:55 - INFO - 		round 19: 0.01775818040187005
2025-04-15 08:07:55 - INFO - 		round 20: 0.018184767759521492
2025-04-15 08:07:55 - INFO - 	History (metrics, distributed, evaluate):
2025-04-15 08:07:55 - INFO - 	{'accuracy': [(1, 0.9289),
2025-04-15 08:07:55 - INFO - 	              (2, 0.9605),
2025-04-15 08:07:55 - INFO - 	              (3, 0.9707),
2025-04-15 08:07:55 - INFO - 	              (4, 0.9752),
2025-04-15 08:07:55 - INFO - 	              (5, 0.9791),
2025-04-15 08:07:55 - INFO - 	              (6, 0.9812),
2025-04-15 08:07:55 - INFO - 	              (7, 0.9831),
2025-04-15 08:07:55 - INFO - 	              (8, 0.9846),
2025-04-15 08:07:55 - INFO - 	              (9, 0.9851),
2025-04-15 08:07:55 - INFO - 	              (10, 0.9859),
2025-04-15 08:07:55 - INFO - 	              (11, 0.9861),
2025-04-15 08:07:55 - INFO - 	              (12, 0.9869),
2025-04-15 08:07:55 - INFO - 	              (13, 0.9875),
2025-04-15 08:07:55 - INFO - 	              (14, 0.9876),
2025-04-15 08:07:55 - INFO - 	              (15, 0.9877),
2025-04-15 08:07:55 - INFO - 	              (16, 0.9884),
2025-04-15 08:07:55 - INFO - 	              (17, 0.9892),
2025-04-15 08:07:55 - INFO - 	              (18, 0.9897),
2025-04-15 08:07:55 - INFO - 	              (19, 0.9897),
2025-04-15 08:07:55 - INFO - 	              (20, 0.9901)],
2025-04-15 08:07:55 - INFO - 	 'clean_accuracy': [(1, 0.9289),
2025-04-15 08:07:55 - INFO - 	                    (2, 0.9605),
2025-04-15 08:07:55 - INFO - 	                    (3, 0.9707),
2025-04-15 08:07:55 - INFO - 	                    (4, 0.9752),
2025-04-15 08:07:55 - INFO - 	                    (5, 0.9791),
2025-04-15 08:07:55 - INFO - 	                    (6, 0.9812),
2025-04-15 08:07:55 - INFO - 	                    (7, 0.9831),
2025-04-15 08:07:55 - INFO - 	                    (8, 0.9846),
2025-04-15 08:07:55 - INFO - 	                    (9, 0.9851),
2025-04-15 08:07:55 - INFO - 	                    (10, 0.9859),
2025-04-15 08:07:55 - INFO - 	                    (11, 0.9861),
2025-04-15 08:07:55 - INFO - 	                    (12, 0.9869),
2025-04-15 08:07:55 - INFO - 	                    (13, 0.9875),
2025-04-15 08:07:55 - INFO - 	                    (14, 0.9876),
2025-04-15 08:07:55 - INFO - 	                    (15, 0.9877),
2025-04-15 08:07:55 - INFO - 	                    (16, 0.9884),
2025-04-15 08:07:55 - INFO - 	                    (17, 0.9892),
2025-04-15 08:07:55 - INFO - 	                    (18, 0.9897),
2025-04-15 08:07:55 - INFO - 	                    (19, 0.9897),
2025-04-15 08:07:55 - INFO - 	                    (20, 0.9901)],
2025-04-15 08:07:55 - INFO - 	 'malicious_accuracy': [(1, 0.0),
2025-04-15 08:07:55 - INFO - 	                        (2, 0.0),
2025-04-15 08:07:55 - INFO - 	                        (3, 0.0),
2025-04-15 08:07:55 - INFO - 	                        (4, 0.0),
2025-04-15 08:07:55 - INFO - 	                        (5, 0.0),
2025-04-15 08:07:55 - INFO - 	                        (6, 0.0),
2025-04-15 08:07:55 - INFO - 	                        (7, 0.0),
2025-04-15 08:07:55 - INFO - 	                        (8, 0.0),
2025-04-15 08:07:55 - INFO - 	                        (9, 0.0),
2025-04-15 08:07:55 - INFO - 	                        (10, 0.0),
2025-04-15 08:07:55 - INFO - 	                        (11, 0.0),
2025-04-15 08:07:55 - INFO - 	                        (12, 0.0),
2025-04-15 08:07:55 - INFO - 	                        (13, 0.0),
2025-04-15 08:07:55 - INFO - 	                        (14, 0.0),
2025-04-15 08:07:55 - INFO - 	                        (15, 0.0),
2025-04-15 08:07:55 - INFO - 	                        (16, 0.0),
2025-04-15 08:07:55 - INFO - 	                        (17, 0.0),
2025-04-15 08:07:55 - INFO - 	                        (18, 0.0),
2025-04-15 08:07:55 - INFO - 	                        (19, 0.0),
2025-04-15 08:07:55 - INFO - 	                        (20, 0.0)]}
2025-04-15 08:07:55 - INFO - 	History (metrics, centralized):
2025-04-15 08:07:55 - INFO - 	{'central accuracy': [(0, 0.088),
2025-04-15 08:07:55 - INFO - 	                      (1, 0.918),
2025-04-15 08:07:55 - INFO - 	                      (2, 0.962),
2025-04-15 08:07:55 - INFO - 	                      (3, 0.968),
2025-04-15 08:07:55 - INFO - 	                      (4, 0.982),
2025-04-15 08:07:55 - INFO - 	                      (5, 0.986),
2025-04-15 08:07:55 - INFO - 	                      (6, 0.986),
2025-04-15 08:07:55 - INFO - 	                      (7, 0.99),
2025-04-15 08:07:55 - INFO - 	                      (8, 0.99),
2025-04-15 08:07:55 - INFO - 	                      (9, 0.99),
2025-04-15 08:07:55 - INFO - 	                      (10, 0.992),
2025-04-15 08:07:55 - INFO - 	                      (11, 0.99),
2025-04-15 08:07:55 - INFO - 	                      (12, 0.992),
2025-04-15 08:07:55 - INFO - 	                      (13, 0.992),
2025-04-15 08:07:55 - INFO - 	                      (14, 0.994),
2025-04-15 08:07:55 - INFO - 	                      (15, 0.992),
2025-04-15 08:07:55 - INFO - 	                      (16, 0.994),
2025-04-15 08:07:55 - INFO - 	                      (17, 0.994),
2025-04-15 08:07:55 - INFO - 	                      (18, 0.996),
2025-04-15 08:07:55 - INFO - 	                      (19, 0.996),
2025-04-15 08:07:55 - INFO - 	                      (20, 0.994)]}
2025-04-15 08:07:55 - INFO - 
2025-04-15 08:07:56 - INFO - Starting Federated Learning Simulation: dataset type: iid, dataset name: mnist, strategy: FedAvg(accept_failures=True), rounds: 20, clients: 20
2025-04-15 08:07:56 - WARNING - DEPRECATED FEATURE: flwr.simulation.start_simulation() is deprecated.
	Instead, use the `flwr run` CLI command to start a local simulation in your Flower app, as shown for example below:

		$ flwr new  # Create a new Flower app from a template

		$ flwr run  # Run the Flower app in Simulation Mode

	Using `start_simulation()` is deprecated.

            This is a deprecated feature. It will be removed
            entirely in future versions of Flower.
        
2025-04-15 08:07:56 - INFO - Starting Flower simulation, config: num_rounds=20, no round_timeout
2025-04-15 08:07:59 - INFO - Flower VCE: Ray initialized with resources: {'accelerator_type:G': 1.0, 'node:__internal_head__': 1.0, 'CPU': 24.0, 'memory': 12657642702.0, 'node:127.0.0.1': 1.0, 'object_store_memory': 6328821350.0, 'GPU': 1.0}
2025-04-15 08:07:59 - INFO - Optimize your simulation with Flower VCE: https://flower.ai/docs/framework/how-to-run-simulations.html
2025-04-15 08:07:59 - INFO - No `client_resources` specified. Using minimal resources for clients.
2025-04-15 08:07:59 - INFO - Flower VCE: Resources for each Virtual Client: {'num_cpus': 1, 'num_gpus': 0.0}
2025-04-15 08:07:59 - INFO - Flower VCE: Creating VirtualClientEngineActorPool with 24 actors
2025-04-15 08:07:59 - INFO - [INIT]
2025-04-15 08:07:59 - INFO - Requesting initial parameters from one random client
2025-04-15 08:08:02 - INFO - Received initial parameters from one random client
2025-04-15 08:08:02 - INFO - Starting evaluation of initial global parameters
2025-04-15 08:08:02 - INFO - initial parameters (loss, other metrics): 2.300938293337822, {'central accuracy': 0.136}
2025-04-15 08:08:02 - INFO - 
2025-04-15 08:08:02 - INFO - [ROUND 1]
2025-04-15 08:08:02 - INFO - configure_fit: strategy sampled 20 clients (out of 20)
2025-04-15 08:08:09 - INFO - aggregate_fit: received 20 results and 0 failures
2025-04-15 08:08:09 - WARNING - No fit_metrics_aggregation_fn provided
2025-04-15 08:08:09 - INFO - fit progress: (1, 0.27656238060444593, {'central accuracy': 0.928}, 7.441248200000004)
2025-04-15 08:08:09 - INFO - configure_evaluate: strategy sampled 20 clients (out of 20)
2025-04-15 08:08:10 - INFO - aggregate_evaluate: received 20 results and 0 failures
2025-04-15 08:08:10 - INFO - 
2025-04-15 08:08:10 - INFO - [ROUND 2]
2025-04-15 08:08:10 - INFO - configure_fit: strategy sampled 20 clients (out of 20)
2025-04-15 08:08:14 - INFO - aggregate_fit: received 20 results and 0 failures
2025-04-15 08:08:14 - INFO - fit progress: (2, 0.12579241790808737, {'central accuracy': 0.96}, 11.7039774)
2025-04-15 08:08:14 - INFO - configure_evaluate: strategy sampled 20 clients (out of 20)
2025-04-15 08:08:14 - INFO - aggregate_evaluate: received 20 results and 0 failures
2025-04-15 08:08:14 - INFO - 
2025-04-15 08:08:14 - INFO - [ROUND 3]
2025-04-15 08:08:14 - INFO - configure_fit: strategy sampled 20 clients (out of 20)
2025-04-15 08:08:18 - INFO - aggregate_fit: received 20 results and 0 failures
2025-04-15 08:08:18 - INFO - fit progress: (3, 0.07858532818499953, {'central accuracy': 0.978}, 16.0185654)
2025-04-15 08:08:18 - INFO - configure_evaluate: strategy sampled 20 clients (out of 20)
2025-04-15 08:08:18 - INFO - aggregate_evaluate: received 20 results and 0 failures
2025-04-15 08:08:18 - INFO - 
2025-04-15 08:08:18 - INFO - [ROUND 4]
2025-04-15 08:08:18 - INFO - configure_fit: strategy sampled 20 clients (out of 20)
2025-04-15 08:08:22 - INFO - aggregate_fit: received 20 results and 0 failures
2025-04-15 08:08:22 - INFO - fit progress: (4, 0.06119712791405618, {'central accuracy': 0.984}, 20.2981786)
2025-04-15 08:08:22 - INFO - configure_evaluate: strategy sampled 20 clients (out of 20)
2025-04-15 08:08:23 - INFO - aggregate_evaluate: received 20 results and 0 failures
2025-04-15 08:08:23 - INFO - 
2025-04-15 08:08:23 - INFO - [ROUND 5]
2025-04-15 08:08:23 - INFO - configure_fit: strategy sampled 20 clients (out of 20)
2025-04-15 08:08:27 - INFO - aggregate_fit: received 20 results and 0 failures
2025-04-15 08:08:27 - INFO - fit progress: (5, 0.05433643516153097, {'central accuracy': 0.986}, 24.61569010000001)
2025-04-15 08:08:27 - INFO - configure_evaluate: strategy sampled 20 clients (out of 20)
2025-04-15 08:08:27 - INFO - aggregate_evaluate: received 20 results and 0 failures
2025-04-15 08:08:27 - INFO - 
2025-04-15 08:08:27 - INFO - [ROUND 6]
2025-04-15 08:08:27 - INFO - configure_fit: strategy sampled 20 clients (out of 20)
2025-04-15 08:08:31 - INFO - aggregate_fit: received 20 results and 0 failures
2025-04-15 08:08:31 - INFO - fit progress: (6, 0.04790122667327523, {'central accuracy': 0.986}, 28.9267397)
2025-04-15 08:08:31 - INFO - configure_evaluate: strategy sampled 20 clients (out of 20)
2025-04-15 08:08:31 - INFO - aggregate_evaluate: received 20 results and 0 failures
2025-04-15 08:08:31 - INFO - 
2025-04-15 08:08:31 - INFO - [ROUND 7]
2025-04-15 08:08:31 - INFO - configure_fit: strategy sampled 20 clients (out of 20)
2025-04-15 08:08:35 - INFO - aggregate_fit: received 20 results and 0 failures
2025-04-15 08:08:35 - INFO - fit progress: (7, 0.03985078271944076, {'central accuracy': 0.99}, 33.15839430000001)
2025-04-15 08:08:35 - INFO - configure_evaluate: strategy sampled 20 clients (out of 20)
2025-04-15 08:08:36 - INFO - aggregate_evaluate: received 20 results and 0 failures
2025-04-15 08:08:36 - INFO - 
2025-04-15 08:08:36 - INFO - [ROUND 8]
2025-04-15 08:08:36 - INFO - configure_fit: strategy sampled 20 clients (out of 20)
