2025-04-15 08:35:17 - INFO - Starting Federated Learning Simulation: dataset type: iid, dataset name: mnist, strategy: FedAvg(accept_failures=True), rounds: 20, clients: 20
2025-04-15 08:35:17 - WARNING - DEPRECATED FEATURE: flwr.simulation.start_simulation() is deprecated.
	Instead, use the `flwr run` CLI command to start a local simulation in your Flower app, as shown for example below:

		$ flwr new  # Create a new Flower app from a template

		$ flwr run  # Run the Flower app in Simulation Mode

	Using `start_simulation()` is deprecated.

            This is a deprecated feature. It will be removed
            entirely in future versions of Flower.
        
2025-04-15 08:35:17 - INFO - Starting Flower simulation, config: num_rounds=20, no round_timeout
2025-04-15 08:35:20 - INFO - Flower VCE: Ray initialized with resources: {'accelerator_type:G': 1.0, 'node:__internal_head__': 1.0, 'CPU': 24.0, 'object_store_memory': 6600899788.0, 'node:127.0.0.1': 1.0, 'memory': 13201799579.0, 'GPU': 1.0}
2025-04-15 08:35:20 - INFO - Optimize your simulation with Flower VCE: https://flower.ai/docs/framework/how-to-run-simulations.html
2025-04-15 08:35:20 - INFO - No `client_resources` specified. Using minimal resources for clients.
2025-04-15 08:35:20 - INFO - Flower VCE: Resources for each Virtual Client: {'num_cpus': 1, 'num_gpus': 0.0}
2025-04-15 08:35:20 - INFO - Flower VCE: Creating VirtualClientEngineActorPool with 24 actors
2025-04-15 08:35:20 - INFO - [INIT]
2025-04-15 08:35:20 - INFO - Requesting initial parameters from one random client
2025-04-15 08:35:23 - INFO - Received initial parameters from one random client
2025-04-15 08:35:23 - INFO - Starting evaluation of initial global parameters
2025-04-15 08:35:24 - INFO - initial parameters (loss, other metrics): 2.3051142394542694, {'central_accuracy': 0.134}
2025-04-15 08:35:24 - INFO - 
2025-04-15 08:35:24 - INFO - [ROUND 1]
2025-04-15 08:35:24 - INFO - configure_fit: strategy sampled 20 clients (out of 20)
2025-04-15 08:35:31 - INFO - aggregate_fit: received 20 results and 0 failures
2025-04-15 08:35:31 - WARNING - No fit_metrics_aggregation_fn provided
2025-04-15 08:35:32 - INFO - fit progress: (1, 0.2852623015642166, {'central_accuracy': 0.928}, 7.6408606)
2025-04-15 08:35:32 - INFO - configure_evaluate: strategy sampled 20 clients (out of 20)
2025-04-15 08:35:32 - INFO - aggregate_evaluate: received 20 results and 0 failures
2025-04-15 08:35:32 - INFO - 
2025-04-15 08:35:32 - INFO - [ROUND 2]
2025-04-15 08:35:32 - INFO - configure_fit: strategy sampled 20 clients (out of 20)
2025-04-15 08:35:36 - INFO - aggregate_fit: received 20 results and 0 failures
2025-04-15 08:35:36 - INFO - fit progress: (2, 0.1350410559680313, {'central_accuracy': 0.954}, 12.0249611)
2025-04-15 08:35:36 - INFO - configure_evaluate: strategy sampled 20 clients (out of 20)
2025-04-15 08:35:36 - INFO - aggregate_evaluate: received 20 results and 0 failures
2025-04-15 08:35:36 - INFO - 
2025-04-15 08:35:36 - INFO - [ROUND 3]
2025-04-15 08:35:36 - INFO - configure_fit: strategy sampled 20 clients (out of 20)
2025-04-15 08:35:40 - INFO - aggregate_fit: received 20 results and 0 failures
2025-04-15 08:35:40 - INFO - fit progress: (3, 0.09334305778611451, {'central_accuracy': 0.968}, 16.4991373)
2025-04-15 08:35:40 - INFO - configure_evaluate: strategy sampled 20 clients (out of 20)
2025-04-15 08:35:41 - INFO - aggregate_evaluate: received 20 results and 0 failures
2025-04-15 08:35:41 - INFO - 
2025-04-15 08:35:41 - INFO - [ROUND 4]
2025-04-15 08:35:41 - INFO - configure_fit: strategy sampled 20 clients (out of 20)
2025-04-15 08:35:45 - INFO - aggregate_fit: received 20 results and 0 failures
2025-04-15 08:35:45 - INFO - fit progress: (4, 0.07252288796007633, {'central_accuracy': 0.98}, 20.955618799999996)
2025-04-15 08:35:45 - INFO - configure_evaluate: strategy sampled 20 clients (out of 20)
2025-04-15 08:35:45 - INFO - aggregate_evaluate: received 20 results and 0 failures
2025-04-15 08:35:45 - INFO - 
2025-04-15 08:35:45 - INFO - [ROUND 5]
2025-04-15 08:35:45 - INFO - configure_fit: strategy sampled 20 clients (out of 20)
2025-04-15 08:35:49 - INFO - aggregate_fit: received 20 results and 0 failures
2025-04-15 08:35:49 - INFO - fit progress: (5, 0.056000309239607304, {'central_accuracy': 0.98}, 25.3571886)
2025-04-15 08:35:49 - INFO - configure_evaluate: strategy sampled 20 clients (out of 20)
2025-04-15 08:35:50 - INFO - aggregate_evaluate: received 20 results and 0 failures
2025-04-15 08:35:50 - INFO - 
2025-04-15 08:35:50 - INFO - [ROUND 6]
2025-04-15 08:35:50 - INFO - configure_fit: strategy sampled 20 clients (out of 20)
2025-04-15 08:35:54 - INFO - aggregate_fit: received 20 results and 0 failures
2025-04-15 08:35:54 - INFO - fit progress: (6, 0.048596353619359434, {'central_accuracy': 0.986}, 30.242850500000003)
2025-04-15 08:35:54 - INFO - configure_evaluate: strategy sampled 20 clients (out of 20)
2025-04-15 08:35:55 - INFO - aggregate_evaluate: received 20 results and 0 failures
2025-04-15 08:35:55 - INFO - 
2025-04-15 08:35:55 - INFO - [ROUND 7]
2025-04-15 08:35:55 - INFO - configure_fit: strategy sampled 20 clients (out of 20)
2025-04-15 08:35:59 - INFO - aggregate_fit: received 20 results and 0 failures
2025-04-15 08:35:59 - INFO - fit progress: (7, 0.047508827003184706, {'central_accuracy': 0.984}, 34.8054551)
2025-04-15 08:35:59 - INFO - configure_evaluate: strategy sampled 20 clients (out of 20)
2025-04-15 08:35:59 - INFO - aggregate_evaluate: received 20 results and 0 failures
2025-04-15 08:35:59 - INFO - 
2025-04-15 08:35:59 - INFO - [ROUND 8]
2025-04-15 08:35:59 - INFO - configure_fit: strategy sampled 20 clients (out of 20)
2025-04-15 08:36:03 - INFO - aggregate_fit: received 20 results and 0 failures
2025-04-15 08:36:03 - INFO - fit progress: (8, 0.039799666934413835, {'central_accuracy': 0.986}, 39.4008125)
2025-04-15 08:36:03 - INFO - configure_evaluate: strategy sampled 20 clients (out of 20)
2025-04-15 08:36:04 - INFO - aggregate_evaluate: received 20 results and 0 failures
2025-04-15 08:36:04 - INFO - 
2025-04-15 08:36:04 - INFO - [ROUND 9]
2025-04-15 08:36:04 - INFO - configure_fit: strategy sampled 20 clients (out of 20)
2025-04-15 08:36:08 - INFO - aggregate_fit: received 20 results and 0 failures
2025-04-15 08:36:08 - INFO - fit progress: (9, 0.03888937958981842, {'central_accuracy': 0.986}, 43.8732619)
2025-04-15 08:36:08 - INFO - configure_evaluate: strategy sampled 20 clients (out of 20)
2025-04-15 08:36:08 - INFO - aggregate_evaluate: received 20 results and 0 failures
2025-04-15 08:36:08 - INFO - 
2025-04-15 08:36:08 - INFO - [ROUND 10]
2025-04-15 08:36:08 - INFO - configure_fit: strategy sampled 20 clients (out of 20)
2025-04-15 08:36:12 - INFO - aggregate_fit: received 20 results and 0 failures
2025-04-15 08:36:12 - INFO - fit progress: (10, 0.031841430463828146, {'central_accuracy': 0.988}, 48.287335500000005)
2025-04-15 08:36:12 - INFO - configure_evaluate: strategy sampled 20 clients (out of 20)
2025-04-15 08:36:13 - INFO - aggregate_evaluate: received 20 results and 0 failures
2025-04-15 08:36:13 - INFO - 
2025-04-15 08:36:13 - INFO - [ROUND 11]
2025-04-15 08:36:13 - INFO - configure_fit: strategy sampled 20 clients (out of 20)
2025-04-15 08:36:17 - INFO - aggregate_fit: received 20 results and 0 failures
2025-04-15 08:36:17 - INFO - fit progress: (11, 0.034751727449474856, {'central_accuracy': 0.986}, 52.708243)
2025-04-15 08:36:17 - INFO - configure_evaluate: strategy sampled 20 clients (out of 20)
2025-04-15 08:36:17 - INFO - aggregate_evaluate: received 20 results and 0 failures
2025-04-15 08:36:17 - INFO - 
2025-04-15 08:36:17 - INFO - [ROUND 12]
2025-04-15 08:36:17 - INFO - configure_fit: strategy sampled 20 clients (out of 20)
2025-04-15 08:36:21 - INFO - aggregate_fit: received 20 results and 0 failures
2025-04-15 08:36:21 - INFO - fit progress: (12, 0.031807675753952935, {'central_accuracy': 0.988}, 57.3329019)
2025-04-15 08:36:21 - INFO - configure_evaluate: strategy sampled 20 clients (out of 20)
2025-04-15 08:36:22 - INFO - aggregate_evaluate: received 20 results and 0 failures
2025-04-15 08:36:22 - INFO - 
2025-04-15 08:36:22 - INFO - [ROUND 13]
2025-04-15 08:36:22 - INFO - configure_fit: strategy sampled 20 clients (out of 20)
2025-04-15 08:36:26 - INFO - aggregate_fit: received 20 results and 0 failures
2025-04-15 08:36:26 - INFO - fit progress: (13, 0.029153295123251155, {'central_accuracy': 0.988}, 62.002259900000006)
2025-04-15 08:36:26 - INFO - configure_evaluate: strategy sampled 20 clients (out of 20)
2025-04-15 08:36:26 - INFO - aggregate_evaluate: received 20 results and 0 failures
2025-04-15 08:36:26 - INFO - 
2025-04-15 08:36:26 - INFO - [ROUND 14]
2025-04-15 08:36:26 - INFO - configure_fit: strategy sampled 20 clients (out of 20)
2025-04-15 08:36:30 - INFO - aggregate_fit: received 20 results and 0 failures
2025-04-15 08:36:30 - INFO - fit progress: (14, 0.0297988109086873, {'central_accuracy': 0.99}, 66.3992854)
2025-04-15 08:36:30 - INFO - configure_evaluate: strategy sampled 20 clients (out of 20)
2025-04-15 08:36:31 - INFO - aggregate_evaluate: received 20 results and 0 failures
2025-04-15 08:36:31 - INFO - 
2025-04-15 08:36:31 - INFO - [ROUND 15]
2025-04-15 08:36:31 - INFO - configure_fit: strategy sampled 20 clients (out of 20)
2025-04-15 08:36:35 - INFO - aggregate_fit: received 20 results and 0 failures
2025-04-15 08:36:35 - INFO - fit progress: (15, 0.02677032742940355, {'central_accuracy': 0.988}, 70.72316459999999)
2025-04-15 08:36:35 - INFO - configure_evaluate: strategy sampled 20 clients (out of 20)
2025-04-15 08:36:35 - INFO - aggregate_evaluate: received 20 results and 0 failures
2025-04-15 08:36:35 - INFO - 
2025-04-15 08:36:35 - INFO - [ROUND 16]
2025-04-15 08:36:35 - INFO - configure_fit: strategy sampled 20 clients (out of 20)
2025-04-15 08:36:39 - INFO - aggregate_fit: received 20 results and 0 failures
2025-04-15 08:36:39 - INFO - fit progress: (16, 0.029240891526569612, {'central_accuracy': 0.99}, 75.05427519999999)
2025-04-15 08:36:39 - INFO - configure_evaluate: strategy sampled 20 clients (out of 20)
2025-04-15 08:36:39 - INFO - aggregate_evaluate: received 20 results and 0 failures
2025-04-15 08:36:39 - INFO - 
2025-04-15 08:36:39 - INFO - [ROUND 17]
2025-04-15 08:36:39 - INFO - configure_fit: strategy sampled 20 clients (out of 20)
2025-04-15 08:36:43 - INFO - aggregate_fit: received 20 results and 0 failures
2025-04-15 08:36:43 - INFO - fit progress: (17, 0.024825178377795964, {'central_accuracy': 0.992}, 79.4077305)
2025-04-15 08:36:43 - INFO - configure_evaluate: strategy sampled 20 clients (out of 20)
2025-04-15 08:36:44 - INFO - aggregate_evaluate: received 20 results and 0 failures
2025-04-15 08:36:44 - INFO - 
2025-04-15 08:36:44 - INFO - [ROUND 18]
2025-04-15 08:36:44 - INFO - configure_fit: strategy sampled 20 clients (out of 20)
2025-04-15 08:36:48 - INFO - aggregate_fit: received 20 results and 0 failures
2025-04-15 08:36:48 - INFO - fit progress: (18, 0.027202053170185536, {'central_accuracy': 0.992}, 83.7108054)
2025-04-15 08:36:48 - INFO - configure_evaluate: strategy sampled 20 clients (out of 20)
2025-04-15 08:36:48 - INFO - aggregate_evaluate: received 20 results and 0 failures
2025-04-15 08:36:48 - INFO - 
2025-04-15 08:36:48 - INFO - [ROUND 19]
2025-04-15 08:36:48 - INFO - configure_fit: strategy sampled 20 clients (out of 20)
2025-04-15 08:36:52 - INFO - aggregate_fit: received 20 results and 0 failures
2025-04-15 08:36:52 - INFO - fit progress: (19, 0.022064021177357063, {'central_accuracy': 0.992}, 87.97220859999999)
2025-04-15 08:36:52 - INFO - configure_evaluate: strategy sampled 20 clients (out of 20)
2025-04-15 08:36:52 - INFO - aggregate_evaluate: received 20 results and 0 failures
2025-04-15 08:36:52 - INFO - 
2025-04-15 08:36:52 - INFO - [ROUND 20]
2025-04-15 08:36:52 - INFO - configure_fit: strategy sampled 20 clients (out of 20)
2025-04-15 08:36:56 - INFO - aggregate_fit: received 20 results and 0 failures
2025-04-15 08:36:56 - INFO - fit progress: (20, 0.024061244432232343, {'central_accuracy': 0.99}, 92.2289649)
2025-04-15 08:36:56 - INFO - configure_evaluate: strategy sampled 20 clients (out of 20)
2025-04-15 08:36:57 - INFO - aggregate_evaluate: received 20 results and 0 failures
2025-04-15 08:36:57 - INFO - 
2025-04-15 08:36:57 - INFO - [SUMMARY]
2025-04-15 08:36:57 - INFO - Run finished 20 round(s) in 92.63s
2025-04-15 08:36:57 - INFO - 	History (loss, distributed):
2025-04-15 08:36:57 - INFO - 		round 1: 0.9248
2025-04-15 08:36:57 - INFO - 		round 2: 0.9575
2025-04-15 08:36:57 - INFO - 		round 3: 0.9682
2025-04-15 08:36:57 - INFO - 		round 4: 0.9736
2025-04-15 08:36:57 - INFO - 		round 5: 0.9773
2025-04-15 08:36:57 - INFO - 		round 6: 0.9798
2025-04-15 08:36:57 - INFO - 		round 7: 0.9814
2025-04-15 08:36:57 - INFO - 		round 8: 0.9827
2025-04-15 08:36:57 - INFO - 		round 9: 0.9827
2025-04-15 08:36:57 - INFO - 		round 10: 0.9852
2025-04-15 08:36:57 - INFO - 		round 11: 0.9851
2025-04-15 08:36:57 - INFO - 		round 12: 0.9856
2025-04-15 08:36:57 - INFO - 		round 13: 0.9862
2025-04-15 08:36:57 - INFO - 		round 14: 0.9871
2025-04-15 08:36:57 - INFO - 		round 15: 0.9872
2025-04-15 08:36:57 - INFO - 		round 16: 0.9878
2025-04-15 08:36:57 - INFO - 		round 17: 0.9884
2025-04-15 08:36:57 - INFO - 		round 18: 0.9884
2025-04-15 08:36:57 - INFO - 		round 19: 0.989
2025-04-15 08:36:57 - INFO - 		round 20: 0.989
2025-04-15 08:36:57 - INFO - 	History (loss, centralized):
2025-04-15 08:36:57 - INFO - 		round 0: 2.3051142394542694
2025-04-15 08:36:57 - INFO - 		round 1: 0.2852623015642166
2025-04-15 08:36:57 - INFO - 		round 2: 0.1350410559680313
2025-04-15 08:36:57 - INFO - 		round 3: 0.09334305778611451
2025-04-15 08:36:57 - INFO - 		round 4: 0.07252288796007633
2025-04-15 08:36:57 - INFO - 		round 5: 0.056000309239607304
2025-04-15 08:36:57 - INFO - 		round 6: 0.048596353619359434
2025-04-15 08:36:57 - INFO - 		round 7: 0.047508827003184706
2025-04-15 08:36:57 - INFO - 		round 8: 0.039799666934413835
2025-04-15 08:36:57 - INFO - 		round 9: 0.03888937958981842
2025-04-15 08:36:57 - INFO - 		round 10: 0.031841430463828146
2025-04-15 08:36:57 - INFO - 		round 11: 0.034751727449474856
2025-04-15 08:36:57 - INFO - 		round 12: 0.031807675753952935
2025-04-15 08:36:57 - INFO - 		round 13: 0.029153295123251155
2025-04-15 08:36:57 - INFO - 		round 14: 0.0297988109086873
2025-04-15 08:36:57 - INFO - 		round 15: 0.02677032742940355
2025-04-15 08:36:57 - INFO - 		round 16: 0.029240891526569612
2025-04-15 08:36:57 - INFO - 		round 17: 0.024825178377795964
2025-04-15 08:36:57 - INFO - 		round 18: 0.027202053170185536
2025-04-15 08:36:57 - INFO - 		round 19: 0.022064021177357063
2025-04-15 08:36:57 - INFO - 		round 20: 0.024061244432232343
2025-04-15 08:36:57 - INFO - 	History (metrics, distributed, evaluate):
2025-04-15 08:36:57 - INFO - 	{'accuracy': [(1, 0.9248),
2025-04-15 08:36:57 - INFO - 	              (2, 0.9575),
2025-04-15 08:36:57 - INFO - 	              (3, 0.9682),
2025-04-15 08:36:57 - INFO - 	              (4, 0.9736),
2025-04-15 08:36:57 - INFO - 	              (5, 0.9773),
2025-04-15 08:36:57 - INFO - 	              (6, 0.9798),
2025-04-15 08:36:57 - INFO - 	              (7, 0.9814),
2025-04-15 08:36:57 - INFO - 	              (8, 0.9827),
2025-04-15 08:36:57 - INFO - 	              (9, 0.9827),
2025-04-15 08:36:57 - INFO - 	              (10, 0.9852),
2025-04-15 08:36:57 - INFO - 	              (11, 0.9851),
2025-04-15 08:36:57 - INFO - 	              (12, 0.9856),
2025-04-15 08:36:57 - INFO - 	              (13, 0.9862),
2025-04-15 08:36:57 - INFO - 	              (14, 0.9871),
2025-04-15 08:36:57 - INFO - 	              (15, 0.9872),
2025-04-15 08:36:57 - INFO - 	              (16, 0.9878),
2025-04-15 08:36:57 - INFO - 	              (17, 0.9884),
2025-04-15 08:36:57 - INFO - 	              (18, 0.9884),
2025-04-15 08:36:57 - INFO - 	              (19, 0.989),
2025-04-15 08:36:57 - INFO - 	              (20, 0.989)],
2025-04-15 08:36:57 - INFO - 	 'clean_accuracy': [(1, 0.9248),
2025-04-15 08:36:57 - INFO - 	                    (2, 0.9575),
2025-04-15 08:36:57 - INFO - 	                    (3, 0.9682),
2025-04-15 08:36:57 - INFO - 	                    (4, 0.9736),
2025-04-15 08:36:57 - INFO - 	                    (5, 0.9773),
2025-04-15 08:36:57 - INFO - 	                    (6, 0.9798),
2025-04-15 08:36:57 - INFO - 	                    (7, 0.9814),
2025-04-15 08:36:57 - INFO - 	                    (8, 0.9827),
2025-04-15 08:36:57 - INFO - 	                    (9, 0.9827),
2025-04-15 08:36:57 - INFO - 	                    (10, 0.9852),
2025-04-15 08:36:57 - INFO - 	                    (11, 0.9851),
2025-04-15 08:36:57 - INFO - 	                    (12, 0.9856),
2025-04-15 08:36:57 - INFO - 	                    (13, 0.9862),
2025-04-15 08:36:57 - INFO - 	                    (14, 0.9871),
2025-04-15 08:36:57 - INFO - 	                    (15, 0.9872),
2025-04-15 08:36:57 - INFO - 	                    (16, 0.9878),
2025-04-15 08:36:57 - INFO - 	                    (17, 0.9884),
2025-04-15 08:36:57 - INFO - 	                    (18, 0.9884),
2025-04-15 08:36:57 - INFO - 	                    (19, 0.989),
2025-04-15 08:36:57 - INFO - 	                    (20, 0.989)],
2025-04-15 08:36:57 - INFO - 	 'malicious_accuracy': [(1, 0.0),
2025-04-15 08:36:57 - INFO - 	                        (2, 0.0),
2025-04-15 08:36:57 - INFO - 	                        (3, 0.0),
2025-04-15 08:36:57 - INFO - 	                        (4, 0.0),
2025-04-15 08:36:57 - INFO - 	                        (5, 0.0),
2025-04-15 08:36:57 - INFO - 	                        (6, 0.0),
2025-04-15 08:36:57 - INFO - 	                        (7, 0.0),
2025-04-15 08:36:57 - INFO - 	                        (8, 0.0),
2025-04-15 08:36:57 - INFO - 	                        (9, 0.0),
2025-04-15 08:36:57 - INFO - 	                        (10, 0.0),
2025-04-15 08:36:57 - INFO - 	                        (11, 0.0),
2025-04-15 08:36:57 - INFO - 	                        (12, 0.0),
2025-04-15 08:36:57 - INFO - 	                        (13, 0.0),
2025-04-15 08:36:57 - INFO - 	                        (14, 0.0),
2025-04-15 08:36:57 - INFO - 	                        (15, 0.0),
2025-04-15 08:36:57 - INFO - 	                        (16, 0.0),
2025-04-15 08:36:57 - INFO - 	                        (17, 0.0),
2025-04-15 08:36:57 - INFO - 	                        (18, 0.0),
2025-04-15 08:36:57 - INFO - 	                        (19, 0.0),
2025-04-15 08:36:57 - INFO - 	                        (20, 0.0)]}
2025-04-15 08:36:57 - INFO - 	History (metrics, centralized):
2025-04-15 08:36:57 - INFO - 	{'central_accuracy': [(0, 0.134),
2025-04-15 08:36:57 - INFO - 	                      (1, 0.928),
2025-04-15 08:36:57 - INFO - 	                      (2, 0.954),
2025-04-15 08:36:57 - INFO - 	                      (3, 0.968),
2025-04-15 08:36:57 - INFO - 	                      (4, 0.98),
2025-04-15 08:36:57 - INFO - 	                      (5, 0.98),
2025-04-15 08:36:57 - INFO - 	                      (6, 0.986),
2025-04-15 08:36:57 - INFO - 	                      (7, 0.984),
2025-04-15 08:36:57 - INFO - 	                      (8, 0.986),
2025-04-15 08:36:57 - INFO - 	                      (9, 0.986),
2025-04-15 08:36:57 - INFO - 	                      (10, 0.988),
2025-04-15 08:36:57 - INFO - 	                      (11, 0.986),
2025-04-15 08:36:57 - INFO - 	                      (12, 0.988),
2025-04-15 08:36:57 - INFO - 	                      (13, 0.988),
2025-04-15 08:36:57 - INFO - 	                      (14, 0.99),
2025-04-15 08:36:57 - INFO - 	                      (15, 0.988),
2025-04-15 08:36:57 - INFO - 	                      (16, 0.99),
2025-04-15 08:36:57 - INFO - 	                      (17, 0.992),
2025-04-15 08:36:57 - INFO - 	                      (18, 0.992),
2025-04-15 08:36:57 - INFO - 	                      (19, 0.992),
2025-04-15 08:36:57 - INFO - 	                      (20, 0.99)]}
2025-04-15 08:36:57 - INFO - 
2025-04-15 08:36:58 - INFO - Starting Federated Learning Simulation: dataset type: iid, dataset name: mnist, strategy: FedAvg(accept_failures=True), rounds: 20, clients: 20
2025-04-15 08:36:58 - WARNING - DEPRECATED FEATURE: flwr.simulation.start_simulation() is deprecated.
	Instead, use the `flwr run` CLI command to start a local simulation in your Flower app, as shown for example below:

		$ flwr new  # Create a new Flower app from a template

		$ flwr run  # Run the Flower app in Simulation Mode

	Using `start_simulation()` is deprecated.

            This is a deprecated feature. It will be removed
            entirely in future versions of Flower.
        
2025-04-15 08:36:58 - INFO - Starting Flower simulation, config: num_rounds=20, no round_timeout
2025-04-15 08:37:01 - INFO - Flower VCE: Ray initialized with resources: {'accelerator_type:G': 1.0, 'node:__internal_head__': 1.0, 'CPU': 24.0, 'memory': 13341752526.0, 'node:127.0.0.1': 1.0, 'object_store_memory': 6670876262.0, 'GPU': 1.0}
2025-04-15 08:37:01 - INFO - Optimize your simulation with Flower VCE: https://flower.ai/docs/framework/how-to-run-simulations.html
2025-04-15 08:37:01 - INFO - No `client_resources` specified. Using minimal resources for clients.
2025-04-15 08:37:01 - INFO - Flower VCE: Resources for each Virtual Client: {'num_cpus': 1, 'num_gpus': 0.0}
2025-04-15 08:37:01 - INFO - Flower VCE: Creating VirtualClientEngineActorPool with 24 actors
2025-04-15 08:37:01 - INFO - [INIT]
2025-04-15 08:37:01 - INFO - Requesting initial parameters from one random client
2025-04-15 08:37:04 - INFO - Received initial parameters from one random client
2025-04-15 08:37:04 - INFO - Starting evaluation of initial global parameters
2025-04-15 08:37:04 - INFO - initial parameters (loss, other metrics): 2.3064985126256943, {'central_accuracy': 0.088}
2025-04-15 08:37:04 - INFO - 
2025-04-15 08:37:04 - INFO - [ROUND 1]
2025-04-15 08:37:04 - INFO - configure_fit: strategy sampled 20 clients (out of 20)
2025-04-15 08:37:12 - INFO - aggregate_fit: received 20 results and 0 failures
2025-04-15 08:37:12 - WARNING - No fit_metrics_aggregation_fn provided
2025-04-15 08:37:12 - INFO - fit progress: (1, 0.29834583308547735, {'central_accuracy': 0.908}, 7.530622699999995)
2025-04-15 08:37:12 - INFO - configure_evaluate: strategy sampled 20 clients (out of 20)
2025-04-15 08:37:12 - INFO - aggregate_evaluate: received 20 results and 0 failures
2025-04-15 08:37:12 - INFO - 
2025-04-15 08:37:12 - INFO - [ROUND 2]
2025-04-15 08:37:12 - INFO - configure_fit: strategy sampled 20 clients (out of 20)
2025-04-15 08:37:16 - INFO - aggregate_fit: received 20 results and 0 failures
2025-04-15 08:37:16 - INFO - fit progress: (2, 0.12029302306473255, {'central_accuracy': 0.96}, 11.982182899999998)
2025-04-15 08:37:16 - INFO - configure_evaluate: strategy sampled 20 clients (out of 20)
2025-04-15 08:37:17 - INFO - aggregate_evaluate: received 20 results and 0 failures
2025-04-15 08:37:17 - INFO - 
2025-04-15 08:37:17 - INFO - [ROUND 3]
2025-04-15 08:37:17 - INFO - configure_fit: strategy sampled 20 clients (out of 20)
2025-04-15 08:37:20 - INFO - aggregate_fit: received 20 results and 0 failures
2025-04-15 08:37:21 - INFO - fit progress: (3, 0.08287235465832055, {'central_accuracy': 0.97}, 16.400521100000006)
2025-04-15 08:37:21 - INFO - configure_evaluate: strategy sampled 20 clients (out of 20)
2025-04-15 08:37:21 - INFO - aggregate_evaluate: received 20 results and 0 failures
2025-04-15 08:37:21 - INFO - 
2025-04-15 08:37:21 - INFO - [ROUND 4]
2025-04-15 08:37:21 - INFO - configure_fit: strategy sampled 20 clients (out of 20)
2025-04-15 08:37:25 - INFO - aggregate_fit: received 20 results and 0 failures
2025-04-15 08:37:25 - INFO - fit progress: (4, 0.05698068719357252, {'central_accuracy': 0.984}, 20.868401000000006)
2025-04-15 08:37:25 - INFO - configure_evaluate: strategy sampled 20 clients (out of 20)
2025-04-15 08:37:25 - INFO - aggregate_evaluate: received 20 results and 0 failures
2025-04-15 08:37:25 - INFO - 
2025-04-15 08:37:25 - INFO - [ROUND 5]
2025-04-15 08:37:25 - INFO - configure_fit: strategy sampled 20 clients (out of 20)
2025-04-15 08:37:29 - INFO - aggregate_fit: received 20 results and 0 failures
2025-04-15 08:37:29 - INFO - fit progress: (5, 0.047289165726397187, {'central_accuracy': 0.986}, 25.1249885)
2025-04-15 08:37:29 - INFO - configure_evaluate: strategy sampled 20 clients (out of 20)
2025-04-15 08:37:30 - INFO - aggregate_evaluate: received 20 results and 0 failures
2025-04-15 08:37:30 - INFO - 
2025-04-15 08:37:30 - INFO - [ROUND 6]
2025-04-15 08:37:30 - INFO - configure_fit: strategy sampled 20 clients (out of 20)
2025-04-15 08:37:34 - INFO - aggregate_fit: received 20 results and 0 failures
2025-04-15 08:37:34 - INFO - fit progress: (6, 0.04204591334564611, {'central_accuracy': 0.988}, 29.6655614)
2025-04-15 08:37:34 - INFO - configure_evaluate: strategy sampled 20 clients (out of 20)
2025-04-15 08:37:34 - INFO - aggregate_evaluate: received 20 results and 0 failures
2025-04-15 08:37:34 - INFO - 
2025-04-15 08:37:34 - INFO - [ROUND 7]
2025-04-15 08:37:34 - INFO - configure_fit: strategy sampled 20 clients (out of 20)
2025-04-15 08:37:38 - INFO - aggregate_fit: received 20 results and 0 failures
2025-04-15 08:37:38 - INFO - fit progress: (7, 0.03681770997354761, {'central_accuracy': 0.99}, 34.21772139999999)
2025-04-15 08:37:38 - INFO - configure_evaluate: strategy sampled 20 clients (out of 20)
2025-04-15 08:37:39 - INFO - aggregate_evaluate: received 20 results and 0 failures
2025-04-15 08:37:39 - INFO - 
2025-04-15 08:37:39 - INFO - [ROUND 8]
2025-04-15 08:37:39 - INFO - configure_fit: strategy sampled 20 clients (out of 20)
2025-04-15 08:37:43 - INFO - aggregate_fit: received 20 results and 0 failures
2025-04-15 08:37:43 - INFO - fit progress: (8, 0.03087640315061435, {'central_accuracy': 0.99}, 38.80776879999999)
2025-04-15 08:37:43 - INFO - configure_evaluate: strategy sampled 20 clients (out of 20)
2025-04-15 08:37:43 - INFO - aggregate_evaluate: received 20 results and 0 failures
2025-04-15 08:37:43 - INFO - 
2025-04-15 08:37:43 - INFO - [ROUND 9]
2025-04-15 08:37:43 - INFO - configure_fit: strategy sampled 20 clients (out of 20)
2025-04-15 08:37:47 - INFO - aggregate_fit: received 20 results and 0 failures
2025-04-15 08:37:47 - INFO - fit progress: (9, 0.030016387318028137, {'central_accuracy': 0.988}, 43.06969219999999)
2025-04-15 08:37:47 - INFO - configure_evaluate: strategy sampled 20 clients (out of 20)
2025-04-15 08:37:48 - INFO - aggregate_evaluate: received 20 results and 0 failures
2025-04-15 08:37:48 - INFO - 
2025-04-15 08:37:48 - INFO - [ROUND 10]
2025-04-15 08:37:48 - INFO - configure_fit: strategy sampled 20 clients (out of 20)
2025-04-15 08:37:51 - INFO - aggregate_fit: received 20 results and 0 failures
2025-04-15 08:37:51 - INFO - fit progress: (10, 0.027713491959730163, {'central_accuracy': 0.99}, 47.29429769999999)
2025-04-15 08:37:51 - INFO - configure_evaluate: strategy sampled 20 clients (out of 20)
2025-04-15 08:37:52 - INFO - aggregate_evaluate: received 20 results and 0 failures
2025-04-15 08:37:52 - INFO - 
2025-04-15 08:37:52 - INFO - [ROUND 11]
2025-04-15 08:37:52 - INFO - configure_fit: strategy sampled 20 clients (out of 20)
2025-04-15 08:37:55 - INFO - aggregate_fit: received 20 results and 0 failures
2025-04-15 08:37:56 - INFO - fit progress: (11, 0.026885882136411965, {'central_accuracy': 0.99}, 51.49903180000001)
2025-04-15 08:37:56 - INFO - configure_evaluate: strategy sampled 20 clients (out of 20)
2025-04-15 08:37:56 - INFO - aggregate_evaluate: received 20 results and 0 failures
2025-04-15 08:37:56 - INFO - 
2025-04-15 08:37:56 - INFO - [ROUND 12]
2025-04-15 08:37:56 - INFO - configure_fit: strategy sampled 20 clients (out of 20)
2025-04-15 08:38:00 - INFO - aggregate_fit: received 20 results and 0 failures
2025-04-15 08:38:00 - INFO - fit progress: (12, 0.022960242378758267, {'central_accuracy': 0.992}, 55.75838959999999)
2025-04-15 08:38:00 - INFO - configure_evaluate: strategy sampled 20 clients (out of 20)
2025-04-15 08:38:00 - INFO - aggregate_evaluate: received 20 results and 0 failures
2025-04-15 08:38:00 - INFO - 
2025-04-15 08:38:00 - INFO - [ROUND 13]
2025-04-15 08:38:00 - INFO - configure_fit: strategy sampled 20 clients (out of 20)
2025-04-15 08:38:04 - INFO - aggregate_fit: received 20 results and 0 failures
2025-04-15 08:38:04 - INFO - fit progress: (13, 0.023219235677970573, {'central_accuracy': 0.992}, 60.25227190000001)
2025-04-15 08:38:04 - INFO - configure_evaluate: strategy sampled 20 clients (out of 20)
2025-04-15 08:38:05 - INFO - aggregate_evaluate: received 20 results and 0 failures
2025-04-15 08:38:05 - INFO - 
2025-04-15 08:38:05 - INFO - [ROUND 14]
2025-04-15 08:38:05 - INFO - configure_fit: strategy sampled 20 clients (out of 20)
2025-04-15 08:38:08 - INFO - aggregate_fit: received 20 results and 0 failures
2025-04-15 08:38:09 - INFO - fit progress: (14, 0.020135656581260264, {'central_accuracy': 0.994}, 64.50106)
2025-04-15 08:38:09 - INFO - configure_evaluate: strategy sampled 20 clients (out of 20)
2025-04-15 08:38:09 - INFO - aggregate_evaluate: received 20 results and 0 failures
2025-04-15 08:38:09 - INFO - 
2025-04-15 08:38:09 - INFO - [ROUND 15]
2025-04-15 08:38:09 - INFO - configure_fit: strategy sampled 20 clients (out of 20)
2025-04-15 08:38:13 - INFO - aggregate_fit: received 20 results and 0 failures
2025-04-15 08:38:13 - INFO - fit progress: (15, 0.022815365402493626, {'central_accuracy': 0.992}, 68.7607726)
2025-04-15 08:38:13 - INFO - configure_evaluate: strategy sampled 20 clients (out of 20)
2025-04-15 08:38:13 - INFO - aggregate_evaluate: received 20 results and 0 failures
2025-04-15 08:38:13 - INFO - 
2025-04-15 08:38:13 - INFO - [ROUND 16]
2025-04-15 08:38:13 - INFO - configure_fit: strategy sampled 20 clients (out of 20)
2025-04-15 08:38:17 - INFO - aggregate_fit: received 20 results and 0 failures
2025-04-15 08:38:17 - INFO - fit progress: (16, 0.02306498770485632, {'central_accuracy': 0.99}, 73.02765350000001)
2025-04-15 08:38:17 - INFO - configure_evaluate: strategy sampled 20 clients (out of 20)
2025-04-15 08:38:18 - INFO - aggregate_evaluate: received 20 results and 0 failures
2025-04-15 08:38:18 - INFO - 
2025-04-15 08:38:18 - INFO - [ROUND 17]
2025-04-15 08:38:18 - INFO - configure_fit: strategy sampled 20 clients (out of 20)
2025-04-15 08:38:21 - INFO - aggregate_fit: received 20 results and 0 failures
2025-04-15 08:38:21 - INFO - fit progress: (17, 0.01885055936872959, {'central_accuracy': 0.994}, 77.30307909999999)
2025-04-15 08:38:21 - INFO - configure_evaluate: strategy sampled 20 clients (out of 20)
2025-04-15 08:38:22 - INFO - aggregate_evaluate: received 20 results and 0 failures
2025-04-15 08:38:22 - INFO - 
2025-04-15 08:38:22 - INFO - [ROUND 18]
2025-04-15 08:38:22 - INFO - configure_fit: strategy sampled 20 clients (out of 20)
2025-04-15 08:38:26 - INFO - aggregate_fit: received 20 results and 0 failures
2025-04-15 08:38:26 - INFO - fit progress: (18, 0.02121358722797595, {'central_accuracy': 0.994}, 81.57246180000001)
2025-04-15 08:38:26 - INFO - configure_evaluate: strategy sampled 20 clients (out of 20)
2025-04-15 08:38:26 - INFO - aggregate_evaluate: received 20 results and 0 failures
2025-04-15 08:38:26 - INFO - 
2025-04-15 08:38:26 - INFO - [ROUND 19]
2025-04-15 08:38:26 - INFO - configure_fit: strategy sampled 20 clients (out of 20)
2025-04-15 08:38:30 - INFO - aggregate_fit: received 20 results and 0 failures
2025-04-15 08:38:30 - INFO - fit progress: (19, 0.018896287117968313, {'central_accuracy': 0.994}, 85.8353816)
2025-04-15 08:38:30 - INFO - configure_evaluate: strategy sampled 20 clients (out of 20)
2025-04-15 08:38:30 - INFO - aggregate_evaluate: received 20 results and 0 failures
2025-04-15 08:38:30 - INFO - 
2025-04-15 08:38:30 - INFO - [ROUND 20]
2025-04-15 08:38:30 - INFO - configure_fit: strategy sampled 20 clients (out of 20)
2025-04-15 08:38:34 - INFO - aggregate_fit: received 20 results and 0 failures
2025-04-15 08:38:34 - INFO - fit progress: (20, 0.018509354486013763, {'central_accuracy': 0.992}, 90.0583636)
2025-04-15 08:38:34 - INFO - configure_evaluate: strategy sampled 20 clients (out of 20)
2025-04-15 08:38:35 - INFO - aggregate_evaluate: received 20 results and 0 failures
2025-04-15 08:38:35 - INFO - 
2025-04-15 08:38:35 - INFO - [SUMMARY]
2025-04-15 08:38:35 - INFO - Run finished 20 round(s) in 90.47s
2025-04-15 08:38:35 - INFO - 	History (loss, distributed):
2025-04-15 08:38:35 - INFO - 		round 1: 0.9135
2025-04-15 08:38:35 - INFO - 		round 2: 0.9595
2025-04-15 08:38:35 - INFO - 		round 3: 0.9702
2025-04-15 08:38:35 - INFO - 		round 4: 0.9748
2025-04-15 08:38:35 - INFO - 		round 5: 0.9786
2025-04-15 08:38:35 - INFO - 		round 6: 0.9808
2025-04-15 08:38:35 - INFO - 		round 7: 0.9825
2025-04-15 08:38:35 - INFO - 		round 8: 0.9835
2025-04-15 08:38:35 - INFO - 		round 9: 0.9847
2025-04-15 08:38:35 - INFO - 		round 10: 0.9856
2025-04-15 08:38:35 - INFO - 		round 11: 0.9857
2025-04-15 08:38:35 - INFO - 		round 12: 0.9866
2025-04-15 08:38:35 - INFO - 		round 13: 0.9869
2025-04-15 08:38:35 - INFO - 		round 14: 0.9877
2025-04-15 08:38:35 - INFO - 		round 15: 0.9874
2025-04-15 08:38:35 - INFO - 		round 16: 0.9881
2025-04-15 08:38:35 - INFO - 		round 17: 0.9887
2025-04-15 08:38:35 - INFO - 		round 18: 0.9889
2025-04-15 08:38:35 - INFO - 		round 19: 0.9892
2025-04-15 08:38:35 - INFO - 		round 20: 0.9892
2025-04-15 08:38:35 - INFO - 	History (loss, centralized):
2025-04-15 08:38:35 - INFO - 		round 0: 2.3064985126256943
2025-04-15 08:38:35 - INFO - 		round 1: 0.29834583308547735
2025-04-15 08:38:35 - INFO - 		round 2: 0.12029302306473255
2025-04-15 08:38:35 - INFO - 		round 3: 0.08287235465832055
2025-04-15 08:38:35 - INFO - 		round 4: 0.05698068719357252
2025-04-15 08:38:35 - INFO - 		round 5: 0.047289165726397187
2025-04-15 08:38:35 - INFO - 		round 6: 0.04204591334564611
2025-04-15 08:38:35 - INFO - 		round 7: 0.03681770997354761
2025-04-15 08:38:35 - INFO - 		round 8: 0.03087640315061435
2025-04-15 08:38:35 - INFO - 		round 9: 0.030016387318028137
2025-04-15 08:38:35 - INFO - 		round 10: 0.027713491959730163
2025-04-15 08:38:35 - INFO - 		round 11: 0.026885882136411965
2025-04-15 08:38:35 - INFO - 		round 12: 0.022960242378758267
2025-04-15 08:38:35 - INFO - 		round 13: 0.023219235677970573
2025-04-15 08:38:35 - INFO - 		round 14: 0.020135656581260264
2025-04-15 08:38:35 - INFO - 		round 15: 0.022815365402493626
2025-04-15 08:38:35 - INFO - 		round 16: 0.02306498770485632
2025-04-15 08:38:35 - INFO - 		round 17: 0.01885055936872959
2025-04-15 08:38:35 - INFO - 		round 18: 0.02121358722797595
2025-04-15 08:38:35 - INFO - 		round 19: 0.018896287117968313
2025-04-15 08:38:35 - INFO - 		round 20: 0.018509354486013763
2025-04-15 08:38:35 - INFO - 	History (metrics, distributed, evaluate):
2025-04-15 08:38:35 - INFO - 	{'accuracy': [(1, 0.9135),
2025-04-15 08:38:35 - INFO - 	              (2, 0.9595),
2025-04-15 08:38:35 - INFO - 	              (3, 0.9702),
2025-04-15 08:38:35 - INFO - 	              (4, 0.9748),
2025-04-15 08:38:35 - INFO - 	              (5, 0.9786),
2025-04-15 08:38:35 - INFO - 	              (6, 0.9808),
2025-04-15 08:38:35 - INFO - 	              (7, 0.9825),
2025-04-15 08:38:35 - INFO - 	              (8, 0.9835),
2025-04-15 08:38:35 - INFO - 	              (9, 0.9847),
2025-04-15 08:38:35 - INFO - 	              (10, 0.9856),
2025-04-15 08:38:35 - INFO - 	              (11, 0.9857),
2025-04-15 08:38:35 - INFO - 	              (12, 0.9866),
2025-04-15 08:38:35 - INFO - 	              (13, 0.9869),
2025-04-15 08:38:35 - INFO - 	              (14, 0.9877),
2025-04-15 08:38:35 - INFO - 	              (15, 0.9874),
2025-04-15 08:38:35 - INFO - 	              (16, 0.9881),
2025-04-15 08:38:35 - INFO - 	              (17, 0.9887),
2025-04-15 08:38:35 - INFO - 	              (18, 0.9889),
2025-04-15 08:38:35 - INFO - 	              (19, 0.9892),
2025-04-15 08:38:35 - INFO - 	              (20, 0.9892)],
2025-04-15 08:38:35 - INFO - 	 'clean_accuracy': [(1, 0.91025),
2025-04-15 08:38:35 - INFO - 	                    (2, 0.95575),
2025-04-15 08:38:35 - INFO - 	                    (3, 0.966875),
2025-04-15 08:38:35 - INFO - 	                    (4, 0.97175),
2025-04-15 08:38:35 - INFO - 	                    (5, 0.976),
2025-04-15 08:38:35 - INFO - 	                    (6, 0.9785),
2025-04-15 08:38:35 - INFO - 	                    (7, 0.980375),
2025-04-15 08:38:35 - INFO - 	                    (8, 0.98175),
2025-04-15 08:38:35 - INFO - 	                    (9, 0.983125),
2025-04-15 08:38:35 - INFO - 	                    (10, 0.984),
2025-04-15 08:38:35 - INFO - 	                    (11, 0.984125),
2025-04-15 08:38:35 - INFO - 	                    (12, 0.984875),
2025-04-15 08:38:35 - INFO - 	                    (13, 0.985375),
2025-04-15 08:38:35 - INFO - 	                    (14, 0.986),
2025-04-15 08:38:35 - INFO - 	                    (15, 0.985875),
2025-04-15 08:38:35 - INFO - 	                    (16, 0.98675),
2025-04-15 08:38:35 - INFO - 	                    (17, 0.98725),
2025-04-15 08:38:35 - INFO - 	                    (18, 0.987375),
2025-04-15 08:38:35 - INFO - 	                    (19, 0.987875),
2025-04-15 08:38:35 - INFO - 	                    (20, 0.988125)],
2025-04-15 08:38:35 - INFO - 	 'malicious_accuracy': [(1, 0.9265),
2025-04-15 08:38:35 - INFO - 	                        (2, 0.9745),
2025-04-15 08:38:35 - INFO - 	                        (3, 0.9835),
2025-04-15 08:38:35 - INFO - 	                        (4, 0.987),
2025-04-15 08:38:35 - INFO - 	                        (5, 0.989),
2025-04-15 08:38:35 - INFO - 	                        (6, 0.99),
2025-04-15 08:38:35 - INFO - 	                        (7, 0.991),
2025-04-15 08:38:35 - INFO - 	                        (8, 0.9905),
2025-04-15 08:38:35 - INFO - 	                        (9, 0.991),
2025-04-15 08:38:35 - INFO - 	                        (10, 0.992),
2025-04-15 08:38:35 - INFO - 	                        (11, 0.992),
2025-04-15 08:38:35 - INFO - 	                        (12, 0.9935),
2025-04-15 08:38:35 - INFO - 	                        (13, 0.993),
2025-04-15 08:38:35 - INFO - 	                        (14, 0.9945),
2025-04-15 08:38:35 - INFO - 	                        (15, 0.9935),
2025-04-15 08:38:35 - INFO - 	                        (16, 0.9935),
2025-04-15 08:38:35 - INFO - 	                        (17, 0.9945),
2025-04-15 08:38:35 - INFO - 	                        (18, 0.995),
2025-04-15 08:38:35 - INFO - 	                        (19, 0.9945),
2025-04-15 08:38:35 - INFO - 	                        (20, 0.9935)]}
2025-04-15 08:38:35 - INFO - 	History (metrics, centralized):
2025-04-15 08:38:35 - INFO - 	{'central_accuracy': [(0, 0.088),
2025-04-15 08:38:35 - INFO - 	                      (1, 0.908),
2025-04-15 08:38:35 - INFO - 	                      (2, 0.96),
2025-04-15 08:38:35 - INFO - 	                      (3, 0.97),
2025-04-15 08:38:35 - INFO - 	                      (4, 0.984),
2025-04-15 08:38:35 - INFO - 	                      (5, 0.986),
2025-04-15 08:38:35 - INFO - 	                      (6, 0.988),
2025-04-15 08:38:35 - INFO - 	                      (7, 0.99),
2025-04-15 08:38:35 - INFO - 	                      (8, 0.99),
2025-04-15 08:38:35 - INFO - 	                      (9, 0.988),
2025-04-15 08:38:35 - INFO - 	                      (10, 0.99),
2025-04-15 08:38:35 - INFO - 	                      (11, 0.99),
2025-04-15 08:38:35 - INFO - 	                      (12, 0.992),
2025-04-15 08:38:35 - INFO - 	                      (13, 0.992),
2025-04-15 08:38:35 - INFO - 	                      (14, 0.994),
2025-04-15 08:38:35 - INFO - 	                      (15, 0.992),
2025-04-15 08:38:35 - INFO - 	                      (16, 0.99),
2025-04-15 08:38:35 - INFO - 	                      (17, 0.994),
2025-04-15 08:38:35 - INFO - 	                      (18, 0.994),
2025-04-15 08:38:35 - INFO - 	                      (19, 0.994),
2025-04-15 08:38:35 - INFO - 	                      (20, 0.992)]}
2025-04-15 08:38:35 - INFO - 
2025-04-15 08:38:36 - INFO - Starting Federated Learning Simulation: dataset type: iid, dataset name: mnist, strategy: FedAvg(accept_failures=True), rounds: 20, clients: 20
2025-04-15 08:38:36 - WARNING - DEPRECATED FEATURE: flwr.simulation.start_simulation() is deprecated.
	Instead, use the `flwr run` CLI command to start a local simulation in your Flower app, as shown for example below:

		$ flwr new  # Create a new Flower app from a template

		$ flwr run  # Run the Flower app in Simulation Mode

	Using `start_simulation()` is deprecated.

            This is a deprecated feature. It will be removed
            entirely in future versions of Flower.
        
2025-04-15 08:38:36 - INFO - Starting Flower simulation, config: num_rounds=20, no round_timeout
2025-04-15 08:38:39 - INFO - Flower VCE: Ray initialized with resources: {'accelerator_type:G': 1.0, 'node:__internal_head__': 1.0, 'CPU': 24.0, 'memory': 13316301620.0, 'node:127.0.0.1': 1.0, 'object_store_memory': 6658150809.0, 'GPU': 1.0}
2025-04-15 08:38:39 - INFO - Optimize your simulation with Flower VCE: https://flower.ai/docs/framework/how-to-run-simulations.html
2025-04-15 08:38:39 - INFO - No `client_resources` specified. Using minimal resources for clients.
2025-04-15 08:38:39 - INFO - Flower VCE: Resources for each Virtual Client: {'num_cpus': 1, 'num_gpus': 0.0}
2025-04-15 08:38:39 - INFO - Flower VCE: Creating VirtualClientEngineActorPool with 24 actors
2025-04-15 08:38:39 - INFO - [INIT]
2025-04-15 08:38:39 - INFO - Requesting initial parameters from one random client
2025-04-15 08:38:42 - INFO - Received initial parameters from one random client
2025-04-15 08:38:42 - INFO - Starting evaluation of initial global parameters
2025-04-15 08:38:42 - INFO - initial parameters (loss, other metrics): 2.3103163987398148, {'central_accuracy': 0.138}
2025-04-15 08:38:42 - INFO - 
2025-04-15 08:38:42 - INFO - [ROUND 1]
2025-04-15 08:38:42 - INFO - configure_fit: strategy sampled 20 clients (out of 20)
2025-04-15 08:38:49 - INFO - aggregate_fit: received 20 results and 0 failures
2025-04-15 08:38:49 - WARNING - No fit_metrics_aggregation_fn provided
2025-04-15 08:38:49 - INFO - fit progress: (1, 0.7386354394257069, {'central_accuracy': 0.756}, 7.478068699999994)
2025-04-15 08:38:49 - INFO - configure_evaluate: strategy sampled 20 clients (out of 20)
2025-04-15 08:38:50 - INFO - aggregate_evaluate: received 20 results and 0 failures
2025-04-15 08:38:50 - INFO - 
2025-04-15 08:38:50 - INFO - [ROUND 2]
2025-04-15 08:38:50 - INFO - configure_fit: strategy sampled 20 clients (out of 20)
2025-04-15 08:38:54 - INFO - aggregate_fit: received 20 results and 0 failures
2025-04-15 08:38:54 - INFO - fit progress: (2, 0.26630710531026125, {'central_accuracy': 0.914}, 11.763571200000001)
2025-04-15 08:38:54 - INFO - configure_evaluate: strategy sampled 20 clients (out of 20)
2025-04-15 08:38:54 - INFO - aggregate_evaluate: received 20 results and 0 failures
2025-04-15 08:38:54 - INFO - 
2025-04-15 08:38:54 - INFO - [ROUND 3]
2025-04-15 08:38:54 - INFO - configure_fit: strategy sampled 20 clients (out of 20)
2025-04-15 08:38:58 - INFO - aggregate_fit: received 20 results and 0 failures
2025-04-15 08:38:58 - INFO - fit progress: (3, 0.34517060685902834, {'central_accuracy': 0.878}, 16.009177199999982)
2025-04-15 08:38:58 - INFO - configure_evaluate: strategy sampled 20 clients (out of 20)
2025-04-15 08:38:58 - INFO - aggregate_evaluate: received 20 results and 0 failures
2025-04-15 08:38:58 - INFO - 
2025-04-15 08:38:58 - INFO - [ROUND 4]
2025-04-15 08:38:58 - INFO - configure_fit: strategy sampled 20 clients (out of 20)
2025-04-15 08:39:02 - INFO - aggregate_fit: received 20 results and 0 failures
2025-04-15 08:39:02 - INFO - fit progress: (4, 0.29539466509595513, {'central_accuracy': 0.896}, 20.52059459999998)
2025-04-15 08:39:02 - INFO - configure_evaluate: strategy sampled 20 clients (out of 20)
2025-04-15 08:39:03 - INFO - aggregate_evaluate: received 20 results and 0 failures
2025-04-15 08:39:03 - INFO - 
2025-04-15 08:39:03 - INFO - [ROUND 5]
2025-04-15 08:39:03 - INFO - configure_fit: strategy sampled 20 clients (out of 20)
2025-04-15 08:39:07 - INFO - aggregate_fit: received 20 results and 0 failures
2025-04-15 08:39:07 - INFO - fit progress: (5, 0.24623871920630336, {'central_accuracy': 0.92}, 24.7360731)
2025-04-15 08:39:07 - INFO - configure_evaluate: strategy sampled 20 clients (out of 20)
2025-04-15 08:39:07 - INFO - aggregate_evaluate: received 20 results and 0 failures
2025-04-15 08:39:07 - INFO - 
2025-04-15 08:39:07 - INFO - [ROUND 6]
2025-04-15 08:39:07 - INFO - configure_fit: strategy sampled 20 clients (out of 20)
2025-04-15 08:39:11 - INFO - aggregate_fit: received 20 results and 0 failures
2025-04-15 08:39:11 - INFO - fit progress: (6, 0.2118233130313456, {'central_accuracy': 0.926}, 28.95485289999999)
2025-04-15 08:39:11 - INFO - configure_evaluate: strategy sampled 20 clients (out of 20)
2025-04-15 08:39:11 - INFO - aggregate_evaluate: received 20 results and 0 failures
2025-04-15 08:39:11 - INFO - 
2025-04-15 08:39:11 - INFO - [ROUND 7]
2025-04-15 08:39:11 - INFO - configure_fit: strategy sampled 20 clients (out of 20)
2025-04-15 08:39:15 - INFO - aggregate_fit: received 20 results and 0 failures
2025-04-15 08:39:15 - INFO - fit progress: (7, 0.2473943061195314, {'central_accuracy': 0.932}, 33.16193799999999)
2025-04-15 08:39:15 - INFO - configure_evaluate: strategy sampled 20 clients (out of 20)
2025-04-15 08:39:16 - INFO - aggregate_evaluate: received 20 results and 0 failures
2025-04-15 08:39:16 - INFO - 
2025-04-15 08:39:16 - INFO - [ROUND 8]
2025-04-15 08:39:16 - INFO - configure_fit: strategy sampled 20 clients (out of 20)
2025-04-15 08:39:19 - INFO - aggregate_fit: received 20 results and 0 failures
2025-04-15 08:39:19 - INFO - fit progress: (8, 0.4193366994149983, {'central_accuracy': 0.892}, 37.40383399999999)
2025-04-15 08:39:19 - INFO - configure_evaluate: strategy sampled 20 clients (out of 20)
2025-04-15 08:39:20 - INFO - aggregate_evaluate: received 20 results and 0 failures
2025-04-15 08:39:20 - INFO - 
2025-04-15 08:39:20 - INFO - [ROUND 9]
2025-04-15 08:39:20 - INFO - configure_fit: strategy sampled 20 clients (out of 20)
2025-04-15 08:39:24 - INFO - aggregate_fit: received 20 results and 0 failures
2025-04-15 08:39:24 - INFO - fit progress: (9, 0.17381178168579936, {'central_accuracy': 0.952}, 41.698497799999984)
2025-04-15 08:39:24 - INFO - configure_evaluate: strategy sampled 20 clients (out of 20)
2025-04-15 08:39:24 - INFO - aggregate_evaluate: received 20 results and 0 failures
2025-04-15 08:39:24 - INFO - 
2025-04-15 08:39:24 - INFO - [ROUND 10]
2025-04-15 08:39:24 - INFO - configure_fit: strategy sampled 20 clients (out of 20)
2025-04-15 08:39:28 - INFO - aggregate_fit: received 20 results and 0 failures
2025-04-15 08:39:28 - INFO - fit progress: (10, 0.14407347585074604, {'central_accuracy': 0.944}, 45.94947339999999)
2025-04-15 08:39:28 - INFO - configure_evaluate: strategy sampled 20 clients (out of 20)
2025-04-15 08:39:28 - INFO - aggregate_evaluate: received 20 results and 0 failures
2025-04-15 08:39:28 - INFO - 
2025-04-15 08:39:28 - INFO - [ROUND 11]
2025-04-15 08:39:28 - INFO - configure_fit: strategy sampled 20 clients (out of 20)
2025-04-15 08:39:32 - INFO - aggregate_fit: received 20 results and 0 failures
2025-04-15 08:39:32 - INFO - fit progress: (11, 0.14875821582973003, {'central_accuracy': 0.946}, 50.16272410000002)
2025-04-15 08:39:32 - INFO - configure_evaluate: strategy sampled 20 clients (out of 20)
2025-04-15 08:39:33 - INFO - aggregate_evaluate: received 20 results and 0 failures
2025-04-15 08:39:33 - INFO - 
2025-04-15 08:39:33 - INFO - [ROUND 12]
2025-04-15 08:39:33 - INFO - configure_fit: strategy sampled 20 clients (out of 20)
2025-04-15 08:39:36 - INFO - aggregate_fit: received 20 results and 0 failures
2025-04-15 08:39:36 - INFO - fit progress: (12, 0.12661062204279006, {'central_accuracy': 0.956}, 54.39605479999997)
2025-04-15 08:39:36 - INFO - configure_evaluate: strategy sampled 20 clients (out of 20)
2025-04-15 08:39:37 - INFO - aggregate_evaluate: received 20 results and 0 failures
2025-04-15 08:39:37 - INFO - 
2025-04-15 08:39:37 - INFO - [ROUND 13]
2025-04-15 08:39:37 - INFO - configure_fit: strategy sampled 20 clients (out of 20)
2025-04-15 08:39:41 - INFO - aggregate_fit: received 20 results and 0 failures
2025-04-15 08:39:41 - INFO - fit progress: (13, 0.13506755779962987, {'central_accuracy': 0.954}, 58.86615889999999)
2025-04-15 08:39:41 - INFO - configure_evaluate: strategy sampled 20 clients (out of 20)
2025-04-15 08:39:41 - INFO - aggregate_evaluate: received 20 results and 0 failures
2025-04-15 08:39:41 - INFO - 
2025-04-15 08:39:41 - INFO - [ROUND 14]
2025-04-15 08:39:41 - INFO - configure_fit: strategy sampled 20 clients (out of 20)
2025-04-15 08:39:45 - INFO - aggregate_fit: received 20 results and 0 failures
2025-04-15 08:39:45 - INFO - fit progress: (14, 0.11858507408760488, {'central_accuracy': 0.958}, 63.07907980000002)
2025-04-15 08:39:45 - INFO - configure_evaluate: strategy sampled 20 clients (out of 20)
2025-04-15 08:39:45 - INFO - aggregate_evaluate: received 20 results and 0 failures
2025-04-15 08:39:45 - INFO - 
2025-04-15 08:39:45 - INFO - [ROUND 15]
2025-04-15 08:39:45 - INFO - configure_fit: strategy sampled 20 clients (out of 20)
2025-04-15 08:39:49 - INFO - aggregate_fit: received 20 results and 0 failures
2025-04-15 08:39:49 - INFO - fit progress: (15, 0.14205163600854576, {'central_accuracy': 0.958}, 67.32640599999999)
2025-04-15 08:39:49 - INFO - configure_evaluate: strategy sampled 20 clients (out of 20)
2025-04-15 08:39:50 - INFO - aggregate_evaluate: received 20 results and 0 failures
2025-04-15 08:39:50 - INFO - 
2025-04-15 08:39:50 - INFO - [ROUND 16]
2025-04-15 08:39:50 - INFO - configure_fit: strategy sampled 20 clients (out of 20)
2025-04-15 08:39:53 - INFO - aggregate_fit: received 20 results and 0 failures
2025-04-15 08:39:53 - INFO - fit progress: (16, 0.12824159883894026, {'central_accuracy': 0.964}, 71.53311190000002)
2025-04-15 08:39:53 - INFO - configure_evaluate: strategy sampled 20 clients (out of 20)
2025-04-15 08:39:54 - INFO - aggregate_evaluate: received 20 results and 0 failures
2025-04-15 08:39:54 - INFO - 
2025-04-15 08:39:54 - INFO - [ROUND 17]
2025-04-15 08:39:54 - INFO - configure_fit: strategy sampled 20 clients (out of 20)
2025-04-15 08:39:58 - INFO - aggregate_fit: received 20 results and 0 failures
2025-04-15 08:39:58 - INFO - fit progress: (17, 0.10215755458921194, {'central_accuracy': 0.964}, 75.79626019999998)
2025-04-15 08:39:58 - INFO - configure_evaluate: strategy sampled 20 clients (out of 20)
2025-04-15 08:39:58 - INFO - aggregate_evaluate: received 20 results and 0 failures
2025-04-15 08:39:58 - INFO - 
2025-04-15 08:39:58 - INFO - [ROUND 18]
2025-04-15 08:39:58 - INFO - configure_fit: strategy sampled 20 clients (out of 20)
2025-04-15 08:40:02 - INFO - aggregate_fit: received 20 results and 0 failures
2025-04-15 08:40:02 - INFO - fit progress: (18, 0.16474512679269537, {'central_accuracy': 0.952}, 80.0186884)
2025-04-15 08:40:02 - INFO - configure_evaluate: strategy sampled 20 clients (out of 20)
2025-04-15 08:40:02 - INFO - aggregate_evaluate: received 20 results and 0 failures
2025-04-15 08:40:02 - INFO - 
2025-04-15 08:40:02 - INFO - [ROUND 19]
2025-04-15 08:40:02 - INFO - configure_fit: strategy sampled 20 clients (out of 20)
2025-04-15 08:40:06 - INFO - aggregate_fit: received 20 results and 0 failures
2025-04-15 08:40:06 - INFO - fit progress: (19, 0.14494375468348153, {'central_accuracy': 0.96}, 84.23119089999997)
2025-04-15 08:40:06 - INFO - configure_evaluate: strategy sampled 20 clients (out of 20)
2025-04-15 08:40:07 - INFO - aggregate_evaluate: received 20 results and 0 failures
2025-04-15 08:40:07 - INFO - 
2025-04-15 08:40:07 - INFO - [ROUND 20]
2025-04-15 08:40:07 - INFO - configure_fit: strategy sampled 20 clients (out of 20)
2025-04-15 08:40:10 - INFO - aggregate_fit: received 20 results and 0 failures
2025-04-15 08:40:10 - INFO - fit progress: (20, 0.18161409650929272, {'central_accuracy': 0.944}, 88.44842809999997)
2025-04-15 08:40:10 - INFO - configure_evaluate: strategy sampled 20 clients (out of 20)
2025-04-15 08:40:11 - INFO - aggregate_evaluate: received 20 results and 0 failures
2025-04-15 08:40:11 - INFO - 
2025-04-15 08:40:11 - INFO - [SUMMARY]
2025-04-15 08:40:11 - INFO - Run finished 20 round(s) in 88.85s
2025-04-15 08:40:11 - INFO - 	History (loss, distributed):
2025-04-15 08:40:11 - INFO - 		round 1: 0.7474
2025-04-15 08:40:11 - INFO - 		round 2: 0.9021
2025-04-15 08:40:11 - INFO - 		round 3: 0.8868
2025-04-15 08:40:11 - INFO - 		round 4: 0.8992
2025-04-15 08:40:11 - INFO - 		round 5: 0.9337
2025-04-15 08:40:11 - INFO - 		round 6: 0.9334
2025-04-15 08:40:11 - INFO - 		round 7: 0.9297
2025-04-15 08:40:11 - INFO - 		round 8: 0.8954
2025-04-15 08:40:11 - INFO - 		round 9: 0.9395
2025-04-15 08:40:11 - INFO - 		round 10: 0.9396
2025-04-15 08:40:11 - INFO - 		round 11: 0.9529
2025-04-15 08:40:11 - INFO - 		round 12: 0.9534
2025-04-15 08:40:11 - INFO - 		round 13: 0.9596
2025-04-15 08:40:11 - INFO - 		round 14: 0.9602
2025-04-15 08:40:11 - INFO - 		round 15: 0.9507
2025-04-15 08:40:11 - INFO - 		round 16: 0.9567
2025-04-15 08:40:11 - INFO - 		round 17: 0.9626
2025-04-15 08:40:11 - INFO - 		round 18: 0.9604
2025-04-15 08:40:11 - INFO - 		round 19: 0.9524
2025-04-15 08:40:11 - INFO - 		round 20: 0.9552
2025-04-15 08:40:11 - INFO - 	History (loss, centralized):
2025-04-15 08:40:11 - INFO - 		round 0: 2.3103163987398148
2025-04-15 08:40:11 - INFO - 		round 1: 0.7386354394257069
2025-04-15 08:40:11 - INFO - 		round 2: 0.26630710531026125
2025-04-15 08:40:11 - INFO - 		round 3: 0.34517060685902834
2025-04-15 08:40:11 - INFO - 		round 4: 0.29539466509595513
2025-04-15 08:40:11 - INFO - 		round 5: 0.24623871920630336
2025-04-15 08:40:11 - INFO - 		round 6: 0.2118233130313456
2025-04-15 08:40:11 - INFO - 		round 7: 0.2473943061195314
2025-04-15 08:40:11 - INFO - 		round 8: 0.4193366994149983
2025-04-15 08:40:11 - INFO - 		round 9: 0.17381178168579936
2025-04-15 08:40:11 - INFO - 		round 10: 0.14407347585074604
2025-04-15 08:40:11 - INFO - 		round 11: 0.14875821582973003
2025-04-15 08:40:11 - INFO - 		round 12: 0.12661062204279006
2025-04-15 08:40:11 - INFO - 		round 13: 0.13506755779962987
2025-04-15 08:40:11 - INFO - 		round 14: 0.11858507408760488
2025-04-15 08:40:11 - INFO - 		round 15: 0.14205163600854576
2025-04-15 08:40:11 - INFO - 		round 16: 0.12824159883894026
2025-04-15 08:40:11 - INFO - 		round 17: 0.10215755458921194
2025-04-15 08:40:11 - INFO - 		round 18: 0.16474512679269537
2025-04-15 08:40:11 - INFO - 		round 19: 0.14494375468348153
2025-04-15 08:40:11 - INFO - 		round 20: 0.18161409650929272
2025-04-15 08:40:11 - INFO - 	History (metrics, distributed, evaluate):
2025-04-15 08:40:11 - INFO - 	{'accuracy': [(1, 0.7474),
2025-04-15 08:40:11 - INFO - 	              (2, 0.9021),
2025-04-15 08:40:11 - INFO - 	              (3, 0.8868),
2025-04-15 08:40:11 - INFO - 	              (4, 0.8992),
2025-04-15 08:40:11 - INFO - 	              (5, 0.9337),
2025-04-15 08:40:11 - INFO - 	              (6, 0.9334),
2025-04-15 08:40:11 - INFO - 	              (7, 0.9297),
2025-04-15 08:40:11 - INFO - 	              (8, 0.8954),
2025-04-15 08:40:11 - INFO - 	              (9, 0.9395),
2025-04-15 08:40:11 - INFO - 	              (10, 0.9396),
2025-04-15 08:40:11 - INFO - 	              (11, 0.9529),
2025-04-15 08:40:11 - INFO - 	              (12, 0.9534),
2025-04-15 08:40:11 - INFO - 	              (13, 0.9596),
2025-04-15 08:40:11 - INFO - 	              (14, 0.9602),
2025-04-15 08:40:11 - INFO - 	              (15, 0.9507),
2025-04-15 08:40:11 - INFO - 	              (16, 0.9567),
2025-04-15 08:40:11 - INFO - 	              (17, 0.9626),
2025-04-15 08:40:11 - INFO - 	              (18, 0.9604),
2025-04-15 08:40:11 - INFO - 	              (19, 0.9524),
2025-04-15 08:40:11 - INFO - 	              (20, 0.9552)],
2025-04-15 08:40:11 - INFO - 	 'clean_accuracy': [(1, 0.744375),
2025-04-15 08:40:11 - INFO - 	                    (2, 0.89775),
2025-04-15 08:40:11 - INFO - 	                    (3, 0.88475),
2025-04-15 08:40:11 - INFO - 	                    (4, 0.8965),
2025-04-15 08:40:11 - INFO - 	                    (5, 0.93325),
2025-04-15 08:40:11 - INFO - 	                    (6, 0.929875),
2025-04-15 08:40:11 - INFO - 	                    (7, 0.92575),
2025-04-15 08:40:11 - INFO - 	                    (8, 0.890125),
2025-04-15 08:40:11 - INFO - 	                    (9, 0.937125),
2025-04-15 08:40:11 - INFO - 	                    (10, 0.93775),
2025-04-15 08:40:11 - INFO - 	                    (11, 0.95225),
2025-04-15 08:40:11 - INFO - 	                    (12, 0.952125),
2025-04-15 08:40:11 - INFO - 	                    (13, 0.9565),
2025-04-15 08:40:11 - INFO - 	                    (14, 0.957),
2025-04-15 08:40:11 - INFO - 	                    (15, 0.948875),
2025-04-15 08:40:11 - INFO - 	                    (16, 0.954625),
2025-04-15 08:40:11 - INFO - 	                    (17, 0.959625),
2025-04-15 08:40:11 - INFO - 	                    (18, 0.959875),
2025-04-15 08:40:11 - INFO - 	                    (19, 0.95),
2025-04-15 08:40:11 - INFO - 	                    (20, 0.953875)],
2025-04-15 08:40:11 - INFO - 	 'malicious_accuracy': [(1, 0.7595),
2025-04-15 08:40:11 - INFO - 	                        (2, 0.9195),
2025-04-15 08:40:11 - INFO - 	                        (3, 0.895),
2025-04-15 08:40:11 - INFO - 	                        (4, 0.91),
2025-04-15 08:40:11 - INFO - 	                        (5, 0.9355),
2025-04-15 08:40:11 - INFO - 	                        (6, 0.9475),
2025-04-15 08:40:11 - INFO - 	                        (7, 0.9455),
2025-04-15 08:40:11 - INFO - 	                        (8, 0.9165),
2025-04-15 08:40:11 - INFO - 	                        (9, 0.949),
2025-04-15 08:40:11 - INFO - 	                        (10, 0.947),
2025-04-15 08:40:11 - INFO - 	                        (11, 0.9555),
2025-04-15 08:40:11 - INFO - 	                        (12, 0.9585),
2025-04-15 08:40:11 - INFO - 	                        (13, 0.972),
2025-04-15 08:40:11 - INFO - 	                        (14, 0.973),
2025-04-15 08:40:11 - INFO - 	                        (15, 0.958),
2025-04-15 08:40:11 - INFO - 	                        (16, 0.965),
2025-04-15 08:40:11 - INFO - 	                        (17, 0.9745),
2025-04-15 08:40:11 - INFO - 	                        (18, 0.9625),
2025-04-15 08:40:11 - INFO - 	                        (19, 0.962),
2025-04-15 08:40:11 - INFO - 	                        (20, 0.9605)]}
2025-04-15 08:40:11 - INFO - 	History (metrics, centralized):
2025-04-15 08:40:11 - INFO - 	{'central_accuracy': [(0, 0.138),
2025-04-15 08:40:11 - INFO - 	                      (1, 0.756),
2025-04-15 08:40:11 - INFO - 	                      (2, 0.914),
2025-04-15 08:40:11 - INFO - 	                      (3, 0.878),
2025-04-15 08:40:11 - INFO - 	                      (4, 0.896),
2025-04-15 08:40:11 - INFO - 	                      (5, 0.92),
2025-04-15 08:40:11 - INFO - 	                      (6, 0.926),
2025-04-15 08:40:11 - INFO - 	                      (7, 0.932),
2025-04-15 08:40:11 - INFO - 	                      (8, 0.892),
2025-04-15 08:40:11 - INFO - 	                      (9, 0.952),
2025-04-15 08:40:11 - INFO - 	                      (10, 0.944),
2025-04-15 08:40:11 - INFO - 	                      (11, 0.946),
2025-04-15 08:40:11 - INFO - 	                      (12, 0.956),
2025-04-15 08:40:11 - INFO - 	                      (13, 0.954),
2025-04-15 08:40:11 - INFO - 	                      (14, 0.958),
2025-04-15 08:40:11 - INFO - 	                      (15, 0.958),
2025-04-15 08:40:11 - INFO - 	                      (16, 0.964),
2025-04-15 08:40:11 - INFO - 	                      (17, 0.964),
2025-04-15 08:40:11 - INFO - 	                      (18, 0.952),
2025-04-15 08:40:11 - INFO - 	                      (19, 0.96),
2025-04-15 08:40:11 - INFO - 	                      (20, 0.944)]}
2025-04-15 08:40:11 - INFO - 
