2025-05-06 21:59:42 - INFO - Starting Federated Learning Simulation: dataset type: iid, dataset name: mnist, strategy: FedAvg(accept_failures=True), rounds: 50, clients: 20
2025-05-06 21:59:42 - WARNING - DEPRECATED FEATURE: flwr.simulation.start_simulation() is deprecated.
	Instead, use the `flwr run` CLI command to start a local simulation in your Flower app, as shown for example below:

		$ flwr new  # Create a new Flower app from a template

		$ flwr run  # Run the Flower app in Simulation Mode

	Using `start_simulation()` is deprecated.

            This is a deprecated feature. It will be removed
            entirely in future versions of Flower.
        
2025-05-06 21:59:42 - INFO - Starting Flower simulation, config: num_rounds=50, no round_timeout
2025-05-06 21:59:45 - INFO - Flower VCE: Ray initialized with resources: {'accelerator_type:G': 1.0, 'node:__internal_head__': 1.0, 'CPU': 24.0, 'memory': 11888340174.0, 'node:127.0.0.1': 1.0, 'object_store_memory': 5944170086.0, 'GPU': 1.0}
2025-05-06 21:59:45 - INFO - Optimize your simulation with Flower VCE: https://flower.ai/docs/framework/how-to-run-simulations.html
2025-05-06 21:59:45 - INFO - No `client_resources` specified. Using minimal resources for clients.
2025-05-06 21:59:45 - INFO - Flower VCE: Resources for each Virtual Client: {'num_cpus': 1, 'num_gpus': 0.0}
2025-05-06 21:59:45 - INFO - Flower VCE: Creating VirtualClientEngineActorPool with 24 actors
2025-05-06 21:59:45 - INFO - [INIT]
2025-05-06 21:59:45 - INFO - Requesting initial parameters from one random client
2025-05-06 21:59:49 - INFO - Received initial parameters from one random client
2025-05-06 21:59:49 - INFO - Starting evaluation of initial global parameters
2025-05-06 21:59:52 - INFO - initial parameters (loss, other metrics): 0.07382761383056641, {'central_global_loss': 0.07382761383056641, 'central_global_accuracy': 0.098, 'central_clean_loss': 0.07206743800640106, 'central_clean_accuracy': 0.1215, 'central_malicious_loss': 0.07206743800640106, 'central_malicious_accuracy': 0.1215}
2025-05-06 21:59:52 - INFO - 
2025-05-06 21:59:52 - INFO - [ROUND 1]
2025-05-06 21:59:52 - INFO - configure_fit: strategy sampled 20 clients (out of 20)
2025-05-06 22:00:00 - INFO - aggregate_fit: received 20 results and 0 failures
2025-05-06 22:00:00 - WARNING - No fit_metrics_aggregation_fn provided
2025-05-06 22:00:03 - INFO - fit progress: (1, 0.010037770807743072, {'central_global_loss': 0.010037770807743072, 'central_global_accuracy': 0.912, 'central_clean_loss': 0.009623030427843333, 'central_clean_accuracy': 0.916, 'central_malicious_loss': 0.009623030427843333, 'central_malicious_accuracy': 0.916}, 11.0134914)
2025-05-06 22:00:03 - INFO - configure_evaluate: strategy sampled 20 clients (out of 20)
2025-05-06 22:00:03 - INFO - aggregate_evaluate: received 20 results and 0 failures
2025-05-06 22:00:03 - INFO - 
2025-05-06 22:00:03 - INFO - [ROUND 2]
2025-05-06 22:00:03 - INFO - configure_fit: strategy sampled 20 clients (out of 20)
2025-05-06 22:00:07 - INFO - aggregate_fit: received 20 results and 0 failures
2025-05-06 22:00:10 - INFO - fit progress: (2, 0.00459585440158844, {'central_global_loss': 0.00459585440158844, 'central_global_accuracy': 0.954, 'central_clean_loss': 0.004534828109107911, 'central_clean_accuracy': 0.9555, 'central_malicious_loss': 0.004534828109107911, 'central_malicious_accuracy': 0.9555}, 18.2958325)
2025-05-06 22:00:10 - INFO - configure_evaluate: strategy sampled 20 clients (out of 20)
2025-05-06 22:00:10 - INFO - aggregate_evaluate: received 20 results and 0 failures
2025-05-06 22:00:10 - INFO - 
2025-05-06 22:00:10 - INFO - [ROUND 3]
2025-05-06 22:00:10 - INFO - configure_fit: strategy sampled 20 clients (out of 20)
2025-05-06 22:00:14 - INFO - aggregate_fit: received 20 results and 0 failures
2025-05-06 22:00:17 - INFO - fit progress: (3, 0.0031254356130957606, {'central_global_loss': 0.0031254356130957606, 'central_global_accuracy': 0.964, 'central_clean_loss': 0.003280265743192285, 'central_clean_accuracy': 0.9657, 'central_malicious_loss': 0.003280265743192285, 'central_malicious_accuracy': 0.9657}, 25.455266400000003)
2025-05-06 22:00:17 - INFO - configure_evaluate: strategy sampled 20 clients (out of 20)
2025-05-06 22:00:18 - INFO - aggregate_evaluate: received 20 results and 0 failures
2025-05-06 22:00:18 - INFO - 
2025-05-06 22:00:18 - INFO - [ROUND 4]
2025-05-06 22:00:18 - INFO - configure_fit: strategy sampled 20 clients (out of 20)
2025-05-06 22:00:21 - INFO - aggregate_fit: received 20 results and 0 failures
2025-05-06 22:00:24 - INFO - fit progress: (4, 0.002328749265521765, {'central_global_loss': 0.002328749265521765, 'central_global_accuracy': 0.978, 'central_clean_loss': 0.002623904008604586, 'central_clean_accuracy': 0.9726, 'central_malicious_loss': 0.002623904008604586, 'central_malicious_accuracy': 0.9726}, 32.6673833)
2025-05-06 22:00:24 - INFO - configure_evaluate: strategy sampled 20 clients (out of 20)
2025-05-06 22:00:25 - INFO - aggregate_evaluate: received 20 results and 0 failures
2025-05-06 22:00:25 - INFO - 
2025-05-06 22:00:25 - INFO - [ROUND 5]
2025-05-06 22:00:25 - INFO - configure_fit: strategy sampled 20 clients (out of 20)
2025-05-06 22:00:29 - INFO - aggregate_fit: received 20 results and 0 failures
2025-05-06 22:00:32 - INFO - fit progress: (5, 0.0018156221732497215, {'central_global_loss': 0.0018156221732497215, 'central_global_accuracy': 0.984, 'central_clean_loss': 0.002225073257178883, 'central_clean_accuracy': 0.9771, 'central_malicious_loss': 0.002225073257178883, 'central_malicious_accuracy': 0.9771}, 40.07804540000001)
2025-05-06 22:00:32 - INFO - configure_evaluate: strategy sampled 20 clients (out of 20)
2025-05-06 22:00:32 - INFO - aggregate_evaluate: received 20 results and 0 failures
2025-05-06 22:00:32 - INFO - 
2025-05-06 22:00:32 - INFO - [ROUND 6]
2025-05-06 22:00:32 - INFO - configure_fit: strategy sampled 20 clients (out of 20)
2025-05-06 22:00:36 - INFO - aggregate_fit: received 20 results and 0 failures
2025-05-06 22:00:39 - INFO - fit progress: (6, 0.001507122091948986, {'central_global_loss': 0.001507122091948986, 'central_global_accuracy': 0.986, 'central_clean_loss': 0.0019532452300714794, 'central_clean_accuracy': 0.9798, 'central_malicious_loss': 0.0019532452300714794, 'central_malicious_accuracy': 0.9798}, 47.332491899999994)
2025-05-06 22:00:39 - INFO - configure_evaluate: strategy sampled 20 clients (out of 20)
2025-05-06 22:00:40 - INFO - aggregate_evaluate: received 20 results and 0 failures
2025-05-06 22:00:40 - INFO - 
2025-05-06 22:00:40 - INFO - [ROUND 7]
2025-05-06 22:00:40 - INFO - configure_fit: strategy sampled 20 clients (out of 20)
2025-05-06 22:00:43 - INFO - aggregate_fit: received 20 results and 0 failures
2025-05-06 22:00:46 - INFO - fit progress: (7, 0.0013152064476162195, {'central_global_loss': 0.0013152064476162195, 'central_global_accuracy': 0.99, 'central_clean_loss': 0.0017523841439935496, 'central_clean_accuracy': 0.982, 'central_malicious_loss': 0.0017523841439935496, 'central_malicious_accuracy': 0.982}, 54.6637671)
2025-05-06 22:00:46 - INFO - configure_evaluate: strategy sampled 20 clients (out of 20)
2025-05-06 22:00:47 - INFO - aggregate_evaluate: received 20 results and 0 failures
2025-05-06 22:00:47 - INFO - 
2025-05-06 22:00:47 - INFO - [ROUND 8]
2025-05-06 22:00:47 - INFO - configure_fit: strategy sampled 20 clients (out of 20)
2025-05-06 22:00:51 - INFO - aggregate_fit: received 20 results and 0 failures
2025-05-06 22:00:54 - INFO - fit progress: (8, 0.0011790373735129833, {'central_global_loss': 0.0011790373735129833, 'central_global_accuracy': 0.988, 'central_clean_loss': 0.0015990798526167055, 'central_clean_accuracy': 0.9834, 'central_malicious_loss': 0.0015990798526167055, 'central_malicious_accuracy': 0.9834}, 61.8826347)
2025-05-06 22:00:54 - INFO - configure_evaluate: strategy sampled 20 clients (out of 20)
2025-05-06 22:00:54 - INFO - aggregate_evaluate: received 20 results and 0 failures
2025-05-06 22:00:54 - INFO - 
2025-05-06 22:00:54 - INFO - [ROUND 9]
2025-05-06 22:00:54 - INFO - configure_fit: strategy sampled 20 clients (out of 20)
2025-05-06 22:00:58 - INFO - aggregate_fit: received 20 results and 0 failures
2025-05-06 22:01:01 - INFO - fit progress: (9, 0.0010798737844452263, {'central_global_loss': 0.0010798737844452263, 'central_global_accuracy': 0.992, 'central_clean_loss': 0.0014763729151927691, 'central_clean_accuracy': 0.9848, 'central_malicious_loss': 0.0014763729151927691, 'central_malicious_accuracy': 0.9848}, 69.0541504)
2025-05-06 22:01:01 - INFO - configure_evaluate: strategy sampled 20 clients (out of 20)
2025-05-06 22:01:01 - INFO - aggregate_evaluate: received 20 results and 0 failures
2025-05-06 22:01:01 - INFO - 
2025-05-06 22:01:01 - INFO - [ROUND 10]
2025-05-06 22:01:01 - INFO - configure_fit: strategy sampled 20 clients (out of 20)
2025-05-06 22:01:05 - INFO - aggregate_fit: received 20 results and 0 failures
2025-05-06 22:01:08 - INFO - fit progress: (10, 0.0009979671211913228, {'central_global_loss': 0.0009979671211913228, 'central_global_accuracy': 0.992, 'central_clean_loss': 0.0013803731853891804, 'central_clean_accuracy': 0.9853, 'central_malicious_loss': 0.0013803731853891804, 'central_malicious_accuracy': 0.9853}, 76.30582609999999)
2025-05-06 22:01:08 - INFO - configure_evaluate: strategy sampled 20 clients (out of 20)
2025-05-06 22:01:08 - INFO - aggregate_evaluate: received 20 results and 0 failures
2025-05-06 22:01:08 - INFO - 
2025-05-06 22:01:08 - INFO - [ROUND 11]
2025-05-06 22:01:08 - INFO - configure_fit: strategy sampled 20 clients (out of 20)
2025-05-06 22:01:12 - INFO - aggregate_fit: received 20 results and 0 failures
2025-05-06 22:01:16 - INFO - fit progress: (11, 0.0009309685016050935, {'central_global_loss': 0.0009309685016050935, 'central_global_accuracy': 0.992, 'central_clean_loss': 0.0012987157658360957, 'central_clean_accuracy': 0.9856, 'central_malicious_loss': 0.0012987157658360957, 'central_malicious_accuracy': 0.9856}, 84.4760536)
2025-05-06 22:01:16 - INFO - configure_evaluate: strategy sampled 20 clients (out of 20)
2025-05-06 22:01:17 - INFO - aggregate_evaluate: received 20 results and 0 failures
2025-05-06 22:01:17 - INFO - 
2025-05-06 22:01:17 - INFO - [ROUND 12]
2025-05-06 22:01:17 - INFO - configure_fit: strategy sampled 20 clients (out of 20)
2025-05-06 22:01:21 - INFO - aggregate_fit: received 20 results and 0 failures
2025-05-06 22:01:24 - INFO - fit progress: (12, 0.000876730082090944, {'central_global_loss': 0.000876730082090944, 'central_global_accuracy': 0.992, 'central_clean_loss': 0.0012336729336748248, 'central_clean_accuracy': 0.986, 'central_malicious_loss': 0.0012336729336748248, 'central_malicious_accuracy': 0.986}, 92.6655083)
2025-05-06 22:01:24 - INFO - configure_evaluate: strategy sampled 20 clients (out of 20)
2025-05-06 22:01:25 - INFO - aggregate_evaluate: received 20 results and 0 failures
2025-05-06 22:01:25 - INFO - 
2025-05-06 22:01:25 - INFO - [ROUND 13]
2025-05-06 22:01:25 - INFO - configure_fit: strategy sampled 20 clients (out of 20)
2025-05-06 22:01:29 - INFO - aggregate_fit: received 20 results and 0 failures
2025-05-06 22:01:33 - INFO - fit progress: (13, 0.0008297352413646876, {'central_global_loss': 0.0008297352413646876, 'central_global_accuracy': 0.992, 'central_clean_loss': 0.0011768444590998116, 'central_clean_accuracy': 0.9868, 'central_malicious_loss': 0.0011768444590998116, 'central_malicious_accuracy': 0.9868}, 100.9188099)
2025-05-06 22:01:33 - INFO - configure_evaluate: strategy sampled 20 clients (out of 20)
2025-05-06 22:01:33 - INFO - aggregate_evaluate: received 20 results and 0 failures
2025-05-06 22:01:33 - INFO - 
2025-05-06 22:01:33 - INFO - [ROUND 14]
2025-05-06 22:01:33 - INFO - configure_fit: strategy sampled 20 clients (out of 20)
2025-05-06 22:01:37 - INFO - aggregate_fit: received 20 results and 0 failures
2025-05-06 22:01:41 - INFO - fit progress: (14, 0.0007879442861303687, {'central_global_loss': 0.0007879442861303687, 'central_global_accuracy': 0.992, 'central_clean_loss': 0.0011272330519113893, 'central_clean_accuracy': 0.987, 'central_malicious_loss': 0.0011272330519113893, 'central_malicious_accuracy': 0.987}, 109.1789172)
2025-05-06 22:01:41 - INFO - configure_evaluate: strategy sampled 20 clients (out of 20)
2025-05-06 22:01:41 - INFO - aggregate_evaluate: received 20 results and 0 failures
2025-05-06 22:01:41 - INFO - 
2025-05-06 22:01:41 - INFO - [ROUND 15]
2025-05-06 22:01:41 - INFO - configure_fit: strategy sampled 20 clients (out of 20)
2025-05-06 22:01:45 - INFO - aggregate_fit: received 20 results and 0 failures
2025-05-06 22:01:49 - INFO - fit progress: (15, 0.0007644057339057326, {'central_global_loss': 0.0007644057339057326, 'central_global_accuracy': 0.992, 'central_clean_loss': 0.001084622002101969, 'central_clean_accuracy': 0.9874, 'central_malicious_loss': 0.001084622002101969, 'central_malicious_accuracy': 0.9874}, 117.4129197)
2025-05-06 22:01:49 - INFO - configure_evaluate: strategy sampled 20 clients (out of 20)
2025-05-06 22:01:50 - INFO - aggregate_evaluate: received 20 results and 0 failures
2025-05-06 22:01:50 - INFO - 
2025-05-06 22:01:50 - INFO - [ROUND 16]
2025-05-06 22:01:50 - INFO - configure_fit: strategy sampled 20 clients (out of 20)
2025-05-06 22:01:54 - INFO - aggregate_fit: received 20 results and 0 failures
2025-05-06 22:01:57 - INFO - fit progress: (16, 0.0007412112127058208, {'central_global_loss': 0.0007412112127058208, 'central_global_accuracy': 0.992, 'central_clean_loss': 0.0010465459832219495, 'central_clean_accuracy': 0.9878, 'central_malicious_loss': 0.0010465459832219495, 'central_malicious_accuracy': 0.9878}, 125.55106649999999)
2025-05-06 22:01:57 - INFO - configure_evaluate: strategy sampled 20 clients (out of 20)
2025-05-06 22:01:58 - INFO - aggregate_evaluate: received 20 results and 0 failures
2025-05-06 22:01:58 - INFO - 
2025-05-06 22:01:58 - INFO - [ROUND 17]
2025-05-06 22:01:58 - INFO - configure_fit: strategy sampled 20 clients (out of 20)
2025-05-06 22:02:02 - INFO - aggregate_fit: received 20 results and 0 failures
2025-05-06 22:02:06 - INFO - fit progress: (17, 0.0006921218195930124, {'central_global_loss': 0.0006921218195930124, 'central_global_accuracy': 0.992, 'central_clean_loss': 0.0010073042053039898, 'central_clean_accuracy': 0.9882, 'central_malicious_loss': 0.0010073042053039898, 'central_malicious_accuracy': 0.9882}, 133.8499067)
2025-05-06 22:02:06 - INFO - configure_evaluate: strategy sampled 20 clients (out of 20)
2025-05-06 22:02:06 - INFO - aggregate_evaluate: received 20 results and 0 failures
2025-05-06 22:02:06 - INFO - 
2025-05-06 22:02:06 - INFO - [ROUND 18]
2025-05-06 22:02:06 - INFO - configure_fit: strategy sampled 20 clients (out of 20)
2025-05-06 22:02:10 - INFO - aggregate_fit: received 20 results and 0 failures
2025-05-06 22:02:14 - INFO - fit progress: (18, 0.0006727114566601812, {'central_global_loss': 0.0006727114566601812, 'central_global_accuracy': 0.992, 'central_clean_loss': 0.0009815760834237153, 'central_clean_accuracy': 0.9882, 'central_malicious_loss': 0.0009815760834237153, 'central_malicious_accuracy': 0.9882}, 142.3948502)
2025-05-06 22:02:14 - INFO - configure_evaluate: strategy sampled 20 clients (out of 20)
2025-05-06 22:02:15 - INFO - aggregate_evaluate: received 20 results and 0 failures
2025-05-06 22:02:15 - INFO - 
2025-05-06 22:02:15 - INFO - [ROUND 19]
2025-05-06 22:02:15 - INFO - configure_fit: strategy sampled 20 clients (out of 20)
2025-05-06 22:02:18 - INFO - aggregate_fit: received 20 results and 0 failures
2025-05-06 22:02:22 - INFO - fit progress: (19, 0.0006511565844994038, {'central_global_loss': 0.0006511565844994038, 'central_global_accuracy': 0.992, 'central_clean_loss': 0.0009580954121684044, 'central_clean_accuracy': 0.9892, 'central_malicious_loss': 0.0009580954121684044, 'central_malicious_accuracy': 0.9892}, 150.5892566)
2025-05-06 22:02:22 - INFO - configure_evaluate: strategy sampled 20 clients (out of 20)
2025-05-06 22:02:23 - INFO - aggregate_evaluate: received 20 results and 0 failures
2025-05-06 22:02:23 - INFO - 
2025-05-06 22:02:23 - INFO - [ROUND 20]
2025-05-06 22:02:23 - INFO - configure_fit: strategy sampled 20 clients (out of 20)
2025-05-06 22:02:27 - INFO - aggregate_fit: received 20 results and 0 failures
2025-05-06 22:02:31 - INFO - fit progress: (20, 0.0006206876263022422, {'central_global_loss': 0.0006206876263022422, 'central_global_accuracy': 0.996, 'central_clean_loss': 0.0009341589293519064, 'central_clean_accuracy': 0.9897, 'central_malicious_loss': 0.0009341589293519064, 'central_malicious_accuracy': 0.9897}, 158.7914521)
2025-05-06 22:02:31 - INFO - configure_evaluate: strategy sampled 20 clients (out of 20)
2025-05-06 22:02:31 - INFO - aggregate_evaluate: received 20 results and 0 failures
2025-05-06 22:02:31 - INFO - 
2025-05-06 22:02:31 - INFO - [ROUND 21]
2025-05-06 22:02:31 - INFO - configure_fit: strategy sampled 20 clients (out of 20)
2025-05-06 22:02:35 - INFO - aggregate_fit: received 20 results and 0 failures
2025-05-06 22:02:39 - INFO - fit progress: (21, 0.0005950248874723911, {'central_global_loss': 0.0005950248874723911, 'central_global_accuracy': 0.996, 'central_clean_loss': 0.0009116219547154287, 'central_clean_accuracy': 0.9904, 'central_malicious_loss': 0.0009116219547154287, 'central_malicious_accuracy': 0.9904}, 167.0038803)
2025-05-06 22:02:39 - INFO - configure_evaluate: strategy sampled 20 clients (out of 20)
2025-05-06 22:02:39 - INFO - aggregate_evaluate: received 20 results and 0 failures
2025-05-06 22:02:39 - INFO - 
2025-05-06 22:02:39 - INFO - [ROUND 22]
2025-05-06 22:02:39 - INFO - configure_fit: strategy sampled 20 clients (out of 20)
2025-05-06 22:02:43 - INFO - aggregate_fit: received 20 results and 0 failures
2025-05-06 22:02:46 - INFO - fit progress: (22, 0.0005689169368706643, {'central_global_loss': 0.0005689169368706643, 'central_global_accuracy': 0.996, 'central_clean_loss': 0.0008910819517197524, 'central_clean_accuracy': 0.9905, 'central_malicious_loss': 0.0008910819517197524, 'central_malicious_accuracy': 0.9905}, 174.2864883)
2025-05-06 22:02:46 - INFO - configure_evaluate: strategy sampled 20 clients (out of 20)
2025-05-06 22:02:46 - INFO - aggregate_evaluate: received 20 results and 0 failures
2025-05-06 22:02:46 - INFO - 
2025-05-06 22:02:46 - INFO - [ROUND 23]
2025-05-06 22:02:46 - INFO - configure_fit: strategy sampled 20 clients (out of 20)
2025-05-06 22:02:50 - INFO - aggregate_fit: received 20 results and 0 failures
2025-05-06 22:02:53 - INFO - fit progress: (23, 0.0005526562293525785, {'central_global_loss': 0.0005526562293525785, 'central_global_accuracy': 0.996, 'central_clean_loss': 0.0008742551332999938, 'central_clean_accuracy': 0.9903, 'central_malicious_loss': 0.0008742551332999938, 'central_malicious_accuracy': 0.9903}, 181.4150068)
2025-05-06 22:02:53 - INFO - configure_evaluate: strategy sampled 20 clients (out of 20)
2025-05-06 22:02:54 - INFO - aggregate_evaluate: received 20 results and 0 failures
2025-05-06 22:02:54 - INFO - 
2025-05-06 22:02:54 - INFO - [ROUND 24]
2025-05-06 22:02:54 - INFO - configure_fit: strategy sampled 20 clients (out of 20)
2025-05-06 22:02:57 - INFO - aggregate_fit: received 20 results and 0 failures
2025-05-06 22:03:00 - INFO - fit progress: (24, 0.0005365889929234981, {'central_global_loss': 0.0005365889929234981, 'central_global_accuracy': 0.996, 'central_clean_loss': 0.0008604872641955808, 'central_clean_accuracy': 0.9904, 'central_malicious_loss': 0.0008604872641955808, 'central_malicious_accuracy': 0.9904}, 188.5456319)
2025-05-06 22:03:00 - INFO - configure_evaluate: strategy sampled 20 clients (out of 20)
2025-05-06 22:03:01 - INFO - aggregate_evaluate: received 20 results and 0 failures
2025-05-06 22:03:01 - INFO - 
2025-05-06 22:03:01 - INFO - [ROUND 25]
2025-05-06 22:03:01 - INFO - configure_fit: strategy sampled 20 clients (out of 20)
2025-05-06 22:03:05 - INFO - aggregate_fit: received 20 results and 0 failures
2025-05-06 22:03:07 - INFO - fit progress: (25, 0.0005133185996674002, {'central_global_loss': 0.0005133185996674002, 'central_global_accuracy': 0.996, 'central_clean_loss': 0.0008512630098629415, 'central_clean_accuracy': 0.9905, 'central_malicious_loss': 0.0008512630098629415, 'central_malicious_accuracy': 0.9905}, 195.6984375)
2025-05-06 22:03:07 - INFO - configure_evaluate: strategy sampled 20 clients (out of 20)
2025-05-06 22:03:08 - INFO - aggregate_evaluate: received 20 results and 0 failures
2025-05-06 22:03:08 - INFO - 
2025-05-06 22:03:08 - INFO - [ROUND 26]
2025-05-06 22:03:08 - INFO - configure_fit: strategy sampled 20 clients (out of 20)
2025-05-06 22:03:12 - INFO - aggregate_fit: received 20 results and 0 failures
2025-05-06 22:03:15 - INFO - fit progress: (26, 0.0004933300535194576, {'central_global_loss': 0.0004933300535194576, 'central_global_accuracy': 0.996, 'central_clean_loss': 0.0008355216422844023, 'central_clean_accuracy': 0.9908, 'central_malicious_loss': 0.0008355216422844023, 'central_malicious_accuracy': 0.9908}, 202.8704233)
2025-05-06 22:03:15 - INFO - configure_evaluate: strategy sampled 20 clients (out of 20)
2025-05-06 22:03:15 - INFO - aggregate_evaluate: received 20 results and 0 failures
2025-05-06 22:03:15 - INFO - 
2025-05-06 22:03:15 - INFO - [ROUND 27]
2025-05-06 22:03:15 - INFO - configure_fit: strategy sampled 20 clients (out of 20)
2025-05-06 22:03:19 - INFO - aggregate_fit: received 20 results and 0 failures
2025-05-06 22:03:22 - INFO - fit progress: (27, 0.0004816815193044022, {'central_global_loss': 0.0004816815193044022, 'central_global_accuracy': 0.996, 'central_clean_loss': 0.0008241627518967107, 'central_clean_accuracy': 0.9909, 'central_malicious_loss': 0.0008241627518967107, 'central_malicious_accuracy': 0.9909}, 209.9711892)
2025-05-06 22:03:22 - INFO - configure_evaluate: strategy sampled 20 clients (out of 20)
2025-05-06 22:03:22 - INFO - aggregate_evaluate: received 20 results and 0 failures
2025-05-06 22:03:22 - INFO - 
2025-05-06 22:03:22 - INFO - [ROUND 28]
2025-05-06 22:03:22 - INFO - configure_fit: strategy sampled 20 clients (out of 20)
2025-05-06 22:03:26 - INFO - aggregate_fit: received 20 results and 0 failures
2025-05-06 22:03:29 - INFO - fit progress: (28, 0.00046529747324530036, {'central_global_loss': 0.00046529747324530036, 'central_global_accuracy': 0.996, 'central_clean_loss': 0.0008152158003912519, 'central_clean_accuracy': 0.9912, 'central_malicious_loss': 0.0008152158003912519, 'central_malicious_accuracy': 0.9912}, 217.0754878)
2025-05-06 22:03:29 - INFO - configure_evaluate: strategy sampled 20 clients (out of 20)
2025-05-06 22:03:29 - INFO - aggregate_evaluate: received 20 results and 0 failures
2025-05-06 22:03:29 - INFO - 
2025-05-06 22:03:29 - INFO - [ROUND 29]
2025-05-06 22:03:29 - INFO - configure_fit: strategy sampled 20 clients (out of 20)
2025-05-06 22:03:33 - INFO - aggregate_fit: received 20 results and 0 failures
2025-05-06 22:03:36 - INFO - fit progress: (29, 0.0004485574163263664, {'central_global_loss': 0.0004485574163263664, 'central_global_accuracy': 0.996, 'central_clean_loss': 0.0008087422381094257, 'central_clean_accuracy': 0.9912, 'central_malicious_loss': 0.0008087422381094257, 'central_malicious_accuracy': 0.9912}, 224.5173075)
2025-05-06 22:03:36 - INFO - configure_evaluate: strategy sampled 20 clients (out of 20)
2025-05-06 22:03:37 - INFO - aggregate_evaluate: received 20 results and 0 failures
2025-05-06 22:03:37 - INFO - 
2025-05-06 22:03:37 - INFO - [ROUND 30]
2025-05-06 22:03:37 - INFO - configure_fit: strategy sampled 20 clients (out of 20)
2025-05-06 22:03:41 - INFO - aggregate_fit: received 20 results and 0 failures
2025-05-06 22:03:43 - INFO - fit progress: (30, 0.0004325023398268968, {'central_global_loss': 0.0004325023398268968, 'central_global_accuracy': 0.996, 'central_clean_loss': 0.0007986800581278658, 'central_clean_accuracy': 0.9913, 'central_malicious_loss': 0.0007986800581278658, 'central_malicious_accuracy': 0.9913}, 231.7373096)
2025-05-06 22:03:43 - INFO - configure_evaluate: strategy sampled 20 clients (out of 20)
2025-05-06 22:03:44 - INFO - aggregate_evaluate: received 20 results and 0 failures
2025-05-06 22:03:44 - INFO - 
2025-05-06 22:03:44 - INFO - [ROUND 31]
2025-05-06 22:03:44 - INFO - configure_fit: strategy sampled 20 clients (out of 20)
2025-05-06 22:03:48 - INFO - aggregate_fit: received 20 results and 0 failures
2025-05-06 22:03:51 - INFO - fit progress: (31, 0.0004173393374076113, {'central_global_loss': 0.0004173393374076113, 'central_global_accuracy': 0.996, 'central_clean_loss': 0.0007939098616222054, 'central_clean_accuracy': 0.9915, 'central_malicious_loss': 0.0007939098616222054, 'central_malicious_accuracy': 0.9915}, 239.1628155)
2025-05-06 22:03:51 - INFO - configure_evaluate: strategy sampled 20 clients (out of 20)
2025-05-06 22:03:51 - INFO - aggregate_evaluate: received 20 results and 0 failures
2025-05-06 22:03:51 - INFO - 
2025-05-06 22:03:51 - INFO - [ROUND 32]
2025-05-06 22:03:51 - INFO - configure_fit: strategy sampled 20 clients (out of 20)
2025-05-06 22:03:55 - INFO - aggregate_fit: received 20 results and 0 failures
2025-05-06 22:03:58 - INFO - fit progress: (32, 0.0004102018469711766, {'central_global_loss': 0.0004102018469711766, 'central_global_accuracy': 0.996, 'central_clean_loss': 0.0007864658359264467, 'central_clean_accuracy': 0.9917, 'central_malicious_loss': 0.0007864658359264467, 'central_malicious_accuracy': 0.9917}, 246.56097369999998)
2025-05-06 22:03:58 - INFO - configure_evaluate: strategy sampled 20 clients (out of 20)
2025-05-06 22:03:59 - INFO - aggregate_evaluate: received 20 results and 0 failures
2025-05-06 22:03:59 - INFO - 
2025-05-06 22:03:59 - INFO - [ROUND 33]
2025-05-06 22:03:59 - INFO - configure_fit: strategy sampled 20 clients (out of 20)
2025-05-06 22:04:03 - INFO - aggregate_fit: received 20 results and 0 failures
2025-05-06 22:04:06 - INFO - fit progress: (33, 0.00038964802457485347, {'central_global_loss': 0.00038964802457485347, 'central_global_accuracy': 0.996, 'central_clean_loss': 0.0007771140427318415, 'central_clean_accuracy': 0.9921, 'central_malicious_loss': 0.0007771140427318415, 'central_malicious_accuracy': 0.9921}, 253.76598990000002)
2025-05-06 22:04:06 - INFO - configure_evaluate: strategy sampled 20 clients (out of 20)
2025-05-06 22:04:06 - INFO - aggregate_evaluate: received 20 results and 0 failures
2025-05-06 22:04:06 - INFO - 
2025-05-06 22:04:06 - INFO - [ROUND 34]
2025-05-06 22:04:06 - INFO - configure_fit: strategy sampled 20 clients (out of 20)
2025-05-06 22:04:10 - INFO - aggregate_fit: received 20 results and 0 failures
2025-05-06 22:04:13 - INFO - fit progress: (34, 0.0003889593538478948, {'central_global_loss': 0.0003889593538478948, 'central_global_accuracy': 0.994, 'central_clean_loss': 0.0007738544622034396, 'central_clean_accuracy': 0.9919, 'central_malicious_loss': 0.0007738544622034396, 'central_malicious_accuracy': 0.9919}, 261.2445164)
2025-05-06 22:04:13 - INFO - configure_evaluate: strategy sampled 20 clients (out of 20)
2025-05-06 22:04:13 - INFO - aggregate_evaluate: received 20 results and 0 failures
2025-05-06 22:04:13 - INFO - 
2025-05-06 22:04:13 - INFO - [ROUND 35]
2025-05-06 22:04:13 - INFO - configure_fit: strategy sampled 20 clients (out of 20)
2025-05-06 22:04:17 - INFO - aggregate_fit: received 20 results and 0 failures
2025-05-06 22:04:20 - INFO - fit progress: (35, 0.0003711606985889375, {'central_global_loss': 0.0003711606985889375, 'central_global_accuracy': 0.996, 'central_clean_loss': 0.0007661490829063041, 'central_clean_accuracy': 0.9921, 'central_malicious_loss': 0.0007661490829063041, 'central_malicious_accuracy': 0.9921}, 268.4933692)
2025-05-06 22:04:20 - INFO - configure_evaluate: strategy sampled 20 clients (out of 20)
2025-05-06 22:04:21 - INFO - aggregate_evaluate: received 20 results and 0 failures
