2025-04-15 14:44:53 - INFO - Starting Federated Learning Simulation: dataset type: iid, dataset name: mnist, strategy: FedAvg(accept_failures=True), rounds: 20, clients: 20
2025-04-15 14:44:53 - WARNING - DEPRECATED FEATURE: flwr.simulation.start_simulation() is deprecated.
	Instead, use the `flwr run` CLI command to start a local simulation in your Flower app, as shown for example below:

		$ flwr new  # Create a new Flower app from a template

		$ flwr run  # Run the Flower app in Simulation Mode

	Using `start_simulation()` is deprecated.

            This is a deprecated feature. It will be removed
            entirely in future versions of Flower.
        
2025-04-15 14:44:53 - INFO - Starting Flower simulation, config: num_rounds=20, no round_timeout
2025-04-15 14:44:55 - INFO - Flower VCE: Ray initialized with resources: {'accelerator_type:G': 1.0, 'node:__internal_head__': 1.0, 'CPU': 24.0, 'memory': 12678028494.0, 'node:127.0.0.1': 1.0, 'object_store_memory': 6339014246.0, 'GPU': 1.0}
2025-04-15 14:44:55 - INFO - Optimize your simulation with Flower VCE: https://flower.ai/docs/framework/how-to-run-simulations.html
2025-04-15 14:44:55 - INFO - No `client_resources` specified. Using minimal resources for clients.
2025-04-15 14:44:55 - INFO - Flower VCE: Resources for each Virtual Client: {'num_cpus': 1, 'num_gpus': 0.0}
2025-04-15 14:44:55 - INFO - Flower VCE: Creating VirtualClientEngineActorPool with 24 actors
2025-04-15 14:44:55 - INFO - [INIT]
2025-04-15 14:44:55 - INFO - Requesting initial parameters from one random client
2025-04-15 14:44:58 - INFO - Received initial parameters from one random client
2025-04-15 14:44:58 - INFO - Starting evaluation of initial global parameters
2025-04-15 14:45:02 - INFO - initial parameters (loss, other metrics): 0.07387982368469238, {'central_global_loss': 0.07387982368469238, 'central_global_accuracy': 0.072, 'central_clean_loss': 0.07232818512916565, 'central_clean_accuracy': 0.0875, 'central_malicious_loss': 0.07232818512916565, 'central_malicious_accuracy': 0.0875}
2025-04-15 14:45:02 - INFO - 
2025-04-15 14:45:02 - INFO - [ROUND 1]
2025-04-15 14:45:02 - INFO - configure_fit: strategy sampled 20 clients (out of 20)
2025-04-15 14:45:09 - INFO - aggregate_fit: received 20 results and 0 failures
2025-04-15 14:45:09 - WARNING - No fit_metrics_aggregation_fn provided
2025-04-15 14:45:11 - INFO - fit progress: (1, 0.009262017160654067, {'central_global_loss': 0.009262017160654067, 'central_global_accuracy': 0.918, 'central_clean_loss': 0.008928334302082657, 'central_clean_accuracy': 0.9193, 'central_malicious_loss': 0.008928334302082657, 'central_malicious_accuracy': 0.9193}, 9.772229000000001)
2025-04-15 14:45:11 - INFO - configure_evaluate: strategy sampled 20 clients (out of 20)
2025-04-15 14:45:12 - INFO - aggregate_evaluate: received 20 results and 0 failures
2025-04-15 14:45:12 - INFO - 
2025-04-15 14:45:12 - INFO - [ROUND 2]
2025-04-15 14:45:12 - INFO - configure_fit: strategy sampled 20 clients (out of 20)
2025-04-15 14:45:15 - INFO - aggregate_fit: received 20 results and 0 failures
2025-04-15 14:45:18 - INFO - fit progress: (2, 0.004320157311856747, {'central_global_loss': 0.004320157311856747, 'central_global_accuracy': 0.966, 'central_clean_loss': 0.004417285762936808, 'central_clean_accuracy': 0.9576, 'central_malicious_loss': 0.004417285762936808, 'central_malicious_accuracy': 0.9576}, 16.320000800000003)
2025-04-15 14:45:18 - INFO - configure_evaluate: strategy sampled 20 clients (out of 20)
2025-04-15 14:45:18 - INFO - aggregate_evaluate: received 20 results and 0 failures
2025-04-15 14:45:18 - INFO - 
2025-04-15 14:45:18 - INFO - [ROUND 3]
2025-04-15 14:45:18 - INFO - configure_fit: strategy sampled 20 clients (out of 20)
2025-04-15 14:45:22 - INFO - aggregate_fit: received 20 results and 0 failures
2025-04-15 14:45:24 - INFO - fit progress: (3, 0.0029590669199824333, {'central_global_loss': 0.0029590669199824333, 'central_global_accuracy': 0.972, 'central_clean_loss': 0.0031427100270753727, 'central_clean_accuracy': 0.9696, 'central_malicious_loss': 0.0031427100270753727, 'central_malicious_accuracy': 0.9696}, 22.8732659)
2025-04-15 14:45:24 - INFO - configure_evaluate: strategy sampled 20 clients (out of 20)
2025-04-15 14:45:25 - INFO - aggregate_evaluate: received 20 results and 0 failures
2025-04-15 14:45:25 - INFO - 
2025-04-15 14:45:25 - INFO - [ROUND 4]
2025-04-15 14:45:25 - INFO - configure_fit: strategy sampled 20 clients (out of 20)
2025-04-15 14:45:29 - INFO - aggregate_fit: received 20 results and 0 failures
2025-04-15 14:45:31 - INFO - fit progress: (4, 0.0023467276357114317, {'central_global_loss': 0.0023467276357114317, 'central_global_accuracy': 0.98, 'central_clean_loss': 0.002489813634281745, 'central_clean_accuracy': 0.975, 'central_malicious_loss': 0.002489813634281745, 'central_malicious_accuracy': 0.975}, 29.4353421)
2025-04-15 14:45:31 - INFO - configure_evaluate: strategy sampled 20 clients (out of 20)
2025-04-15 14:45:31 - INFO - aggregate_evaluate: received 20 results and 0 failures
2025-04-15 14:45:31 - INFO - 
2025-04-15 14:45:31 - INFO - [ROUND 5]
2025-04-15 14:45:31 - INFO - configure_fit: strategy sampled 20 clients (out of 20)
2025-04-15 14:45:35 - INFO - aggregate_fit: received 20 results and 0 failures
2025-04-15 14:45:38 - INFO - fit progress: (5, 0.002043200351297855, {'central_global_loss': 0.002043200351297855, 'central_global_accuracy': 0.98, 'central_clean_loss': 0.002165912505344022, 'central_clean_accuracy': 0.9778, 'central_malicious_loss': 0.002165912505344022, 'central_malicious_accuracy': 0.9778}, 36.0275787)
2025-04-15 14:45:38 - INFO - configure_evaluate: strategy sampled 20 clients (out of 20)
2025-04-15 14:45:38 - INFO - aggregate_evaluate: received 20 results and 0 failures
2025-04-15 14:45:38 - INFO - 
2025-04-15 14:45:38 - INFO - [ROUND 6]
2025-04-15 14:45:38 - INFO - configure_fit: strategy sampled 20 clients (out of 20)
2025-04-15 14:45:42 - INFO - aggregate_fit: received 20 results and 0 failures
2025-04-15 14:45:44 - INFO - fit progress: (6, 0.001614605512470007, {'central_global_loss': 0.001614605512470007, 'central_global_accuracy': 0.984, 'central_clean_loss': 0.00183614507697348, 'central_clean_accuracy': 0.9811, 'central_malicious_loss': 0.00183614507697348, 'central_malicious_accuracy': 0.9811}, 42.5955778)
2025-04-15 14:45:44 - INFO - configure_evaluate: strategy sampled 20 clients (out of 20)
2025-04-15 14:45:45 - INFO - aggregate_evaluate: received 20 results and 0 failures
2025-04-15 14:45:45 - INFO - 
2025-04-15 14:45:45 - INFO - [ROUND 7]
2025-04-15 14:45:45 - INFO - configure_fit: strategy sampled 20 clients (out of 20)
2025-04-15 14:45:48 - INFO - aggregate_fit: received 20 results and 0 failures
2025-04-15 14:45:51 - INFO - fit progress: (7, 0.0014033532869070769, {'central_global_loss': 0.0014033532869070769, 'central_global_accuracy': 0.988, 'central_clean_loss': 0.0016307869202690198, 'central_clean_accuracy': 0.9835, 'central_malicious_loss': 0.0016307869202690198, 'central_malicious_accuracy': 0.9835}, 49.1208524)
2025-04-15 14:45:51 - INFO - configure_evaluate: strategy sampled 20 clients (out of 20)
2025-04-15 14:45:51 - INFO - aggregate_evaluate: received 20 results and 0 failures
2025-04-15 14:45:51 - INFO - 
2025-04-15 14:45:51 - INFO - [ROUND 8]
2025-04-15 14:45:51 - INFO - configure_fit: strategy sampled 20 clients (out of 20)
2025-04-15 14:45:55 - INFO - aggregate_fit: received 20 results and 0 failures
2025-04-15 14:45:57 - INFO - fit progress: (8, 0.0010870090248063207, {'central_global_loss': 0.0010870090248063207, 'central_global_accuracy': 0.99, 'central_clean_loss': 0.001470624643030169, 'central_clean_accuracy': 0.9853, 'central_malicious_loss': 0.001470624643030169, 'central_malicious_accuracy': 0.9853}, 55.6933745)
2025-04-15 14:45:57 - INFO - configure_evaluate: strategy sampled 20 clients (out of 20)
2025-04-15 14:45:58 - INFO - aggregate_evaluate: received 20 results and 0 failures
2025-04-15 14:45:58 - INFO - 
2025-04-15 14:45:58 - INFO - [ROUND 9]
2025-04-15 14:45:58 - INFO - configure_fit: strategy sampled 20 clients (out of 20)
2025-04-15 14:46:01 - INFO - aggregate_fit: received 20 results and 0 failures
2025-04-15 14:46:04 - INFO - fit progress: (9, 0.001100521999411285, {'central_global_loss': 0.001100521999411285, 'central_global_accuracy': 0.99, 'central_clean_loss': 0.001345933665773191, 'central_clean_accuracy': 0.9862, 'central_malicious_loss': 0.001345933665773191, 'central_malicious_accuracy': 0.9862}, 62.1943113)
2025-04-15 14:46:04 - INFO - configure_evaluate: strategy sampled 20 clients (out of 20)
2025-04-15 14:46:04 - INFO - aggregate_evaluate: received 20 results and 0 failures
2025-04-15 14:46:04 - INFO - 
2025-04-15 14:46:04 - INFO - [ROUND 10]
2025-04-15 14:46:04 - INFO - configure_fit: strategy sampled 20 clients (out of 20)
2025-04-15 14:46:08 - INFO - aggregate_fit: received 20 results and 0 failures
2025-04-15 14:46:10 - INFO - fit progress: (10, 0.0009606542102992535, {'central_global_loss': 0.0009606542102992535, 'central_global_accuracy': 0.992, 'central_clean_loss': 0.0012929889282182559, 'central_clean_accuracy': 0.9863, 'central_malicious_loss': 0.0012929889282182559, 'central_malicious_accuracy': 0.9863}, 68.7817181)
2025-04-15 14:46:10 - INFO - configure_evaluate: strategy sampled 20 clients (out of 20)
2025-04-15 14:46:11 - INFO - aggregate_evaluate: received 20 results and 0 failures
2025-04-15 14:46:11 - INFO - 
2025-04-15 14:46:11 - INFO - [ROUND 11]
2025-04-15 14:46:11 - INFO - configure_fit: strategy sampled 20 clients (out of 20)
2025-04-15 14:46:14 - INFO - aggregate_fit: received 20 results and 0 failures
2025-04-15 14:46:17 - INFO - fit progress: (11, 0.0009382863249629736, {'central_global_loss': 0.0009382863249629736, 'central_global_accuracy': 0.988, 'central_clean_loss': 0.0012547169987818052, 'central_clean_accuracy': 0.9869, 'central_malicious_loss': 0.0012547169987818052, 'central_malicious_accuracy': 0.9869}, 75.3386608)
2025-04-15 14:46:17 - INFO - configure_evaluate: strategy sampled 20 clients (out of 20)
2025-04-15 14:46:17 - INFO - aggregate_evaluate: received 20 results and 0 failures
2025-04-15 14:46:17 - INFO - 
2025-04-15 14:46:17 - INFO - [ROUND 12]
2025-04-15 14:46:17 - INFO - configure_fit: strategy sampled 20 clients (out of 20)
2025-04-15 14:46:21 - INFO - aggregate_fit: received 20 results and 0 failures
2025-04-15 14:46:24 - INFO - fit progress: (12, 0.0008323634667322039, {'central_global_loss': 0.0008323634667322039, 'central_global_accuracy': 0.99, 'central_clean_loss': 0.0011270215859560267, 'central_clean_accuracy': 0.9879, 'central_malicious_loss': 0.0011270215859560267, 'central_malicious_accuracy': 0.9879}, 82.1160649)
2025-04-15 14:46:24 - INFO - configure_evaluate: strategy sampled 20 clients (out of 20)
2025-04-15 14:46:24 - INFO - aggregate_evaluate: received 20 results and 0 failures
2025-04-15 14:46:24 - INFO - 
2025-04-15 14:46:24 - INFO - [ROUND 13]
2025-04-15 14:46:24 - INFO - configure_fit: strategy sampled 20 clients (out of 20)
2025-04-15 14:46:28 - INFO - aggregate_fit: received 20 results and 0 failures
2025-04-15 14:46:30 - INFO - fit progress: (13, 0.0008053123084828257, {'central_global_loss': 0.0008053123084828257, 'central_global_accuracy': 0.992, 'central_clean_loss': 0.0011282631140114973, 'central_clean_accuracy': 0.9874, 'central_malicious_loss': 0.0011282631140114973, 'central_malicious_accuracy': 0.9874}, 88.6370351)
2025-04-15 14:46:30 - INFO - configure_evaluate: strategy sampled 20 clients (out of 20)
2025-04-15 14:46:31 - INFO - aggregate_evaluate: received 20 results and 0 failures
2025-04-15 14:46:31 - INFO - 
2025-04-15 14:46:31 - INFO - [ROUND 14]
2025-04-15 14:46:31 - INFO - configure_fit: strategy sampled 20 clients (out of 20)
2025-04-15 14:46:34 - INFO - aggregate_fit: received 20 results and 0 failures
2025-04-15 14:46:37 - INFO - fit progress: (14, 0.000692346372641623, {'central_global_loss': 0.000692346372641623, 'central_global_accuracy': 0.994, 'central_clean_loss': 0.0010336449636783073, 'central_clean_accuracy': 0.9892, 'central_malicious_loss': 0.0010336449636783073, 'central_malicious_accuracy': 0.9892}, 95.1307196)
2025-04-15 14:46:37 - INFO - configure_evaluate: strategy sampled 20 clients (out of 20)
2025-04-15 14:46:37 - INFO - aggregate_evaluate: received 20 results and 0 failures
2025-04-15 14:46:37 - INFO - 
2025-04-15 14:46:37 - INFO - [ROUND 15]
2025-04-15 14:46:37 - INFO - configure_fit: strategy sampled 20 clients (out of 20)
2025-04-15 14:46:41 - INFO - aggregate_fit: received 20 results and 0 failures
2025-04-15 14:46:43 - INFO - fit progress: (15, 0.0007599416440352797, {'central_global_loss': 0.0007599416440352797, 'central_global_accuracy': 0.994, 'central_clean_loss': 0.0010334858537931722, 'central_clean_accuracy': 0.9888, 'central_malicious_loss': 0.0010334858537931722, 'central_malicious_accuracy': 0.9888}, 101.6234737)
2025-04-15 14:46:43 - INFO - configure_evaluate: strategy sampled 20 clients (out of 20)
2025-04-15 14:46:44 - INFO - aggregate_evaluate: received 20 results and 0 failures
2025-04-15 14:46:44 - INFO - 
2025-04-15 14:46:44 - INFO - [ROUND 16]
2025-04-15 14:46:44 - INFO - configure_fit: strategy sampled 20 clients (out of 20)
2025-04-15 14:46:47 - INFO - aggregate_fit: received 20 results and 0 failures
2025-04-15 14:46:50 - INFO - fit progress: (16, 0.0006751179080456496, {'central_global_loss': 0.0006751179080456496, 'central_global_accuracy': 0.994, 'central_clean_loss': 0.0009891637090924633, 'central_clean_accuracy': 0.989, 'central_malicious_loss': 0.0009891637090924633, 'central_malicious_accuracy': 0.989}, 108.1409744)
2025-04-15 14:46:50 - INFO - configure_evaluate: strategy sampled 20 clients (out of 20)
2025-04-15 14:46:50 - INFO - aggregate_evaluate: received 20 results and 0 failures
2025-04-15 14:46:50 - INFO - 
2025-04-15 14:46:50 - INFO - [ROUND 17]
2025-04-15 14:46:50 - INFO - configure_fit: strategy sampled 20 clients (out of 20)
2025-04-15 14:46:54 - INFO - aggregate_fit: received 20 results and 0 failures
2025-04-15 14:46:56 - INFO - fit progress: (17, 0.0006174105675891042, {'central_global_loss': 0.0006174105675891042, 'central_global_accuracy': 0.994, 'central_clean_loss': 0.0009570492981885763, 'central_clean_accuracy': 0.9897, 'central_malicious_loss': 0.0009570492981885763, 'central_malicious_accuracy': 0.9897}, 114.67706580000001)
2025-04-15 14:46:56 - INFO - configure_evaluate: strategy sampled 20 clients (out of 20)
2025-04-15 14:46:57 - INFO - aggregate_evaluate: received 20 results and 0 failures
2025-04-15 14:46:57 - INFO - 
2025-04-15 14:46:57 - INFO - [ROUND 18]
2025-04-15 14:46:57 - INFO - configure_fit: strategy sampled 20 clients (out of 20)
2025-04-15 14:47:00 - INFO - aggregate_fit: received 20 results and 0 failures
2025-04-15 14:47:03 - INFO - fit progress: (18, 0.0005917279561981559, {'central_global_loss': 0.0005917279561981559, 'central_global_accuracy': 0.994, 'central_clean_loss': 0.0009223926934175324, 'central_clean_accuracy': 0.9896, 'central_malicious_loss': 0.0009223926934175324, 'central_malicious_accuracy': 0.9896}, 121.2162961)
2025-04-15 14:47:03 - INFO - configure_evaluate: strategy sampled 20 clients (out of 20)
2025-04-15 14:47:03 - INFO - aggregate_evaluate: received 20 results and 0 failures
2025-04-15 14:47:03 - INFO - 
2025-04-15 14:47:03 - INFO - [ROUND 19]
2025-04-15 14:47:03 - INFO - configure_fit: strategy sampled 20 clients (out of 20)
2025-04-15 14:47:07 - INFO - aggregate_fit: received 20 results and 0 failures
2025-04-15 14:47:10 - INFO - fit progress: (19, 0.0005700621418654919, {'central_global_loss': 0.0005700621418654919, 'central_global_accuracy': 0.994, 'central_clean_loss': 0.0008874562401199, 'central_clean_accuracy': 0.99, 'central_malicious_loss': 0.0008874562401199, 'central_malicious_accuracy': 0.99}, 127.9932297)
2025-04-15 14:47:10 - INFO - configure_evaluate: strategy sampled 20 clients (out of 20)
2025-04-15 14:47:10 - INFO - aggregate_evaluate: received 20 results and 0 failures
2025-04-15 14:47:10 - INFO - 
2025-04-15 14:47:10 - INFO - [ROUND 20]
2025-04-15 14:47:10 - INFO - configure_fit: strategy sampled 20 clients (out of 20)
2025-04-15 14:47:14 - INFO - aggregate_fit: received 20 results and 0 failures
2025-04-15 14:47:16 - INFO - fit progress: (20, 0.0005999604151584208, {'central_global_loss': 0.0005999604151584208, 'central_global_accuracy': 0.994, 'central_clean_loss': 0.0008923599793230096, 'central_clean_accuracy': 0.9901, 'central_malicious_loss': 0.0008923599793230096, 'central_malicious_accuracy': 0.9901}, 134.6241759)
2025-04-15 14:47:16 - INFO - configure_evaluate: strategy sampled 20 clients (out of 20)
2025-04-15 14:47:17 - INFO - aggregate_evaluate: received 20 results and 0 failures
2025-04-15 14:47:17 - INFO - 
2025-04-15 14:47:17 - INFO - [SUMMARY]
2025-04-15 14:47:17 - INFO - Run finished 20 round(s) in 135.03s
2025-04-15 14:47:17 - INFO - 	History (loss, distributed):
2025-04-15 14:47:17 - INFO - 		round 1: 0.9193
2025-04-15 14:47:17 - INFO - 		round 2: 0.9576
2025-04-15 14:47:17 - INFO - 		round 3: 0.9696
2025-04-15 14:47:17 - INFO - 		round 4: 0.975
2025-04-15 14:47:17 - INFO - 		round 5: 0.9778
2025-04-15 14:47:17 - INFO - 		round 6: 0.9811
2025-04-15 14:47:17 - INFO - 		round 7: 0.9835
2025-04-15 14:47:17 - INFO - 		round 8: 0.9853
2025-04-15 14:47:17 - INFO - 		round 9: 0.9862
2025-04-15 14:47:17 - INFO - 		round 10: 0.9863
2025-04-15 14:47:17 - INFO - 		round 11: 0.9869
2025-04-15 14:47:17 - INFO - 		round 12: 0.9879
2025-04-15 14:47:17 - INFO - 		round 13: 0.9874
2025-04-15 14:47:17 - INFO - 		round 14: 0.9892
2025-04-15 14:47:17 - INFO - 		round 15: 0.9888
2025-04-15 14:47:17 - INFO - 		round 16: 0.989
2025-04-15 14:47:17 - INFO - 		round 17: 0.9897
2025-04-15 14:47:17 - INFO - 		round 18: 0.9896
2025-04-15 14:47:17 - INFO - 		round 19: 0.99
2025-04-15 14:47:17 - INFO - 		round 20: 0.9901
2025-04-15 14:47:17 - INFO - 	History (loss, centralized):
2025-04-15 14:47:17 - INFO - 		round 0: 0.07387982368469238
2025-04-15 14:47:17 - INFO - 		round 1: 0.009262017160654067
2025-04-15 14:47:17 - INFO - 		round 2: 0.004320157311856747
2025-04-15 14:47:17 - INFO - 		round 3: 0.0029590669199824333
2025-04-15 14:47:17 - INFO - 		round 4: 0.0023467276357114317
2025-04-15 14:47:17 - INFO - 		round 5: 0.002043200351297855
2025-04-15 14:47:17 - INFO - 		round 6: 0.001614605512470007
2025-04-15 14:47:17 - INFO - 		round 7: 0.0014033532869070769
2025-04-15 14:47:17 - INFO - 		round 8: 0.0010870090248063207
2025-04-15 14:47:17 - INFO - 		round 9: 0.001100521999411285
2025-04-15 14:47:17 - INFO - 		round 10: 0.0009606542102992535
2025-04-15 14:47:17 - INFO - 		round 11: 0.0009382863249629736
2025-04-15 14:47:17 - INFO - 		round 12: 0.0008323634667322039
2025-04-15 14:47:17 - INFO - 		round 13: 0.0008053123084828257
2025-04-15 14:47:17 - INFO - 		round 14: 0.000692346372641623
2025-04-15 14:47:17 - INFO - 		round 15: 0.0007599416440352797
2025-04-15 14:47:17 - INFO - 		round 16: 0.0006751179080456496
2025-04-15 14:47:17 - INFO - 		round 17: 0.0006174105675891042
2025-04-15 14:47:17 - INFO - 		round 18: 0.0005917279561981559
2025-04-15 14:47:17 - INFO - 		round 19: 0.0005700621418654919
2025-04-15 14:47:17 - INFO - 		round 20: 0.0005999604151584208
2025-04-15 14:47:17 - INFO - 	History (metrics, distributed, evaluate):
2025-04-15 14:47:17 - INFO - 	{'accuracy': [(1, 0.9193),
2025-04-15 14:47:17 - INFO - 	              (2, 0.9576),
2025-04-15 14:47:17 - INFO - 	              (3, 0.9696),
2025-04-15 14:47:17 - INFO - 	              (4, 0.975),
2025-04-15 14:47:17 - INFO - 	              (5, 0.9778),
2025-04-15 14:47:17 - INFO - 	              (6, 0.9811),
2025-04-15 14:47:17 - INFO - 	              (7, 0.9835),
2025-04-15 14:47:17 - INFO - 	              (8, 0.9853),
2025-04-15 14:47:17 - INFO - 	              (9, 0.9862),
2025-04-15 14:47:17 - INFO - 	              (10, 0.9863),
2025-04-15 14:47:17 - INFO - 	              (11, 0.9869),
2025-04-15 14:47:17 - INFO - 	              (12, 0.9879),
2025-04-15 14:47:17 - INFO - 	              (13, 0.9874),
2025-04-15 14:47:17 - INFO - 	              (14, 0.9892),
2025-04-15 14:47:17 - INFO - 	              (15, 0.9888),
2025-04-15 14:47:17 - INFO - 	              (16, 0.989),
2025-04-15 14:47:17 - INFO - 	              (17, 0.9897),
2025-04-15 14:47:17 - INFO - 	              (18, 0.9896),
2025-04-15 14:47:17 - INFO - 	              (19, 0.99),
2025-04-15 14:47:17 - INFO - 	              (20, 0.9901)],
2025-04-15 14:47:17 - INFO - 	 'clean_accuracy': [(1, 0.9193),
2025-04-15 14:47:17 - INFO - 	                    (2, 0.9576),
2025-04-15 14:47:17 - INFO - 	                    (3, 0.9696),
2025-04-15 14:47:17 - INFO - 	                    (4, 0.975),
2025-04-15 14:47:17 - INFO - 	                    (5, 0.9778),
2025-04-15 14:47:17 - INFO - 	                    (6, 0.9811),
2025-04-15 14:47:17 - INFO - 	                    (7, 0.9835),
2025-04-15 14:47:17 - INFO - 	                    (8, 0.9853),
2025-04-15 14:47:17 - INFO - 	                    (9, 0.9862),
2025-04-15 14:47:17 - INFO - 	                    (10, 0.9863),
2025-04-15 14:47:17 - INFO - 	                    (11, 0.9869),
2025-04-15 14:47:17 - INFO - 	                    (12, 0.9879),
2025-04-15 14:47:17 - INFO - 	                    (13, 0.9874),
2025-04-15 14:47:17 - INFO - 	                    (14, 0.9892),
2025-04-15 14:47:17 - INFO - 	                    (15, 0.9888),
2025-04-15 14:47:17 - INFO - 	                    (16, 0.989),
2025-04-15 14:47:17 - INFO - 	                    (17, 0.9897),
2025-04-15 14:47:17 - INFO - 	                    (18, 0.9896),
2025-04-15 14:47:17 - INFO - 	                    (19, 0.99),
2025-04-15 14:47:17 - INFO - 	                    (20, 0.9901)],
2025-04-15 14:47:17 - INFO - 	 'malicious_accuracy': [(1, 0.0),
2025-04-15 14:47:17 - INFO - 	                        (2, 0.0),
2025-04-15 14:47:17 - INFO - 	                        (3, 0.0),
2025-04-15 14:47:17 - INFO - 	                        (4, 0.0),
2025-04-15 14:47:17 - INFO - 	                        (5, 0.0),
2025-04-15 14:47:17 - INFO - 	                        (6, 0.0),
2025-04-15 14:47:17 - INFO - 	                        (7, 0.0),
2025-04-15 14:47:17 - INFO - 	                        (8, 0.0),
2025-04-15 14:47:17 - INFO - 	                        (9, 0.0),
2025-04-15 14:47:17 - INFO - 	                        (10, 0.0),
2025-04-15 14:47:17 - INFO - 	                        (11, 0.0),
2025-04-15 14:47:17 - INFO - 	                        (12, 0.0),
2025-04-15 14:47:17 - INFO - 	                        (13, 0.0),
2025-04-15 14:47:17 - INFO - 	                        (14, 0.0),
2025-04-15 14:47:17 - INFO - 	                        (15, 0.0),
2025-04-15 14:47:17 - INFO - 	                        (16, 0.0),
2025-04-15 14:47:17 - INFO - 	                        (17, 0.0),
2025-04-15 14:47:17 - INFO - 	                        (18, 0.0),
2025-04-15 14:47:17 - INFO - 	                        (19, 0.0),
2025-04-15 14:47:17 - INFO - 	                        (20, 0.0)]}
2025-04-15 14:47:17 - INFO - 	History (metrics, centralized):
2025-04-15 14:47:17 - INFO - 	{'central_clean_accuracy': [(0, 0.0875),
2025-04-15 14:47:17 - INFO - 	                            (1, 0.9193),
2025-04-15 14:47:17 - INFO - 	                            (2, 0.9576),
2025-04-15 14:47:17 - INFO - 	                            (3, 0.9696),
2025-04-15 14:47:17 - INFO - 	                            (4, 0.975),
2025-04-15 14:47:17 - INFO - 	                            (5, 0.9778),
2025-04-15 14:47:17 - INFO - 	                            (6, 0.9811),
2025-04-15 14:47:17 - INFO - 	                            (7, 0.9835),
2025-04-15 14:47:17 - INFO - 	                            (8, 0.9853),
2025-04-15 14:47:17 - INFO - 	                            (9, 0.9862),
2025-04-15 14:47:17 - INFO - 	                            (10, 0.9863),
2025-04-15 14:47:17 - INFO - 	                            (11, 0.9869),
2025-04-15 14:47:17 - INFO - 	                            (12, 0.9879),
2025-04-15 14:47:17 - INFO - 	                            (13, 0.9874),
2025-04-15 14:47:17 - INFO - 	                            (14, 0.9892),
2025-04-15 14:47:17 - INFO - 	                            (15, 0.9888),
2025-04-15 14:47:17 - INFO - 	                            (16, 0.989),
2025-04-15 14:47:17 - INFO - 	                            (17, 0.9897),
2025-04-15 14:47:17 - INFO - 	                            (18, 0.9896),
2025-04-15 14:47:17 - INFO - 	                            (19, 0.99),
2025-04-15 14:47:17 - INFO - 	                            (20, 0.9901)],
2025-04-15 14:47:17 - INFO - 	 'central_clean_loss': [(0, 0.07232818512916565),
2025-04-15 14:47:17 - INFO - 	                        (1, 0.008928334302082657),
2025-04-15 14:47:17 - INFO - 	                        (2, 0.004417285762936808),
2025-04-15 14:47:17 - INFO - 	                        (3, 0.0031427100270753727),
2025-04-15 14:47:17 - INFO - 	                        (4, 0.002489813634281745),
2025-04-15 14:47:17 - INFO - 	                        (5, 0.002165912505344022),
2025-04-15 14:47:17 - INFO - 	                        (6, 0.00183614507697348),
2025-04-15 14:47:17 - INFO - 	                        (7, 0.0016307869202690198),
2025-04-15 14:47:17 - INFO - 	                        (8, 0.001470624643030169),
2025-04-15 14:47:17 - INFO - 	                        (9, 0.001345933665773191),
2025-04-15 14:47:17 - INFO - 	                        (10, 0.0012929889282182559),
2025-04-15 14:47:17 - INFO - 	                        (11, 0.0012547169987818052),
2025-04-15 14:47:17 - INFO - 	                        (12, 0.0011270215859560267),
2025-04-15 14:47:17 - INFO - 	                        (13, 0.0011282631140114973),
2025-04-15 14:47:17 - INFO - 	                        (14, 0.0010336449636783073),
2025-04-15 14:47:17 - INFO - 	                        (15, 0.0010334858537931722),
2025-04-15 14:47:17 - INFO - 	                        (16, 0.0009891637090924633),
2025-04-15 14:47:17 - INFO - 	                        (17, 0.0009570492981885763),
2025-04-15 14:47:17 - INFO - 	                        (18, 0.0009223926934175324),
2025-04-15 14:47:17 - INFO - 	                        (19, 0.0008874562401199),
2025-04-15 14:47:17 - INFO - 	                        (20, 0.0008923599793230096)],
2025-04-15 14:47:17 - INFO - 	 'central_global_accuracy': [(0, 0.072),
2025-04-15 14:47:17 - INFO - 	                             (1, 0.918),
2025-04-15 14:47:17 - INFO - 	                             (2, 0.966),
2025-04-15 14:47:17 - INFO - 	                             (3, 0.972),
2025-04-15 14:47:17 - INFO - 	                             (4, 0.98),
2025-04-15 14:47:17 - INFO - 	                             (5, 0.98),
2025-04-15 14:47:17 - INFO - 	                             (6, 0.984),
2025-04-15 14:47:17 - INFO - 	                             (7, 0.988),
2025-04-15 14:47:17 - INFO - 	                             (8, 0.99),
2025-04-15 14:47:17 - INFO - 	                             (9, 0.99),
2025-04-15 14:47:17 - INFO - 	                             (10, 0.992),
2025-04-15 14:47:17 - INFO - 	                             (11, 0.988),
2025-04-15 14:47:17 - INFO - 	                             (12, 0.99),
2025-04-15 14:47:17 - INFO - 	                             (13, 0.992),
2025-04-15 14:47:17 - INFO - 	                             (14, 0.994),
2025-04-15 14:47:17 - INFO - 	                             (15, 0.994),
2025-04-15 14:47:17 - INFO - 	                             (16, 0.994),
2025-04-15 14:47:17 - INFO - 	                             (17, 0.994),
2025-04-15 14:47:17 - INFO - 	                             (18, 0.994),
2025-04-15 14:47:17 - INFO - 	                             (19, 0.994),
2025-04-15 14:47:17 - INFO - 	                             (20, 0.994)],
2025-04-15 14:47:17 - INFO - 	 'central_global_loss': [(0, 0.07387982368469238),
2025-04-15 14:47:17 - INFO - 	                         (1, 0.009262017160654067),
2025-04-15 14:47:17 - INFO - 	                         (2, 0.004320157311856747),
2025-04-15 14:47:17 - INFO - 	                         (3, 0.0029590669199824333),
2025-04-15 14:47:17 - INFO - 	                         (4, 0.0023467276357114317),
2025-04-15 14:47:17 - INFO - 	                         (5, 0.002043200351297855),
2025-04-15 14:47:17 - INFO - 	                         (6, 0.001614605512470007),
2025-04-15 14:47:17 - INFO - 	                         (7, 0.0014033532869070769),
2025-04-15 14:47:17 - INFO - 	                         (8, 0.0010870090248063207),
2025-04-15 14:47:17 - INFO - 	                         (9, 0.001100521999411285),
2025-04-15 14:47:17 - INFO - 	                         (10, 0.0009606542102992535),
2025-04-15 14:47:17 - INFO - 	                         (11, 0.0009382863249629736),
2025-04-15 14:47:17 - INFO - 	                         (12, 0.0008323634667322039),
2025-04-15 14:47:17 - INFO - 	                         (13, 0.0008053123084828257),
2025-04-15 14:47:17 - INFO - 	                         (14, 0.000692346372641623),
2025-04-15 14:47:17 - INFO - 	                         (15, 0.0007599416440352797),
2025-04-15 14:47:17 - INFO - 	                         (16, 0.0006751179080456496),
2025-04-15 14:47:17 - INFO - 	                         (17, 0.0006174105675891042),
2025-04-15 14:47:17 - INFO - 	                         (18, 0.0005917279561981559),
2025-04-15 14:47:17 - INFO - 	                         (19, 0.0005700621418654919),
2025-04-15 14:47:17 - INFO - 	                         (20, 0.0005999604151584208)],
2025-04-15 14:47:17 - INFO - 	 'central_malicious_accuracy': [(0, 0.0875),
2025-04-15 14:47:17 - INFO - 	                                (1, 0.9193),
2025-04-15 14:47:17 - INFO - 	                                (2, 0.9576),
2025-04-15 14:47:17 - INFO - 	                                (3, 0.9696),
2025-04-15 14:47:17 - INFO - 	                                (4, 0.975),
2025-04-15 14:47:17 - INFO - 	                                (5, 0.9778),
2025-04-15 14:47:17 - INFO - 	                                (6, 0.9811),
2025-04-15 14:47:17 - INFO - 	                                (7, 0.9835),
2025-04-15 14:47:17 - INFO - 	                                (8, 0.9853),
2025-04-15 14:47:17 - INFO - 	                                (9, 0.9862),
2025-04-15 14:47:17 - INFO - 	                                (10, 0.9863),
2025-04-15 14:47:17 - INFO - 	                                (11, 0.9869),
2025-04-15 14:47:17 - INFO - 	                                (12, 0.9879),
2025-04-15 14:47:17 - INFO - 	                                (13, 0.9874),
2025-04-15 14:47:17 - INFO - 	                                (14, 0.9892),
2025-04-15 14:47:17 - INFO - 	                                (15, 0.9888),
2025-04-15 14:47:17 - INFO - 	                                (16, 0.989),
2025-04-15 14:47:17 - INFO - 	                                (17, 0.9897),
2025-04-15 14:47:17 - INFO - 	                                (18, 0.9896),
2025-04-15 14:47:17 - INFO - 	                                (19, 0.99),
2025-04-15 14:47:17 - INFO - 	                                (20, 0.9901)],
2025-04-15 14:47:17 - INFO - 	 'central_malicious_loss': [(0, 0.07232818512916565),
2025-04-15 14:47:17 - INFO - 	                            (1, 0.008928334302082657),
2025-04-15 14:47:17 - INFO - 	                            (2, 0.004417285762936808),
2025-04-15 14:47:17 - INFO - 	                            (3, 0.0031427100270753727),
2025-04-15 14:47:17 - INFO - 	                            (4, 0.002489813634281745),
2025-04-15 14:47:17 - INFO - 	                            (5, 0.002165912505344022),
2025-04-15 14:47:17 - INFO - 	                            (6, 0.00183614507697348),
2025-04-15 14:47:17 - INFO - 	                            (7, 0.0016307869202690198),
2025-04-15 14:47:17 - INFO - 	                            (8, 0.001470624643030169),
2025-04-15 14:47:17 - INFO - 	                            (9, 0.001345933665773191),
2025-04-15 14:47:17 - INFO - 	                            (10, 0.0012929889282182559),
2025-04-15 14:47:17 - INFO - 	                            (11, 0.0012547169987818052),
2025-04-15 14:47:17 - INFO - 	                            (12, 0.0011270215859560267),
2025-04-15 14:47:17 - INFO - 	                            (13, 0.0011282631140114973),
2025-04-15 14:47:17 - INFO - 	                            (14, 0.0010336449636783073),
2025-04-15 14:47:17 - INFO - 	                            (15, 0.0010334858537931722),
2025-04-15 14:47:17 - INFO - 	                            (16, 0.0009891637090924633),
2025-04-15 14:47:17 - INFO - 	                            (17, 0.0009570492981885763),
2025-04-15 14:47:17 - INFO - 	                            (18, 0.0009223926934175324),
2025-04-15 14:47:17 - INFO - 	                            (19, 0.0008874562401199),
2025-04-15 14:47:17 - INFO - 	                            (20, 0.0008923599793230096)]}
2025-04-15 14:47:17 - INFO - 
2025-04-15 14:47:18 - INFO - Starting Federated Learning Simulation: dataset type: iid, dataset name: mnist, strategy: FedAvg(accept_failures=True), rounds: 20, clients: 20
2025-04-15 14:47:18 - WARNING - DEPRECATED FEATURE: flwr.simulation.start_simulation() is deprecated.
	Instead, use the `flwr run` CLI command to start a local simulation in your Flower app, as shown for example below:

		$ flwr new  # Create a new Flower app from a template

		$ flwr run  # Run the Flower app in Simulation Mode

	Using `start_simulation()` is deprecated.

            This is a deprecated feature. It will be removed
            entirely in future versions of Flower.
        
2025-04-15 14:47:18 - INFO - Starting Flower simulation, config: num_rounds=20, no round_timeout
2025-04-15 14:47:21 - INFO - Flower VCE: Ray initialized with resources: {'accelerator_type:G': 1.0, 'node:__internal_head__': 1.0, 'CPU': 24.0, 'memory': 12607605966.0, 'node:127.0.0.1': 1.0, 'object_store_memory': 6303802982.0, 'GPU': 1.0}
2025-04-15 14:47:21 - INFO - Optimize your simulation with Flower VCE: https://flower.ai/docs/framework/how-to-run-simulations.html
2025-04-15 14:47:21 - INFO - No `client_resources` specified. Using minimal resources for clients.
2025-04-15 14:47:21 - INFO - Flower VCE: Resources for each Virtual Client: {'num_cpus': 1, 'num_gpus': 0.0}
2025-04-15 14:47:21 - INFO - Flower VCE: Creating VirtualClientEngineActorPool with 24 actors
2025-04-15 14:47:21 - INFO - [INIT]
2025-04-15 14:47:21 - INFO - Requesting initial parameters from one random client
2025-04-15 14:47:24 - INFO - Received initial parameters from one random client
2025-04-15 14:47:24 - INFO - Starting evaluation of initial global parameters
2025-04-15 14:47:26 - INFO - initial parameters (loss, other metrics): 0.0736989574432373, {'central_global_loss': 0.0736989574432373, 'central_global_accuracy': 0.092, 'central_clean_loss': 0.07192026689052582, 'central_clean_accuracy': 0.1061, 'central_malicious_loss': 0.07192026689052582, 'central_malicious_accuracy': 0.1061}
2025-04-15 14:47:26 - INFO - 
2025-04-15 14:47:26 - INFO - [ROUND 1]
2025-04-15 14:47:26 - INFO - configure_fit: strategy sampled 20 clients (out of 20)
2025-04-15 14:47:34 - INFO - aggregate_fit: received 20 results and 0 failures
2025-04-15 14:47:34 - WARNING - No fit_metrics_aggregation_fn provided
2025-04-15 14:47:36 - INFO - fit progress: (1, 0.009183822959661483, {'central_global_loss': 0.009183822959661483, 'central_global_accuracy': 0.92, 'central_clean_loss': 0.008494126088917255, 'central_clean_accuracy': 0.929, 'central_malicious_loss': 0.008494126088917255, 'central_malicious_accuracy': 0.929}, 9.898841500000003)
2025-04-15 14:47:36 - INFO - configure_evaluate: strategy sampled 20 clients (out of 20)
2025-04-15 14:47:37 - INFO - aggregate_evaluate: received 20 results and 0 failures
2025-04-15 14:47:37 - INFO - 
2025-04-15 14:47:37 - INFO - [ROUND 2]
2025-04-15 14:47:37 - INFO - configure_fit: strategy sampled 20 clients (out of 20)
2025-04-15 14:47:40 - INFO - aggregate_fit: received 20 results and 0 failures
2025-04-15 14:47:43 - INFO - fit progress: (2, 0.0040240599289536475, {'central_global_loss': 0.0040240599289536475, 'central_global_accuracy': 0.964, 'central_clean_loss': 0.004084848173800856, 'central_clean_accuracy': 0.9607, 'central_malicious_loss': 0.004084848173800856, 'central_malicious_accuracy': 0.9607}, 16.573132700000002)
2025-04-15 14:47:43 - INFO - configure_evaluate: strategy sampled 20 clients (out of 20)
2025-04-15 14:47:43 - INFO - aggregate_evaluate: received 20 results and 0 failures
2025-04-15 14:47:43 - INFO - 
2025-04-15 14:47:43 - INFO - [ROUND 3]
2025-04-15 14:47:43 - INFO - configure_fit: strategy sampled 20 clients (out of 20)
2025-04-15 14:47:47 - INFO - aggregate_fit: received 20 results and 0 failures
2025-04-15 14:47:50 - INFO - fit progress: (3, 0.0027325681410729887, {'central_global_loss': 0.0027325681410729887, 'central_global_accuracy': 0.972, 'central_clean_loss': 0.002983965480315965, 'central_clean_accuracy': 0.969, 'central_malicious_loss': 0.002983965480315965, 'central_malicious_accuracy': 0.969}, 23.139605999999986)
2025-04-15 14:47:50 - INFO - configure_evaluate: strategy sampled 20 clients (out of 20)
2025-04-15 14:47:50 - INFO - aggregate_evaluate: received 20 results and 0 failures
2025-04-15 14:47:50 - INFO - 
2025-04-15 14:47:50 - INFO - [ROUND 4]
2025-04-15 14:47:50 - INFO - configure_fit: strategy sampled 20 clients (out of 20)
2025-04-15 14:47:54 - INFO - aggregate_fit: received 20 results and 0 failures
2025-04-15 14:47:56 - INFO - fit progress: (4, 0.0020284283682703973, {'central_global_loss': 0.0020284283682703973, 'central_global_accuracy': 0.982, 'central_clean_loss': 0.0024081358902854847, 'central_clean_accuracy': 0.9751, 'central_malicious_loss': 0.0024081358902854847, 'central_malicious_accuracy': 0.9751}, 29.72426329999999)
2025-04-15 14:47:56 - INFO - configure_evaluate: strategy sampled 20 clients (out of 20)
2025-04-15 14:47:56 - INFO - aggregate_evaluate: received 20 results and 0 failures
2025-04-15 14:47:56 - INFO - 
2025-04-15 14:47:56 - INFO - [ROUND 5]
2025-04-15 14:47:56 - INFO - configure_fit: strategy sampled 20 clients (out of 20)
2025-04-15 14:48:00 - INFO - aggregate_fit: received 20 results and 0 failures
2025-04-15 14:48:03 - INFO - fit progress: (5, 0.0016555040813982487, {'central_global_loss': 0.0016555040813982487, 'central_global_accuracy': 0.984, 'central_clean_loss': 0.00201065945608716, 'central_clean_accuracy': 0.9786, 'central_malicious_loss': 0.00201065945608716, 'central_malicious_accuracy': 0.9786}, 36.255410299999994)
2025-04-15 14:48:03 - INFO - configure_evaluate: strategy sampled 20 clients (out of 20)
2025-04-15 14:48:03 - INFO - aggregate_evaluate: received 20 results and 0 failures
2025-04-15 14:48:03 - INFO - 
2025-04-15 14:48:03 - INFO - [ROUND 6]
2025-04-15 14:48:03 - INFO - configure_fit: strategy sampled 20 clients (out of 20)
2025-04-15 14:48:07 - INFO - aggregate_fit: received 20 results and 0 failures
2025-04-15 14:48:09 - INFO - fit progress: (6, 0.0014083280935883523, {'central_global_loss': 0.0014083280935883523, 'central_global_accuracy': 0.984, 'central_clean_loss': 0.0017462981923890765, 'central_clean_accuracy': 0.9808, 'central_malicious_loss': 0.0017462981923890765, 'central_malicious_accuracy': 0.9808}, 42.81917089999999)
2025-04-15 14:48:09 - INFO - configure_evaluate: strategy sampled 20 clients (out of 20)
2025-04-15 14:48:10 - INFO - aggregate_evaluate: received 20 results and 0 failures
2025-04-15 14:48:10 - INFO - 
2025-04-15 14:48:10 - INFO - [ROUND 7]
2025-04-15 14:48:10 - INFO - configure_fit: strategy sampled 20 clients (out of 20)
2025-04-15 14:48:13 - INFO - aggregate_fit: received 20 results and 0 failures
2025-04-15 14:48:16 - INFO - fit progress: (7, 0.0013724598996341228, {'central_global_loss': 0.0013724598996341228, 'central_global_accuracy': 0.986, 'central_clean_loss': 0.0016465798301956965, 'central_clean_accuracy': 0.9824, 'central_malicious_loss': 0.0016465798301956965, 'central_malicious_accuracy': 0.9824}, 49.36624699999999)
2025-04-15 14:48:16 - INFO - configure_evaluate: strategy sampled 20 clients (out of 20)
2025-04-15 14:48:16 - INFO - aggregate_evaluate: received 20 results and 0 failures
2025-04-15 14:48:16 - INFO - 
2025-04-15 14:48:16 - INFO - [ROUND 8]
2025-04-15 14:48:16 - INFO - configure_fit: strategy sampled 20 clients (out of 20)
2025-04-15 14:48:20 - INFO - aggregate_fit: received 20 results and 0 failures
2025-04-15 14:48:22 - INFO - fit progress: (8, 0.001235645217821002, {'central_global_loss': 0.001235645217821002, 'central_global_accuracy': 0.984, 'central_clean_loss': 0.0014679774204822025, 'central_clean_accuracy': 0.9839, 'central_malicious_loss': 0.0014679774204822025, 'central_malicious_accuracy': 0.9839}, 55.9187287)
2025-04-15 14:48:22 - INFO - configure_evaluate: strategy sampled 20 clients (out of 20)
2025-04-15 14:48:23 - INFO - aggregate_evaluate: received 20 results and 0 failures
2025-04-15 14:48:23 - INFO - 
2025-04-15 14:48:23 - INFO - [ROUND 9]
2025-04-15 14:48:23 - INFO - configure_fit: strategy sampled 20 clients (out of 20)
2025-04-15 14:48:26 - INFO - aggregate_fit: received 20 results and 0 failures
2025-04-15 14:48:29 - INFO - fit progress: (9, 0.0010934122558683157, {'central_global_loss': 0.0010934122558683157, 'central_global_accuracy': 0.986, 'central_clean_loss': 0.001373462842652225, 'central_clean_accuracy': 0.9841, 'central_malicious_loss': 0.001373462842652225, 'central_malicious_accuracy': 0.9841}, 62.4596033)
2025-04-15 14:48:29 - INFO - configure_evaluate: strategy sampled 20 clients (out of 20)
2025-04-15 14:48:29 - INFO - aggregate_evaluate: received 20 results and 0 failures
2025-04-15 14:48:29 - INFO - 
2025-04-15 14:48:29 - INFO - [ROUND 10]
2025-04-15 14:48:29 - INFO - configure_fit: strategy sampled 20 clients (out of 20)
2025-04-15 14:48:33 - INFO - aggregate_fit: received 20 results and 0 failures
2025-04-15 14:48:35 - INFO - fit progress: (10, 0.0009787672022357583, {'central_global_loss': 0.0009787672022357583, 'central_global_accuracy': 0.992, 'central_clean_loss': 0.0012601733290408448, 'central_clean_accuracy': 0.9864, 'central_malicious_loss': 0.0012601733290408448, 'central_malicious_accuracy': 0.9864}, 68.9957378)
2025-04-15 14:48:35 - INFO - configure_evaluate: strategy sampled 20 clients (out of 20)
2025-04-15 14:48:36 - INFO - aggregate_evaluate: received 20 results and 0 failures
2025-04-15 14:48:36 - INFO - 
2025-04-15 14:48:36 - INFO - [ROUND 11]
2025-04-15 14:48:36 - INFO - configure_fit: strategy sampled 20 clients (out of 20)
2025-04-15 14:48:39 - INFO - aggregate_fit: received 20 results and 0 failures
2025-04-15 14:48:42 - INFO - fit progress: (11, 0.0009517574533820152, {'central_global_loss': 0.0009517574533820152, 'central_global_accuracy': 0.988, 'central_clean_loss': 0.0011966555992628854, 'central_clean_accuracy': 0.9868, 'central_malicious_loss': 0.0011966555992628854, 'central_malicious_accuracy': 0.9868}, 75.56377319999999)
2025-04-15 14:48:42 - INFO - configure_evaluate: strategy sampled 20 clients (out of 20)
2025-04-15 14:48:42 - INFO - aggregate_evaluate: received 20 results and 0 failures
2025-04-15 14:48:42 - INFO - 
2025-04-15 14:48:42 - INFO - [ROUND 12]
2025-04-15 14:48:42 - INFO - configure_fit: strategy sampled 20 clients (out of 20)
2025-04-15 14:48:46 - INFO - aggregate_fit: received 20 results and 0 failures
2025-04-15 14:48:48 - INFO - fit progress: (12, 0.0008710838798433542, {'central_global_loss': 0.0008710838798433542, 'central_global_accuracy': 0.99, 'central_clean_loss': 0.0011530246749280196, 'central_clean_accuracy': 0.9878, 'central_malicious_loss': 0.0011530246749280196, 'central_malicious_accuracy': 0.9878}, 82.08455119999999)
2025-04-15 14:48:48 - INFO - configure_evaluate: strategy sampled 20 clients (out of 20)
2025-04-15 14:48:49 - INFO - aggregate_evaluate: received 20 results and 0 failures
2025-04-15 14:48:49 - INFO - 
2025-04-15 14:48:49 - INFO - [ROUND 13]
2025-04-15 14:48:49 - INFO - configure_fit: strategy sampled 20 clients (out of 20)
2025-04-15 14:48:53 - INFO - aggregate_fit: received 20 results and 0 failures
2025-04-15 14:48:55 - INFO - fit progress: (13, 0.0009232396292500198, {'central_global_loss': 0.0009232396292500198, 'central_global_accuracy': 0.99, 'central_clean_loss': 0.00109281883104195, 'central_clean_accuracy': 0.988, 'central_malicious_loss': 0.00109281883104195, 'central_malicious_accuracy': 0.988}, 88.64307979999998)
2025-04-15 14:48:55 - INFO - configure_evaluate: strategy sampled 20 clients (out of 20)
2025-04-15 14:48:55 - INFO - aggregate_evaluate: received 20 results and 0 failures
2025-04-15 14:48:55 - INFO - 
2025-04-15 14:48:55 - INFO - [ROUND 14]
2025-04-15 14:48:55 - INFO - configure_fit: strategy sampled 20 clients (out of 20)
2025-04-15 14:48:59 - INFO - aggregate_fit: received 20 results and 0 failures
2025-04-15 14:49:02 - INFO - fit progress: (14, 0.0008763525569811464, {'central_global_loss': 0.0008763525569811464, 'central_global_accuracy': 0.988, 'central_clean_loss': 0.0010527689196489518, 'central_clean_accuracy': 0.9882, 'central_malicious_loss': 0.0010527689196489518, 'central_malicious_accuracy': 0.9882}, 95.16756989999999)
2025-04-15 14:49:02 - INFO - configure_evaluate: strategy sampled 20 clients (out of 20)
2025-04-15 14:49:02 - INFO - aggregate_evaluate: received 20 results and 0 failures
2025-04-15 14:49:02 - INFO - 
2025-04-15 14:49:02 - INFO - [ROUND 15]
2025-04-15 14:49:02 - INFO - configure_fit: strategy sampled 20 clients (out of 20)
2025-04-15 14:49:06 - INFO - aggregate_fit: received 20 results and 0 failures
2025-04-15 14:49:08 - INFO - fit progress: (15, 0.000795265048276633, {'central_global_loss': 0.000795265048276633, 'central_global_accuracy': 0.99, 'central_clean_loss': 0.0010001810924317397, 'central_clean_accuracy': 0.9893, 'central_malicious_loss': 0.0010001810924317397, 'central_malicious_accuracy': 0.9893}, 101.7001247)
2025-04-15 14:49:08 - INFO - configure_evaluate: strategy sampled 20 clients (out of 20)
2025-04-15 14:49:08 - INFO - aggregate_evaluate: received 20 results and 0 failures
2025-04-15 14:49:08 - INFO - 
2025-04-15 14:49:08 - INFO - [ROUND 16]
2025-04-15 14:49:08 - INFO - configure_fit: strategy sampled 20 clients (out of 20)
2025-04-15 14:49:12 - INFO - aggregate_fit: received 20 results and 0 failures
2025-04-15 14:49:15 - INFO - fit progress: (16, 0.0007921873237937689, {'central_global_loss': 0.0007921873237937689, 'central_global_accuracy': 0.988, 'central_clean_loss': 0.00098859451400931, 'central_clean_accuracy': 0.9894, 'central_malicious_loss': 0.00098859451400931, 'central_malicious_accuracy': 0.9894}, 108.25273390000001)
2025-04-15 14:49:15 - INFO - configure_evaluate: strategy sampled 20 clients (out of 20)
2025-04-15 14:49:15 - INFO - aggregate_evaluate: received 20 results and 0 failures
2025-04-15 14:49:15 - INFO - 
2025-04-15 14:49:15 - INFO - [ROUND 17]
2025-04-15 14:49:15 - INFO - configure_fit: strategy sampled 20 clients (out of 20)
2025-04-15 14:49:19 - INFO - aggregate_fit: received 20 results and 0 failures
2025-04-15 14:49:21 - INFO - fit progress: (17, 0.0007058686497621238, {'central_global_loss': 0.0007058686497621238, 'central_global_accuracy': 0.992, 'central_clean_loss': 0.0009465841949338938, 'central_clean_accuracy': 0.9899, 'central_malicious_loss': 0.0009465841949338938, 'central_malicious_accuracy': 0.9899}, 115.03440259999996)
2025-04-15 14:49:21 - INFO - configure_evaluate: strategy sampled 20 clients (out of 20)
2025-04-15 14:49:22 - INFO - aggregate_evaluate: received 20 results and 0 failures
2025-04-15 14:49:22 - INFO - 
2025-04-15 14:49:22 - INFO - [ROUND 18]
2025-04-15 14:49:22 - INFO - configure_fit: strategy sampled 20 clients (out of 20)
2025-04-15 14:49:26 - INFO - aggregate_fit: received 20 results and 0 failures
2025-04-15 14:49:28 - INFO - fit progress: (18, 0.0006768945795483887, {'central_global_loss': 0.0006768945795483887, 'central_global_accuracy': 0.992, 'central_clean_loss': 0.0009087232670182857, 'central_clean_accuracy': 0.9896, 'central_malicious_loss': 0.0009087232670182857, 'central_malicious_accuracy': 0.9896}, 121.6040059)
2025-04-15 14:49:28 - INFO - configure_evaluate: strategy sampled 20 clients (out of 20)
2025-04-15 14:49:28 - INFO - aggregate_evaluate: received 20 results and 0 failures
2025-04-15 14:49:28 - INFO - 
2025-04-15 14:49:28 - INFO - [ROUND 19]
2025-04-15 14:49:28 - INFO - configure_fit: strategy sampled 20 clients (out of 20)
2025-04-15 14:49:32 - INFO - aggregate_fit: received 20 results and 0 failures
2025-04-15 14:49:35 - INFO - fit progress: (19, 0.0007259259063284844, {'central_global_loss': 0.0007259259063284844, 'central_global_accuracy': 0.994, 'central_clean_loss': 0.0009014750334043128, 'central_clean_accuracy': 0.9897, 'central_malicious_loss': 0.0009014750334043128, 'central_malicious_accuracy': 0.9897}, 128.3772512)
2025-04-15 14:49:35 - INFO - configure_evaluate: strategy sampled 20 clients (out of 20)
2025-04-15 14:49:35 - INFO - aggregate_evaluate: received 20 results and 0 failures
2025-04-15 14:49:35 - INFO - 
2025-04-15 14:49:35 - INFO - [ROUND 20]
2025-04-15 14:49:35 - INFO - configure_fit: strategy sampled 20 clients (out of 20)
2025-04-15 14:49:39 - INFO - aggregate_fit: received 20 results and 0 failures
2025-04-15 14:49:41 - INFO - fit progress: (20, 0.0007000191458500922, {'central_global_loss': 0.0007000191458500922, 'central_global_accuracy': 0.996, 'central_clean_loss': 0.0008698273810707178, 'central_clean_accuracy': 0.9903, 'central_malicious_loss': 0.0008698273810707178, 'central_malicious_accuracy': 0.9903}, 134.93228089999997)
2025-04-15 14:49:41 - INFO - configure_evaluate: strategy sampled 20 clients (out of 20)
2025-04-15 14:49:42 - INFO - aggregate_evaluate: received 20 results and 0 failures
2025-04-15 14:49:42 - INFO - 
2025-04-15 14:49:42 - INFO - [SUMMARY]
2025-04-15 14:49:42 - INFO - Run finished 20 round(s) in 135.34s
2025-04-15 14:49:42 - INFO - 	History (loss, distributed):
2025-04-15 14:49:42 - INFO - 		round 1: 0.929
2025-04-15 14:49:42 - INFO - 		round 2: 0.9607
2025-04-15 14:49:42 - INFO - 		round 3: 0.969
2025-04-15 14:49:42 - INFO - 		round 4: 0.9751
2025-04-15 14:49:42 - INFO - 		round 5: 0.9786
2025-04-15 14:49:42 - INFO - 		round 6: 0.9808
2025-04-15 14:49:42 - INFO - 		round 7: 0.9824
2025-04-15 14:49:42 - INFO - 		round 8: 0.9839
2025-04-15 14:49:42 - INFO - 		round 9: 0.9841
2025-04-15 14:49:42 - INFO - 		round 10: 0.9864
2025-04-15 14:49:42 - INFO - 		round 11: 0.9868
2025-04-15 14:49:42 - INFO - 		round 12: 0.9878
2025-04-15 14:49:42 - INFO - 		round 13: 0.988
2025-04-15 14:49:42 - INFO - 		round 14: 0.9882
2025-04-15 14:49:42 - INFO - 		round 15: 0.9893
2025-04-15 14:49:42 - INFO - 		round 16: 0.9894
2025-04-15 14:49:42 - INFO - 		round 17: 0.9899
2025-04-15 14:49:42 - INFO - 		round 18: 0.9896
2025-04-15 14:49:42 - INFO - 		round 19: 0.9897
2025-04-15 14:49:42 - INFO - 		round 20: 0.9903
2025-04-15 14:49:42 - INFO - 	History (loss, centralized):
2025-04-15 14:49:42 - INFO - 		round 0: 0.0736989574432373
2025-04-15 14:49:42 - INFO - 		round 1: 0.009183822959661483
2025-04-15 14:49:42 - INFO - 		round 2: 0.0040240599289536475
2025-04-15 14:49:42 - INFO - 		round 3: 0.0027325681410729887
2025-04-15 14:49:42 - INFO - 		round 4: 0.0020284283682703973
2025-04-15 14:49:42 - INFO - 		round 5: 0.0016555040813982487
2025-04-15 14:49:42 - INFO - 		round 6: 0.0014083280935883523
2025-04-15 14:49:42 - INFO - 		round 7: 0.0013724598996341228
2025-04-15 14:49:42 - INFO - 		round 8: 0.001235645217821002
2025-04-15 14:49:42 - INFO - 		round 9: 0.0010934122558683157
2025-04-15 14:49:42 - INFO - 		round 10: 0.0009787672022357583
2025-04-15 14:49:42 - INFO - 		round 11: 0.0009517574533820152
2025-04-15 14:49:42 - INFO - 		round 12: 0.0008710838798433542
2025-04-15 14:49:42 - INFO - 		round 13: 0.0009232396292500198
2025-04-15 14:49:42 - INFO - 		round 14: 0.0008763525569811464
2025-04-15 14:49:42 - INFO - 		round 15: 0.000795265048276633
2025-04-15 14:49:42 - INFO - 		round 16: 0.0007921873237937689
2025-04-15 14:49:42 - INFO - 		round 17: 0.0007058686497621238
2025-04-15 14:49:42 - INFO - 		round 18: 0.0006768945795483887
2025-04-15 14:49:42 - INFO - 		round 19: 0.0007259259063284844
2025-04-15 14:49:42 - INFO - 		round 20: 0.0007000191458500922
2025-04-15 14:49:42 - INFO - 	History (metrics, distributed, evaluate):
2025-04-15 14:49:42 - INFO - 	{'accuracy': [(1, 0.929),
2025-04-15 14:49:42 - INFO - 	              (2, 0.9607),
2025-04-15 14:49:42 - INFO - 	              (3, 0.969),
2025-04-15 14:49:42 - INFO - 	              (4, 0.9751),
2025-04-15 14:49:42 - INFO - 	              (5, 0.9786),
2025-04-15 14:49:42 - INFO - 	              (6, 0.9808),
2025-04-15 14:49:42 - INFO - 	              (7, 0.9824),
2025-04-15 14:49:42 - INFO - 	              (8, 0.9839),
2025-04-15 14:49:42 - INFO - 	              (9, 0.9841),
2025-04-15 14:49:42 - INFO - 	              (10, 0.9864),
2025-04-15 14:49:42 - INFO - 	              (11, 0.9868),
2025-04-15 14:49:42 - INFO - 	              (12, 0.9878),
2025-04-15 14:49:42 - INFO - 	              (13, 0.988),
2025-04-15 14:49:42 - INFO - 	              (14, 0.9882),
2025-04-15 14:49:42 - INFO - 	              (15, 0.9893),
2025-04-15 14:49:42 - INFO - 	              (16, 0.9894),
2025-04-15 14:49:42 - INFO - 	              (17, 0.9899),
2025-04-15 14:49:42 - INFO - 	              (18, 0.9896),
2025-04-15 14:49:42 - INFO - 	              (19, 0.9897),
2025-04-15 14:49:42 - INFO - 	              (20, 0.9903)],
2025-04-15 14:49:42 - INFO - 	 'clean_accuracy': [(1, 0.92675),
2025-04-15 14:49:42 - INFO - 	                    (2, 0.957),
2025-04-15 14:49:42 - INFO - 	                    (3, 0.96575),
2025-04-15 14:49:42 - INFO - 	                    (4, 0.972125),
2025-04-15 14:49:42 - INFO - 	                    (5, 0.975875),
2025-04-15 14:49:42 - INFO - 	                    (6, 0.978125),
2025-04-15 14:49:42 - INFO - 	                    (7, 0.98025),
2025-04-15 14:49:42 - INFO - 	                    (8, 0.982125),
2025-04-15 14:49:42 - INFO - 	                    (9, 0.982375),
2025-04-15 14:49:42 - INFO - 	                    (10, 0.984625),
2025-04-15 14:49:42 - INFO - 	                    (11, 0.98525),
2025-04-15 14:49:42 - INFO - 	                    (12, 0.986375),
2025-04-15 14:49:42 - INFO - 	                    (13, 0.98675),
2025-04-15 14:49:42 - INFO - 	                    (14, 0.987),
2025-04-15 14:49:42 - INFO - 	                    (15, 0.98825),
2025-04-15 14:49:42 - INFO - 	                    (16, 0.988375),
2025-04-15 14:49:42 - INFO - 	                    (17, 0.98875),
2025-04-15 14:49:42 - INFO - 	                    (18, 0.988375),
2025-04-15 14:49:42 - INFO - 	                    (19, 0.9885),
2025-04-15 14:49:42 - INFO - 	                    (20, 0.988875)],
2025-04-15 14:49:42 - INFO - 	 'malicious_accuracy': [(1, 0.938),
2025-04-15 14:49:42 - INFO - 	                        (2, 0.9755),
2025-04-15 14:49:42 - INFO - 	                        (3, 0.982),
2025-04-15 14:49:42 - INFO - 	                        (4, 0.987),
2025-04-15 14:49:42 - INFO - 	                        (5, 0.9895),
2025-04-15 14:49:42 - INFO - 	                        (6, 0.9915),
2025-04-15 14:49:42 - INFO - 	                        (7, 0.991),
2025-04-15 14:49:42 - INFO - 	                        (8, 0.991),
2025-04-15 14:49:42 - INFO - 	                        (9, 0.991),
2025-04-15 14:49:42 - INFO - 	                        (10, 0.9935),
2025-04-15 14:49:42 - INFO - 	                        (11, 0.993),
2025-04-15 14:49:42 - INFO - 	                        (12, 0.9935),
2025-04-15 14:49:42 - INFO - 	                        (13, 0.993),
2025-04-15 14:49:42 - INFO - 	                        (14, 0.993),
2025-04-15 14:49:42 - INFO - 	                        (15, 0.9935),
2025-04-15 14:49:42 - INFO - 	                        (16, 0.9935),
2025-04-15 14:49:42 - INFO - 	                        (17, 0.9945),
2025-04-15 14:49:42 - INFO - 	                        (18, 0.9945),
2025-04-15 14:49:42 - INFO - 	                        (19, 0.9945),
2025-04-15 14:49:42 - INFO - 	                        (20, 0.996)]}
2025-04-15 14:49:42 - INFO - 	History (metrics, centralized):
2025-04-15 14:49:42 - INFO - 	{'central_clean_accuracy': [(0, 0.1061),
2025-04-15 14:49:42 - INFO - 	                            (1, 0.929),
2025-04-15 14:49:42 - INFO - 	                            (2, 0.9607),
2025-04-15 14:49:42 - INFO - 	                            (3, 0.969),
2025-04-15 14:49:42 - INFO - 	                            (4, 0.9751),
2025-04-15 14:49:42 - INFO - 	                            (5, 0.9786),
2025-04-15 14:49:42 - INFO - 	                            (6, 0.9808),
2025-04-15 14:49:42 - INFO - 	                            (7, 0.9824),
2025-04-15 14:49:42 - INFO - 	                            (8, 0.9839),
2025-04-15 14:49:42 - INFO - 	                            (9, 0.9841),
2025-04-15 14:49:42 - INFO - 	                            (10, 0.9864),
2025-04-15 14:49:42 - INFO - 	                            (11, 0.9868),
2025-04-15 14:49:42 - INFO - 	                            (12, 0.9878),
2025-04-15 14:49:42 - INFO - 	                            (13, 0.988),
2025-04-15 14:49:42 - INFO - 	                            (14, 0.9882),
2025-04-15 14:49:42 - INFO - 	                            (15, 0.9893),
2025-04-15 14:49:42 - INFO - 	                            (16, 0.9894),
2025-04-15 14:49:42 - INFO - 	                            (17, 0.9899),
2025-04-15 14:49:42 - INFO - 	                            (18, 0.9896),
2025-04-15 14:49:42 - INFO - 	                            (19, 0.9897),
2025-04-15 14:49:42 - INFO - 	                            (20, 0.9903)],
2025-04-15 14:49:42 - INFO - 	 'central_clean_loss': [(0, 0.07192026689052582),
2025-04-15 14:49:42 - INFO - 	                        (1, 0.008494126088917255),
2025-04-15 14:49:42 - INFO - 	                        (2, 0.004084848173800856),
2025-04-15 14:49:42 - INFO - 	                        (3, 0.002983965480315965),
2025-04-15 14:49:42 - INFO - 	                        (4, 0.0024081358902854847),
2025-04-15 14:49:42 - INFO - 	                        (5, 0.00201065945608716),
2025-04-15 14:49:42 - INFO - 	                        (6, 0.0017462981923890765),
2025-04-15 14:49:42 - INFO - 	                        (7, 0.0016465798301956965),
2025-04-15 14:49:42 - INFO - 	                        (8, 0.0014679774204822025),
2025-04-15 14:49:42 - INFO - 	                        (9, 0.001373462842652225),
2025-04-15 14:49:42 - INFO - 	                        (10, 0.0012601733290408448),
2025-04-15 14:49:42 - INFO - 	                        (11, 0.0011966555992628854),
2025-04-15 14:49:42 - INFO - 	                        (12, 0.0011530246749280196),
2025-04-15 14:49:42 - INFO - 	                        (13, 0.00109281883104195),
2025-04-15 14:49:42 - INFO - 	                        (14, 0.0010527689196489518),
2025-04-15 14:49:42 - INFO - 	                        (15, 0.0010001810924317397),
2025-04-15 14:49:42 - INFO - 	                        (16, 0.00098859451400931),
2025-04-15 14:49:42 - INFO - 	                        (17, 0.0009465841949338938),
2025-04-15 14:49:42 - INFO - 	                        (18, 0.0009087232670182857),
2025-04-15 14:49:42 - INFO - 	                        (19, 0.0009014750334043128),
2025-04-15 14:49:42 - INFO - 	                        (20, 0.0008698273810707178)],
2025-04-15 14:49:42 - INFO - 	 'central_global_accuracy': [(0, 0.092),
2025-04-15 14:49:42 - INFO - 	                             (1, 0.92),
2025-04-15 14:49:42 - INFO - 	                             (2, 0.964),
2025-04-15 14:49:42 - INFO - 	                             (3, 0.972),
2025-04-15 14:49:42 - INFO - 	                             (4, 0.982),
2025-04-15 14:49:42 - INFO - 	                             (5, 0.984),
2025-04-15 14:49:42 - INFO - 	                             (6, 0.984),
2025-04-15 14:49:42 - INFO - 	                             (7, 0.986),
2025-04-15 14:49:42 - INFO - 	                             (8, 0.984),
2025-04-15 14:49:42 - INFO - 	                             (9, 0.986),
2025-04-15 14:49:42 - INFO - 	                             (10, 0.992),
2025-04-15 14:49:42 - INFO - 	                             (11, 0.988),
2025-04-15 14:49:42 - INFO - 	                             (12, 0.99),
2025-04-15 14:49:42 - INFO - 	                             (13, 0.99),
2025-04-15 14:49:42 - INFO - 	                             (14, 0.988),
2025-04-15 14:49:42 - INFO - 	                             (15, 0.99),
2025-04-15 14:49:42 - INFO - 	                             (16, 0.988),
2025-04-15 14:49:42 - INFO - 	                             (17, 0.992),
2025-04-15 14:49:42 - INFO - 	                             (18, 0.992),
2025-04-15 14:49:42 - INFO - 	                             (19, 0.994),
2025-04-15 14:49:42 - INFO - 	                             (20, 0.996)],
2025-04-15 14:49:42 - INFO - 	 'central_global_loss': [(0, 0.0736989574432373),
2025-04-15 14:49:42 - INFO - 	                         (1, 0.009183822959661483),
2025-04-15 14:49:42 - INFO - 	                         (2, 0.0040240599289536475),
2025-04-15 14:49:42 - INFO - 	                         (3, 0.0027325681410729887),
2025-04-15 14:49:42 - INFO - 	                         (4, 0.0020284283682703973),
2025-04-15 14:49:42 - INFO - 	                         (5, 0.0016555040813982487),
2025-04-15 14:49:42 - INFO - 	                         (6, 0.0014083280935883523),
2025-04-15 14:49:42 - INFO - 	                         (7, 0.0013724598996341228),
2025-04-15 14:49:42 - INFO - 	                         (8, 0.001235645217821002),
2025-04-15 14:49:42 - INFO - 	                         (9, 0.0010934122558683157),
2025-04-15 14:49:42 - INFO - 	                         (10, 0.0009787672022357583),
2025-04-15 14:49:42 - INFO - 	                         (11, 0.0009517574533820152),
2025-04-15 14:49:42 - INFO - 	                         (12, 0.0008710838798433542),
2025-04-15 14:49:42 - INFO - 	                         (13, 0.0009232396292500198),
2025-04-15 14:49:42 - INFO - 	                         (14, 0.0008763525569811464),
2025-04-15 14:49:42 - INFO - 	                         (15, 0.000795265048276633),
2025-04-15 14:49:42 - INFO - 	                         (16, 0.0007921873237937689),
2025-04-15 14:49:42 - INFO - 	                         (17, 0.0007058686497621238),
2025-04-15 14:49:42 - INFO - 	                         (18, 0.0006768945795483887),
2025-04-15 14:49:42 - INFO - 	                         (19, 0.0007259259063284844),
2025-04-15 14:49:42 - INFO - 	                         (20, 0.0007000191458500922)],
2025-04-15 14:49:42 - INFO - 	 'central_malicious_accuracy': [(0, 0.1061),
2025-04-15 14:49:42 - INFO - 	                                (1, 0.929),
2025-04-15 14:49:42 - INFO - 	                                (2, 0.9607),
2025-04-15 14:49:42 - INFO - 	                                (3, 0.969),
2025-04-15 14:49:42 - INFO - 	                                (4, 0.9751),
2025-04-15 14:49:42 - INFO - 	                                (5, 0.9786),
2025-04-15 14:49:42 - INFO - 	                                (6, 0.9808),
2025-04-15 14:49:42 - INFO - 	                                (7, 0.9824),
2025-04-15 14:49:42 - INFO - 	                                (8, 0.9839),
2025-04-15 14:49:42 - INFO - 	                                (9, 0.9841),
2025-04-15 14:49:42 - INFO - 	                                (10, 0.9864),
2025-04-15 14:49:42 - INFO - 	                                (11, 0.9868),
2025-04-15 14:49:42 - INFO - 	                                (12, 0.9878),
2025-04-15 14:49:42 - INFO - 	                                (13, 0.988),
2025-04-15 14:49:42 - INFO - 	                                (14, 0.9882),
2025-04-15 14:49:42 - INFO - 	                                (15, 0.9893),
2025-04-15 14:49:42 - INFO - 	                                (16, 0.9894),
2025-04-15 14:49:42 - INFO - 	                                (17, 0.9899),
2025-04-15 14:49:42 - INFO - 	                                (18, 0.9896),
2025-04-15 14:49:42 - INFO - 	                                (19, 0.9897),
2025-04-15 14:49:42 - INFO - 	                                (20, 0.9903)],
2025-04-15 14:49:42 - INFO - 	 'central_malicious_loss': [(0, 0.07192026689052582),
2025-04-15 14:49:42 - INFO - 	                            (1, 0.008494126088917255),
2025-04-15 14:49:42 - INFO - 	                            (2, 0.004084848173800856),
2025-04-15 14:49:42 - INFO - 	                            (3, 0.002983965480315965),
2025-04-15 14:49:42 - INFO - 	                            (4, 0.0024081358902854847),
2025-04-15 14:49:42 - INFO - 	                            (5, 0.00201065945608716),
2025-04-15 14:49:42 - INFO - 	                            (6, 0.0017462981923890765),
2025-04-15 14:49:42 - INFO - 	                            (7, 0.0016465798301956965),
2025-04-15 14:49:42 - INFO - 	                            (8, 0.0014679774204822025),
2025-04-15 14:49:42 - INFO - 	                            (9, 0.001373462842652225),
2025-04-15 14:49:42 - INFO - 	                            (10, 0.0012601733290408448),
2025-04-15 14:49:42 - INFO - 	                            (11, 0.0011966555992628854),
2025-04-15 14:49:42 - INFO - 	                            (12, 0.0011530246749280196),
2025-04-15 14:49:42 - INFO - 	                            (13, 0.00109281883104195),
2025-04-15 14:49:42 - INFO - 	                            (14, 0.0010527689196489518),
2025-04-15 14:49:42 - INFO - 	                            (15, 0.0010001810924317397),
2025-04-15 14:49:42 - INFO - 	                            (16, 0.00098859451400931),
2025-04-15 14:49:42 - INFO - 	                            (17, 0.0009465841949338938),
2025-04-15 14:49:42 - INFO - 	                            (18, 0.0009087232670182857),
2025-04-15 14:49:42 - INFO - 	                            (19, 0.0009014750334043128),
2025-04-15 14:49:42 - INFO - 	                            (20, 0.0008698273810707178)]}
2025-04-15 14:49:42 - INFO - 
2025-04-15 14:49:43 - INFO - Starting Federated Learning Simulation: dataset type: iid, dataset name: mnist, strategy: FedAvg(accept_failures=True), rounds: 20, clients: 20
2025-04-15 14:49:43 - WARNING - DEPRECATED FEATURE: flwr.simulation.start_simulation() is deprecated.
	Instead, use the `flwr run` CLI command to start a local simulation in your Flower app, as shown for example below:

		$ flwr new  # Create a new Flower app from a template

		$ flwr run  # Run the Flower app in Simulation Mode

	Using `start_simulation()` is deprecated.

            This is a deprecated feature. It will be removed
            entirely in future versions of Flower.
        
2025-04-15 14:49:43 - INFO - Starting Flower simulation, config: num_rounds=20, no round_timeout
2025-04-15 14:49:46 - INFO - Flower VCE: Ray initialized with resources: {'accelerator_type:G': 1.0, 'node:__internal_head__': 1.0, 'CPU': 24.0, 'memory': 12542019995.0, 'node:127.0.0.1': 1.0, 'object_store_memory': 6271009996.0, 'GPU': 1.0}
2025-04-15 14:49:46 - INFO - Optimize your simulation with Flower VCE: https://flower.ai/docs/framework/how-to-run-simulations.html
2025-04-15 14:49:46 - INFO - No `client_resources` specified. Using minimal resources for clients.
2025-04-15 14:49:46 - INFO - Flower VCE: Resources for each Virtual Client: {'num_cpus': 1, 'num_gpus': 0.0}
2025-04-15 14:49:46 - INFO - Flower VCE: Creating VirtualClientEngineActorPool with 24 actors
2025-04-15 14:49:46 - INFO - [INIT]
2025-04-15 14:49:46 - INFO - Requesting initial parameters from one random client
2025-04-15 14:49:49 - INFO - Received initial parameters from one random client
2025-04-15 14:49:49 - INFO - Starting evaluation of initial global parameters
2025-04-15 14:49:51 - INFO - initial parameters (loss, other metrics): 0.0738288722038269, {'central_global_loss': 0.0738288722038269, 'central_global_accuracy': 0.056, 'central_clean_loss': 0.07230108406543732, 'central_clean_accuracy': 0.046, 'central_malicious_loss': 0.07230108406543732, 'central_malicious_accuracy': 0.046}
2025-04-15 14:49:51 - INFO - 
2025-04-15 14:49:51 - INFO - [ROUND 1]
2025-04-15 14:49:51 - INFO - configure_fit: strategy sampled 20 clients (out of 20)
2025-04-15 14:49:59 - INFO - aggregate_fit: received 20 results and 0 failures
2025-04-15 14:49:59 - WARNING - No fit_metrics_aggregation_fn provided
2025-04-15 14:50:01 - INFO - fit progress: (1, 0.023030821621418, {'central_global_loss': 0.023030821621418, 'central_global_accuracy': 0.766, 'central_clean_loss': 0.02302241002470255, 'central_clean_accuracy': 0.7587, 'central_malicious_loss': 0.02302241002470255, 'central_malicious_accuracy': 0.7587}, 9.828489399999967)
2025-04-15 14:50:01 - INFO - configure_evaluate: strategy sampled 20 clients (out of 20)
2025-04-15 14:50:02 - INFO - aggregate_evaluate: received 20 results and 0 failures
2025-04-15 14:50:02 - INFO - 
2025-04-15 14:50:02 - INFO - [ROUND 2]
2025-04-15 14:50:02 - INFO - configure_fit: strategy sampled 20 clients (out of 20)
2025-04-15 14:50:05 - INFO - aggregate_fit: received 20 results and 0 failures
2025-04-15 14:50:08 - INFO - fit progress: (2, 0.009580936342477798, {'central_global_loss': 0.009580936342477798, 'central_global_accuracy': 0.91, 'central_clean_loss': 0.01076847743038088, 'central_clean_accuracy': 0.8887, 'central_malicious_loss': 0.01076847743038088, 'central_malicious_accuracy': 0.8887}, 16.49144339999998)
2025-04-15 14:50:08 - INFO - configure_evaluate: strategy sampled 20 clients (out of 20)
2025-04-15 14:50:08 - INFO - aggregate_evaluate: received 20 results and 0 failures
2025-04-15 14:50:08 - INFO - 
2025-04-15 14:50:08 - INFO - [ROUND 3]
2025-04-15 14:50:08 - INFO - configure_fit: strategy sampled 20 clients (out of 20)
2025-04-15 14:50:12 - INFO - aggregate_fit: received 20 results and 0 failures
2025-04-15 14:50:14 - INFO - fit progress: (3, 0.014394239783287048, {'central_global_loss': 0.014394239783287048, 'central_global_accuracy': 0.856, 'central_clean_loss': 0.015511688144505023, 'central_clean_accuracy': 0.8362, 'central_malicious_loss': 0.015511688144505023, 'central_malicious_accuracy': 0.8362}, 23.06391339999999)
2025-04-15 14:50:14 - INFO - configure_evaluate: strategy sampled 20 clients (out of 20)
2025-04-15 14:50:15 - INFO - aggregate_evaluate: received 20 results and 0 failures
2025-04-15 14:50:15 - INFO - 
2025-04-15 14:50:15 - INFO - [ROUND 4]
2025-04-15 14:50:15 - INFO - configure_fit: strategy sampled 20 clients (out of 20)
2025-04-15 14:50:19 - INFO - aggregate_fit: received 20 results and 0 failures
2025-04-15 14:50:21 - INFO - fit progress: (4, 0.005336975343525409, {'central_global_loss': 0.005336975343525409, 'central_global_accuracy': 0.948, 'central_clean_loss': 0.006570741021633148, 'central_clean_accuracy': 0.9343, 'central_malicious_loss': 0.006570741021633148, 'central_malicious_accuracy': 0.9343}, 29.595733699999982)
2025-04-15 14:50:21 - INFO - configure_evaluate: strategy sampled 20 clients (out of 20)
2025-04-15 14:50:21 - INFO - aggregate_evaluate: received 20 results and 0 failures
2025-04-15 14:50:21 - INFO - 
2025-04-15 14:50:21 - INFO - [ROUND 5]
2025-04-15 14:50:21 - INFO - configure_fit: strategy sampled 20 clients (out of 20)
2025-04-15 14:50:25 - INFO - aggregate_fit: received 20 results and 0 failures
2025-04-15 14:50:28 - INFO - fit progress: (5, 0.00727186968922615, {'central_global_loss': 0.00727186968922615, 'central_global_accuracy': 0.928, 'central_clean_loss': 0.008122658834373579, 'central_clean_accuracy': 0.9205, 'central_malicious_loss': 0.008122658834373579, 'central_malicious_accuracy': 0.9205}, 36.15327289999999)
2025-04-15 14:50:28 - INFO - configure_evaluate: strategy sampled 20 clients (out of 20)
2025-04-15 14:50:28 - INFO - aggregate_evaluate: received 20 results and 0 failures
2025-04-15 14:50:28 - INFO - 
2025-04-15 14:50:28 - INFO - [ROUND 6]
2025-04-15 14:50:28 - INFO - configure_fit: strategy sampled 20 clients (out of 20)
2025-04-15 14:50:32 - INFO - aggregate_fit: received 20 results and 0 failures
2025-04-15 14:50:34 - INFO - fit progress: (6, 0.007550351046025753, {'central_global_loss': 0.007550351046025753, 'central_global_accuracy': 0.926, 'central_clean_loss': 0.007705086622270756, 'central_clean_accuracy': 0.9234, 'central_malicious_loss': 0.007705086622270756, 'central_malicious_accuracy': 0.9234}, 42.68208870000001)
2025-04-15 14:50:34 - INFO - configure_evaluate: strategy sampled 20 clients (out of 20)
2025-04-15 14:50:34 - INFO - aggregate_evaluate: received 20 results and 0 failures
2025-04-15 14:50:34 - INFO - 
2025-04-15 14:50:34 - INFO - [ROUND 7]
2025-04-15 14:50:34 - INFO - configure_fit: strategy sampled 20 clients (out of 20)
2025-04-15 14:50:38 - INFO - aggregate_fit: received 20 results and 0 failures
2025-04-15 14:50:41 - INFO - fit progress: (7, 0.005564121253788471, {'central_global_loss': 0.005564121253788471, 'central_global_accuracy': 0.94, 'central_clean_loss': 0.005433162271650508, 'central_clean_accuracy': 0.9436, 'central_malicious_loss': 0.005433162271650508, 'central_malicious_accuracy': 0.9436}, 49.2246265)
2025-04-15 14:50:41 - INFO - configure_evaluate: strategy sampled 20 clients (out of 20)
2025-04-15 14:50:41 - INFO - aggregate_evaluate: received 20 results and 0 failures
2025-04-15 14:50:41 - INFO - 
2025-04-15 14:50:41 - INFO - [ROUND 8]
2025-04-15 14:50:41 - INFO - configure_fit: strategy sampled 20 clients (out of 20)
2025-04-15 14:50:45 - INFO - aggregate_fit: received 20 results and 0 failures
2025-04-15 14:50:47 - INFO - fit progress: (8, 0.005904034674167633, {'central_global_loss': 0.005904034674167633, 'central_global_accuracy': 0.94, 'central_clean_loss': 0.005548016506177373, 'central_clean_accuracy': 0.9467, 'central_malicious_loss': 0.005548016506177373, 'central_malicious_accuracy': 0.9467}, 55.724365699999964)
2025-04-15 14:50:47 - INFO - configure_evaluate: strategy sampled 20 clients (out of 20)
2025-04-15 14:50:48 - INFO - aggregate_evaluate: received 20 results and 0 failures
2025-04-15 14:50:48 - INFO - 
2025-04-15 14:50:48 - INFO - [ROUND 9]
2025-04-15 14:50:48 - INFO - configure_fit: strategy sampled 20 clients (out of 20)
2025-04-15 14:50:51 - INFO - aggregate_fit: received 20 results and 0 failures
2025-04-15 14:50:54 - INFO - fit progress: (9, 0.006195842925459147, {'central_global_loss': 0.006195842925459147, 'central_global_accuracy': 0.946, 'central_clean_loss': 0.0050459178198012525, 'central_clean_accuracy': 0.951, 'central_malicious_loss': 0.0050459178198012525, 'central_malicious_accuracy': 0.951}, 62.47538449999996)
2025-04-15 14:50:54 - INFO - configure_evaluate: strategy sampled 20 clients (out of 20)
2025-04-15 14:50:54 - INFO - aggregate_evaluate: received 20 results and 0 failures
2025-04-15 14:50:54 - INFO - 
2025-04-15 14:50:54 - INFO - [ROUND 10]
2025-04-15 14:50:54 - INFO - configure_fit: strategy sampled 20 clients (out of 20)
2025-04-15 14:50:58 - INFO - aggregate_fit: received 20 results and 0 failures
2025-04-15 14:51:00 - INFO - fit progress: (10, 0.0073827474489808085, {'central_global_loss': 0.0073827474489808085, 'central_global_accuracy': 0.916, 'central_clean_loss': 0.00661615711338236, 'central_clean_accuracy': 0.937, 'central_malicious_loss': 0.00661615711338236, 'central_malicious_accuracy': 0.937}, 68.98913440000001)
2025-04-15 14:51:00 - INFO - configure_evaluate: strategy sampled 20 clients (out of 20)
2025-04-15 14:51:01 - INFO - aggregate_evaluate: received 20 results and 0 failures
2025-04-15 14:51:01 - INFO - 
2025-04-15 14:51:01 - INFO - [ROUND 11]
2025-04-15 14:51:01 - INFO - configure_fit: strategy sampled 20 clients (out of 20)
2025-04-15 14:51:04 - INFO - aggregate_fit: received 20 results and 0 failures
2025-04-15 14:51:07 - INFO - fit progress: (11, 0.005326793722808361, {'central_global_loss': 0.005326793722808361, 'central_global_accuracy': 0.95, 'central_clean_loss': 0.0050196487266308395, 'central_clean_accuracy': 0.9531, 'central_malicious_loss': 0.0050196487266308395, 'central_malicious_accuracy': 0.9531}, 75.4677395)
2025-04-15 14:51:07 - INFO - configure_evaluate: strategy sampled 20 clients (out of 20)
2025-04-15 14:51:07 - INFO - aggregate_evaluate: received 20 results and 0 failures
2025-04-15 14:51:07 - INFO - 
2025-04-15 14:51:07 - INFO - [ROUND 12]
2025-04-15 14:51:07 - INFO - configure_fit: strategy sampled 20 clients (out of 20)
2025-04-15 14:51:11 - INFO - aggregate_fit: received 20 results and 0 failures
2025-04-15 14:51:13 - INFO - fit progress: (12, 0.005990877442061901, {'central_global_loss': 0.005990877442061901, 'central_global_accuracy': 0.944, 'central_clean_loss': 0.006822558066276543, 'central_clean_accuracy': 0.9347, 'central_malicious_loss': 0.006822558066276543, 'central_malicious_accuracy': 0.9347}, 81.93626)
2025-04-15 14:51:13 - INFO - configure_evaluate: strategy sampled 20 clients (out of 20)
2025-04-15 14:51:14 - INFO - aggregate_evaluate: received 20 results and 0 failures
2025-04-15 14:51:14 - INFO - 
2025-04-15 14:51:14 - INFO - [ROUND 13]
2025-04-15 14:51:14 - INFO - configure_fit: strategy sampled 20 clients (out of 20)
2025-04-15 14:51:17 - INFO - aggregate_fit: received 20 results and 0 failures
2025-04-15 14:51:20 - INFO - fit progress: (13, 0.0069636102020740505, {'central_global_loss': 0.0069636102020740505, 'central_global_accuracy': 0.938, 'central_clean_loss': 0.0066386487788928205, 'central_clean_accuracy': 0.941, 'central_malicious_loss': 0.0066386487788928205, 'central_malicious_accuracy': 0.941}, 88.45325700000001)
2025-04-15 14:51:20 - INFO - configure_evaluate: strategy sampled 20 clients (out of 20)
2025-04-15 14:51:20 - INFO - aggregate_evaluate: received 20 results and 0 failures
2025-04-15 14:51:20 - INFO - 
2025-04-15 14:51:20 - INFO - [ROUND 14]
2025-04-15 14:51:20 - INFO - configure_fit: strategy sampled 20 clients (out of 20)
2025-04-15 14:51:24 - INFO - aggregate_fit: received 20 results and 0 failures
2025-04-15 14:51:27 - INFO - fit progress: (14, 0.004921201222576201, {'central_global_loss': 0.004921201222576201, 'central_global_accuracy': 0.954, 'central_clean_loss': 0.005704044023057213, 'central_clean_accuracy': 0.9462, 'central_malicious_loss': 0.005704044023057213, 'central_malicious_accuracy': 0.9462}, 95.15414219999997)
2025-04-15 14:51:27 - INFO - configure_evaluate: strategy sampled 20 clients (out of 20)
2025-04-15 14:51:27 - INFO - aggregate_evaluate: received 20 results and 0 failures
2025-04-15 14:51:27 - INFO - 
2025-04-15 14:51:27 - INFO - [ROUND 15]
2025-04-15 14:51:27 - INFO - configure_fit: strategy sampled 20 clients (out of 20)
2025-04-15 14:51:31 - INFO - aggregate_fit: received 20 results and 0 failures
2025-04-15 14:51:33 - INFO - fit progress: (15, 0.0055524008497595785, {'central_global_loss': 0.0055524008497595785, 'central_global_accuracy': 0.94, 'central_clean_loss': 0.00615761536390637, 'central_clean_accuracy': 0.9458, 'central_malicious_loss': 0.00615761536390637, 'central_malicious_accuracy': 0.9458}, 101.67229729999997)
2025-04-15 14:51:33 - INFO - configure_evaluate: strategy sampled 20 clients (out of 20)
2025-04-15 14:51:33 - INFO - aggregate_evaluate: received 20 results and 0 failures
2025-04-15 14:51:33 - INFO - 
2025-04-15 14:51:33 - INFO - [ROUND 16]
2025-04-15 14:51:33 - INFO - configure_fit: strategy sampled 20 clients (out of 20)
2025-04-15 14:51:37 - INFO - aggregate_fit: received 20 results and 0 failures
2025-04-15 14:51:40 - INFO - fit progress: (16, 0.0044193327538669105, {'central_global_loss': 0.0044193327538669105, 'central_global_accuracy': 0.966, 'central_clean_loss': 0.005053299203360803, 'central_clean_accuracy': 0.9549, 'central_malicious_loss': 0.005053299203360803, 'central_malicious_accuracy': 0.9549}, 108.13796070000001)
2025-04-15 14:51:40 - INFO - configure_evaluate: strategy sampled 20 clients (out of 20)
2025-04-15 14:51:40 - INFO - aggregate_evaluate: received 20 results and 0 failures
2025-04-15 14:51:40 - INFO - 
2025-04-15 14:51:40 - INFO - [ROUND 17]
2025-04-15 14:51:40 - INFO - configure_fit: strategy sampled 20 clients (out of 20)
2025-04-15 14:51:44 - INFO - aggregate_fit: received 20 results and 0 failures
2025-04-15 14:51:46 - INFO - fit progress: (17, 0.0054703644812107086, {'central_global_loss': 0.0054703644812107086, 'central_global_accuracy': 0.948, 'central_clean_loss': 0.004800094390960294, 'central_clean_accuracy': 0.9589, 'central_malicious_loss': 0.004800094390960294, 'central_malicious_accuracy': 0.9589}, 114.63164469999998)
2025-04-15 14:51:46 - INFO - configure_evaluate: strategy sampled 20 clients (out of 20)
2025-04-15 14:51:46 - INFO - aggregate_evaluate: received 20 results and 0 failures
2025-04-15 14:51:46 - INFO - 
2025-04-15 14:51:46 - INFO - [ROUND 18]
2025-04-15 14:51:46 - INFO - configure_fit: strategy sampled 20 clients (out of 20)
2025-04-15 14:51:50 - INFO - aggregate_fit: received 20 results and 0 failures
2025-04-15 14:51:53 - INFO - fit progress: (18, 0.005166423470713198, {'central_global_loss': 0.005166423470713198, 'central_global_accuracy': 0.956, 'central_clean_loss': 0.004918295460427544, 'central_clean_accuracy': 0.9589, 'central_malicious_loss': 0.004918295460427544, 'central_malicious_accuracy': 0.9589}, 121.1152935)
2025-04-15 14:51:53 - INFO - configure_evaluate: strategy sampled 20 clients (out of 20)
2025-04-15 14:51:53 - INFO - aggregate_evaluate: received 20 results and 0 failures
2025-04-15 14:51:53 - INFO - 
2025-04-15 14:51:53 - INFO - [ROUND 19]
2025-04-15 14:51:53 - INFO - configure_fit: strategy sampled 20 clients (out of 20)
2025-04-15 14:51:57 - INFO - aggregate_fit: received 20 results and 0 failures
2025-04-15 14:51:59 - INFO - fit progress: (19, 0.007605971869081259, {'central_global_loss': 0.007605971869081259, 'central_global_accuracy': 0.942, 'central_clean_loss': 0.006256374877308553, 'central_clean_accuracy': 0.9488, 'central_malicious_loss': 0.006256374877308553, 'central_malicious_accuracy': 0.9488}, 127.57499029999997)
2025-04-15 14:51:59 - INFO - configure_evaluate: strategy sampled 20 clients (out of 20)
2025-04-15 14:51:59 - INFO - aggregate_evaluate: received 20 results and 0 failures
2025-04-15 14:51:59 - INFO - 
2025-04-15 14:51:59 - INFO - [ROUND 20]
2025-04-15 14:51:59 - INFO - configure_fit: strategy sampled 20 clients (out of 20)
2025-04-15 14:52:03 - INFO - aggregate_fit: received 20 results and 0 failures
2025-04-15 14:52:06 - INFO - fit progress: (20, 0.004881796661764384, {'central_global_loss': 0.004881796661764384, 'central_global_accuracy': 0.95, 'central_clean_loss': 0.00481898011180092, 'central_clean_accuracy': 0.9578, 'central_malicious_loss': 0.00481898011180092, 'central_malicious_accuracy': 0.9578}, 134.1145628)
2025-04-15 14:52:06 - INFO - configure_evaluate: strategy sampled 20 clients (out of 20)
2025-04-15 14:52:06 - INFO - aggregate_evaluate: received 20 results and 0 failures
2025-04-15 14:52:06 - INFO - 
2025-04-15 14:52:06 - INFO - [SUMMARY]
2025-04-15 14:52:06 - INFO - Run finished 20 round(s) in 134.51s
2025-04-15 14:52:06 - INFO - 	History (loss, distributed):
2025-04-15 14:52:06 - INFO - 		round 1: 0.7587
2025-04-15 14:52:06 - INFO - 		round 2: 0.8887
2025-04-15 14:52:06 - INFO - 		round 3: 0.8362
2025-04-15 14:52:06 - INFO - 		round 4: 0.9343
2025-04-15 14:52:06 - INFO - 		round 5: 0.9205
2025-04-15 14:52:06 - INFO - 		round 6: 0.9234
2025-04-15 14:52:06 - INFO - 		round 7: 0.9436
2025-04-15 14:52:06 - INFO - 		round 8: 0.9467
2025-04-15 14:52:06 - INFO - 		round 9: 0.951
2025-04-15 14:52:06 - INFO - 		round 10: 0.937
2025-04-15 14:52:06 - INFO - 		round 11: 0.9531
2025-04-15 14:52:06 - INFO - 		round 12: 0.9347
2025-04-15 14:52:06 - INFO - 		round 13: 0.941
2025-04-15 14:52:06 - INFO - 		round 14: 0.9462
2025-04-15 14:52:06 - INFO - 		round 15: 0.9458
2025-04-15 14:52:06 - INFO - 		round 16: 0.9549
2025-04-15 14:52:06 - INFO - 		round 17: 0.9589
2025-04-15 14:52:06 - INFO - 		round 18: 0.9589
2025-04-15 14:52:06 - INFO - 		round 19: 0.9488
2025-04-15 14:52:06 - INFO - 		round 20: 0.9578
2025-04-15 14:52:06 - INFO - 	History (loss, centralized):
2025-04-15 14:52:06 - INFO - 		round 0: 0.0738288722038269
2025-04-15 14:52:06 - INFO - 		round 1: 0.023030821621418
2025-04-15 14:52:06 - INFO - 		round 2: 0.009580936342477798
2025-04-15 14:52:06 - INFO - 		round 3: 0.014394239783287048
2025-04-15 14:52:06 - INFO - 		round 4: 0.005336975343525409
2025-04-15 14:52:06 - INFO - 		round 5: 0.00727186968922615
2025-04-15 14:52:06 - INFO - 		round 6: 0.007550351046025753
2025-04-15 14:52:06 - INFO - 		round 7: 0.005564121253788471
2025-04-15 14:52:06 - INFO - 		round 8: 0.005904034674167633
2025-04-15 14:52:06 - INFO - 		round 9: 0.006195842925459147
2025-04-15 14:52:06 - INFO - 		round 10: 0.0073827474489808085
2025-04-15 14:52:06 - INFO - 		round 11: 0.005326793722808361
2025-04-15 14:52:06 - INFO - 		round 12: 0.005990877442061901
2025-04-15 14:52:06 - INFO - 		round 13: 0.0069636102020740505
2025-04-15 14:52:06 - INFO - 		round 14: 0.004921201222576201
2025-04-15 14:52:06 - INFO - 		round 15: 0.0055524008497595785
2025-04-15 14:52:06 - INFO - 		round 16: 0.0044193327538669105
2025-04-15 14:52:06 - INFO - 		round 17: 0.0054703644812107086
2025-04-15 14:52:06 - INFO - 		round 18: 0.005166423470713198
2025-04-15 14:52:06 - INFO - 		round 19: 0.007605971869081259
2025-04-15 14:52:06 - INFO - 		round 20: 0.004881796661764384
2025-04-15 14:52:06 - INFO - 	History (metrics, distributed, evaluate):
2025-04-15 14:52:06 - INFO - 	{'accuracy': [(1, 0.7587),
2025-04-15 14:52:06 - INFO - 	              (2, 0.8887),
2025-04-15 14:52:06 - INFO - 	              (3, 0.8362),
2025-04-15 14:52:06 - INFO - 	              (4, 0.9343),
2025-04-15 14:52:06 - INFO - 	              (5, 0.9205),
2025-04-15 14:52:06 - INFO - 	              (6, 0.9234),
2025-04-15 14:52:06 - INFO - 	              (7, 0.9436),
2025-04-15 14:52:06 - INFO - 	              (8, 0.9467),
2025-04-15 14:52:06 - INFO - 	              (9, 0.951),
2025-04-15 14:52:06 - INFO - 	              (10, 0.937),
2025-04-15 14:52:06 - INFO - 	              (11, 0.9531),
2025-04-15 14:52:06 - INFO - 	              (12, 0.9347),
2025-04-15 14:52:06 - INFO - 	              (13, 0.941),
2025-04-15 14:52:06 - INFO - 	              (14, 0.9462),
2025-04-15 14:52:06 - INFO - 	              (15, 0.9458),
2025-04-15 14:52:06 - INFO - 	              (16, 0.9549),
2025-04-15 14:52:06 - INFO - 	              (17, 0.9589),
2025-04-15 14:52:06 - INFO - 	              (18, 0.9589),
2025-04-15 14:52:06 - INFO - 	              (19, 0.9488),
2025-04-15 14:52:06 - INFO - 	              (20, 0.9578)],
2025-04-15 14:52:06 - INFO - 	 'clean_accuracy': [(1, 0.754875),
2025-04-15 14:52:06 - INFO - 	                    (2, 0.884375),
2025-04-15 14:52:06 - INFO - 	                    (3, 0.832375),
2025-04-15 14:52:06 - INFO - 	                    (4, 0.931875),
2025-04-15 14:52:06 - INFO - 	                    (5, 0.917625),
2025-04-15 14:52:06 - INFO - 	                    (6, 0.920875),
2025-04-15 14:52:06 - INFO - 	                    (7, 0.940375),
2025-04-15 14:52:06 - INFO - 	                    (8, 0.943625),
2025-04-15 14:52:06 - INFO - 	                    (9, 0.949),
2025-04-15 14:52:06 - INFO - 	                    (10, 0.936),
2025-04-15 14:52:06 - INFO - 	                    (11, 0.951375),
2025-04-15 14:52:06 - INFO - 	                    (12, 0.92975),
2025-04-15 14:52:06 - INFO - 	                    (13, 0.937625),
2025-04-15 14:52:06 - INFO - 	                    (14, 0.943),
2025-04-15 14:52:06 - INFO - 	                    (15, 0.944),
2025-04-15 14:52:06 - INFO - 	                    (16, 0.9525),
2025-04-15 14:52:06 - INFO - 	                    (17, 0.9575),
2025-04-15 14:52:06 - INFO - 	                    (18, 0.9575),
2025-04-15 14:52:06 - INFO - 	                    (19, 0.946625),
2025-04-15 14:52:06 - INFO - 	                    (20, 0.956625)],
2025-04-15 14:52:06 - INFO - 	 'malicious_accuracy': [(1, 0.774),
2025-04-15 14:52:06 - INFO - 	                        (2, 0.906),
2025-04-15 14:52:06 - INFO - 	                        (3, 0.8515),
2025-04-15 14:52:06 - INFO - 	                        (4, 0.944),
2025-04-15 14:52:06 - INFO - 	                        (5, 0.932),
2025-04-15 14:52:06 - INFO - 	                        (6, 0.9335),
2025-04-15 14:52:06 - INFO - 	                        (7, 0.9565),
2025-04-15 14:52:06 - INFO - 	                        (8, 0.959),
2025-04-15 14:52:06 - INFO - 	                        (9, 0.959),
2025-04-15 14:52:06 - INFO - 	                        (10, 0.941),
2025-04-15 14:52:06 - INFO - 	                        (11, 0.96),
2025-04-15 14:52:06 - INFO - 	                        (12, 0.9545),
2025-04-15 14:52:06 - INFO - 	                        (13, 0.9545),
2025-04-15 14:52:06 - INFO - 	                        (14, 0.959),
2025-04-15 14:52:06 - INFO - 	                        (15, 0.953),
2025-04-15 14:52:06 - INFO - 	                        (16, 0.9645),
2025-04-15 14:52:06 - INFO - 	                        (17, 0.9645),
2025-04-15 14:52:06 - INFO - 	                        (18, 0.9645),
2025-04-15 14:52:06 - INFO - 	                        (19, 0.9575),
2025-04-15 14:52:06 - INFO - 	                        (20, 0.9625)]}
2025-04-15 14:52:06 - INFO - 	History (metrics, centralized):
2025-04-15 14:52:06 - INFO - 	{'central_clean_accuracy': [(0, 0.046),
2025-04-15 14:52:06 - INFO - 	                            (1, 0.7587),
2025-04-15 14:52:06 - INFO - 	                            (2, 0.8887),
2025-04-15 14:52:06 - INFO - 	                            (3, 0.8362),
2025-04-15 14:52:06 - INFO - 	                            (4, 0.9343),
2025-04-15 14:52:06 - INFO - 	                            (5, 0.9205),
2025-04-15 14:52:06 - INFO - 	                            (6, 0.9234),
2025-04-15 14:52:06 - INFO - 	                            (7, 0.9436),
2025-04-15 14:52:06 - INFO - 	                            (8, 0.9467),
2025-04-15 14:52:06 - INFO - 	                            (9, 0.951),
2025-04-15 14:52:06 - INFO - 	                            (10, 0.937),
2025-04-15 14:52:06 - INFO - 	                            (11, 0.9531),
2025-04-15 14:52:06 - INFO - 	                            (12, 0.9347),
2025-04-15 14:52:06 - INFO - 	                            (13, 0.941),
2025-04-15 14:52:06 - INFO - 	                            (14, 0.9462),
2025-04-15 14:52:06 - INFO - 	                            (15, 0.9458),
2025-04-15 14:52:06 - INFO - 	                            (16, 0.9549),
2025-04-15 14:52:06 - INFO - 	                            (17, 0.9589),
2025-04-15 14:52:06 - INFO - 	                            (18, 0.9589),
2025-04-15 14:52:06 - INFO - 	                            (19, 0.9488),
2025-04-15 14:52:06 - INFO - 	                            (20, 0.9578)],
2025-04-15 14:52:06 - INFO - 	 'central_clean_loss': [(0, 0.07230108406543732),
2025-04-15 14:52:06 - INFO - 	                        (1, 0.02302241002470255),
2025-04-15 14:52:06 - INFO - 	                        (2, 0.01076847743038088),
2025-04-15 14:52:06 - INFO - 	                        (3, 0.015511688144505023),
2025-04-15 14:52:06 - INFO - 	                        (4, 0.006570741021633148),
2025-04-15 14:52:06 - INFO - 	                        (5, 0.008122658834373579),
2025-04-15 14:52:06 - INFO - 	                        (6, 0.007705086622270756),
2025-04-15 14:52:06 - INFO - 	                        (7, 0.005433162271650508),
2025-04-15 14:52:06 - INFO - 	                        (8, 0.005548016506177373),
2025-04-15 14:52:06 - INFO - 	                        (9, 0.0050459178198012525),
2025-04-15 14:52:06 - INFO - 	                        (10, 0.00661615711338236),
2025-04-15 14:52:06 - INFO - 	                        (11, 0.0050196487266308395),
2025-04-15 14:52:06 - INFO - 	                        (12, 0.006822558066276543),
2025-04-15 14:52:06 - INFO - 	                        (13, 0.0066386487788928205),
2025-04-15 14:52:06 - INFO - 	                        (14, 0.005704044023057213),
2025-04-15 14:52:06 - INFO - 	                        (15, 0.00615761536390637),
2025-04-15 14:52:06 - INFO - 	                        (16, 0.005053299203360803),
2025-04-15 14:52:06 - INFO - 	                        (17, 0.004800094390960294),
2025-04-15 14:52:06 - INFO - 	                        (18, 0.004918295460427544),
2025-04-15 14:52:06 - INFO - 	                        (19, 0.006256374877308553),
2025-04-15 14:52:06 - INFO - 	                        (20, 0.00481898011180092)],
2025-04-15 14:52:06 - INFO - 	 'central_global_accuracy': [(0, 0.056),
2025-04-15 14:52:06 - INFO - 	                             (1, 0.766),
2025-04-15 14:52:06 - INFO - 	                             (2, 0.91),
2025-04-15 14:52:06 - INFO - 	                             (3, 0.856),
2025-04-15 14:52:06 - INFO - 	                             (4, 0.948),
2025-04-15 14:52:06 - INFO - 	                             (5, 0.928),
2025-04-15 14:52:06 - INFO - 	                             (6, 0.926),
2025-04-15 14:52:06 - INFO - 	                             (7, 0.94),
2025-04-15 14:52:06 - INFO - 	                             (8, 0.94),
2025-04-15 14:52:06 - INFO - 	                             (9, 0.946),
2025-04-15 14:52:06 - INFO - 	                             (10, 0.916),
2025-04-15 14:52:06 - INFO - 	                             (11, 0.95),
2025-04-15 14:52:06 - INFO - 	                             (12, 0.944),
2025-04-15 14:52:06 - INFO - 	                             (13, 0.938),
2025-04-15 14:52:06 - INFO - 	                             (14, 0.954),
2025-04-15 14:52:06 - INFO - 	                             (15, 0.94),
2025-04-15 14:52:06 - INFO - 	                             (16, 0.966),
2025-04-15 14:52:06 - INFO - 	                             (17, 0.948),
2025-04-15 14:52:06 - INFO - 	                             (18, 0.956),
2025-04-15 14:52:06 - INFO - 	                             (19, 0.942),
2025-04-15 14:52:06 - INFO - 	                             (20, 0.95)],
2025-04-15 14:52:06 - INFO - 	 'central_global_loss': [(0, 0.0738288722038269),
2025-04-15 14:52:06 - INFO - 	                         (1, 0.023030821621418),
2025-04-15 14:52:06 - INFO - 	                         (2, 0.009580936342477798),
2025-04-15 14:52:06 - INFO - 	                         (3, 0.014394239783287048),
2025-04-15 14:52:06 - INFO - 	                         (4, 0.005336975343525409),
2025-04-15 14:52:06 - INFO - 	                         (5, 0.00727186968922615),
2025-04-15 14:52:06 - INFO - 	                         (6, 0.007550351046025753),
2025-04-15 14:52:06 - INFO - 	                         (7, 0.005564121253788471),
2025-04-15 14:52:06 - INFO - 	                         (8, 0.005904034674167633),
2025-04-15 14:52:06 - INFO - 	                         (9, 0.006195842925459147),
2025-04-15 14:52:06 - INFO - 	                         (10, 0.0073827474489808085),
2025-04-15 14:52:06 - INFO - 	                         (11, 0.005326793722808361),
2025-04-15 14:52:06 - INFO - 	                         (12, 0.005990877442061901),
2025-04-15 14:52:06 - INFO - 	                         (13, 0.0069636102020740505),
2025-04-15 14:52:06 - INFO - 	                         (14, 0.004921201222576201),
2025-04-15 14:52:06 - INFO - 	                         (15, 0.0055524008497595785),
2025-04-15 14:52:06 - INFO - 	                         (16, 0.0044193327538669105),
2025-04-15 14:52:06 - INFO - 	                         (17, 0.0054703644812107086),
2025-04-15 14:52:06 - INFO - 	                         (18, 0.005166423470713198),
2025-04-15 14:52:06 - INFO - 	                         (19, 0.007605971869081259),
2025-04-15 14:52:06 - INFO - 	                         (20, 0.004881796661764384)],
2025-04-15 14:52:06 - INFO - 	 'central_malicious_accuracy': [(0, 0.046),
2025-04-15 14:52:06 - INFO - 	                                (1, 0.7587),
2025-04-15 14:52:06 - INFO - 	                                (2, 0.8887),
2025-04-15 14:52:06 - INFO - 	                                (3, 0.8362),
2025-04-15 14:52:06 - INFO - 	                                (4, 0.9343),
2025-04-15 14:52:06 - INFO - 	                                (5, 0.9205),
2025-04-15 14:52:06 - INFO - 	                                (6, 0.9234),
2025-04-15 14:52:06 - INFO - 	                                (7, 0.9436),
2025-04-15 14:52:06 - INFO - 	                                (8, 0.9467),
2025-04-15 14:52:06 - INFO - 	                                (9, 0.951),
2025-04-15 14:52:06 - INFO - 	                                (10, 0.937),
2025-04-15 14:52:06 - INFO - 	                                (11, 0.9531),
2025-04-15 14:52:06 - INFO - 	                                (12, 0.9347),
2025-04-15 14:52:06 - INFO - 	                                (13, 0.941),
2025-04-15 14:52:06 - INFO - 	                                (14, 0.9462),
2025-04-15 14:52:06 - INFO - 	                                (15, 0.9458),
2025-04-15 14:52:06 - INFO - 	                                (16, 0.9549),
2025-04-15 14:52:06 - INFO - 	                                (17, 0.9589),
2025-04-15 14:52:06 - INFO - 	                                (18, 0.9589),
2025-04-15 14:52:06 - INFO - 	                                (19, 0.9488),
2025-04-15 14:52:06 - INFO - 	                                (20, 0.9578)],
2025-04-15 14:52:06 - INFO - 	 'central_malicious_loss': [(0, 0.07230108406543732),
2025-04-15 14:52:06 - INFO - 	                            (1, 0.02302241002470255),
2025-04-15 14:52:06 - INFO - 	                            (2, 0.01076847743038088),
2025-04-15 14:52:06 - INFO - 	                            (3, 0.015511688144505023),
2025-04-15 14:52:06 - INFO - 	                            (4, 0.006570741021633148),
2025-04-15 14:52:06 - INFO - 	                            (5, 0.008122658834373579),
2025-04-15 14:52:06 - INFO - 	                            (6, 0.007705086622270756),
2025-04-15 14:52:06 - INFO - 	                            (7, 0.005433162271650508),
2025-04-15 14:52:06 - INFO - 	                            (8, 0.005548016506177373),
2025-04-15 14:52:06 - INFO - 	                            (9, 0.0050459178198012525),
2025-04-15 14:52:06 - INFO - 	                            (10, 0.00661615711338236),
2025-04-15 14:52:06 - INFO - 	                            (11, 0.0050196487266308395),
2025-04-15 14:52:06 - INFO - 	                            (12, 0.006822558066276543),
2025-04-15 14:52:06 - INFO - 	                            (13, 0.0066386487788928205),
2025-04-15 14:52:06 - INFO - 	                            (14, 0.005704044023057213),
2025-04-15 14:52:06 - INFO - 	                            (15, 0.00615761536390637),
2025-04-15 14:52:06 - INFO - 	                            (16, 0.005053299203360803),
2025-04-15 14:52:06 - INFO - 	                            (17, 0.004800094390960294),
2025-04-15 14:52:06 - INFO - 	                            (18, 0.004918295460427544),
2025-04-15 14:52:06 - INFO - 	                            (19, 0.006256374877308553),
2025-04-15 14:52:06 - INFO - 	                            (20, 0.00481898011180092)]}
2025-04-15 14:52:06 - INFO - 
