2025-05-08 00:35:00 - INFO - Starting Federated Learning Simulation: dataset type: iid, dataset name: mnist, strategy: FedAvg(accept_failures=True), rounds: 50, clients: 20
2025-05-08 00:35:00 - WARNING - DEPRECATED FEATURE: flwr.simulation.start_simulation() is deprecated.
	Instead, use the `flwr run` CLI command to start a local simulation in your Flower app, as shown for example below:

		$ flwr new  # Create a new Flower app from a template

		$ flwr run  # Run the Flower app in Simulation Mode

	Using `start_simulation()` is deprecated.

            This is a deprecated feature. It will be removed
            entirely in future versions of Flower.
        
2025-05-08 00:35:00 - INFO - Starting Flower simulation, config: num_rounds=50, no round_timeout
2025-05-08 00:35:03 - INFO - Flower VCE: Ray initialized with resources: {'accelerator_type:G': 1.0, 'node:__internal_head__': 1.0, 'CPU': 24.0, 'memory': 11407151924.0, 'node:127.0.0.1': 1.0, 'object_store_memory': 5703575961.0, 'GPU': 1.0}
2025-05-08 00:35:03 - INFO - Optimize your simulation with Flower VCE: https://flower.ai/docs/framework/how-to-run-simulations.html
2025-05-08 00:35:03 - INFO - No `client_resources` specified. Using minimal resources for clients.
2025-05-08 00:35:03 - INFO - Flower VCE: Resources for each Virtual Client: {'num_cpus': 1, 'num_gpus': 0.0}
2025-05-08 00:35:03 - INFO - Flower VCE: Creating VirtualClientEngineActorPool with 24 actors
2025-05-08 00:35:03 - INFO - [INIT]
2025-05-08 00:35:03 - INFO - Requesting initial parameters from one random client
2025-05-08 00:35:07 - INFO - Received initial parameters from one random client
2025-05-08 00:35:07 - INFO - Starting evaluation of initial global parameters
2025-05-08 00:35:10 - INFO - initial parameters (loss, other metrics): 0.07382761383056641, {'central_global_loss': 0.07382761383056641, 'central_global_accuracy': 0.098, 'central_clean_loss': 0.07206743800640106, 'central_clean_accuracy': 0.1215, 'central_malicious_loss': 0.07206743800640106, 'central_malicious_accuracy': 0.1215}
2025-05-08 00:35:10 - INFO - 
2025-05-08 00:35:10 - INFO - [ROUND 1]
2025-05-08 00:35:10 - INFO - configure_fit: strategy sampled 20 clients (out of 20)
2025-05-08 00:35:18 - INFO - aggregate_fit: received 20 results and 0 failures
2025-05-08 00:35:18 - WARNING - No fit_metrics_aggregation_fn provided
2025-05-08 00:35:21 - INFO - fit progress: (1, 0.010037770539522171, {'central_global_loss': 0.010037770539522171, 'central_global_accuracy': 0.912, 'central_clean_loss': 0.009623030325770379, 'central_clean_accuracy': 0.916, 'central_malicious_loss': 0.009623030325770379, 'central_malicious_accuracy': 0.916}, 10.935557699999999)
2025-05-08 00:35:21 - INFO - configure_evaluate: strategy sampled 20 clients (out of 20)
2025-05-08 00:35:22 - INFO - aggregate_evaluate: received 20 results and 0 failures
2025-05-08 00:35:22 - INFO - 
2025-05-08 00:35:22 - INFO - [ROUND 2]
2025-05-08 00:35:22 - INFO - configure_fit: strategy sampled 20 clients (out of 20)
2025-05-08 00:35:25 - INFO - aggregate_fit: received 20 results and 0 failures
2025-05-08 00:35:28 - INFO - fit progress: (2, 0.00459652541577816, {'central_global_loss': 0.00459652541577816, 'central_global_accuracy': 0.954, 'central_clean_loss': 0.004535457356460392, 'central_clean_accuracy': 0.9555, 'central_malicious_loss': 0.004535457356460392, 'central_malicious_accuracy': 0.9555}, 17.9884219)
2025-05-08 00:35:28 - INFO - configure_evaluate: strategy sampled 20 clients (out of 20)
2025-05-08 00:35:29 - INFO - aggregate_evaluate: received 20 results and 0 failures
2025-05-08 00:35:29 - INFO - 
2025-05-08 00:35:29 - INFO - [ROUND 3]
2025-05-08 00:35:29 - INFO - configure_fit: strategy sampled 20 clients (out of 20)
2025-05-08 00:35:32 - INFO - aggregate_fit: received 20 results and 0 failures
2025-05-08 00:35:35 - INFO - fit progress: (3, 0.0031198630556464194, {'central_global_loss': 0.0031198630556464194, 'central_global_accuracy': 0.964, 'central_clean_loss': 0.0032797458454733716, 'central_clean_accuracy': 0.9661, 'central_malicious_loss': 0.0032797458454733716, 'central_malicious_accuracy': 0.9661}, 25.147641200000002)
2025-05-08 00:35:35 - INFO - configure_evaluate: strategy sampled 20 clients (out of 20)
2025-05-08 00:35:36 - INFO - aggregate_evaluate: received 20 results and 0 failures
2025-05-08 00:35:36 - INFO - 
2025-05-08 00:35:36 - INFO - [ROUND 4]
2025-05-08 00:35:36 - INFO - configure_fit: strategy sampled 20 clients (out of 20)
2025-05-08 00:35:40 - INFO - aggregate_fit: received 20 results and 0 failures
2025-05-08 00:35:43 - INFO - fit progress: (4, 0.0023223732188344002, {'central_global_loss': 0.0023223732188344002, 'central_global_accuracy': 0.978, 'central_clean_loss': 0.00262071894518449, 'central_clean_accuracy': 0.9728, 'central_malicious_loss': 0.00262071894518449, 'central_malicious_accuracy': 0.9728}, 32.4238473)
2025-05-08 00:35:43 - INFO - configure_evaluate: strategy sampled 20 clients (out of 20)
2025-05-08 00:35:43 - INFO - aggregate_evaluate: received 20 results and 0 failures
2025-05-08 00:35:43 - INFO - 
2025-05-08 00:35:43 - INFO - [ROUND 5]
2025-05-08 00:35:43 - INFO - configure_fit: strategy sampled 20 clients (out of 20)
2025-05-08 00:35:47 - INFO - aggregate_fit: received 20 results and 0 failures
2025-05-08 00:35:50 - INFO - fit progress: (5, 0.0018203399796038865, {'central_global_loss': 0.0018203399796038865, 'central_global_accuracy': 0.984, 'central_clean_loss': 0.0022262857615685788, 'central_clean_accuracy': 0.9772, 'central_malicious_loss': 0.0022262857615685788, 'central_malicious_accuracy': 0.9772}, 39.6215453)
2025-05-08 00:35:50 - INFO - configure_evaluate: strategy sampled 20 clients (out of 20)
2025-05-08 00:35:50 - INFO - aggregate_evaluate: received 20 results and 0 failures
2025-05-08 00:35:50 - INFO - 
2025-05-08 00:35:50 - INFO - [ROUND 6]
2025-05-08 00:35:50 - INFO - configure_fit: strategy sampled 20 clients (out of 20)
2025-05-08 00:35:54 - INFO - aggregate_fit: received 20 results and 0 failures
2025-05-08 00:35:57 - INFO - fit progress: (6, 0.0015125344526022674, {'central_global_loss': 0.0015125344526022674, 'central_global_accuracy': 0.986, 'central_clean_loss': 0.0019593686170090224, 'central_clean_accuracy': 0.98, 'central_malicious_loss': 0.0019593686170090224, 'central_malicious_accuracy': 0.98}, 46.656833400000004)
2025-05-08 00:35:57 - INFO - configure_evaluate: strategy sampled 20 clients (out of 20)
2025-05-08 00:35:57 - INFO - aggregate_evaluate: received 20 results and 0 failures
2025-05-08 00:35:57 - INFO - 
2025-05-08 00:35:57 - INFO - [ROUND 7]
2025-05-08 00:35:57 - INFO - configure_fit: strategy sampled 20 clients (out of 20)
2025-05-08 00:36:01 - INFO - aggregate_fit: received 20 results and 0 failures
2025-05-08 00:36:04 - INFO - fit progress: (7, 0.0013089374247938395, {'central_global_loss': 0.0013089374247938395, 'central_global_accuracy': 0.988, 'central_clean_loss': 0.0017536233276317945, 'central_clean_accuracy': 0.9817, 'central_malicious_loss': 0.0017536233276317945, 'central_malicious_accuracy': 0.9817}, 54.019620200000006)
2025-05-08 00:36:04 - INFO - configure_evaluate: strategy sampled 20 clients (out of 20)
2025-05-08 00:36:05 - INFO - aggregate_evaluate: received 20 results and 0 failures
2025-05-08 00:36:05 - INFO - 
2025-05-08 00:36:05 - INFO - [ROUND 8]
2025-05-08 00:36:05 - INFO - configure_fit: strategy sampled 20 clients (out of 20)
2025-05-08 00:36:08 - INFO - aggregate_fit: received 20 results and 0 failures
2025-05-08 00:36:11 - INFO - fit progress: (8, 0.0011793717071413993, {'central_global_loss': 0.0011793717071413993, 'central_global_accuracy': 0.988, 'central_clean_loss': 0.0016028626110506593, 'central_clean_accuracy': 0.9828, 'central_malicious_loss': 0.0016028626110506593, 'central_malicious_accuracy': 0.9828}, 61.028829900000005)
2025-05-08 00:36:11 - INFO - configure_evaluate: strategy sampled 20 clients (out of 20)
2025-05-08 00:36:12 - INFO - aggregate_evaluate: received 20 results and 0 failures
2025-05-08 00:36:12 - INFO - 
2025-05-08 00:36:12 - INFO - [ROUND 9]
2025-05-08 00:36:12 - INFO - configure_fit: strategy sampled 20 clients (out of 20)
2025-05-08 00:36:15 - INFO - aggregate_fit: received 20 results and 0 failures
2025-05-08 00:36:18 - INFO - fit progress: (9, 0.0010718990508466958, {'central_global_loss': 0.0010718990508466958, 'central_global_accuracy': 0.992, 'central_clean_loss': 0.001476543326947285, 'central_clean_accuracy': 0.9848, 'central_malicious_loss': 0.001476543326947285, 'central_malicious_accuracy': 0.9848}, 68.0843619)
2025-05-08 00:36:18 - INFO - configure_evaluate: strategy sampled 20 clients (out of 20)
2025-05-08 00:36:19 - INFO - aggregate_evaluate: received 20 results and 0 failures
2025-05-08 00:36:19 - INFO - 
2025-05-08 00:36:19 - INFO - [ROUND 10]
2025-05-08 00:36:19 - INFO - configure_fit: strategy sampled 20 clients (out of 20)
2025-05-08 00:36:22 - INFO - aggregate_fit: received 20 results and 0 failures
2025-05-08 00:36:25 - INFO - fit progress: (10, 0.0009972615893930196, {'central_global_loss': 0.0009972615893930196, 'central_global_accuracy': 0.992, 'central_clean_loss': 0.0013757273256436748, 'central_clean_accuracy': 0.9853, 'central_malicious_loss': 0.0013757273256436748, 'central_malicious_accuracy': 0.9853}, 75.1674443)
2025-05-08 00:36:25 - INFO - configure_evaluate: strategy sampled 20 clients (out of 20)
2025-05-08 00:36:26 - INFO - aggregate_evaluate: received 20 results and 0 failures
2025-05-08 00:36:26 - INFO - 
2025-05-08 00:36:26 - INFO - [ROUND 11]
2025-05-08 00:36:26 - INFO - configure_fit: strategy sampled 20 clients (out of 20)
2025-05-08 00:36:30 - INFO - aggregate_fit: received 20 results and 0 failures
2025-05-08 00:36:33 - INFO - fit progress: (11, 0.0009317901120521129, {'central_global_loss': 0.0009317901120521129, 'central_global_accuracy': 0.992, 'central_clean_loss': 0.0012983073772607895, 'central_clean_accuracy': 0.9855, 'central_malicious_loss': 0.0012983073772607895, 'central_malicious_accuracy': 0.9855}, 83.25995400000001)
2025-05-08 00:36:33 - INFO - configure_evaluate: strategy sampled 20 clients (out of 20)
2025-05-08 00:36:34 - INFO - aggregate_evaluate: received 20 results and 0 failures
2025-05-08 00:36:34 - INFO - 
2025-05-08 00:36:34 - INFO - [ROUND 12]
2025-05-08 00:36:34 - INFO - configure_fit: strategy sampled 20 clients (out of 20)
2025-05-08 00:36:38 - INFO - aggregate_fit: received 20 results and 0 failures
2025-05-08 00:36:41 - INFO - fit progress: (12, 0.0008748123603872955, {'central_global_loss': 0.0008748123603872955, 'central_global_accuracy': 0.992, 'central_clean_loss': 0.0012349878519609774, 'central_clean_accuracy': 0.9862, 'central_malicious_loss': 0.0012349878519609774, 'central_malicious_accuracy': 0.9862}, 90.5520985)
2025-05-08 00:36:41 - INFO - configure_evaluate: strategy sampled 20 clients (out of 20)
2025-05-08 00:36:41 - INFO - aggregate_evaluate: received 20 results and 0 failures
2025-05-08 00:36:41 - INFO - 
2025-05-08 00:36:41 - INFO - [ROUND 13]
2025-05-08 00:36:41 - INFO - configure_fit: strategy sampled 20 clients (out of 20)
2025-05-08 00:36:45 - INFO - aggregate_fit: received 20 results and 0 failures
2025-05-08 00:36:48 - INFO - fit progress: (13, 0.0008287451537325978, {'central_global_loss': 0.0008287451537325978, 'central_global_accuracy': 0.992, 'central_clean_loss': 0.001176589812655584, 'central_clean_accuracy': 0.9868, 'central_malicious_loss': 0.001176589812655584, 'central_malicious_accuracy': 0.9868}, 97.70243070000001)
2025-05-08 00:36:48 - INFO - configure_evaluate: strategy sampled 20 clients (out of 20)
2025-05-08 00:36:48 - INFO - aggregate_evaluate: received 20 results and 0 failures
2025-05-08 00:36:48 - INFO - 
2025-05-08 00:36:48 - INFO - [ROUND 14]
2025-05-08 00:36:48 - INFO - configure_fit: strategy sampled 20 clients (out of 20)
2025-05-08 00:36:52 - INFO - aggregate_fit: received 20 results and 0 failures
2025-05-08 00:36:55 - INFO - fit progress: (14, 0.0007826550477184355, {'central_global_loss': 0.0007826550477184355, 'central_global_accuracy': 0.992, 'central_clean_loss': 0.0011263432841918984, 'central_clean_accuracy': 0.9871, 'central_malicious_loss': 0.0011263432841918984, 'central_malicious_accuracy': 0.9871}, 105.1326087)
2025-05-08 00:36:55 - INFO - configure_evaluate: strategy sampled 20 clients (out of 20)
2025-05-08 00:36:56 - INFO - aggregate_evaluate: received 20 results and 0 failures
2025-05-08 00:36:56 - INFO - 
2025-05-08 00:36:56 - INFO - [ROUND 15]
2025-05-08 00:36:56 - INFO - configure_fit: strategy sampled 20 clients (out of 20)
