2025-04-30 12:42:11 - INFO - Starting Federated Learning Simulation: dataset type: iid, dataset name: mnist, strategy: FedAvg(accept_failures=True), rounds: 50, clients: 20
2025-04-30 12:42:11 - WARNING - DEPRECATED FEATURE: flwr.simulation.start_simulation() is deprecated.
	Instead, use the `flwr run` CLI command to start a local simulation in your Flower app, as shown for example below:

		$ flwr new  # Create a new Flower app from a template

		$ flwr run  # Run the Flower app in Simulation Mode

	Using `start_simulation()` is deprecated.

            This is a deprecated feature. It will be removed
            entirely in future versions of Flower.
        
2025-04-30 12:42:11 - INFO - Starting Flower simulation, config: num_rounds=50, no round_timeout
2025-04-30 12:42:15 - INFO - Flower VCE: Ray initialized with resources: {'accelerator_type:G': 1.0, 'node:__internal_head__': 1.0, 'CPU': 24.0, 'memory': 12985417728.0, 'node:127.0.0.1': 1.0, 'object_store_memory': 6492708864.0, 'GPU': 1.0}
2025-04-30 12:42:15 - INFO - Optimize your simulation with Flower VCE: https://flower.ai/docs/framework/how-to-run-simulations.html
2025-04-30 12:42:15 - INFO - No `client_resources` specified. Using minimal resources for clients.
2025-04-30 12:42:15 - INFO - Flower VCE: Resources for each Virtual Client: {'num_cpus': 1, 'num_gpus': 0.0}
2025-04-30 12:42:15 - INFO - Flower VCE: Creating VirtualClientEngineActorPool with 24 actors
2025-04-30 12:42:15 - INFO - [INIT]
2025-04-30 12:42:15 - INFO - Requesting initial parameters from one random client
2025-04-30 12:42:23 - INFO - Received initial parameters from one random client
2025-04-30 12:42:23 - INFO - Starting evaluation of initial global parameters
2025-04-30 12:42:27 - INFO - initial parameters (loss, other metrics): 0.07382761383056641, {'central_global_loss': 0.07382761383056641, 'central_global_accuracy': 0.098, 'central_clean_loss': 0.07206743800640106, 'central_clean_accuracy': 0.1215, 'central_malicious_loss': 0.07206743800640106, 'central_malicious_accuracy': 0.1215}
2025-04-30 12:42:27 - INFO - 
2025-04-30 12:42:27 - INFO - [ROUND 1]
2025-04-30 12:42:27 - INFO - configure_fit: strategy sampled 20 clients (out of 20)
2025-04-30 12:42:51 - INFO - aggregate_fit: received 20 results and 0 failures
2025-04-30 12:42:51 - WARNING - No fit_metrics_aggregation_fn provided
2025-04-30 12:42:55 - INFO - fit progress: (1, 0.010746363133192062, {'central_global_loss': 0.010746363133192062, 'central_global_accuracy': 0.904, 'central_clean_loss': 0.010306079681962729, 'central_clean_accuracy': 0.9104, 'central_malicious_loss': 0.010306079681962729, 'central_malicious_accuracy': 0.9104}, 27.657354599999998)
2025-04-30 12:42:55 - INFO - configure_evaluate: strategy sampled 20 clients (out of 20)
2025-04-30 12:42:55 - INFO - aggregate_evaluate: received 20 results and 0 failures
2025-04-30 12:42:55 - INFO - 
2025-04-30 12:42:55 - INFO - [ROUND 2]
2025-04-30 12:42:55 - INFO - configure_fit: strategy sampled 20 clients (out of 20)
2025-04-30 12:43:14 - INFO - aggregate_fit: received 20 results and 0 failures
2025-04-30 12:43:18 - INFO - fit progress: (2, 0.004719511315226555, {'central_global_loss': 0.004719511315226555, 'central_global_accuracy': 0.954, 'central_clean_loss': 0.004540026238723658, 'central_clean_accuracy': 0.9552, 'central_malicious_loss': 0.004540026238723658, 'central_malicious_accuracy': 0.9552}, 50.501547)
2025-04-30 12:43:18 - INFO - configure_evaluate: strategy sampled 20 clients (out of 20)
2025-04-30 12:43:18 - INFO - aggregate_evaluate: received 20 results and 0 failures
2025-04-30 12:43:18 - INFO - 
2025-04-30 12:43:18 - INFO - [ROUND 3]
2025-04-30 12:43:18 - INFO - configure_fit: strategy sampled 20 clients (out of 20)
2025-04-30 12:43:37 - INFO - aggregate_fit: received 20 results and 0 failures
2025-04-30 12:43:40 - INFO - fit progress: (3, 0.0032249833345413207, {'central_global_loss': 0.0032249833345413207, 'central_global_accuracy': 0.962, 'central_clean_loss': 0.0032595539215602913, 'central_clean_accuracy': 0.9664, 'central_malicious_loss': 0.0032595539215602913, 'central_malicious_accuracy': 0.9664}, 72.5075372)
2025-04-30 12:43:40 - INFO - configure_evaluate: strategy sampled 20 clients (out of 20)
2025-04-30 12:43:40 - INFO - aggregate_evaluate: received 20 results and 0 failures
2025-04-30 12:43:40 - INFO - 
2025-04-30 12:43:40 - INFO - [ROUND 4]
2025-04-30 12:43:40 - INFO - configure_fit: strategy sampled 20 clients (out of 20)
2025-04-30 12:43:58 - INFO - aggregate_fit: received 20 results and 0 failures
2025-04-30 12:44:01 - INFO - fit progress: (4, 0.0024051653072237967, {'central_global_loss': 0.0024051653072237967, 'central_global_accuracy': 0.978, 'central_clean_loss': 0.002603046990482835, 'central_clean_accuracy': 0.9731, 'central_malicious_loss': 0.002603046990482835, 'central_malicious_accuracy': 0.9731}, 93.4254849)
2025-04-30 12:44:01 - INFO - configure_evaluate: strategy sampled 20 clients (out of 20)
2025-04-30 12:44:01 - INFO - aggregate_evaluate: received 20 results and 0 failures
2025-04-30 12:44:01 - INFO - 
2025-04-30 12:44:01 - INFO - [ROUND 5]
2025-04-30 12:44:01 - INFO - configure_fit: strategy sampled 20 clients (out of 20)
2025-04-30 12:44:19 - INFO - aggregate_fit: received 20 results and 0 failures
2025-04-30 12:44:22 - INFO - fit progress: (5, 0.0018762247450649738, {'central_global_loss': 0.0018762247450649738, 'central_global_accuracy': 0.984, 'central_clean_loss': 0.002205253773389268, 'central_clean_accuracy': 0.978, 'central_malicious_loss': 0.002205253773389268, 'central_malicious_accuracy': 0.978}, 114.9937321)
2025-04-30 12:44:22 - INFO - configure_evaluate: strategy sampled 20 clients (out of 20)
2025-04-30 12:44:23 - INFO - aggregate_evaluate: received 20 results and 0 failures
2025-04-30 12:44:23 - INFO - 
2025-04-30 12:44:23 - INFO - [ROUND 6]
2025-04-30 12:44:23 - INFO - configure_fit: strategy sampled 20 clients (out of 20)
