2025-04-09 12:54:05 - INFO - Starting Federated Learning Simulation: dataset type: iid, dataset name: mnist, strategy: FedAvg(accept_failures=True), rounds: 20, clients: 20
2025-04-09 12:54:05 - WARNING - DEPRECATED FEATURE: flwr.simulation.start_simulation() is deprecated.
	Instead, use the `flwr run` CLI command to start a local simulation in your Flower app, as shown for example below:

		$ flwr new  # Create a new Flower app from a template

		$ flwr run  # Run the Flower app in Simulation Mode

	Using `start_simulation()` is deprecated.

            This is a deprecated feature. It will be removed
            entirely in future versions of Flower.
        
2025-04-09 12:54:05 - INFO - Starting Flower simulation, config: num_rounds=20, no round_timeout
2025-04-09 12:54:08 - INFO - Flower VCE: Ray initialized with resources: {'accelerator_type:G': 1.0, 'node:__internal_head__': 1.0, 'CPU': 24.0, 'memory': 14060833998.0, 'node:127.0.0.1': 1.0, 'object_store_memory': 7030416998.0, 'GPU': 1.0}
2025-04-09 12:54:08 - INFO - Optimize your simulation with Flower VCE: https://flower.ai/docs/framework/how-to-run-simulations.html
2025-04-09 12:54:08 - INFO - No `client_resources` specified. Using minimal resources for clients.
2025-04-09 12:54:08 - INFO - Flower VCE: Resources for each Virtual Client: {'num_cpus': 1, 'num_gpus': 0.0}
2025-04-09 12:54:08 - INFO - Flower VCE: Creating VirtualClientEngineActorPool with 24 actors
2025-04-09 12:54:08 - INFO - [INIT]
2025-04-09 12:54:08 - INFO - Requesting initial parameters from one random client
2025-04-09 12:54:11 - INFO - Received initial parameters from one random client
2025-04-09 12:54:11 - INFO - Starting evaluation of initial global parameters
2025-04-09 12:54:11 - INFO - Evaluation returned no results (`None`)
2025-04-09 12:54:11 - INFO - 
2025-04-09 12:54:11 - INFO - [ROUND 1]
2025-04-09 12:54:11 - INFO - configure_fit: strategy sampled 20 clients (out of 20)
2025-04-09 12:54:18 - INFO - aggregate_fit: received 20 results and 0 failures
2025-04-09 12:54:18 - WARNING - No fit_metrics_aggregation_fn provided
2025-04-09 12:54:18 - INFO - configure_evaluate: strategy sampled 20 clients (out of 20)
2025-04-09 12:54:19 - INFO - aggregate_evaluate: received 20 results and 0 failures
2025-04-09 12:54:19 - INFO - 
2025-04-09 12:54:19 - INFO - [ROUND 2]
2025-04-09 12:54:19 - INFO - configure_fit: strategy sampled 20 clients (out of 20)
2025-04-09 12:54:22 - INFO - aggregate_fit: received 20 results and 0 failures
2025-04-09 12:54:22 - INFO - configure_evaluate: strategy sampled 20 clients (out of 20)
2025-04-09 12:54:23 - INFO - aggregate_evaluate: received 20 results and 0 failures
2025-04-09 12:54:23 - INFO - 
2025-04-09 12:54:23 - INFO - [ROUND 3]
2025-04-09 12:54:23 - INFO - configure_fit: strategy sampled 20 clients (out of 20)
2025-04-09 12:54:27 - INFO - aggregate_fit: received 20 results and 0 failures
2025-04-09 12:54:27 - INFO - configure_evaluate: strategy sampled 20 clients (out of 20)
2025-04-09 12:54:27 - INFO - aggregate_evaluate: received 20 results and 0 failures
2025-04-09 12:54:27 - INFO - 
2025-04-09 12:54:27 - INFO - [ROUND 4]
2025-04-09 12:54:27 - INFO - configure_fit: strategy sampled 20 clients (out of 20)
2025-04-09 12:54:31 - INFO - aggregate_fit: received 20 results and 0 failures
2025-04-09 12:54:31 - INFO - configure_evaluate: strategy sampled 20 clients (out of 20)
2025-04-09 12:54:31 - INFO - aggregate_evaluate: received 20 results and 0 failures
2025-04-09 12:54:31 - INFO - 
2025-04-09 12:54:31 - INFO - [ROUND 5]
2025-04-09 12:54:31 - INFO - configure_fit: strategy sampled 20 clients (out of 20)
2025-04-09 12:54:35 - INFO - aggregate_fit: received 20 results and 0 failures
2025-04-09 12:54:35 - INFO - configure_evaluate: strategy sampled 20 clients (out of 20)
2025-04-09 12:54:35 - INFO - aggregate_evaluate: received 20 results and 0 failures
2025-04-09 12:54:35 - INFO - 
2025-04-09 12:54:35 - INFO - [ROUND 6]
2025-04-09 12:54:35 - INFO - configure_fit: strategy sampled 20 clients (out of 20)
2025-04-09 12:54:39 - INFO - aggregate_fit: received 20 results and 0 failures
2025-04-09 12:54:39 - INFO - configure_evaluate: strategy sampled 20 clients (out of 20)
2025-04-09 12:54:39 - INFO - aggregate_evaluate: received 20 results and 0 failures
2025-04-09 12:54:39 - INFO - 
2025-04-09 12:54:39 - INFO - [ROUND 7]
2025-04-09 12:54:39 - INFO - configure_fit: strategy sampled 20 clients (out of 20)
2025-04-09 12:54:43 - INFO - aggregate_fit: received 20 results and 0 failures
2025-04-09 12:54:43 - INFO - configure_evaluate: strategy sampled 20 clients (out of 20)
2025-04-09 12:54:44 - INFO - aggregate_evaluate: received 20 results and 0 failures
2025-04-09 12:54:44 - INFO - 
2025-04-09 12:54:44 - INFO - [ROUND 8]
2025-04-09 12:54:44 - INFO - configure_fit: strategy sampled 20 clients (out of 20)
2025-04-09 12:54:47 - INFO - aggregate_fit: received 20 results and 0 failures
2025-04-09 12:54:47 - INFO - configure_evaluate: strategy sampled 20 clients (out of 20)
2025-04-09 12:54:48 - INFO - aggregate_evaluate: received 20 results and 0 failures
2025-04-09 12:54:48 - INFO - 
2025-04-09 12:54:48 - INFO - [ROUND 9]
2025-04-09 12:54:48 - INFO - configure_fit: strategy sampled 20 clients (out of 20)
2025-04-09 12:54:51 - INFO - aggregate_fit: received 20 results and 0 failures
2025-04-09 12:54:51 - INFO - configure_evaluate: strategy sampled 20 clients (out of 20)
2025-04-09 12:54:52 - INFO - aggregate_evaluate: received 20 results and 0 failures
2025-04-09 12:54:52 - INFO - 
2025-04-09 12:54:52 - INFO - [ROUND 10]
2025-04-09 12:54:52 - INFO - configure_fit: strategy sampled 20 clients (out of 20)
2025-04-09 12:54:55 - INFO - aggregate_fit: received 20 results and 0 failures
2025-04-09 12:54:55 - INFO - configure_evaluate: strategy sampled 20 clients (out of 20)
2025-04-09 12:54:56 - INFO - aggregate_evaluate: received 20 results and 0 failures
2025-04-09 12:54:56 - INFO - 
2025-04-09 12:54:56 - INFO - [ROUND 11]
2025-04-09 12:54:56 - INFO - configure_fit: strategy sampled 20 clients (out of 20)
2025-04-09 12:55:00 - INFO - aggregate_fit: received 20 results and 0 failures
2025-04-09 12:55:00 - INFO - configure_evaluate: strategy sampled 20 clients (out of 20)
2025-04-09 12:55:00 - INFO - aggregate_evaluate: received 20 results and 0 failures
2025-04-09 12:55:00 - INFO - 
2025-04-09 12:55:00 - INFO - [ROUND 12]
2025-04-09 12:55:00 - INFO - configure_fit: strategy sampled 20 clients (out of 20)
2025-04-09 12:55:04 - INFO - aggregate_fit: received 20 results and 0 failures
2025-04-09 12:55:04 - INFO - configure_evaluate: strategy sampled 20 clients (out of 20)
2025-04-09 12:55:04 - INFO - aggregate_evaluate: received 20 results and 0 failures
2025-04-09 12:55:04 - INFO - 
2025-04-09 12:55:04 - INFO - [ROUND 13]
2025-04-09 12:55:04 - INFO - configure_fit: strategy sampled 20 clients (out of 20)
2025-04-09 12:55:08 - INFO - aggregate_fit: received 20 results and 0 failures
2025-04-09 12:55:08 - INFO - configure_evaluate: strategy sampled 20 clients (out of 20)
2025-04-09 12:55:08 - INFO - aggregate_evaluate: received 20 results and 0 failures
2025-04-09 12:55:08 - INFO - 
2025-04-09 12:55:08 - INFO - [ROUND 14]
2025-04-09 12:55:08 - INFO - configure_fit: strategy sampled 20 clients (out of 20)
2025-04-09 12:55:12 - INFO - aggregate_fit: received 20 results and 0 failures
2025-04-09 12:55:12 - INFO - configure_evaluate: strategy sampled 20 clients (out of 20)
2025-04-09 12:55:13 - INFO - aggregate_evaluate: received 20 results and 0 failures
2025-04-09 12:55:13 - INFO - 
2025-04-09 12:55:13 - INFO - [ROUND 15]
2025-04-09 12:55:13 - INFO - configure_fit: strategy sampled 20 clients (out of 20)
2025-04-09 12:55:16 - INFO - aggregate_fit: received 20 results and 0 failures
2025-04-09 12:55:16 - INFO - configure_evaluate: strategy sampled 20 clients (out of 20)
2025-04-09 12:55:17 - INFO - aggregate_evaluate: received 20 results and 0 failures
2025-04-09 12:55:17 - INFO - 
2025-04-09 12:55:17 - INFO - [ROUND 16]
2025-04-09 12:55:17 - INFO - configure_fit: strategy sampled 20 clients (out of 20)
2025-04-09 12:55:20 - INFO - aggregate_fit: received 20 results and 0 failures
2025-04-09 12:55:20 - INFO - configure_evaluate: strategy sampled 20 clients (out of 20)
2025-04-09 12:55:21 - INFO - aggregate_evaluate: received 20 results and 0 failures
2025-04-09 12:55:21 - INFO - 
2025-04-09 12:55:21 - INFO - [ROUND 17]
2025-04-09 12:55:21 - INFO - configure_fit: strategy sampled 20 clients (out of 20)
2025-04-09 12:55:24 - INFO - aggregate_fit: received 20 results and 0 failures
2025-04-09 12:55:24 - INFO - configure_evaluate: strategy sampled 20 clients (out of 20)
2025-04-09 12:55:25 - INFO - aggregate_evaluate: received 20 results and 0 failures
2025-04-09 12:55:25 - INFO - 
2025-04-09 12:55:25 - INFO - [ROUND 18]
2025-04-09 12:55:25 - INFO - configure_fit: strategy sampled 20 clients (out of 20)
2025-04-09 12:55:29 - INFO - aggregate_fit: received 20 results and 0 failures
2025-04-09 12:55:29 - INFO - configure_evaluate: strategy sampled 20 clients (out of 20)
2025-04-09 12:55:29 - INFO - aggregate_evaluate: received 20 results and 0 failures
2025-04-09 12:55:29 - INFO - 
2025-04-09 12:55:29 - INFO - [ROUND 19]
2025-04-09 12:55:29 - INFO - configure_fit: strategy sampled 20 clients (out of 20)
2025-04-09 12:55:33 - INFO - aggregate_fit: received 20 results and 0 failures
2025-04-09 12:55:33 - INFO - configure_evaluate: strategy sampled 20 clients (out of 20)
2025-04-09 12:55:33 - INFO - aggregate_evaluate: received 20 results and 0 failures
2025-04-09 12:55:33 - INFO - 
2025-04-09 12:55:33 - INFO - [ROUND 20]
2025-04-09 12:55:33 - INFO - configure_fit: strategy sampled 20 clients (out of 20)
2025-04-09 12:55:37 - INFO - aggregate_fit: received 20 results and 0 failures
2025-04-09 12:55:37 - INFO - configure_evaluate: strategy sampled 20 clients (out of 20)
2025-04-09 12:55:38 - INFO - aggregate_evaluate: received 20 results and 0 failures
2025-04-09 12:55:38 - INFO - 
2025-04-09 12:55:38 - INFO - [SUMMARY]
2025-04-09 12:55:38 - INFO - Run finished 20 round(s) in 86.89s
2025-04-09 12:55:38 - INFO - 	History (loss, distributed):
2025-04-09 12:55:38 - INFO - 		round 1: 0.9316
2025-04-09 12:55:38 - INFO - 		round 2: 0.9595
2025-04-09 12:55:38 - INFO - 		round 3: 0.9702
2025-04-09 12:55:38 - INFO - 		round 4: 0.9734
2025-04-09 12:55:38 - INFO - 		round 5: 0.979
2025-04-09 12:55:38 - INFO - 		round 6: 0.9798
2025-04-09 12:55:38 - INFO - 		round 7: 0.9807
2025-04-09 12:55:38 - INFO - 		round 8: 0.9839
2025-04-09 12:55:38 - INFO - 		round 9: 0.9839
2025-04-09 12:55:38 - INFO - 		round 10: 0.9858
2025-04-09 12:55:38 - INFO - 		round 11: 0.9866
2025-04-09 12:55:38 - INFO - 		round 12: 0.9861
2025-04-09 12:55:38 - INFO - 		round 13: 0.987
2025-04-09 12:55:38 - INFO - 		round 14: 0.987
2025-04-09 12:55:38 - INFO - 		round 15: 0.9877
2025-04-09 12:55:38 - INFO - 		round 16: 0.9886
2025-04-09 12:55:38 - INFO - 		round 17: 0.9889
2025-04-09 12:55:38 - INFO - 		round 18: 0.9891
2025-04-09 12:55:38 - INFO - 		round 19: 0.9893
2025-04-09 12:55:38 - INFO - 		round 20: 0.9904
2025-04-09 12:55:38 - INFO - 	History (metrics, distributed, evaluate):
2025-04-09 12:55:38 - INFO - 	{'accuracy': [(1, 0.9316),
2025-04-09 12:55:38 - INFO - 	              (2, 0.9595),
2025-04-09 12:55:38 - INFO - 	              (3, 0.9702),
2025-04-09 12:55:38 - INFO - 	              (4, 0.9734),
2025-04-09 12:55:38 - INFO - 	              (5, 0.979),
2025-04-09 12:55:38 - INFO - 	              (6, 0.9798),
2025-04-09 12:55:38 - INFO - 	              (7, 0.9807),
2025-04-09 12:55:38 - INFO - 	              (8, 0.9839),
2025-04-09 12:55:38 - INFO - 	              (9, 0.9839),
2025-04-09 12:55:38 - INFO - 	              (10, 0.9858),
2025-04-09 12:55:38 - INFO - 	              (11, 0.9866),
2025-04-09 12:55:38 - INFO - 	              (12, 0.9861),
2025-04-09 12:55:38 - INFO - 	              (13, 0.987),
2025-04-09 12:55:38 - INFO - 	              (14, 0.987),
2025-04-09 12:55:38 - INFO - 	              (15, 0.9877),
2025-04-09 12:55:38 - INFO - 	              (16, 0.9886),
2025-04-09 12:55:38 - INFO - 	              (17, 0.9889),
2025-04-09 12:55:38 - INFO - 	              (18, 0.9891),
2025-04-09 12:55:38 - INFO - 	              (19, 0.9893),
2025-04-09 12:55:38 - INFO - 	              (20, 0.9904)],
2025-04-09 12:55:38 - INFO - 	 'clean_accuracy': [(1, 0.9316),
2025-04-09 12:55:38 - INFO - 	                    (2, 0.9595),
2025-04-09 12:55:38 - INFO - 	                    (3, 0.9702),
2025-04-09 12:55:38 - INFO - 	                    (4, 0.9734),
2025-04-09 12:55:38 - INFO - 	                    (5, 0.979),
2025-04-09 12:55:38 - INFO - 	                    (6, 0.9798),
2025-04-09 12:55:38 - INFO - 	                    (7, 0.9807),
2025-04-09 12:55:38 - INFO - 	                    (8, 0.9839),
2025-04-09 12:55:38 - INFO - 	                    (9, 0.9839),
2025-04-09 12:55:38 - INFO - 	                    (10, 0.9858),
2025-04-09 12:55:38 - INFO - 	                    (11, 0.9866),
2025-04-09 12:55:38 - INFO - 	                    (12, 0.9861),
2025-04-09 12:55:38 - INFO - 	                    (13, 0.987),
2025-04-09 12:55:38 - INFO - 	                    (14, 0.987),
2025-04-09 12:55:38 - INFO - 	                    (15, 0.9877),
2025-04-09 12:55:38 - INFO - 	                    (16, 0.9886),
2025-04-09 12:55:38 - INFO - 	                    (17, 0.9889),
2025-04-09 12:55:38 - INFO - 	                    (18, 0.9891),
2025-04-09 12:55:38 - INFO - 	                    (19, 0.9893),
2025-04-09 12:55:38 - INFO - 	                    (20, 0.9904)],
2025-04-09 12:55:38 - INFO - 	 'malicious_accuracy': [(1, 0.0),
2025-04-09 12:55:38 - INFO - 	                        (2, 0.0),
2025-04-09 12:55:38 - INFO - 	                        (3, 0.0),
2025-04-09 12:55:38 - INFO - 	                        (4, 0.0),
2025-04-09 12:55:38 - INFO - 	                        (5, 0.0),
2025-04-09 12:55:38 - INFO - 	                        (6, 0.0),
2025-04-09 12:55:38 - INFO - 	                        (7, 0.0),
2025-04-09 12:55:38 - INFO - 	                        (8, 0.0),
2025-04-09 12:55:38 - INFO - 	                        (9, 0.0),
2025-04-09 12:55:38 - INFO - 	                        (10, 0.0),
2025-04-09 12:55:38 - INFO - 	                        (11, 0.0),
2025-04-09 12:55:38 - INFO - 	                        (12, 0.0),
2025-04-09 12:55:38 - INFO - 	                        (13, 0.0),
2025-04-09 12:55:38 - INFO - 	                        (14, 0.0),
2025-04-09 12:55:38 - INFO - 	                        (15, 0.0),
2025-04-09 12:55:38 - INFO - 	                        (16, 0.0),
2025-04-09 12:55:38 - INFO - 	                        (17, 0.0),
2025-04-09 12:55:38 - INFO - 	                        (18, 0.0),
2025-04-09 12:55:38 - INFO - 	                        (19, 0.0),
2025-04-09 12:55:38 - INFO - 	                        (20, 0.0)]}
2025-04-09 12:55:38 - INFO - 
2025-04-09 12:55:39 - INFO - Starting Federated Learning Simulation: dataset type: iid, dataset name: mnist, strategy: FedAvg(accept_failures=True), rounds: 20, clients: 20
2025-04-09 12:55:39 - WARNING - DEPRECATED FEATURE: flwr.simulation.start_simulation() is deprecated.
	Instead, use the `flwr run` CLI command to start a local simulation in your Flower app, as shown for example below:

		$ flwr new  # Create a new Flower app from a template

		$ flwr run  # Run the Flower app in Simulation Mode

	Using `start_simulation()` is deprecated.

            This is a deprecated feature. It will be removed
            entirely in future versions of Flower.
        
2025-04-09 12:55:39 - INFO - Starting Flower simulation, config: num_rounds=20, no round_timeout
2025-04-09 12:55:42 - INFO - Flower VCE: Ray initialized with resources: {'accelerator_type:G': 1.0, 'node:__internal_head__': 1.0, 'CPU': 24.0, 'object_store_memory': 6947696640.0, 'node:127.0.0.1': 1.0, 'memory': 13895393280.0, 'GPU': 1.0}
2025-04-09 12:55:42 - INFO - Optimize your simulation with Flower VCE: https://flower.ai/docs/framework/how-to-run-simulations.html
2025-04-09 12:55:42 - INFO - No `client_resources` specified. Using minimal resources for clients.
2025-04-09 12:55:42 - INFO - Flower VCE: Resources for each Virtual Client: {'num_cpus': 1, 'num_gpus': 0.0}
2025-04-09 12:55:42 - INFO - Flower VCE: Creating VirtualClientEngineActorPool with 24 actors
2025-04-09 12:55:42 - INFO - [INIT]
2025-04-09 12:55:42 - INFO - Requesting initial parameters from one random client
2025-04-09 12:55:45 - INFO - Received initial parameters from one random client
2025-04-09 12:55:45 - INFO - Starting evaluation of initial global parameters
2025-04-09 12:55:45 - INFO - Evaluation returned no results (`None`)
2025-04-09 12:55:45 - INFO - 
2025-04-09 12:55:45 - INFO - [ROUND 1]
2025-04-09 12:55:45 - INFO - configure_fit: strategy sampled 20 clients (out of 20)
2025-04-09 12:55:53 - INFO - aggregate_fit: received 20 results and 0 failures
2025-04-09 12:55:53 - WARNING - No fit_metrics_aggregation_fn provided
2025-04-09 12:55:53 - INFO - configure_evaluate: strategy sampled 20 clients (out of 20)
2025-04-09 12:55:54 - INFO - aggregate_evaluate: received 20 results and 0 failures
2025-04-09 12:55:54 - INFO - 
2025-04-09 12:55:54 - INFO - [ROUND 2]
2025-04-09 12:55:54 - INFO - configure_fit: strategy sampled 20 clients (out of 20)
2025-04-09 12:55:57 - INFO - aggregate_fit: received 20 results and 0 failures
2025-04-09 12:55:57 - INFO - configure_evaluate: strategy sampled 20 clients (out of 20)
2025-04-09 12:55:58 - INFO - aggregate_evaluate: received 20 results and 0 failures
2025-04-09 12:55:58 - INFO - 
2025-04-09 12:55:58 - INFO - [ROUND 3]
2025-04-09 12:55:58 - INFO - configure_fit: strategy sampled 20 clients (out of 20)
2025-04-09 12:56:02 - INFO - aggregate_fit: received 20 results and 0 failures
2025-04-09 12:56:02 - INFO - configure_evaluate: strategy sampled 20 clients (out of 20)
2025-04-09 12:56:02 - INFO - aggregate_evaluate: received 20 results and 0 failures
2025-04-09 12:56:02 - INFO - 
2025-04-09 12:56:02 - INFO - [ROUND 4]
2025-04-09 12:56:02 - INFO - configure_fit: strategy sampled 20 clients (out of 20)
2025-04-09 12:56:06 - INFO - aggregate_fit: received 20 results and 0 failures
2025-04-09 12:56:06 - INFO - configure_evaluate: strategy sampled 20 clients (out of 20)
2025-04-09 12:56:07 - INFO - aggregate_evaluate: received 20 results and 0 failures
2025-04-09 12:56:07 - INFO - 
2025-04-09 12:56:07 - INFO - [ROUND 5]
2025-04-09 12:56:07 - INFO - configure_fit: strategy sampled 20 clients (out of 20)
2025-04-09 12:56:11 - INFO - aggregate_fit: received 20 results and 0 failures
2025-04-09 12:56:11 - INFO - configure_evaluate: strategy sampled 20 clients (out of 20)
2025-04-09 12:56:12 - INFO - aggregate_evaluate: received 20 results and 0 failures
2025-04-09 12:56:12 - INFO - 
2025-04-09 12:56:12 - INFO - [ROUND 6]
2025-04-09 12:56:12 - INFO - configure_fit: strategy sampled 20 clients (out of 20)
2025-04-09 12:56:16 - INFO - aggregate_fit: received 20 results and 0 failures
2025-04-09 12:56:16 - INFO - configure_evaluate: strategy sampled 20 clients (out of 20)
2025-04-09 12:56:16 - INFO - aggregate_evaluate: received 20 results and 0 failures
2025-04-09 12:56:16 - INFO - 
2025-04-09 12:56:16 - INFO - [ROUND 7]
2025-04-09 12:56:16 - INFO - configure_fit: strategy sampled 20 clients (out of 20)
2025-04-09 12:56:20 - INFO - aggregate_fit: received 20 results and 0 failures
2025-04-09 12:56:20 - INFO - configure_evaluate: strategy sampled 20 clients (out of 20)
2025-04-09 12:56:21 - INFO - aggregate_evaluate: received 20 results and 0 failures
2025-04-09 12:56:21 - INFO - 
2025-04-09 12:56:21 - INFO - [ROUND 8]
2025-04-09 12:56:21 - INFO - configure_fit: strategy sampled 20 clients (out of 20)
2025-04-09 12:56:25 - INFO - aggregate_fit: received 20 results and 0 failures
2025-04-09 12:56:25 - INFO - configure_evaluate: strategy sampled 20 clients (out of 20)
2025-04-09 12:56:25 - INFO - aggregate_evaluate: received 20 results and 0 failures
2025-04-09 12:56:25 - INFO - 
2025-04-09 12:56:25 - INFO - [ROUND 9]
2025-04-09 12:56:25 - INFO - configure_fit: strategy sampled 20 clients (out of 20)
2025-04-09 12:56:29 - INFO - aggregate_fit: received 20 results and 0 failures
2025-04-09 12:56:29 - INFO - configure_evaluate: strategy sampled 20 clients (out of 20)
2025-04-09 12:56:29 - INFO - aggregate_evaluate: received 20 results and 0 failures
2025-04-09 12:56:29 - INFO - 
2025-04-09 12:56:29 - INFO - [ROUND 10]
2025-04-09 12:56:29 - INFO - configure_fit: strategy sampled 20 clients (out of 20)
2025-04-09 12:56:33 - INFO - aggregate_fit: received 20 results and 0 failures
2025-04-09 12:56:33 - INFO - configure_evaluate: strategy sampled 20 clients (out of 20)
2025-04-09 12:56:34 - INFO - aggregate_evaluate: received 20 results and 0 failures
2025-04-09 12:56:34 - INFO - 
2025-04-09 12:56:34 - INFO - [ROUND 11]
2025-04-09 12:56:34 - INFO - configure_fit: strategy sampled 20 clients (out of 20)
2025-04-09 12:56:38 - INFO - aggregate_fit: received 20 results and 0 failures
2025-04-09 12:56:38 - INFO - configure_evaluate: strategy sampled 20 clients (out of 20)
2025-04-09 12:56:38 - INFO - aggregate_evaluate: received 20 results and 0 failures
2025-04-09 12:56:38 - INFO - 
2025-04-09 12:56:38 - INFO - [ROUND 12]
2025-04-09 12:56:38 - INFO - configure_fit: strategy sampled 20 clients (out of 20)
2025-04-09 12:56:42 - INFO - aggregate_fit: received 20 results and 0 failures
2025-04-09 12:56:42 - INFO - configure_evaluate: strategy sampled 20 clients (out of 20)
2025-04-09 12:56:42 - INFO - aggregate_evaluate: received 20 results and 0 failures
2025-04-09 12:56:42 - INFO - 
2025-04-09 12:56:42 - INFO - [ROUND 13]
2025-04-09 12:56:42 - INFO - configure_fit: strategy sampled 20 clients (out of 20)
2025-04-09 12:56:46 - INFO - aggregate_fit: received 20 results and 0 failures
2025-04-09 12:56:46 - INFO - configure_evaluate: strategy sampled 20 clients (out of 20)
2025-04-09 12:56:46 - INFO - aggregate_evaluate: received 20 results and 0 failures
2025-04-09 12:56:46 - INFO - 
2025-04-09 12:56:46 - INFO - [ROUND 14]
2025-04-09 12:56:46 - INFO - configure_fit: strategy sampled 20 clients (out of 20)
2025-04-09 12:56:51 - INFO - aggregate_fit: received 20 results and 0 failures
2025-04-09 12:56:51 - INFO - configure_evaluate: strategy sampled 20 clients (out of 20)
2025-04-09 12:56:51 - INFO - aggregate_evaluate: received 20 results and 0 failures
2025-04-09 12:56:51 - INFO - 
2025-04-09 12:56:51 - INFO - [ROUND 15]
2025-04-09 12:56:51 - INFO - configure_fit: strategy sampled 20 clients (out of 20)
2025-04-09 12:56:55 - INFO - aggregate_fit: received 20 results and 0 failures
2025-04-09 12:56:55 - INFO - configure_evaluate: strategy sampled 20 clients (out of 20)
2025-04-09 12:56:55 - INFO - aggregate_evaluate: received 20 results and 0 failures
2025-04-09 12:56:55 - INFO - 
2025-04-09 12:56:55 - INFO - [ROUND 16]
2025-04-09 12:56:55 - INFO - configure_fit: strategy sampled 20 clients (out of 20)
2025-04-09 12:56:59 - INFO - aggregate_fit: received 20 results and 0 failures
2025-04-09 12:56:59 - INFO - configure_evaluate: strategy sampled 20 clients (out of 20)
2025-04-09 12:57:00 - INFO - aggregate_evaluate: received 20 results and 0 failures
2025-04-09 12:57:00 - INFO - 
2025-04-09 12:57:00 - INFO - [ROUND 17]
2025-04-09 12:57:00 - INFO - configure_fit: strategy sampled 20 clients (out of 20)
2025-04-09 12:57:03 - INFO - aggregate_fit: received 20 results and 0 failures
2025-04-09 12:57:03 - INFO - configure_evaluate: strategy sampled 20 clients (out of 20)
2025-04-09 12:57:04 - INFO - aggregate_evaluate: received 20 results and 0 failures
2025-04-09 12:57:04 - INFO - 
2025-04-09 12:57:04 - INFO - [ROUND 18]
2025-04-09 12:57:04 - INFO - configure_fit: strategy sampled 20 clients (out of 20)
2025-04-09 12:57:08 - INFO - aggregate_fit: received 20 results and 0 failures
2025-04-09 12:57:08 - INFO - configure_evaluate: strategy sampled 20 clients (out of 20)
2025-04-09 12:57:08 - INFO - aggregate_evaluate: received 20 results and 0 failures
2025-04-09 12:57:08 - INFO - 
2025-04-09 12:57:08 - INFO - [ROUND 19]
2025-04-09 12:57:08 - INFO - configure_fit: strategy sampled 20 clients (out of 20)
2025-04-09 12:57:12 - INFO - aggregate_fit: received 20 results and 0 failures
2025-04-09 12:57:12 - INFO - configure_evaluate: strategy sampled 20 clients (out of 20)
2025-04-09 12:57:12 - INFO - aggregate_evaluate: received 20 results and 0 failures
2025-04-09 12:57:12 - INFO - 
2025-04-09 12:57:12 - INFO - [ROUND 20]
2025-04-09 12:57:12 - INFO - configure_fit: strategy sampled 20 clients (out of 20)
2025-04-09 12:57:16 - INFO - aggregate_fit: received 20 results and 0 failures
2025-04-09 12:57:16 - INFO - configure_evaluate: strategy sampled 20 clients (out of 20)
2025-04-09 12:57:17 - INFO - aggregate_evaluate: received 20 results and 0 failures
2025-04-09 12:57:17 - INFO - 
2025-04-09 12:57:17 - INFO - [SUMMARY]
2025-04-09 12:57:17 - INFO - Run finished 20 round(s) in 91.37s
2025-04-09 12:57:17 - INFO - 	History (loss, distributed):
2025-04-09 12:57:17 - INFO - 		round 1: 0.7239
2025-04-09 12:57:17 - INFO - 		round 2: 0.8343
2025-04-09 12:57:17 - INFO - 		round 3: 0.9163
2025-04-09 12:57:17 - INFO - 		round 4: 0.9315
2025-04-09 12:57:17 - INFO - 		round 5: 0.9396
2025-04-09 12:57:17 - INFO - 		round 6: 0.9332
2025-04-09 12:57:17 - INFO - 		round 7: 0.9298
2025-04-09 12:57:17 - INFO - 		round 8: 0.9349
2025-04-09 12:57:17 - INFO - 		round 9: 0.952
2025-04-09 12:57:17 - INFO - 		round 10: 0.9494
2025-04-09 12:57:17 - INFO - 		round 11: 0.953
2025-04-09 12:57:17 - INFO - 		round 12: 0.9543
2025-04-09 12:57:17 - INFO - 		round 13: 0.9483
2025-04-09 12:57:17 - INFO - 		round 14: 0.9518
2025-04-09 12:57:17 - INFO - 		round 15: 0.9551
2025-04-09 12:57:17 - INFO - 		round 16: 0.9531
2025-04-09 12:57:17 - INFO - 		round 17: 0.9564
2025-04-09 12:57:17 - INFO - 		round 18: 0.955
2025-04-09 12:57:17 - INFO - 		round 19: 0.9437
2025-04-09 12:57:17 - INFO - 		round 20: 0.9578
2025-04-09 12:57:17 - INFO - 	History (metrics, distributed, evaluate):
2025-04-09 12:57:17 - INFO - 	{'accuracy': [(1, 0.7239),
2025-04-09 12:57:17 - INFO - 	              (2, 0.8343),
2025-04-09 12:57:17 - INFO - 	              (3, 0.9163),
2025-04-09 12:57:17 - INFO - 	              (4, 0.9315),
2025-04-09 12:57:17 - INFO - 	              (5, 0.9396),
2025-04-09 12:57:17 - INFO - 	              (6, 0.9332),
2025-04-09 12:57:17 - INFO - 	              (7, 0.9298),
2025-04-09 12:57:17 - INFO - 	              (8, 0.9349),
2025-04-09 12:57:17 - INFO - 	              (9, 0.952),
2025-04-09 12:57:17 - INFO - 	              (10, 0.9494),
2025-04-09 12:57:17 - INFO - 	              (11, 0.953),
2025-04-09 12:57:17 - INFO - 	              (12, 0.9543),
2025-04-09 12:57:17 - INFO - 	              (13, 0.9483),
2025-04-09 12:57:17 - INFO - 	              (14, 0.9518),
2025-04-09 12:57:17 - INFO - 	              (15, 0.9551),
2025-04-09 12:57:17 - INFO - 	              (16, 0.9531),
2025-04-09 12:57:17 - INFO - 	              (17, 0.9564),
2025-04-09 12:57:17 - INFO - 	              (18, 0.955),
2025-04-09 12:57:17 - INFO - 	              (19, 0.9437),
2025-04-09 12:57:17 - INFO - 	              (20, 0.9578)],
2025-04-09 12:57:17 - INFO - 	 'clean_accuracy': [(1, 0.726625),
2025-04-09 12:57:17 - INFO - 	                    (2, 0.83125),
2025-04-09 12:57:17 - INFO - 	                    (3, 0.9115),
2025-04-09 12:57:17 - INFO - 	                    (4, 0.927625),
2025-04-09 12:57:17 - INFO - 	                    (5, 0.937125),
2025-04-09 12:57:17 - INFO - 	                    (6, 0.93225),
2025-04-09 12:57:17 - INFO - 	                    (7, 0.92675),
2025-04-09 12:57:17 - INFO - 	                    (8, 0.932),
2025-04-09 12:57:17 - INFO - 	                    (9, 0.95025),
2025-04-09 12:57:17 - INFO - 	                    (10, 0.94725),
2025-04-09 12:57:17 - INFO - 	                    (11, 0.94975),
2025-04-09 12:57:17 - INFO - 	                    (12, 0.95225),
2025-04-09 12:57:17 - INFO - 	                    (13, 0.9455),
2025-04-09 12:57:17 - INFO - 	                    (14, 0.949375),
2025-04-09 12:57:17 - INFO - 	                    (15, 0.953),
2025-04-09 12:57:17 - INFO - 	                    (16, 0.951375),
2025-04-09 12:57:17 - INFO - 	                    (17, 0.953),
2025-04-09 12:57:17 - INFO - 	                    (18, 0.95325),
2025-04-09 12:57:17 - INFO - 	                    (19, 0.9415),
2025-04-09 12:57:17 - INFO - 	                    (20, 0.95625)],
2025-04-09 12:57:17 - INFO - 	 'malicious_accuracy': [(1, 0.713),
2025-04-09 12:57:17 - INFO - 	                        (2, 0.8465),
2025-04-09 12:57:17 - INFO - 	                        (3, 0.9355),
2025-04-09 12:57:17 - INFO - 	                        (4, 0.947),
2025-04-09 12:57:17 - INFO - 	                        (5, 0.9495),
2025-04-09 12:57:17 - INFO - 	                        (6, 0.937),
2025-04-09 12:57:17 - INFO - 	                        (7, 0.942),
2025-04-09 12:57:17 - INFO - 	                        (8, 0.9465),
2025-04-09 12:57:17 - INFO - 	                        (9, 0.959),
2025-04-09 12:57:17 - INFO - 	                        (10, 0.958),
2025-04-09 12:57:17 - INFO - 	                        (11, 0.966),
2025-04-09 12:57:17 - INFO - 	                        (12, 0.9625),
2025-04-09 12:57:17 - INFO - 	                        (13, 0.9595),
2025-04-09 12:57:17 - INFO - 	                        (14, 0.9615),
2025-04-09 12:57:17 - INFO - 	                        (15, 0.9635),
2025-04-09 12:57:17 - INFO - 	                        (16, 0.96),
2025-04-09 12:57:17 - INFO - 	                        (17, 0.97),
2025-04-09 12:57:17 - INFO - 	                        (18, 0.962),
2025-04-09 12:57:17 - INFO - 	                        (19, 0.9525),
2025-04-09 12:57:17 - INFO - 	                        (20, 0.964)]}
2025-04-09 12:57:17 - INFO - 
