2025-04-14 19:47:19 - INFO - Starting Federated Learning Simulation: dataset type: iid, dataset name: mnist, strategy: FedAvg(accept_failures=True), rounds: 20, clients: 20
2025-04-14 19:47:19 - WARNING - DEPRECATED FEATURE: flwr.simulation.start_simulation() is deprecated.
	Instead, use the `flwr run` CLI command to start a local simulation in your Flower app, as shown for example below:

		$ flwr new  # Create a new Flower app from a template

		$ flwr run  # Run the Flower app in Simulation Mode

	Using `start_simulation()` is deprecated.

            This is a deprecated feature. It will be removed
            entirely in future versions of Flower.
        
2025-04-14 19:47:19 - INFO - Starting Flower simulation, config: num_rounds=20, no round_timeout
2025-04-14 19:47:22 - INFO - Flower VCE: Ray initialized with resources: {'accelerator_type:G': 1.0, 'node:__internal_head__': 1.0, 'CPU': 24.0, 'object_store_memory': 6524263219.0, 'node:127.0.0.1': 1.0, 'memory': 13048526439.0, 'GPU': 1.0}
2025-04-14 19:47:22 - INFO - Optimize your simulation with Flower VCE: https://flower.ai/docs/framework/how-to-run-simulations.html
2025-04-14 19:47:22 - INFO - No `client_resources` specified. Using minimal resources for clients.
2025-04-14 19:47:22 - INFO - Flower VCE: Resources for each Virtual Client: {'num_cpus': 1, 'num_gpus': 0.0}
2025-04-14 19:47:22 - INFO - Flower VCE: Creating VirtualClientEngineActorPool with 24 actors
2025-04-14 19:47:22 - INFO - [INIT]
2025-04-14 19:47:22 - INFO - Requesting initial parameters from one random client
2025-04-14 19:47:25 - INFO - Received initial parameters from one random client
2025-04-14 19:47:25 - INFO - Starting evaluation of initial global parameters
2025-04-14 19:47:25 - INFO - Evaluation returned no results (`None`)
2025-04-14 19:47:25 - INFO - 
2025-04-14 19:47:25 - INFO - [ROUND 1]
2025-04-14 19:47:25 - INFO - configure_fit: strategy sampled 20 clients (out of 20)
2025-04-14 19:47:33 - INFO - aggregate_fit: received 20 results and 0 failures
2025-04-14 19:47:33 - WARNING - No fit_metrics_aggregation_fn provided
2025-04-14 19:47:33 - INFO - configure_evaluate: strategy sampled 20 clients (out of 20)
2025-04-14 19:47:33 - INFO - aggregate_evaluate: received 20 results and 0 failures
2025-04-14 19:47:33 - INFO - 
2025-04-14 19:47:33 - INFO - [ROUND 2]
2025-04-14 19:47:33 - INFO - configure_fit: strategy sampled 20 clients (out of 20)
2025-04-14 19:47:37 - INFO - aggregate_fit: received 20 results and 0 failures
2025-04-14 19:47:37 - INFO - configure_evaluate: strategy sampled 20 clients (out of 20)
2025-04-14 19:47:37 - INFO - aggregate_evaluate: received 20 results and 0 failures
2025-04-14 19:47:37 - INFO - 
2025-04-14 19:47:37 - INFO - [ROUND 3]
2025-04-14 19:47:37 - INFO - configure_fit: strategy sampled 20 clients (out of 20)
2025-04-14 19:47:41 - INFO - aggregate_fit: received 20 results and 0 failures
2025-04-14 19:47:41 - INFO - configure_evaluate: strategy sampled 20 clients (out of 20)
2025-04-14 19:47:41 - INFO - aggregate_evaluate: received 20 results and 0 failures
2025-04-14 19:47:41 - INFO - 
2025-04-14 19:47:41 - INFO - [ROUND 4]
2025-04-14 19:47:41 - INFO - configure_fit: strategy sampled 20 clients (out of 20)
2025-04-14 19:47:45 - INFO - aggregate_fit: received 20 results and 0 failures
2025-04-14 19:47:45 - INFO - configure_evaluate: strategy sampled 20 clients (out of 20)
2025-04-14 19:47:46 - INFO - aggregate_evaluate: received 20 results and 0 failures
2025-04-14 19:47:46 - INFO - 
2025-04-14 19:47:46 - INFO - [ROUND 5]
2025-04-14 19:47:46 - INFO - configure_fit: strategy sampled 20 clients (out of 20)
2025-04-14 19:47:49 - INFO - aggregate_fit: received 20 results and 0 failures
2025-04-14 19:47:49 - INFO - configure_evaluate: strategy sampled 20 clients (out of 20)
2025-04-14 19:47:50 - INFO - aggregate_evaluate: received 20 results and 0 failures
2025-04-14 19:47:50 - INFO - 
2025-04-14 19:47:50 - INFO - [ROUND 6]
2025-04-14 19:47:50 - INFO - configure_fit: strategy sampled 20 clients (out of 20)
2025-04-14 19:47:54 - INFO - aggregate_fit: received 20 results and 0 failures
2025-04-14 19:47:54 - INFO - configure_evaluate: strategy sampled 20 clients (out of 20)
2025-04-14 19:47:54 - INFO - aggregate_evaluate: received 20 results and 0 failures
2025-04-14 19:47:54 - INFO - 
2025-04-14 19:47:54 - INFO - [ROUND 7]
2025-04-14 19:47:54 - INFO - configure_fit: strategy sampled 20 clients (out of 20)
2025-04-14 19:47:58 - INFO - aggregate_fit: received 20 results and 0 failures
2025-04-14 19:47:58 - INFO - configure_evaluate: strategy sampled 20 clients (out of 20)
2025-04-14 19:47:58 - INFO - aggregate_evaluate: received 20 results and 0 failures
2025-04-14 19:47:58 - INFO - 
2025-04-14 19:47:58 - INFO - [ROUND 8]
2025-04-14 19:47:58 - INFO - configure_fit: strategy sampled 20 clients (out of 20)
2025-04-14 19:48:02 - INFO - aggregate_fit: received 20 results and 0 failures
2025-04-14 19:48:02 - INFO - configure_evaluate: strategy sampled 20 clients (out of 20)
2025-04-14 19:48:02 - INFO - aggregate_evaluate: received 20 results and 0 failures
2025-04-14 19:48:02 - INFO - 
2025-04-14 19:48:02 - INFO - [ROUND 9]
2025-04-14 19:48:02 - INFO - configure_fit: strategy sampled 20 clients (out of 20)
2025-04-14 19:48:06 - INFO - aggregate_fit: received 20 results and 0 failures
2025-04-14 19:48:06 - INFO - configure_evaluate: strategy sampled 20 clients (out of 20)
2025-04-14 19:48:07 - INFO - aggregate_evaluate: received 20 results and 0 failures
2025-04-14 19:48:07 - INFO - 
2025-04-14 19:48:07 - INFO - [ROUND 10]
2025-04-14 19:48:07 - INFO - configure_fit: strategy sampled 20 clients (out of 20)
2025-04-14 19:48:10 - INFO - aggregate_fit: received 20 results and 0 failures
2025-04-14 19:48:10 - INFO - configure_evaluate: strategy sampled 20 clients (out of 20)
2025-04-14 19:48:11 - INFO - aggregate_evaluate: received 20 results and 0 failures
2025-04-14 19:48:11 - INFO - 
2025-04-14 19:48:11 - INFO - [ROUND 11]
2025-04-14 19:48:11 - INFO - configure_fit: strategy sampled 20 clients (out of 20)
2025-04-14 19:48:14 - INFO - aggregate_fit: received 20 results and 0 failures
2025-04-14 19:48:14 - INFO - configure_evaluate: strategy sampled 20 clients (out of 20)
2025-04-14 19:48:15 - INFO - aggregate_evaluate: received 20 results and 0 failures
2025-04-14 19:48:15 - INFO - 
2025-04-14 19:48:15 - INFO - [ROUND 12]
2025-04-14 19:48:15 - INFO - configure_fit: strategy sampled 20 clients (out of 20)
2025-04-14 19:48:18 - INFO - aggregate_fit: received 20 results and 0 failures
2025-04-14 19:48:18 - INFO - configure_evaluate: strategy sampled 20 clients (out of 20)
2025-04-14 19:48:19 - INFO - aggregate_evaluate: received 20 results and 0 failures
2025-04-14 19:48:19 - INFO - 
2025-04-14 19:48:19 - INFO - [ROUND 13]
2025-04-14 19:48:19 - INFO - configure_fit: strategy sampled 20 clients (out of 20)
2025-04-14 19:48:22 - INFO - aggregate_fit: received 20 results and 0 failures
2025-04-14 19:48:23 - INFO - configure_evaluate: strategy sampled 20 clients (out of 20)
2025-04-14 19:48:23 - INFO - aggregate_evaluate: received 20 results and 0 failures
2025-04-14 19:48:23 - INFO - 
2025-04-14 19:48:23 - INFO - [ROUND 14]
2025-04-14 19:48:23 - INFO - configure_fit: strategy sampled 20 clients (out of 20)
2025-04-14 19:48:27 - INFO - aggregate_fit: received 20 results and 0 failures
2025-04-14 19:48:27 - INFO - configure_evaluate: strategy sampled 20 clients (out of 20)
2025-04-14 19:48:27 - INFO - aggregate_evaluate: received 20 results and 0 failures
2025-04-14 19:48:27 - INFO - 
2025-04-14 19:48:27 - INFO - [ROUND 15]
2025-04-14 19:48:27 - INFO - configure_fit: strategy sampled 20 clients (out of 20)
2025-04-14 19:48:31 - INFO - aggregate_fit: received 20 results and 0 failures
2025-04-14 19:48:31 - INFO - configure_evaluate: strategy sampled 20 clients (out of 20)
2025-04-14 19:48:31 - INFO - aggregate_evaluate: received 20 results and 0 failures
2025-04-14 19:48:31 - INFO - 
2025-04-14 19:48:31 - INFO - [ROUND 16]
2025-04-14 19:48:31 - INFO - configure_fit: strategy sampled 20 clients (out of 20)
2025-04-14 19:48:35 - INFO - aggregate_fit: received 20 results and 0 failures
2025-04-14 19:48:35 - INFO - configure_evaluate: strategy sampled 20 clients (out of 20)
2025-04-14 19:48:35 - INFO - aggregate_evaluate: received 20 results and 0 failures
2025-04-14 19:48:35 - INFO - 
2025-04-14 19:48:35 - INFO - [ROUND 17]
2025-04-14 19:48:35 - INFO - configure_fit: strategy sampled 20 clients (out of 20)
2025-04-14 19:48:39 - INFO - aggregate_fit: received 20 results and 0 failures
2025-04-14 19:48:39 - INFO - configure_evaluate: strategy sampled 20 clients (out of 20)
2025-04-14 19:48:39 - INFO - aggregate_evaluate: received 20 results and 0 failures
2025-04-14 19:48:39 - INFO - 
2025-04-14 19:48:39 - INFO - [ROUND 18]
2025-04-14 19:48:39 - INFO - configure_fit: strategy sampled 20 clients (out of 20)
2025-04-14 19:48:43 - INFO - aggregate_fit: received 20 results and 0 failures
2025-04-14 19:48:43 - INFO - configure_evaluate: strategy sampled 20 clients (out of 20)
2025-04-14 19:48:43 - INFO - aggregate_evaluate: received 20 results and 0 failures
2025-04-14 19:48:43 - INFO - 
2025-04-14 19:48:43 - INFO - [ROUND 19]
2025-04-14 19:48:43 - INFO - configure_fit: strategy sampled 20 clients (out of 20)
2025-04-14 19:48:47 - INFO - aggregate_fit: received 20 results and 0 failures
2025-04-14 19:48:47 - INFO - configure_evaluate: strategy sampled 20 clients (out of 20)
2025-04-14 19:48:47 - INFO - aggregate_evaluate: received 20 results and 0 failures
2025-04-14 19:48:47 - INFO - 
2025-04-14 19:48:47 - INFO - [ROUND 20]
2025-04-14 19:48:47 - INFO - configure_fit: strategy sampled 20 clients (out of 20)
2025-04-14 19:48:51 - INFO - aggregate_fit: received 20 results and 0 failures
2025-04-14 19:48:51 - INFO - configure_evaluate: strategy sampled 20 clients (out of 20)
2025-04-14 19:48:52 - INFO - aggregate_evaluate: received 20 results and 0 failures
2025-04-14 19:48:52 - INFO - 
2025-04-14 19:48:52 - INFO - [SUMMARY]
2025-04-14 19:48:52 - INFO - Run finished 20 round(s) in 86.93s
2025-04-14 19:48:52 - INFO - 	History (loss, distributed):
2025-04-14 19:48:52 - INFO - 		round 1: 0.9314
2025-04-14 19:48:52 - INFO - 		round 2: 0.9605
2025-04-14 19:48:52 - INFO - 		round 3: 0.9694
2025-04-14 19:48:52 - INFO - 		round 4: 0.9755
2025-04-14 19:48:52 - INFO - 		round 5: 0.9791
2025-04-14 19:48:52 - INFO - 		round 6: 0.9805
2025-04-14 19:48:52 - INFO - 		round 7: 0.9817
2025-04-14 19:48:52 - INFO - 		round 8: 0.9823
2025-04-14 19:48:52 - INFO - 		round 9: 0.9832
2025-04-14 19:48:52 - INFO - 		round 10: 0.985
2025-04-14 19:48:52 - INFO - 		round 11: 0.9852
2025-04-14 19:48:52 - INFO - 		round 12: 0.9856
2025-04-14 19:48:52 - INFO - 		round 13: 0.9865
2025-04-14 19:48:52 - INFO - 		round 14: 0.9863
2025-04-14 19:48:52 - INFO - 		round 15: 0.9879
2025-04-14 19:48:52 - INFO - 		round 16: 0.988
2025-04-14 19:48:52 - INFO - 		round 17: 0.9879
2025-04-14 19:48:52 - INFO - 		round 18: 0.9883
2025-04-14 19:48:52 - INFO - 		round 19: 0.9899
2025-04-14 19:48:52 - INFO - 		round 20: 0.9885
2025-04-14 19:48:52 - INFO - 	History (metrics, distributed, evaluate):
2025-04-14 19:48:52 - INFO - 	{'accuracy': [(1, 0.9314),
2025-04-14 19:48:52 - INFO - 	              (2, 0.9605),
2025-04-14 19:48:52 - INFO - 	              (3, 0.9694),
2025-04-14 19:48:52 - INFO - 	              (4, 0.9755),
2025-04-14 19:48:52 - INFO - 	              (5, 0.9791),
2025-04-14 19:48:52 - INFO - 	              (6, 0.9805),
2025-04-14 19:48:52 - INFO - 	              (7, 0.9817),
2025-04-14 19:48:52 - INFO - 	              (8, 0.9823),
2025-04-14 19:48:52 - INFO - 	              (9, 0.9832),
2025-04-14 19:48:52 - INFO - 	              (10, 0.985),
2025-04-14 19:48:52 - INFO - 	              (11, 0.9852),
2025-04-14 19:48:52 - INFO - 	              (12, 0.9856),
2025-04-14 19:48:52 - INFO - 	              (13, 0.9865),
2025-04-14 19:48:52 - INFO - 	              (14, 0.9863),
2025-04-14 19:48:52 - INFO - 	              (15, 0.9879),
2025-04-14 19:48:52 - INFO - 	              (16, 0.988),
2025-04-14 19:48:52 - INFO - 	              (17, 0.9879),
2025-04-14 19:48:52 - INFO - 	              (18, 0.9883),
2025-04-14 19:48:52 - INFO - 	              (19, 0.9899),
2025-04-14 19:48:52 - INFO - 	              (20, 0.9885)],
2025-04-14 19:48:52 - INFO - 	 'clean_accuracy': [(1, 0.9314),
2025-04-14 19:48:52 - INFO - 	                    (2, 0.9605),
2025-04-14 19:48:52 - INFO - 	                    (3, 0.9694),
2025-04-14 19:48:52 - INFO - 	                    (4, 0.9755),
2025-04-14 19:48:52 - INFO - 	                    (5, 0.9791),
2025-04-14 19:48:52 - INFO - 	                    (6, 0.9805),
2025-04-14 19:48:52 - INFO - 	                    (7, 0.9817),
2025-04-14 19:48:52 - INFO - 	                    (8, 0.9823),
2025-04-14 19:48:52 - INFO - 	                    (9, 0.9832),
2025-04-14 19:48:52 - INFO - 	                    (10, 0.985),
2025-04-14 19:48:52 - INFO - 	                    (11, 0.9852),
2025-04-14 19:48:52 - INFO - 	                    (12, 0.9856),
2025-04-14 19:48:52 - INFO - 	                    (13, 0.9865),
2025-04-14 19:48:52 - INFO - 	                    (14, 0.9863),
2025-04-14 19:48:52 - INFO - 	                    (15, 0.9879),
2025-04-14 19:48:52 - INFO - 	                    (16, 0.988),
2025-04-14 19:48:52 - INFO - 	                    (17, 0.9879),
2025-04-14 19:48:52 - INFO - 	                    (18, 0.9883),
2025-04-14 19:48:52 - INFO - 	                    (19, 0.9899),
2025-04-14 19:48:52 - INFO - 	                    (20, 0.9885)],
2025-04-14 19:48:52 - INFO - 	 'malicious_accuracy': [(1, 0.0),
2025-04-14 19:48:52 - INFO - 	                        (2, 0.0),
2025-04-14 19:48:52 - INFO - 	                        (3, 0.0),
2025-04-14 19:48:52 - INFO - 	                        (4, 0.0),
2025-04-14 19:48:52 - INFO - 	                        (5, 0.0),
2025-04-14 19:48:52 - INFO - 	                        (6, 0.0),
2025-04-14 19:48:52 - INFO - 	                        (7, 0.0),
2025-04-14 19:48:52 - INFO - 	                        (8, 0.0),
2025-04-14 19:48:52 - INFO - 	                        (9, 0.0),
2025-04-14 19:48:52 - INFO - 	                        (10, 0.0),
2025-04-14 19:48:52 - INFO - 	                        (11, 0.0),
2025-04-14 19:48:52 - INFO - 	                        (12, 0.0),
2025-04-14 19:48:52 - INFO - 	                        (13, 0.0),
2025-04-14 19:48:52 - INFO - 	                        (14, 0.0),
2025-04-14 19:48:52 - INFO - 	                        (15, 0.0),
2025-04-14 19:48:52 - INFO - 	                        (16, 0.0),
2025-04-14 19:48:52 - INFO - 	                        (17, 0.0),
2025-04-14 19:48:52 - INFO - 	                        (18, 0.0),
2025-04-14 19:48:52 - INFO - 	                        (19, 0.0),
2025-04-14 19:48:52 - INFO - 	                        (20, 0.0)]}
2025-04-14 19:48:52 - INFO - 
2025-04-14 19:48:53 - INFO - Starting Federated Learning Simulation: dataset type: iid, dataset name: mnist, strategy: FedAvg(accept_failures=True), rounds: 20, clients: 20
2025-04-14 19:48:53 - WARNING - DEPRECATED FEATURE: flwr.simulation.start_simulation() is deprecated.
	Instead, use the `flwr run` CLI command to start a local simulation in your Flower app, as shown for example below:

		$ flwr new  # Create a new Flower app from a template

		$ flwr run  # Run the Flower app in Simulation Mode

	Using `start_simulation()` is deprecated.

            This is a deprecated feature. It will be removed
            entirely in future versions of Flower.
        
2025-04-14 19:48:53 - INFO - Starting Flower simulation, config: num_rounds=20, no round_timeout
2025-04-14 19:48:56 - INFO - Flower VCE: Ray initialized with resources: {'accelerator_type:G': 1.0, 'node:__internal_head__': 1.0, 'CPU': 24.0, 'object_store_memory': 6512929996.0, 'node:127.0.0.1': 1.0, 'memory': 13025859995.0, 'GPU': 1.0}
2025-04-14 19:48:56 - INFO - Optimize your simulation with Flower VCE: https://flower.ai/docs/framework/how-to-run-simulations.html
2025-04-14 19:48:56 - INFO - No `client_resources` specified. Using minimal resources for clients.
2025-04-14 19:48:56 - INFO - Flower VCE: Resources for each Virtual Client: {'num_cpus': 1, 'num_gpus': 0.0}
2025-04-14 19:48:56 - INFO - Flower VCE: Creating VirtualClientEngineActorPool with 24 actors
2025-04-14 19:48:56 - INFO - [INIT]
2025-04-14 19:48:56 - INFO - Requesting initial parameters from one random client
2025-04-14 19:48:59 - INFO - Received initial parameters from one random client
2025-04-14 19:48:59 - INFO - Starting evaluation of initial global parameters
2025-04-14 19:48:59 - INFO - Evaluation returned no results (`None`)
2025-04-14 19:48:59 - INFO - 
2025-04-14 19:48:59 - INFO - [ROUND 1]
2025-04-14 19:48:59 - INFO - configure_fit: strategy sampled 20 clients (out of 20)
2025-04-14 19:49:07 - INFO - aggregate_fit: received 20 results and 0 failures
2025-04-14 19:49:07 - WARNING - No fit_metrics_aggregation_fn provided
2025-04-14 19:49:07 - INFO - configure_evaluate: strategy sampled 20 clients (out of 20)
2025-04-14 19:49:07 - INFO - aggregate_evaluate: received 20 results and 0 failures
2025-04-14 19:49:07 - INFO - 
2025-04-14 19:49:07 - INFO - [ROUND 2]
2025-04-14 19:49:07 - INFO - configure_fit: strategy sampled 20 clients (out of 20)
2025-04-14 19:49:11 - INFO - aggregate_fit: received 20 results and 0 failures
2025-04-14 19:49:11 - INFO - configure_evaluate: strategy sampled 20 clients (out of 20)
2025-04-14 19:49:11 - INFO - aggregate_evaluate: received 20 results and 0 failures
2025-04-14 19:49:11 - INFO - 
2025-04-14 19:49:11 - INFO - [ROUND 3]
2025-04-14 19:49:11 - INFO - configure_fit: strategy sampled 20 clients (out of 20)
2025-04-14 19:49:15 - INFO - aggregate_fit: received 20 results and 0 failures
2025-04-14 19:49:15 - INFO - configure_evaluate: strategy sampled 20 clients (out of 20)
2025-04-14 19:49:15 - INFO - aggregate_evaluate: received 20 results and 0 failures
2025-04-14 19:49:15 - INFO - 
2025-04-14 19:49:15 - INFO - [ROUND 4]
2025-04-14 19:49:15 - INFO - configure_fit: strategy sampled 20 clients (out of 20)
2025-04-14 19:49:19 - INFO - aggregate_fit: received 20 results and 0 failures
2025-04-14 19:49:19 - INFO - configure_evaluate: strategy sampled 20 clients (out of 20)
2025-04-14 19:49:19 - INFO - aggregate_evaluate: received 20 results and 0 failures
2025-04-14 19:49:19 - INFO - 
2025-04-14 19:49:19 - INFO - [ROUND 5]
2025-04-14 19:49:19 - INFO - configure_fit: strategy sampled 20 clients (out of 20)
2025-04-14 19:49:23 - INFO - aggregate_fit: received 20 results and 0 failures
2025-04-14 19:49:23 - INFO - configure_evaluate: strategy sampled 20 clients (out of 20)
2025-04-14 19:49:24 - INFO - aggregate_evaluate: received 20 results and 0 failures
2025-04-14 19:49:24 - INFO - 
2025-04-14 19:49:24 - INFO - [ROUND 6]
2025-04-14 19:49:24 - INFO - configure_fit: strategy sampled 20 clients (out of 20)
2025-04-14 19:49:27 - INFO - aggregate_fit: received 20 results and 0 failures
2025-04-14 19:49:27 - INFO - configure_evaluate: strategy sampled 20 clients (out of 20)
2025-04-14 19:49:28 - INFO - aggregate_evaluate: received 20 results and 0 failures
2025-04-14 19:49:28 - INFO - 
2025-04-14 19:49:28 - INFO - [ROUND 7]
2025-04-14 19:49:28 - INFO - configure_fit: strategy sampled 20 clients (out of 20)
2025-04-14 19:49:31 - INFO - aggregate_fit: received 20 results and 0 failures
2025-04-14 19:49:31 - INFO - configure_evaluate: strategy sampled 20 clients (out of 20)
2025-04-14 19:49:32 - INFO - aggregate_evaluate: received 20 results and 0 failures
2025-04-14 19:49:32 - INFO - 
2025-04-14 19:49:32 - INFO - [ROUND 8]
2025-04-14 19:49:32 - INFO - configure_fit: strategy sampled 20 clients (out of 20)
2025-04-14 19:49:35 - INFO - aggregate_fit: received 20 results and 0 failures
2025-04-14 19:49:35 - INFO - configure_evaluate: strategy sampled 20 clients (out of 20)
2025-04-14 19:49:36 - INFO - aggregate_evaluate: received 20 results and 0 failures
2025-04-14 19:49:36 - INFO - 
2025-04-14 19:49:36 - INFO - [ROUND 9]
2025-04-14 19:49:36 - INFO - configure_fit: strategy sampled 20 clients (out of 20)
2025-04-14 19:49:40 - INFO - aggregate_fit: received 20 results and 0 failures
2025-04-14 19:49:40 - INFO - configure_evaluate: strategy sampled 20 clients (out of 20)
2025-04-14 19:49:40 - INFO - aggregate_evaluate: received 20 results and 0 failures
2025-04-14 19:49:40 - INFO - 
2025-04-14 19:49:40 - INFO - [ROUND 10]
2025-04-14 19:49:40 - INFO - configure_fit: strategy sampled 20 clients (out of 20)
2025-04-14 19:49:44 - INFO - aggregate_fit: received 20 results and 0 failures
2025-04-14 19:49:44 - INFO - configure_evaluate: strategy sampled 20 clients (out of 20)
2025-04-14 19:49:44 - INFO - aggregate_evaluate: received 20 results and 0 failures
2025-04-14 19:49:44 - INFO - 
2025-04-14 19:49:44 - INFO - [ROUND 11]
2025-04-14 19:49:44 - INFO - configure_fit: strategy sampled 20 clients (out of 20)
2025-04-14 19:49:48 - INFO - aggregate_fit: received 20 results and 0 failures
2025-04-14 19:49:48 - INFO - configure_evaluate: strategy sampled 20 clients (out of 20)
2025-04-14 19:49:48 - INFO - aggregate_evaluate: received 20 results and 0 failures
2025-04-14 19:49:48 - INFO - 
2025-04-14 19:49:48 - INFO - [ROUND 12]
2025-04-14 19:49:48 - INFO - configure_fit: strategy sampled 20 clients (out of 20)
2025-04-14 19:49:52 - INFO - aggregate_fit: received 20 results and 0 failures
2025-04-14 19:49:52 - INFO - configure_evaluate: strategy sampled 20 clients (out of 20)
2025-04-14 19:49:52 - INFO - aggregate_evaluate: received 20 results and 0 failures
2025-04-14 19:49:52 - INFO - 
2025-04-14 19:49:52 - INFO - [ROUND 13]
2025-04-14 19:49:52 - INFO - configure_fit: strategy sampled 20 clients (out of 20)
2025-04-14 19:49:56 - INFO - aggregate_fit: received 20 results and 0 failures
2025-04-14 19:49:56 - INFO - configure_evaluate: strategy sampled 20 clients (out of 20)
2025-04-14 19:49:56 - INFO - aggregate_evaluate: received 20 results and 0 failures
2025-04-14 19:49:56 - INFO - 
2025-04-14 19:49:56 - INFO - [ROUND 14]
2025-04-14 19:49:56 - INFO - configure_fit: strategy sampled 20 clients (out of 20)
2025-04-14 19:50:00 - INFO - aggregate_fit: received 20 results and 0 failures
2025-04-14 19:50:00 - INFO - configure_evaluate: strategy sampled 20 clients (out of 20)
2025-04-14 19:50:01 - INFO - aggregate_evaluate: received 20 results and 0 failures
2025-04-14 19:50:01 - INFO - 
2025-04-14 19:50:01 - INFO - [ROUND 15]
2025-04-14 19:50:01 - INFO - configure_fit: strategy sampled 20 clients (out of 20)
2025-04-14 19:50:04 - INFO - aggregate_fit: received 20 results and 0 failures
2025-04-14 19:50:04 - INFO - configure_evaluate: strategy sampled 20 clients (out of 20)
2025-04-14 19:50:05 - INFO - aggregate_evaluate: received 20 results and 0 failures
2025-04-14 19:50:05 - INFO - 
2025-04-14 19:50:05 - INFO - [ROUND 16]
2025-04-14 19:50:05 - INFO - configure_fit: strategy sampled 20 clients (out of 20)
2025-04-14 19:50:08 - INFO - aggregate_fit: received 20 results and 0 failures
2025-04-14 19:50:08 - INFO - configure_evaluate: strategy sampled 20 clients (out of 20)
2025-04-14 19:50:09 - INFO - aggregate_evaluate: received 20 results and 0 failures
2025-04-14 19:50:09 - INFO - 
2025-04-14 19:50:09 - INFO - [ROUND 17]
2025-04-14 19:50:09 - INFO - configure_fit: strategy sampled 20 clients (out of 20)
2025-04-14 19:50:13 - INFO - aggregate_fit: received 20 results and 0 failures
2025-04-14 19:50:13 - INFO - configure_evaluate: strategy sampled 20 clients (out of 20)
2025-04-14 19:50:13 - INFO - aggregate_evaluate: received 20 results and 0 failures
2025-04-14 19:50:13 - INFO - 
2025-04-14 19:50:13 - INFO - [ROUND 18]
2025-04-14 19:50:13 - INFO - configure_fit: strategy sampled 20 clients (out of 20)
2025-04-14 19:50:17 - INFO - aggregate_fit: received 20 results and 0 failures
2025-04-14 19:50:17 - INFO - configure_evaluate: strategy sampled 20 clients (out of 20)
2025-04-14 19:50:17 - INFO - aggregate_evaluate: received 20 results and 0 failures
2025-04-14 19:50:17 - INFO - 
2025-04-14 19:50:17 - INFO - [ROUND 19]
2025-04-14 19:50:17 - INFO - configure_fit: strategy sampled 20 clients (out of 20)
2025-04-14 19:50:21 - INFO - aggregate_fit: received 20 results and 0 failures
2025-04-14 19:50:21 - INFO - configure_evaluate: strategy sampled 20 clients (out of 20)
2025-04-14 19:50:21 - INFO - aggregate_evaluate: received 20 results and 0 failures
2025-04-14 19:50:21 - INFO - 
2025-04-14 19:50:21 - INFO - [ROUND 20]
2025-04-14 19:50:21 - INFO - configure_fit: strategy sampled 20 clients (out of 20)
2025-04-14 19:50:25 - INFO - aggregate_fit: received 20 results and 0 failures
2025-04-14 19:50:25 - INFO - configure_evaluate: strategy sampled 20 clients (out of 20)
2025-04-14 19:50:25 - INFO - aggregate_evaluate: received 20 results and 0 failures
2025-04-14 19:50:25 - INFO - 
2025-04-14 19:50:25 - INFO - [SUMMARY]
2025-04-14 19:50:25 - INFO - Run finished 20 round(s) in 86.05s
2025-04-14 19:50:25 - INFO - 	History (loss, distributed):
2025-04-14 19:50:25 - INFO - 		round 1: 0.936
2025-04-14 19:50:25 - INFO - 		round 2: 0.9609
2025-04-14 19:50:25 - INFO - 		round 3: 0.9711
2025-04-14 19:50:25 - INFO - 		round 4: 0.9749
2025-04-14 19:50:25 - INFO - 		round 5: 0.9799
2025-04-14 19:50:25 - INFO - 		round 6: 0.9805
2025-04-14 19:50:25 - INFO - 		round 7: 0.9828
2025-04-14 19:50:25 - INFO - 		round 8: 0.9833
2025-04-14 19:50:25 - INFO - 		round 9: 0.9843
2025-04-14 19:50:25 - INFO - 		round 10: 0.986
2025-04-14 19:50:25 - INFO - 		round 11: 0.9871
2025-04-14 19:50:25 - INFO - 		round 12: 0.9875
2025-04-14 19:50:25 - INFO - 		round 13: 0.988
2025-04-14 19:50:25 - INFO - 		round 14: 0.9876
2025-04-14 19:50:25 - INFO - 		round 15: 0.9886
2025-04-14 19:50:25 - INFO - 		round 16: 0.9887
2025-04-14 19:50:25 - INFO - 		round 17: 0.9889
2025-04-14 19:50:25 - INFO - 		round 18: 0.9892
2025-04-14 19:50:25 - INFO - 		round 19: 0.9898
2025-04-14 19:50:25 - INFO - 		round 20: 0.9896
2025-04-14 19:50:25 - INFO - 	History (metrics, distributed, evaluate):
2025-04-14 19:50:25 - INFO - 	{'accuracy': [(1, 0.936),
2025-04-14 19:50:25 - INFO - 	              (2, 0.9609),
2025-04-14 19:50:25 - INFO - 	              (3, 0.9711),
2025-04-14 19:50:25 - INFO - 	              (4, 0.9749),
2025-04-14 19:50:25 - INFO - 	              (5, 0.9799),
2025-04-14 19:50:25 - INFO - 	              (6, 0.9805),
2025-04-14 19:50:25 - INFO - 	              (7, 0.9828),
2025-04-14 19:50:25 - INFO - 	              (8, 0.9833),
2025-04-14 19:50:25 - INFO - 	              (9, 0.9843),
2025-04-14 19:50:25 - INFO - 	              (10, 0.986),
2025-04-14 19:50:25 - INFO - 	              (11, 0.9871),
2025-04-14 19:50:25 - INFO - 	              (12, 0.9875),
2025-04-14 19:50:25 - INFO - 	              (13, 0.988),
2025-04-14 19:50:25 - INFO - 	              (14, 0.9876),
2025-04-14 19:50:25 - INFO - 	              (15, 0.9886),
2025-04-14 19:50:25 - INFO - 	              (16, 0.9887),
2025-04-14 19:50:25 - INFO - 	              (17, 0.9889),
2025-04-14 19:50:25 - INFO - 	              (18, 0.9892),
2025-04-14 19:50:25 - INFO - 	              (19, 0.9898),
2025-04-14 19:50:25 - INFO - 	              (20, 0.9896)],
2025-04-14 19:50:25 - INFO - 	 'clean_accuracy': [(1, 0.932625),
2025-04-14 19:50:25 - INFO - 	                    (2, 0.957375),
2025-04-14 19:50:25 - INFO - 	                    (3, 0.967625),
2025-04-14 19:50:25 - INFO - 	                    (4, 0.97125),
2025-04-14 19:50:25 - INFO - 	                    (5, 0.977375),
2025-04-14 19:50:25 - INFO - 	                    (6, 0.978125),
2025-04-14 19:50:25 - INFO - 	                    (7, 0.981),
2025-04-14 19:50:25 - INFO - 	                    (8, 0.98125),
2025-04-14 19:50:25 - INFO - 	                    (9, 0.982125),
2025-04-14 19:50:25 - INFO - 	                    (10, 0.984625),
2025-04-14 19:50:25 - INFO - 	                    (11, 0.985875),
2025-04-14 19:50:25 - INFO - 	                    (12, 0.986125),
2025-04-14 19:50:25 - INFO - 	                    (13, 0.98675),
2025-04-14 19:50:25 - INFO - 	                    (14, 0.986125),
2025-04-14 19:50:25 - INFO - 	                    (15, 0.987375),
2025-04-14 19:50:25 - INFO - 	                    (16, 0.987375),
2025-04-14 19:50:25 - INFO - 	                    (17, 0.987625),
2025-04-14 19:50:25 - INFO - 	                    (18, 0.988),
2025-04-14 19:50:25 - INFO - 	                    (19, 0.9885),
2025-04-14 19:50:25 - INFO - 	                    (20, 0.988375)],
2025-04-14 19:50:25 - INFO - 	 'malicious_accuracy': [(1, 0.9495),
2025-04-14 19:50:25 - INFO - 	                        (2, 0.975),
2025-04-14 19:50:25 - INFO - 	                        (3, 0.985),
2025-04-14 19:50:25 - INFO - 	                        (4, 0.9895),
2025-04-14 19:50:25 - INFO - 	                        (5, 0.99),
2025-04-14 19:50:25 - INFO - 	                        (6, 0.99),
2025-04-14 19:50:25 - INFO - 	                        (7, 0.99),
2025-04-14 19:50:25 - INFO - 	                        (8, 0.9915),
2025-04-14 19:50:25 - INFO - 	                        (9, 0.993),
2025-04-14 19:50:25 - INFO - 	                        (10, 0.9915),
2025-04-14 19:50:25 - INFO - 	                        (11, 0.992),
2025-04-14 19:50:25 - INFO - 	                        (12, 0.993),
2025-04-14 19:50:25 - INFO - 	                        (13, 0.993),
2025-04-14 19:50:25 - INFO - 	                        (14, 0.9935),
2025-04-14 19:50:25 - INFO - 	                        (15, 0.9935),
2025-04-14 19:50:25 - INFO - 	                        (16, 0.994),
2025-04-14 19:50:25 - INFO - 	                        (17, 0.994),
2025-04-14 19:50:25 - INFO - 	                        (18, 0.994),
2025-04-14 19:50:25 - INFO - 	                        (19, 0.995),
2025-04-14 19:50:25 - INFO - 	                        (20, 0.9945)]}
2025-04-14 19:50:25 - INFO - 
2025-04-14 19:50:26 - INFO - Starting Federated Learning Simulation: dataset type: iid, dataset name: mnist, strategy: FedAvg(accept_failures=True), rounds: 20, clients: 20
2025-04-14 19:50:26 - WARNING - DEPRECATED FEATURE: flwr.simulation.start_simulation() is deprecated.
	Instead, use the `flwr run` CLI command to start a local simulation in your Flower app, as shown for example below:

		$ flwr new  # Create a new Flower app from a template

		$ flwr run  # Run the Flower app in Simulation Mode

	Using `start_simulation()` is deprecated.

            This is a deprecated feature. It will be removed
            entirely in future versions of Flower.
        
2025-04-14 19:50:26 - INFO - Starting Flower simulation, config: num_rounds=20, no round_timeout
2025-04-14 19:50:30 - INFO - Flower VCE: Ray initialized with resources: {'accelerator_type:G': 1.0, 'node:__internal_head__': 1.0, 'CPU': 24.0, 'memory': 13047580263.0, 'node:127.0.0.1': 1.0, 'object_store_memory': 6523790131.0, 'GPU': 1.0}
2025-04-14 19:50:30 - INFO - Optimize your simulation with Flower VCE: https://flower.ai/docs/framework/how-to-run-simulations.html
2025-04-14 19:50:30 - INFO - No `client_resources` specified. Using minimal resources for clients.
2025-04-14 19:50:30 - INFO - Flower VCE: Resources for each Virtual Client: {'num_cpus': 1, 'num_gpus': 0.0}
2025-04-14 19:50:30 - INFO - Flower VCE: Creating VirtualClientEngineActorPool with 24 actors
2025-04-14 19:50:30 - INFO - [INIT]
2025-04-14 19:50:30 - INFO - Requesting initial parameters from one random client
2025-04-14 19:50:33 - INFO - Received initial parameters from one random client
2025-04-14 19:50:33 - INFO - Starting evaluation of initial global parameters
2025-04-14 19:50:33 - INFO - Evaluation returned no results (`None`)
2025-04-14 19:50:33 - INFO - 
2025-04-14 19:50:33 - INFO - [ROUND 1]
2025-04-14 19:50:33 - INFO - configure_fit: strategy sampled 20 clients (out of 20)
2025-04-14 19:50:40 - INFO - aggregate_fit: received 20 results and 0 failures
2025-04-14 19:50:40 - WARNING - No fit_metrics_aggregation_fn provided
2025-04-14 19:50:40 - INFO - configure_evaluate: strategy sampled 20 clients (out of 20)
2025-04-14 19:50:40 - INFO - aggregate_evaluate: received 20 results and 0 failures
2025-04-14 19:50:40 - INFO - 
2025-04-14 19:50:40 - INFO - [ROUND 2]
2025-04-14 19:50:40 - INFO - configure_fit: strategy sampled 20 clients (out of 20)
2025-04-14 19:50:44 - INFO - aggregate_fit: received 20 results and 0 failures
2025-04-14 19:50:44 - INFO - configure_evaluate: strategy sampled 20 clients (out of 20)
2025-04-14 19:50:45 - INFO - aggregate_evaluate: received 20 results and 0 failures
2025-04-14 19:50:45 - INFO - 
2025-04-14 19:50:45 - INFO - [ROUND 3]
2025-04-14 19:50:45 - INFO - configure_fit: strategy sampled 20 clients (out of 20)
2025-04-14 19:50:48 - INFO - aggregate_fit: received 20 results and 0 failures
2025-04-14 19:50:48 - INFO - configure_evaluate: strategy sampled 20 clients (out of 20)
2025-04-14 19:50:49 - INFO - aggregate_evaluate: received 20 results and 0 failures
2025-04-14 19:50:49 - INFO - 
2025-04-14 19:50:49 - INFO - [ROUND 4]
2025-04-14 19:50:49 - INFO - configure_fit: strategy sampled 20 clients (out of 20)
2025-04-14 19:50:53 - INFO - aggregate_fit: received 20 results and 0 failures
2025-04-14 19:50:53 - INFO - configure_evaluate: strategy sampled 20 clients (out of 20)
2025-04-14 19:50:53 - INFO - aggregate_evaluate: received 20 results and 0 failures
2025-04-14 19:50:53 - INFO - 
2025-04-14 19:50:53 - INFO - [ROUND 5]
2025-04-14 19:50:53 - INFO - configure_fit: strategy sampled 20 clients (out of 20)
2025-04-14 19:50:57 - INFO - aggregate_fit: received 20 results and 0 failures
2025-04-14 19:50:57 - INFO - configure_evaluate: strategy sampled 20 clients (out of 20)
2025-04-14 19:50:57 - INFO - aggregate_evaluate: received 20 results and 0 failures
2025-04-14 19:50:57 - INFO - 
2025-04-14 19:50:57 - INFO - [ROUND 6]
2025-04-14 19:50:57 - INFO - configure_fit: strategy sampled 20 clients (out of 20)
2025-04-14 19:51:01 - INFO - aggregate_fit: received 20 results and 0 failures
2025-04-14 19:51:01 - INFO - configure_evaluate: strategy sampled 20 clients (out of 20)
2025-04-14 19:51:01 - INFO - aggregate_evaluate: received 20 results and 0 failures
2025-04-14 19:51:01 - INFO - 
2025-04-14 19:51:01 - INFO - [ROUND 7]
2025-04-14 19:51:01 - INFO - configure_fit: strategy sampled 20 clients (out of 20)
2025-04-14 19:51:05 - INFO - aggregate_fit: received 20 results and 0 failures
2025-04-14 19:51:05 - INFO - configure_evaluate: strategy sampled 20 clients (out of 20)
2025-04-14 19:51:05 - INFO - aggregate_evaluate: received 20 results and 0 failures
2025-04-14 19:51:05 - INFO - 
2025-04-14 19:51:05 - INFO - [ROUND 8]
2025-04-14 19:51:05 - INFO - configure_fit: strategy sampled 20 clients (out of 20)
2025-04-14 19:51:09 - INFO - aggregate_fit: received 20 results and 0 failures
2025-04-14 19:51:09 - INFO - configure_evaluate: strategy sampled 20 clients (out of 20)
2025-04-14 19:51:10 - INFO - aggregate_evaluate: received 20 results and 0 failures
2025-04-14 19:51:10 - INFO - 
2025-04-14 19:51:10 - INFO - [ROUND 9]
2025-04-14 19:51:10 - INFO - configure_fit: strategy sampled 20 clients (out of 20)
2025-04-14 19:51:13 - INFO - aggregate_fit: received 20 results and 0 failures
2025-04-14 19:51:13 - INFO - configure_evaluate: strategy sampled 20 clients (out of 20)
2025-04-14 19:51:14 - INFO - aggregate_evaluate: received 20 results and 0 failures
2025-04-14 19:51:14 - INFO - 
2025-04-14 19:51:14 - INFO - [ROUND 10]
2025-04-14 19:51:14 - INFO - configure_fit: strategy sampled 20 clients (out of 20)
2025-04-14 19:51:18 - INFO - aggregate_fit: received 20 results and 0 failures
2025-04-14 19:51:18 - INFO - configure_evaluate: strategy sampled 20 clients (out of 20)
2025-04-14 19:51:18 - INFO - aggregate_evaluate: received 20 results and 0 failures
2025-04-14 19:51:18 - INFO - 
2025-04-14 19:51:18 - INFO - [ROUND 11]
2025-04-14 19:51:18 - INFO - configure_fit: strategy sampled 20 clients (out of 20)
2025-04-14 19:51:22 - INFO - aggregate_fit: received 20 results and 0 failures
2025-04-14 19:51:22 - INFO - configure_evaluate: strategy sampled 20 clients (out of 20)
2025-04-14 19:51:22 - INFO - aggregate_evaluate: received 20 results and 0 failures
2025-04-14 19:51:22 - INFO - 
2025-04-14 19:51:22 - INFO - [ROUND 12]
2025-04-14 19:51:22 - INFO - configure_fit: strategy sampled 20 clients (out of 20)
2025-04-14 19:51:26 - INFO - aggregate_fit: received 20 results and 0 failures
2025-04-14 19:51:26 - INFO - configure_evaluate: strategy sampled 20 clients (out of 20)
2025-04-14 19:51:26 - INFO - aggregate_evaluate: received 20 results and 0 failures
2025-04-14 19:51:26 - INFO - 
2025-04-14 19:51:26 - INFO - [ROUND 13]
2025-04-14 19:51:26 - INFO - configure_fit: strategy sampled 20 clients (out of 20)
2025-04-14 19:51:30 - INFO - aggregate_fit: received 20 results and 0 failures
2025-04-14 19:51:30 - INFO - configure_evaluate: strategy sampled 20 clients (out of 20)
2025-04-14 19:51:30 - INFO - aggregate_evaluate: received 20 results and 0 failures
2025-04-14 19:51:30 - INFO - 
2025-04-14 19:51:30 - INFO - [ROUND 14]
2025-04-14 19:51:30 - INFO - configure_fit: strategy sampled 20 clients (out of 20)
2025-04-14 19:51:34 - INFO - aggregate_fit: received 20 results and 0 failures
2025-04-14 19:51:34 - INFO - configure_evaluate: strategy sampled 20 clients (out of 20)
2025-04-14 19:51:35 - INFO - aggregate_evaluate: received 20 results and 0 failures
2025-04-14 19:51:35 - INFO - 
2025-04-14 19:51:35 - INFO - [ROUND 15]
2025-04-14 19:51:35 - INFO - configure_fit: strategy sampled 20 clients (out of 20)
2025-04-14 19:51:38 - INFO - aggregate_fit: received 20 results and 0 failures
2025-04-14 19:51:38 - INFO - configure_evaluate: strategy sampled 20 clients (out of 20)
2025-04-14 19:51:39 - INFO - aggregate_evaluate: received 20 results and 0 failures
2025-04-14 19:51:39 - INFO - 
2025-04-14 19:51:39 - INFO - [ROUND 16]
2025-04-14 19:51:39 - INFO - configure_fit: strategy sampled 20 clients (out of 20)
2025-04-14 19:51:42 - INFO - aggregate_fit: received 20 results and 0 failures
2025-04-14 19:51:42 - INFO - configure_evaluate: strategy sampled 20 clients (out of 20)
2025-04-14 19:51:43 - INFO - aggregate_evaluate: received 20 results and 0 failures
2025-04-14 19:51:43 - INFO - 
2025-04-14 19:51:43 - INFO - [ROUND 17]
2025-04-14 19:51:43 - INFO - configure_fit: strategy sampled 20 clients (out of 20)
2025-04-14 19:51:47 - INFO - aggregate_fit: received 20 results and 0 failures
2025-04-14 19:51:47 - INFO - configure_evaluate: strategy sampled 20 clients (out of 20)
2025-04-14 19:51:47 - INFO - aggregate_evaluate: received 20 results and 0 failures
2025-04-14 19:51:47 - INFO - 
2025-04-14 19:51:47 - INFO - [ROUND 18]
2025-04-14 19:51:47 - INFO - configure_fit: strategy sampled 20 clients (out of 20)
2025-04-14 19:51:51 - INFO - aggregate_fit: received 20 results and 0 failures
2025-04-14 19:51:51 - INFO - configure_evaluate: strategy sampled 20 clients (out of 20)
2025-04-14 19:51:51 - INFO - aggregate_evaluate: received 20 results and 0 failures
2025-04-14 19:51:51 - INFO - 
2025-04-14 19:51:51 - INFO - [ROUND 19]
2025-04-14 19:51:51 - INFO - configure_fit: strategy sampled 20 clients (out of 20)
2025-04-14 19:51:55 - INFO - aggregate_fit: received 20 results and 0 failures
2025-04-14 19:51:55 - INFO - configure_evaluate: strategy sampled 20 clients (out of 20)
2025-04-14 19:51:55 - INFO - aggregate_evaluate: received 20 results and 0 failures
2025-04-14 19:51:55 - INFO - 
2025-04-14 19:51:55 - INFO - [ROUND 20]
2025-04-14 19:51:55 - INFO - configure_fit: strategy sampled 20 clients (out of 20)
2025-04-14 19:51:59 - INFO - aggregate_fit: received 20 results and 0 failures
2025-04-14 19:51:59 - INFO - configure_evaluate: strategy sampled 20 clients (out of 20)
2025-04-14 19:51:59 - INFO - aggregate_evaluate: received 20 results and 0 failures
2025-04-14 19:51:59 - INFO - 
2025-04-14 19:51:59 - INFO - [SUMMARY]
2025-04-14 19:51:59 - INFO - Run finished 20 round(s) in 86.84s
2025-04-14 19:51:59 - INFO - 	History (loss, distributed):
2025-04-14 19:51:59 - INFO - 		round 1: 0.8321
2025-04-14 19:51:59 - INFO - 		round 2: 0.9014
2025-04-14 19:51:59 - INFO - 		round 3: 0.9233
2025-04-14 19:51:59 - INFO - 		round 4: 0.9053
2025-04-14 19:51:59 - INFO - 		round 5: 0.9342
2025-04-14 19:51:59 - INFO - 		round 6: 0.9007
2025-04-14 19:51:59 - INFO - 		round 7: 0.9432
2025-04-14 19:51:59 - INFO - 		round 8: 0.9389
2025-04-14 19:51:59 - INFO - 		round 9: 0.9569
2025-04-14 19:51:59 - INFO - 		round 10: 0.9494
2025-04-14 19:51:59 - INFO - 		round 11: 0.9478
2025-04-14 19:51:59 - INFO - 		round 12: 0.9341
2025-04-14 19:51:59 - INFO - 		round 13: 0.949
2025-04-14 19:51:59 - INFO - 		round 14: 0.9522
2025-04-14 19:51:59 - INFO - 		round 15: 0.9537
2025-04-14 19:51:59 - INFO - 		round 16: 0.9614
2025-04-14 19:51:59 - INFO - 		round 17: 0.9553
2025-04-14 19:51:59 - INFO - 		round 18: 0.9539
2025-04-14 19:51:59 - INFO - 		round 19: 0.9522
2025-04-14 19:51:59 - INFO - 		round 20: 0.9616
2025-04-14 19:51:59 - INFO - 	History (metrics, distributed, evaluate):
2025-04-14 19:51:59 - INFO - 	{'accuracy': [(1, 0.8321),
2025-04-14 19:51:59 - INFO - 	              (2, 0.9014),
2025-04-14 19:51:59 - INFO - 	              (3, 0.9233),
2025-04-14 19:51:59 - INFO - 	              (4, 0.9053),
2025-04-14 19:51:59 - INFO - 	              (5, 0.9342),
2025-04-14 19:51:59 - INFO - 	              (6, 0.9007),
2025-04-14 19:51:59 - INFO - 	              (7, 0.9432),
2025-04-14 19:51:59 - INFO - 	              (8, 0.9389),
2025-04-14 19:51:59 - INFO - 	              (9, 0.9569),
2025-04-14 19:51:59 - INFO - 	              (10, 0.9494),
2025-04-14 19:51:59 - INFO - 	              (11, 0.9478),
2025-04-14 19:51:59 - INFO - 	              (12, 0.9341),
2025-04-14 19:51:59 - INFO - 	              (13, 0.949),
2025-04-14 19:51:59 - INFO - 	              (14, 0.9522),
2025-04-14 19:51:59 - INFO - 	              (15, 0.9537),
2025-04-14 19:51:59 - INFO - 	              (16, 0.9614),
2025-04-14 19:51:59 - INFO - 	              (17, 0.9553),
2025-04-14 19:51:59 - INFO - 	              (18, 0.9539),
2025-04-14 19:51:59 - INFO - 	              (19, 0.9522),
2025-04-14 19:51:59 - INFO - 	              (20, 0.9616)],
2025-04-14 19:51:59 - INFO - 	 'clean_accuracy': [(1, 0.82575),
2025-04-14 19:51:59 - INFO - 	                    (2, 0.90175),
2025-04-14 19:51:59 - INFO - 	                    (3, 0.920375),
2025-04-14 19:51:59 - INFO - 	                    (4, 0.902875),
2025-04-14 19:51:59 - INFO - 	                    (5, 0.932125),
2025-04-14 19:51:59 - INFO - 	                    (6, 0.900125),
2025-04-14 19:51:59 - INFO - 	                    (7, 0.9425),
2025-04-14 19:51:59 - INFO - 	                    (8, 0.937875),
2025-04-14 19:51:59 - INFO - 	                    (9, 0.955875),
2025-04-14 19:51:59 - INFO - 	                    (10, 0.946375),
2025-04-14 19:51:59 - INFO - 	                    (11, 0.94725),
2025-04-14 19:51:59 - INFO - 	                    (12, 0.9315),
2025-04-14 19:51:59 - INFO - 	                    (13, 0.9485),
2025-04-14 19:51:59 - INFO - 	                    (14, 0.952),
2025-04-14 19:51:59 - INFO - 	                    (15, 0.9535),
2025-04-14 19:51:59 - INFO - 	                    (16, 0.958875),
2025-04-14 19:51:59 - INFO - 	                    (17, 0.953125),
2025-04-14 19:51:59 - INFO - 	                    (18, 0.952125),
2025-04-14 19:51:59 - INFO - 	                    (19, 0.9495),
2025-04-14 19:51:59 - INFO - 	                    (20, 0.9615)],
2025-04-14 19:51:59 - INFO - 	 'malicious_accuracy': [(1, 0.8575),
2025-04-14 19:51:59 - INFO - 	                        (2, 0.9),
2025-04-14 19:51:59 - INFO - 	                        (3, 0.935),
2025-04-14 19:51:59 - INFO - 	                        (4, 0.915),
2025-04-14 19:51:59 - INFO - 	                        (5, 0.9425),
2025-04-14 19:51:59 - INFO - 	                        (6, 0.903),
2025-04-14 19:51:59 - INFO - 	                        (7, 0.946),
2025-04-14 19:51:59 - INFO - 	                        (8, 0.943),
2025-04-14 19:51:59 - INFO - 	                        (9, 0.961),
2025-04-14 19:51:59 - INFO - 	                        (10, 0.9615),
2025-04-14 19:51:59 - INFO - 	                        (11, 0.95),
2025-04-14 19:51:59 - INFO - 	                        (12, 0.9445),
2025-04-14 19:51:59 - INFO - 	                        (13, 0.951),
2025-04-14 19:51:59 - INFO - 	                        (14, 0.953),
2025-04-14 19:51:59 - INFO - 	                        (15, 0.9545),
2025-04-14 19:51:59 - INFO - 	                        (16, 0.9715),
2025-04-14 19:51:59 - INFO - 	                        (17, 0.964),
2025-04-14 19:51:59 - INFO - 	                        (18, 0.961),
2025-04-14 19:51:59 - INFO - 	                        (19, 0.963),
2025-04-14 19:51:59 - INFO - 	                        (20, 0.962)]}
2025-04-14 19:51:59 - INFO - 
