2025-04-07 20:15:29 - INFO - Starting Federated Learning Simulation: dataset type: iid, dataset name: mnist, strategy: FedAvg(accept_failures=True), rounds: 10, clients: 20
2025-04-07 20:15:29 - WARNING - DEPRECATED FEATURE: flwr.simulation.start_simulation() is deprecated.
	Instead, use the `flwr run` CLI command to start a local simulation in your Flower app, as shown for example below:

		$ flwr new  # Create a new Flower app from a template

		$ flwr run  # Run the Flower app in Simulation Mode

	Using `start_simulation()` is deprecated.

            This is a deprecated feature. It will be removed
            entirely in future versions of Flower.
        
2025-04-07 20:15:29 - INFO - Starting Flower simulation, config: num_rounds=10, no round_timeout
2025-04-07 20:15:31 - INFO - Flower VCE: Ray initialized with resources: {'accelerator_type:G': 1.0, 'node:__internal_head__': 1.0, 'CPU': 24.0, 'object_store_memory': 6472447180.0, 'node:127.0.0.1': 1.0, 'memory': 12944894363.0, 'GPU': 1.0}
2025-04-07 20:15:31 - INFO - Optimize your simulation with Flower VCE: https://flower.ai/docs/framework/how-to-run-simulations.html
2025-04-07 20:15:31 - INFO - No `client_resources` specified. Using minimal resources for clients.
2025-04-07 20:15:31 - INFO - Flower VCE: Resources for each Virtual Client: {'num_cpus': 1, 'num_gpus': 0.0}
2025-04-07 20:15:31 - INFO - Flower VCE: Creating VirtualClientEngineActorPool with 24 actors
2025-04-07 20:15:31 - INFO - [INIT]
2025-04-07 20:15:31 - INFO - Requesting initial parameters from one random client
2025-04-07 20:15:35 - INFO - Received initial parameters from one random client
2025-04-07 20:15:35 - INFO - Starting evaluation of initial global parameters
2025-04-07 20:15:35 - INFO - Evaluation returned no results (`None`)
2025-04-07 20:15:35 - INFO - 
2025-04-07 20:15:35 - INFO - [ROUND 1]
2025-04-07 20:15:35 - INFO - configure_fit: strategy sampled 20 clients (out of 20)
2025-04-07 20:15:42 - INFO - aggregate_fit: received 20 results and 0 failures
2025-04-07 20:15:42 - WARNING - No fit_metrics_aggregation_fn provided
2025-04-07 20:15:42 - INFO - configure_evaluate: strategy sampled 20 clients (out of 20)
2025-04-07 20:15:42 - INFO - aggregate_evaluate: received 20 results and 0 failures
2025-04-07 20:15:42 - WARNING - No evaluate_metrics_aggregation_fn provided
2025-04-07 20:15:42 - INFO - 
2025-04-07 20:15:42 - INFO - [ROUND 2]
2025-04-07 20:15:42 - INFO - configure_fit: strategy sampled 20 clients (out of 20)
2025-04-07 20:15:47 - INFO - aggregate_fit: received 20 results and 0 failures
2025-04-07 20:15:47 - INFO - configure_evaluate: strategy sampled 20 clients (out of 20)
2025-04-07 20:15:47 - INFO - aggregate_evaluate: received 20 results and 0 failures
2025-04-07 20:15:47 - INFO - 
2025-04-07 20:15:47 - INFO - [ROUND 3]
2025-04-07 20:15:47 - INFO - configure_fit: strategy sampled 20 clients (out of 20)
2025-04-07 20:15:51 - INFO - aggregate_fit: received 20 results and 0 failures
2025-04-07 20:15:51 - INFO - configure_evaluate: strategy sampled 20 clients (out of 20)
2025-04-07 20:15:51 - INFO - aggregate_evaluate: received 20 results and 0 failures
2025-04-07 20:15:51 - INFO - 
2025-04-07 20:15:51 - INFO - [ROUND 4]
2025-04-07 20:15:51 - INFO - configure_fit: strategy sampled 20 clients (out of 20)
2025-04-07 20:15:55 - INFO - aggregate_fit: received 20 results and 0 failures
2025-04-07 20:15:55 - INFO - configure_evaluate: strategy sampled 20 clients (out of 20)
2025-04-07 20:15:55 - INFO - aggregate_evaluate: received 20 results and 0 failures
2025-04-07 20:15:55 - INFO - 
2025-04-07 20:15:55 - INFO - [ROUND 5]
2025-04-07 20:15:55 - INFO - configure_fit: strategy sampled 20 clients (out of 20)
2025-04-07 20:15:59 - INFO - aggregate_fit: received 20 results and 0 failures
2025-04-07 20:15:59 - INFO - configure_evaluate: strategy sampled 20 clients (out of 20)
2025-04-07 20:16:00 - INFO - aggregate_evaluate: received 20 results and 0 failures
2025-04-07 20:16:00 - INFO - 
2025-04-07 20:16:00 - INFO - [ROUND 6]
2025-04-07 20:16:00 - INFO - configure_fit: strategy sampled 20 clients (out of 20)
2025-04-07 20:16:03 - INFO - aggregate_fit: received 20 results and 0 failures
2025-04-07 20:16:03 - INFO - configure_evaluate: strategy sampled 20 clients (out of 20)
2025-04-07 20:16:04 - INFO - aggregate_evaluate: received 20 results and 0 failures
2025-04-07 20:16:04 - INFO - 
2025-04-07 20:16:04 - INFO - [ROUND 7]
2025-04-07 20:16:04 - INFO - configure_fit: strategy sampled 20 clients (out of 20)
2025-04-07 20:16:08 - INFO - aggregate_fit: received 20 results and 0 failures
2025-04-07 20:16:08 - INFO - configure_evaluate: strategy sampled 20 clients (out of 20)
2025-04-07 20:16:08 - INFO - aggregate_evaluate: received 20 results and 0 failures
2025-04-07 20:16:08 - INFO - 
2025-04-07 20:16:08 - INFO - [ROUND 8]
2025-04-07 20:16:08 - INFO - configure_fit: strategy sampled 20 clients (out of 20)
2025-04-07 20:16:12 - INFO - aggregate_fit: received 20 results and 0 failures
2025-04-07 20:16:12 - INFO - configure_evaluate: strategy sampled 20 clients (out of 20)
2025-04-07 20:16:12 - INFO - aggregate_evaluate: received 20 results and 0 failures
2025-04-07 20:16:12 - INFO - 
2025-04-07 20:16:12 - INFO - [ROUND 9]
2025-04-07 20:16:12 - INFO - configure_fit: strategy sampled 20 clients (out of 20)
2025-04-07 20:16:16 - INFO - aggregate_fit: received 20 results and 0 failures
2025-04-07 20:16:16 - INFO - configure_evaluate: strategy sampled 20 clients (out of 20)
2025-04-07 20:16:16 - INFO - aggregate_evaluate: received 20 results and 0 failures
2025-04-07 20:16:16 - INFO - 
2025-04-07 20:16:16 - INFO - [ROUND 10]
2025-04-07 20:16:16 - INFO - configure_fit: strategy sampled 20 clients (out of 20)
2025-04-07 20:16:20 - INFO - aggregate_fit: received 20 results and 0 failures
2025-04-07 20:16:20 - INFO - configure_evaluate: strategy sampled 20 clients (out of 20)
2025-04-07 20:16:21 - INFO - aggregate_evaluate: received 20 results and 0 failures
2025-04-07 20:16:21 - INFO - 
2025-04-07 20:16:21 - INFO - [SUMMARY]
2025-04-07 20:16:21 - INFO - Run finished 10 round(s) in 45.87s
2025-04-07 20:16:21 - INFO - 	History (loss, distributed):
2025-04-07 20:16:21 - INFO - 		round 1: 0.23098937569011468
2025-04-07 20:16:21 - INFO - 		round 2: 0.1121781481349899
2025-04-07 20:16:21 - INFO - 		round 3: 0.08188640309999755
2025-04-07 20:16:21 - INFO - 		round 4: 0.06801878555970689
2025-04-07 20:16:21 - INFO - 		round 5: 0.058419551252336534
2025-04-07 20:16:21 - INFO - 		round 6: 0.053012043399849065
2025-04-07 20:16:21 - INFO - 		round 7: 0.046523169131978646
2025-04-07 20:16:21 - INFO - 		round 8: 0.042529773368551106
2025-04-07 20:16:21 - INFO - 		round 9: 0.039530483088447
2025-04-07 20:16:21 - INFO - 		round 10: 0.037946891136130034
2025-04-07 20:16:21 - INFO - 	History (metrics, distributed, evaluate):
2025-04-07 20:16:21 - INFO - 	{'accuracy': [(1, 0.9284),
2025-04-07 20:16:21 - INFO - 	              (2, 0.9659),
2025-04-07 20:16:21 - INFO - 	              (3, 0.9723),
2025-04-07 20:16:21 - INFO - 	              (4, 0.9772),
2025-04-07 20:16:21 - INFO - 	              (5, 0.9802),
2025-04-07 20:16:21 - INFO - 	              (6, 0.9821),
2025-04-07 20:16:21 - INFO - 	              (7, 0.984),
2025-04-07 20:16:21 - INFO - 	              (8, 0.9857),
2025-04-07 20:16:21 - INFO - 	              (9, 0.987),
2025-04-07 20:16:21 - INFO - 	              (10, 0.9871)]}
2025-04-07 20:16:21 - INFO - 
2025-04-07 20:16:22 - INFO - Starting Federated Learning Simulation: dataset type: iid, dataset name: cifar10, strategy: FedAvg(accept_failures=True), rounds: 10, clients: 20
2025-04-07 20:16:22 - WARNING - DEPRECATED FEATURE: flwr.simulation.start_simulation() is deprecated.
	Instead, use the `flwr run` CLI command to start a local simulation in your Flower app, as shown for example below:

		$ flwr new  # Create a new Flower app from a template

		$ flwr run  # Run the Flower app in Simulation Mode

	Using `start_simulation()` is deprecated.

            This is a deprecated feature. It will be removed
            entirely in future versions of Flower.
        
2025-04-07 20:16:22 - INFO - Starting Flower simulation, config: num_rounds=10, no round_timeout
2025-04-07 20:16:25 - INFO - Flower VCE: Ray initialized with resources: {'accelerator_type:G': 1.0, 'node:__internal_head__': 1.0, 'CPU': 24.0, 'memory': 13034577102.0, 'node:127.0.0.1': 1.0, 'object_store_memory': 6517288550.0, 'GPU': 1.0}
2025-04-07 20:16:25 - INFO - Optimize your simulation with Flower VCE: https://flower.ai/docs/framework/how-to-run-simulations.html
2025-04-07 20:16:25 - INFO - No `client_resources` specified. Using minimal resources for clients.
2025-04-07 20:16:25 - INFO - Flower VCE: Resources for each Virtual Client: {'num_cpus': 1, 'num_gpus': 0.0}
2025-04-07 20:16:25 - INFO - Flower VCE: Creating VirtualClientEngineActorPool with 24 actors
2025-04-07 20:16:25 - INFO - [INIT]
2025-04-07 20:16:25 - INFO - Requesting initial parameters from one random client
2025-04-07 20:16:29 - INFO - Received initial parameters from one random client
2025-04-07 20:16:29 - INFO - Starting evaluation of initial global parameters
2025-04-07 20:16:29 - INFO - Evaluation returned no results (`None`)
2025-04-07 20:16:29 - INFO - 
2025-04-07 20:16:29 - INFO - [ROUND 1]
2025-04-07 20:16:29 - INFO - configure_fit: strategy sampled 20 clients (out of 20)
2025-04-07 20:16:45 - INFO - aggregate_fit: received 20 results and 0 failures
2025-04-07 20:16:45 - WARNING - No fit_metrics_aggregation_fn provided
2025-04-07 20:16:45 - INFO - configure_evaluate: strategy sampled 20 clients (out of 20)
2025-04-07 20:16:48 - INFO - aggregate_evaluate: received 20 results and 0 failures
2025-04-07 20:16:48 - WARNING - No evaluate_metrics_aggregation_fn provided
2025-04-07 20:16:48 - INFO - 
2025-04-07 20:16:48 - INFO - [ROUND 2]
2025-04-07 20:16:48 - INFO - configure_fit: strategy sampled 20 clients (out of 20)
2025-04-07 20:17:00 - INFO - aggregate_fit: received 20 results and 0 failures
2025-04-07 20:17:00 - INFO - configure_evaluate: strategy sampled 20 clients (out of 20)
2025-04-07 20:17:02 - INFO - aggregate_evaluate: received 20 results and 0 failures
2025-04-07 20:17:02 - INFO - 
2025-04-07 20:17:02 - INFO - [ROUND 3]
2025-04-07 20:17:02 - INFO - configure_fit: strategy sampled 20 clients (out of 20)
2025-04-07 20:17:15 - INFO - aggregate_fit: received 20 results and 0 failures
2025-04-07 20:17:15 - INFO - configure_evaluate: strategy sampled 20 clients (out of 20)
2025-04-07 20:17:17 - INFO - aggregate_evaluate: received 20 results and 0 failures
2025-04-07 20:17:17 - INFO - 
2025-04-07 20:17:17 - INFO - [ROUND 4]
2025-04-07 20:17:17 - INFO - configure_fit: strategy sampled 20 clients (out of 20)
2025-04-07 20:17:30 - INFO - aggregate_fit: received 20 results and 0 failures
2025-04-07 20:17:30 - INFO - configure_evaluate: strategy sampled 20 clients (out of 20)
