2025-05-08 00:15:53 - INFO - Starting Federated Learning Simulation: dataset type: iid, dataset name: mnist, strategy: FedAvg(accept_failures=True), rounds: 50, clients: 20
2025-05-08 00:15:53 - WARNING - DEPRECATED FEATURE: flwr.simulation.start_simulation() is deprecated.
	Instead, use the `flwr run` CLI command to start a local simulation in your Flower app, as shown for example below:

		$ flwr new  # Create a new Flower app from a template

		$ flwr run  # Run the Flower app in Simulation Mode

	Using `start_simulation()` is deprecated.

            This is a deprecated feature. It will be removed
            entirely in future versions of Flower.
        
2025-05-08 00:15:53 - INFO - Starting Flower simulation, config: num_rounds=50, no round_timeout
2025-05-08 00:15:56 - INFO - Flower VCE: Ray initialized with resources: {'accelerator_type:G': 1.0, 'node:__internal_head__': 1.0, 'CPU': 24.0, 'object_store_memory': 5731114598.0, 'node:127.0.0.1': 1.0, 'memory': 11462229198.0, 'GPU': 1.0}
2025-05-08 00:15:56 - INFO - Optimize your simulation with Flower VCE: https://flower.ai/docs/framework/how-to-run-simulations.html
2025-05-08 00:15:56 - INFO - No `client_resources` specified. Using minimal resources for clients.
2025-05-08 00:15:56 - INFO - Flower VCE: Resources for each Virtual Client: {'num_cpus': 1, 'num_gpus': 0.0}
2025-05-08 00:15:56 - INFO - Flower VCE: Creating VirtualClientEngineActorPool with 24 actors
2025-05-08 00:15:56 - INFO - [INIT]
2025-05-08 00:15:56 - INFO - Requesting initial parameters from one random client
2025-05-08 00:15:59 - INFO - Received initial parameters from one random client
2025-05-08 00:15:59 - INFO - Starting evaluation of initial global parameters
2025-05-08 00:16:03 - INFO - initial parameters (loss, other metrics): 0.07382761383056641, {'central_global_loss': 0.07382761383056641, 'central_global_accuracy': 0.098, 'central_clean_loss': 0.07206743800640106, 'central_clean_accuracy': 0.1215, 'central_malicious_loss': 0.07206743800640106, 'central_malicious_accuracy': 0.1215}
2025-05-08 00:16:03 - INFO - 
2025-05-08 00:16:03 - INFO - [ROUND 1]
2025-05-08 00:16:03 - INFO - configure_fit: strategy sampled 20 clients (out of 20)
2025-05-08 00:16:11 - INFO - aggregate_fit: received 20 results and 0 failures
2025-05-08 00:16:12 - WARNING - No fit_metrics_aggregation_fn provided
2025-05-08 00:16:14 - INFO - fit progress: (1, 0.010037770241498947, {'central_global_loss': 0.010037770241498947, 'central_global_accuracy': 0.912, 'central_clean_loss': 0.009623030290007592, 'central_clean_accuracy': 0.916, 'central_malicious_loss': 0.009623030290007592, 'central_malicious_accuracy': 0.916}, 11.142022800000001)
2025-05-08 00:16:14 - INFO - configure_evaluate: strategy sampled 20 clients (out of 20)
2025-05-08 00:16:15 - INFO - aggregate_evaluate: received 20 results and 0 failures
2025-05-08 00:16:15 - INFO - 
2025-05-08 00:16:15 - INFO - [ROUND 2]
2025-05-08 00:16:15 - INFO - configure_fit: strategy sampled 20 clients (out of 20)
2025-05-08 00:16:19 - INFO - aggregate_fit: received 20 results and 0 failures
2025-05-08 00:16:22 - INFO - fit progress: (2, 0.004594580538570881, {'central_global_loss': 0.004594580538570881, 'central_global_accuracy': 0.954, 'central_clean_loss': 0.004535474138404242, 'central_clean_accuracy': 0.9555, 'central_malicious_loss': 0.004535474138404242, 'central_malicious_accuracy': 0.9555}, 18.551333999999997)
2025-05-08 00:16:22 - INFO - configure_evaluate: strategy sampled 20 clients (out of 20)
2025-05-08 00:16:22 - INFO - aggregate_evaluate: received 20 results and 0 failures
2025-05-08 00:16:22 - INFO - 
2025-05-08 00:16:22 - INFO - [ROUND 3]
2025-05-08 00:16:22 - INFO - configure_fit: strategy sampled 20 clients (out of 20)
2025-05-08 00:16:26 - INFO - aggregate_fit: received 20 results and 0 failures
2025-05-08 00:16:29 - INFO - fit progress: (3, 0.0031243312284350397, {'central_global_loss': 0.0031243312284350397, 'central_global_accuracy': 0.964, 'central_clean_loss': 0.0032825193009455686, 'central_clean_accuracy': 0.9657, 'central_malicious_loss': 0.0032825193009455686, 'central_malicious_accuracy': 0.9657}, 25.828226)
2025-05-08 00:16:29 - INFO - configure_evaluate: strategy sampled 20 clients (out of 20)
2025-05-08 00:16:30 - INFO - aggregate_evaluate: received 20 results and 0 failures
2025-05-08 00:16:30 - INFO - 
2025-05-08 00:16:30 - INFO - [ROUND 4]
2025-05-08 00:16:30 - INFO - configure_fit: strategy sampled 20 clients (out of 20)
2025-05-08 00:16:33 - INFO - aggregate_fit: received 20 results and 0 failures
2025-05-08 00:16:36 - INFO - fit progress: (4, 0.0023177713230252265, {'central_global_loss': 0.0023177713230252265, 'central_global_accuracy': 0.978, 'central_clean_loss': 0.002621125327446498, 'central_clean_accuracy': 0.9725, 'central_malicious_loss': 0.002621125327446498, 'central_malicious_accuracy': 0.9725}, 33.0500107)
2025-05-08 00:16:36 - INFO - configure_evaluate: strategy sampled 20 clients (out of 20)
2025-05-08 00:16:37 - INFO - aggregate_evaluate: received 20 results and 0 failures
2025-05-08 00:16:37 - INFO - 
2025-05-08 00:16:37 - INFO - [ROUND 5]
2025-05-08 00:16:37 - INFO - configure_fit: strategy sampled 20 clients (out of 20)
2025-05-08 00:16:41 - INFO - aggregate_fit: received 20 results and 0 failures
2025-05-08 00:16:44 - INFO - fit progress: (5, 0.0018152449931949377, {'central_global_loss': 0.0018152449931949377, 'central_global_accuracy': 0.984, 'central_clean_loss': 0.0022288160641124703, 'central_clean_accuracy': 0.9771, 'central_malicious_loss': 0.0022288160641124703, 'central_malicious_accuracy': 0.9771}, 40.2779827)
2025-05-08 00:16:44 - INFO - configure_evaluate: strategy sampled 20 clients (out of 20)
2025-05-08 00:16:44 - INFO - aggregate_evaluate: received 20 results and 0 failures
2025-05-08 00:16:44 - INFO - 
2025-05-08 00:16:44 - INFO - [ROUND 6]
2025-05-08 00:16:44 - INFO - configure_fit: strategy sampled 20 clients (out of 20)
2025-05-08 00:16:48 - INFO - aggregate_fit: received 20 results and 0 failures
2025-05-08 00:16:51 - INFO - fit progress: (6, 0.0015125039406120777, {'central_global_loss': 0.0015125039406120777, 'central_global_accuracy': 0.986, 'central_clean_loss': 0.0019567679483792743, 'central_clean_accuracy': 0.9797, 'central_malicious_loss': 0.0019567679483792743, 'central_malicious_accuracy': 0.9797}, 47.508939500000004)
2025-05-08 00:16:51 - INFO - configure_evaluate: strategy sampled 20 clients (out of 20)
2025-05-08 00:16:51 - INFO - aggregate_evaluate: received 20 results and 0 failures
2025-05-08 00:16:51 - INFO - 
2025-05-08 00:16:51 - INFO - [ROUND 7]
2025-05-08 00:16:51 - INFO - configure_fit: strategy sampled 20 clients (out of 20)
2025-05-08 00:16:55 - INFO - aggregate_fit: received 20 results and 0 failures
2025-05-08 00:16:58 - INFO - fit progress: (7, 0.0013068615105003118, {'central_global_loss': 0.0013068615105003118, 'central_global_accuracy': 0.988, 'central_clean_loss': 0.0017524908013263484, 'central_clean_accuracy': 0.9816, 'central_malicious_loss': 0.0017524908013263484, 'central_malicious_accuracy': 0.9816}, 54.662294599999996)
2025-05-08 00:16:58 - INFO - configure_evaluate: strategy sampled 20 clients (out of 20)
2025-05-08 00:16:58 - INFO - aggregate_evaluate: received 20 results and 0 failures
2025-05-08 00:16:58 - INFO - 
2025-05-08 00:16:58 - INFO - [ROUND 8]
2025-05-08 00:16:58 - INFO - configure_fit: strategy sampled 20 clients (out of 20)
2025-05-08 00:17:02 - INFO - aggregate_fit: received 20 results and 0 failures
2025-05-08 00:17:05 - INFO - fit progress: (8, 0.001168439724482596, {'central_global_loss': 0.001168439724482596, 'central_global_accuracy': 0.988, 'central_clean_loss': 0.0015968368604138959, 'central_clean_accuracy': 0.9831, 'central_malicious_loss': 0.0015968368604138959, 'central_malicious_accuracy': 0.9831}, 61.907656599999996)
2025-05-08 00:17:05 - INFO - configure_evaluate: strategy sampled 20 clients (out of 20)
2025-05-08 00:17:06 - INFO - aggregate_evaluate: received 20 results and 0 failures
2025-05-08 00:17:06 - INFO - 
2025-05-08 00:17:06 - INFO - [ROUND 9]
2025-05-08 00:17:06 - INFO - configure_fit: strategy sampled 20 clients (out of 20)
2025-05-08 00:17:09 - INFO - aggregate_fit: received 20 results and 0 failures
2025-05-08 00:17:12 - INFO - fit progress: (9, 0.0010748245930299162, {'central_global_loss': 0.0010748245930299162, 'central_global_accuracy': 0.992, 'central_clean_loss': 0.0014760323435562895, 'central_clean_accuracy': 0.9849, 'central_malicious_loss': 0.0014760323435562895, 'central_malicious_accuracy': 0.9849}, 69.1051648)
2025-05-08 00:17:12 - INFO - configure_evaluate: strategy sampled 20 clients (out of 20)
2025-05-08 00:17:13 - INFO - aggregate_evaluate: received 20 results and 0 failures
2025-05-08 00:17:13 - INFO - 
2025-05-08 00:17:13 - INFO - [ROUND 10]
2025-05-08 00:17:13 - INFO - configure_fit: strategy sampled 20 clients (out of 20)
2025-05-08 00:17:17 - INFO - aggregate_fit: received 20 results and 0 failures
2025-05-08 00:17:20 - INFO - fit progress: (10, 0.0009938564086332917, {'central_global_loss': 0.0009938564086332917, 'central_global_accuracy': 0.992, 'central_clean_loss': 0.0013762923434114782, 'central_clean_accuracy': 0.9852, 'central_malicious_loss': 0.0013762923434114782, 'central_malicious_accuracy': 0.9852}, 76.229254)
2025-05-08 00:17:20 - INFO - configure_evaluate: strategy sampled 20 clients (out of 20)
2025-05-08 00:17:20 - INFO - aggregate_evaluate: received 20 results and 0 failures
2025-05-08 00:17:20 - INFO - 
2025-05-08 00:17:20 - INFO - [ROUND 11]
2025-05-08 00:17:20 - INFO - configure_fit: strategy sampled 20 clients (out of 20)
2025-05-08 00:17:24 - INFO - aggregate_fit: received 20 results and 0 failures
2025-05-08 00:17:27 - INFO - fit progress: (11, 0.0009299006382934749, {'central_global_loss': 0.0009299006382934749, 'central_global_accuracy': 0.992, 'central_clean_loss': 0.0013015471642785997, 'central_clean_accuracy': 0.9855, 'central_malicious_loss': 0.0013015471642785997, 'central_malicious_accuracy': 0.9855}, 83.3580955)
2025-05-08 00:17:27 - INFO - configure_evaluate: strategy sampled 20 clients (out of 20)
2025-05-08 00:17:27 - INFO - aggregate_evaluate: received 20 results and 0 failures
2025-05-08 00:17:27 - INFO - 
2025-05-08 00:17:27 - INFO - [ROUND 12]
2025-05-08 00:17:27 - INFO - configure_fit: strategy sampled 20 clients (out of 20)
2025-05-08 00:17:31 - INFO - aggregate_fit: received 20 results and 0 failures
2025-05-08 00:17:34 - INFO - fit progress: (12, 0.0008722310238517821, {'central_global_loss': 0.0008722310238517821, 'central_global_accuracy': 0.992, 'central_clean_loss': 0.0012335060647004866, 'central_clean_accuracy': 0.9863, 'central_malicious_loss': 0.0012335060647004866, 'central_malicious_accuracy': 0.9863}, 90.5779132)
2025-05-08 00:17:34 - INFO - configure_evaluate: strategy sampled 20 clients (out of 20)
2025-05-08 00:17:34 - INFO - aggregate_evaluate: received 20 results and 0 failures
2025-05-08 00:17:34 - INFO - 
2025-05-08 00:17:34 - INFO - [ROUND 13]
2025-05-08 00:17:34 - INFO - configure_fit: strategy sampled 20 clients (out of 20)
