2025-04-15 21:09:32 - INFO - Starting Federated Learning Simulation: dataset type: iid, dataset name: mnist, strategy: FedAvg(accept_failures=True), rounds: 20, clients: 20
2025-04-15 21:09:32 - WARNING - DEPRECATED FEATURE: flwr.simulation.start_simulation() is deprecated.
	Instead, use the `flwr run` CLI command to start a local simulation in your Flower app, as shown for example below:

		$ flwr new  # Create a new Flower app from a template

		$ flwr run  # Run the Flower app in Simulation Mode

	Using `start_simulation()` is deprecated.

            This is a deprecated feature. It will be removed
            entirely in future versions of Flower.
        
2025-04-15 21:09:32 - INFO - Starting Flower simulation, config: num_rounds=20, no round_timeout
2025-04-15 21:09:35 - INFO - Flower VCE: Ray initialized with resources: {'accelerator_type:G': 1.0, 'node:__internal_head__': 1.0, 'CPU': 24.0, 'object_store_memory': 7000590336.0, 'node:127.0.0.1': 1.0, 'memory': 14001180672.0, 'GPU': 1.0}
2025-04-15 21:09:35 - INFO - Optimize your simulation with Flower VCE: https://flower.ai/docs/framework/how-to-run-simulations.html
2025-04-15 21:09:35 - INFO - No `client_resources` specified. Using minimal resources for clients.
2025-04-15 21:09:35 - INFO - Flower VCE: Resources for each Virtual Client: {'num_cpus': 1, 'num_gpus': 0.0}
2025-04-15 21:09:35 - INFO - Flower VCE: Creating VirtualClientEngineActorPool with 24 actors
2025-04-15 21:09:35 - INFO - [INIT]
2025-04-15 21:09:35 - INFO - Requesting initial parameters from one random client
2025-04-15 21:09:38 - INFO - Received initial parameters from one random client
2025-04-15 21:09:38 - INFO - Starting evaluation of initial global parameters
2025-04-15 21:09:41 - INFO - initial parameters (loss, other metrics): 0.07382761383056641, {'central_global_loss': 0.07382761383056641, 'central_global_accuracy': 0.098, 'central_clean_loss': 0.07206743800640106, 'central_clean_accuracy': 0.1215, 'central_malicious_loss': 0.07206743800640106, 'central_malicious_accuracy': 0.1215}
2025-04-15 21:09:41 - INFO - 
2025-04-15 21:09:41 - INFO - [ROUND 1]
2025-04-15 21:09:41 - INFO - configure_fit: strategy sampled 20 clients (out of 20)
2025-04-15 21:09:49 - INFO - aggregate_fit: received 20 results and 0 failures
2025-04-15 21:09:49 - WARNING - No fit_metrics_aggregation_fn provided
2025-04-15 21:09:51 - INFO - fit progress: (1, 0.010037770658731461, {'central_global_loss': 0.010037770658731461, 'central_global_accuracy': 0.912, 'central_clean_loss': 0.009623030269891024, 'central_clean_accuracy': 0.916, 'central_malicious_loss': 0.009623030269891024, 'central_malicious_accuracy': 0.916}, 10.0958793)
2025-04-15 21:09:51 - INFO - configure_evaluate: strategy sampled 20 clients (out of 20)
2025-04-15 21:09:52 - INFO - aggregate_evaluate: received 20 results and 0 failures
2025-04-15 21:09:52 - INFO - 
2025-04-15 21:09:52 - INFO - [ROUND 2]
2025-04-15 21:09:52 - INFO - configure_fit: strategy sampled 20 clients (out of 20)
2025-04-15 21:09:55 - INFO - aggregate_fit: received 20 results and 0 failures
2025-04-15 21:09:58 - INFO - fit progress: (2, 0.0045954111739993095, {'central_global_loss': 0.0045954111739993095, 'central_global_accuracy': 0.954, 'central_clean_loss': 0.004534828915307298, 'central_clean_accuracy': 0.9555, 'central_malicious_loss': 0.004534828915307298, 'central_malicious_accuracy': 0.9555}, 16.8612735)
2025-04-15 21:09:58 - INFO - configure_evaluate: strategy sampled 20 clients (out of 20)
2025-04-15 21:09:59 - INFO - aggregate_evaluate: received 20 results and 0 failures
2025-04-15 21:09:59 - INFO - 
2025-04-15 21:09:59 - INFO - [ROUND 3]
2025-04-15 21:09:59 - INFO - configure_fit: strategy sampled 20 clients (out of 20)
2025-04-15 21:10:03 - INFO - aggregate_fit: received 20 results and 0 failures
2025-04-15 21:10:06 - INFO - fit progress: (3, 0.003128782868385315, {'central_global_loss': 0.003128782868385315, 'central_global_accuracy': 0.964, 'central_clean_loss': 0.003281976621854119, 'central_clean_accuracy': 0.966, 'central_malicious_loss': 0.003281976621854119, 'central_malicious_accuracy': 0.966}, 24.914337300000003)
2025-04-15 21:10:06 - INFO - configure_evaluate: strategy sampled 20 clients (out of 20)
2025-04-15 21:10:06 - INFO - aggregate_evaluate: received 20 results and 0 failures
2025-04-15 21:10:06 - INFO - 
2025-04-15 21:10:06 - INFO - [ROUND 4]
2025-04-15 21:10:06 - INFO - configure_fit: strategy sampled 20 clients (out of 20)
2025-04-15 21:10:10 - INFO - aggregate_fit: received 20 results and 0 failures
2025-04-15 21:10:14 - INFO - fit progress: (4, 0.0023251435719430446, {'central_global_loss': 0.0023251435719430446, 'central_global_accuracy': 0.978, 'central_clean_loss': 0.0026250093041104263, 'central_clean_accuracy': 0.9726, 'central_malicious_loss': 0.0026250093041104263, 'central_malicious_accuracy': 0.9726}, 32.731207999999995)
2025-04-15 21:10:14 - INFO - configure_evaluate: strategy sampled 20 clients (out of 20)
2025-04-15 21:10:14 - INFO - aggregate_evaluate: received 20 results and 0 failures
2025-04-15 21:10:14 - INFO - 
2025-04-15 21:10:14 - INFO - [ROUND 5]
2025-04-15 21:10:14 - INFO - configure_fit: strategy sampled 20 clients (out of 20)
2025-04-15 21:10:18 - INFO - aggregate_fit: received 20 results and 0 failures
2025-04-15 21:10:22 - INFO - fit progress: (5, 0.0018199618943035602, {'central_global_loss': 0.0018199618943035602, 'central_global_accuracy': 0.984, 'central_clean_loss': 0.0022253073006286285, 'central_clean_accuracy': 0.9769, 'central_malicious_loss': 0.0022253073006286285, 'central_malicious_accuracy': 0.9769}, 40.577509199999994)
2025-04-15 21:10:22 - INFO - configure_evaluate: strategy sampled 20 clients (out of 20)
2025-04-15 21:10:22 - INFO - aggregate_evaluate: received 20 results and 0 failures
2025-04-15 21:10:22 - INFO - 
2025-04-15 21:10:22 - INFO - [ROUND 6]
2025-04-15 21:10:22 - INFO - configure_fit: strategy sampled 20 clients (out of 20)
2025-04-15 21:10:26 - INFO - aggregate_fit: received 20 results and 0 failures
2025-04-15 21:10:29 - INFO - fit progress: (6, 0.0015100032705813646, {'central_global_loss': 0.0015100032705813646, 'central_global_accuracy': 0.986, 'central_clean_loss': 0.0019604585395223695, 'central_clean_accuracy': 0.9796, 'central_malicious_loss': 0.0019604585395223695, 'central_malicious_accuracy': 0.9796}, 48.258420900000004)
2025-04-15 21:10:29 - INFO - configure_evaluate: strategy sampled 20 clients (out of 20)
2025-04-15 21:10:30 - INFO - aggregate_evaluate: received 20 results and 0 failures
2025-04-15 21:10:30 - INFO - 
2025-04-15 21:10:30 - INFO - [ROUND 7]
2025-04-15 21:10:30 - INFO - configure_fit: strategy sampled 20 clients (out of 20)
2025-04-15 21:10:34 - INFO - aggregate_fit: received 20 results and 0 failures
2025-04-15 21:10:37 - INFO - fit progress: (7, 0.0013053909428417682, {'central_global_loss': 0.0013053909428417682, 'central_global_accuracy': 0.988, 'central_clean_loss': 0.0017541332135442645, 'central_clean_accuracy': 0.9816, 'central_malicious_loss': 0.0017541332135442645, 'central_malicious_accuracy': 0.9816}, 56.1573698)
2025-04-15 21:10:37 - INFO - configure_evaluate: strategy sampled 20 clients (out of 20)
2025-04-15 21:10:38 - INFO - aggregate_evaluate: received 20 results and 0 failures
2025-04-15 21:10:38 - INFO - 
2025-04-15 21:10:38 - INFO - [ROUND 8]
2025-04-15 21:10:38 - INFO - configure_fit: strategy sampled 20 clients (out of 20)
2025-04-15 21:10:42 - INFO - aggregate_fit: received 20 results and 0 failures
2025-04-15 21:10:45 - INFO - fit progress: (8, 0.0011735973544418812, {'central_global_loss': 0.0011735973544418812, 'central_global_accuracy': 0.988, 'central_clean_loss': 0.0015987004125941895, 'central_clean_accuracy': 0.9829, 'central_malicious_loss': 0.0015987004125941895, 'central_malicious_accuracy': 0.9829}, 64.0236178)
2025-04-15 21:10:45 - INFO - configure_evaluate: strategy sampled 20 clients (out of 20)
2025-04-15 21:10:46 - INFO - aggregate_evaluate: received 20 results and 0 failures
2025-04-15 21:10:46 - INFO - 
2025-04-15 21:10:46 - INFO - [ROUND 9]
2025-04-15 21:10:46 - INFO - configure_fit: strategy sampled 20 clients (out of 20)
2025-04-15 21:10:50 - INFO - aggregate_fit: received 20 results and 0 failures
2025-04-15 21:10:53 - INFO - fit progress: (9, 0.0010617965925484895, {'central_global_loss': 0.0010617965925484895, 'central_global_accuracy': 0.992, 'central_clean_loss': 0.0014745630691497353, 'central_clean_accuracy': 0.9847, 'central_malicious_loss': 0.0014745630691497353, 'central_malicious_accuracy': 0.9847}, 72.056471)
2025-04-15 21:10:53 - INFO - configure_evaluate: strategy sampled 20 clients (out of 20)
2025-04-15 21:10:54 - INFO - aggregate_evaluate: received 20 results and 0 failures
2025-04-15 21:10:54 - INFO - 
2025-04-15 21:10:54 - INFO - [ROUND 10]
2025-04-15 21:10:54 - INFO - configure_fit: strategy sampled 20 clients (out of 20)
2025-04-15 21:10:58 - INFO - aggregate_fit: received 20 results and 0 failures
2025-04-15 21:11:01 - INFO - fit progress: (10, 0.0009966486608609557, {'central_global_loss': 0.0009966486608609557, 'central_global_accuracy': 0.992, 'central_clean_loss': 0.0013765953997310135, 'central_clean_accuracy': 0.9852, 'central_malicious_loss': 0.0013765953997310135, 'central_malicious_accuracy': 0.9852}, 79.9169919)
2025-04-15 21:11:01 - INFO - configure_evaluate: strategy sampled 20 clients (out of 20)
2025-04-15 21:11:01 - INFO - aggregate_evaluate: received 20 results and 0 failures
2025-04-15 21:11:01 - INFO - 
2025-04-15 21:11:01 - INFO - [ROUND 11]
2025-04-15 21:11:01 - INFO - configure_fit: strategy sampled 20 clients (out of 20)
2025-04-15 21:11:05 - INFO - aggregate_fit: received 20 results and 0 failures
2025-04-15 21:11:09 - INFO - fit progress: (11, 0.0009364502495154738, {'central_global_loss': 0.0009364502495154738, 'central_global_accuracy': 0.992, 'central_clean_loss': 0.0012997097860203211, 'central_clean_accuracy': 0.9855, 'central_malicious_loss': 0.0012997097860203211, 'central_malicious_accuracy': 0.9855}, 87.6518747)
2025-04-15 21:11:09 - INFO - configure_evaluate: strategy sampled 20 clients (out of 20)
2025-04-15 21:11:09 - INFO - aggregate_evaluate: received 20 results and 0 failures
2025-04-15 21:11:09 - INFO - 
2025-04-15 21:11:09 - INFO - [ROUND 12]
2025-04-15 21:11:09 - INFO - configure_fit: strategy sampled 20 clients (out of 20)
2025-04-15 21:11:13 - INFO - aggregate_fit: received 20 results and 0 failures
2025-04-15 21:11:17 - INFO - fit progress: (12, 0.0008834726684726774, {'central_global_loss': 0.0008834726684726774, 'central_global_accuracy': 0.992, 'central_clean_loss': 0.0012347241768628009, 'central_clean_accuracy': 0.9862, 'central_malicious_loss': 0.0012347241768628009, 'central_malicious_accuracy': 0.9862}, 95.5987664)
2025-04-15 21:11:17 - INFO - configure_evaluate: strategy sampled 20 clients (out of 20)
2025-04-15 21:11:17 - INFO - aggregate_evaluate: received 20 results and 0 failures
2025-04-15 21:11:17 - INFO - 
2025-04-15 21:11:17 - INFO - [ROUND 13]
2025-04-15 21:11:17 - INFO - configure_fit: strategy sampled 20 clients (out of 20)
2025-04-15 21:11:21 - INFO - aggregate_fit: received 20 results and 0 failures
2025-04-15 21:11:23 - INFO - fit progress: (13, 0.0008283061101101339, {'central_global_loss': 0.0008283061101101339, 'central_global_accuracy': 0.992, 'central_clean_loss': 0.0011778969197868718, 'central_clean_accuracy': 0.9869, 'central_malicious_loss': 0.0011778969197868718, 'central_malicious_accuracy': 0.9869}, 102.3535867)
2025-04-15 21:11:23 - INFO - configure_evaluate: strategy sampled 20 clients (out of 20)
2025-04-15 21:11:24 - INFO - aggregate_evaluate: received 20 results and 0 failures
2025-04-15 21:11:24 - INFO - 
2025-04-15 21:11:24 - INFO - [ROUND 14]
2025-04-15 21:11:24 - INFO - configure_fit: strategy sampled 20 clients (out of 20)
2025-04-15 21:11:28 - INFO - aggregate_fit: received 20 results and 0 failures
2025-04-15 21:11:30 - INFO - fit progress: (14, 0.0007802176256664098, {'central_global_loss': 0.0007802176256664098, 'central_global_accuracy': 0.992, 'central_clean_loss': 0.0011258438387500064, 'central_clean_accuracy': 0.9872, 'central_malicious_loss': 0.0011258438387500064, 'central_malicious_accuracy': 0.9872}, 108.9511552)
2025-04-15 21:11:30 - INFO - configure_evaluate: strategy sampled 20 clients (out of 20)
2025-04-15 21:11:30 - INFO - aggregate_evaluate: received 20 results and 0 failures
2025-04-15 21:11:30 - INFO - 
2025-04-15 21:11:30 - INFO - [ROUND 15]
2025-04-15 21:11:30 - INFO - configure_fit: strategy sampled 20 clients (out of 20)
2025-04-15 21:11:34 - INFO - aggregate_fit: received 20 results and 0 failures
2025-04-15 21:11:37 - INFO - fit progress: (15, 0.0007765891742892564, {'central_global_loss': 0.0007765891742892564, 'central_global_accuracy': 0.992, 'central_clean_loss': 0.0010886022112208593, 'central_clean_accuracy': 0.9874, 'central_malicious_loss': 0.0010886022112208593, 'central_malicious_accuracy': 0.9874}, 115.6005335)
2025-04-15 21:11:37 - INFO - configure_evaluate: strategy sampled 20 clients (out of 20)
2025-04-15 21:11:37 - INFO - aggregate_evaluate: received 20 results and 0 failures
2025-04-15 21:11:37 - INFO - 
2025-04-15 21:11:37 - INFO - [ROUND 16]
2025-04-15 21:11:37 - INFO - configure_fit: strategy sampled 20 clients (out of 20)
2025-04-15 21:11:41 - INFO - aggregate_fit: received 20 results and 0 failures
2025-04-15 21:11:44 - INFO - fit progress: (16, 0.0007349030147306621, {'central_global_loss': 0.0007349030147306621, 'central_global_accuracy': 0.992, 'central_clean_loss': 0.0010466500469385209, 'central_clean_accuracy': 0.9878, 'central_malicious_loss': 0.0010466500469385209, 'central_malicious_accuracy': 0.9878}, 122.4415521)
2025-04-15 21:11:44 - INFO - configure_evaluate: strategy sampled 20 clients (out of 20)
2025-04-15 21:11:44 - INFO - aggregate_evaluate: received 20 results and 0 failures
2025-04-15 21:11:44 - INFO - 
2025-04-15 21:11:44 - INFO - [ROUND 17]
2025-04-15 21:11:44 - INFO - configure_fit: strategy sampled 20 clients (out of 20)
2025-04-15 21:11:48 - INFO - aggregate_fit: received 20 results and 0 failures
2025-04-15 21:11:50 - INFO - fit progress: (17, 0.0007009161771275104, {'central_global_loss': 0.0007009161771275104, 'central_global_accuracy': 0.992, 'central_clean_loss': 0.0010123219218367012, 'central_clean_accuracy': 0.9882, 'central_malicious_loss': 0.0010123219218367012, 'central_malicious_accuracy': 0.9882}, 129.1265393)
2025-04-15 21:11:50 - INFO - configure_evaluate: strategy sampled 20 clients (out of 20)
2025-04-15 21:11:51 - INFO - aggregate_evaluate: received 20 results and 0 failures
2025-04-15 21:11:51 - INFO - 
2025-04-15 21:11:51 - INFO - [ROUND 18]
2025-04-15 21:11:51 - INFO - configure_fit: strategy sampled 20 clients (out of 20)
2025-04-15 21:11:54 - INFO - aggregate_fit: received 20 results and 0 failures
2025-04-15 21:11:57 - INFO - fit progress: (18, 0.0006728344347793609, {'central_global_loss': 0.0006728344347793609, 'central_global_accuracy': 0.992, 'central_clean_loss': 0.0009817212838292106, 'central_clean_accuracy': 0.9886, 'central_malicious_loss': 0.0009817212838292106, 'central_malicious_accuracy': 0.9886}, 135.75290429999998)
2025-04-15 21:11:57 - INFO - configure_evaluate: strategy sampled 20 clients (out of 20)
2025-04-15 21:11:57 - INFO - aggregate_evaluate: received 20 results and 0 failures
2025-04-15 21:11:57 - INFO - 
2025-04-15 21:11:57 - INFO - [ROUND 19]
2025-04-15 21:11:57 - INFO - configure_fit: strategy sampled 20 clients (out of 20)
2025-04-15 21:12:01 - INFO - aggregate_fit: received 20 results and 0 failures
2025-04-15 21:12:04 - INFO - fit progress: (19, 0.0006539198320824653, {'central_global_loss': 0.0006539198320824653, 'central_global_accuracy': 0.99, 'central_clean_loss': 0.0009613546665497779, 'central_clean_accuracy': 0.989, 'central_malicious_loss': 0.0009613546665497779, 'central_malicious_accuracy': 0.989}, 142.4665218)
2025-04-15 21:12:04 - INFO - configure_evaluate: strategy sampled 20 clients (out of 20)
2025-04-15 21:12:04 - INFO - aggregate_evaluate: received 20 results and 0 failures
2025-04-15 21:12:04 - INFO - 
2025-04-15 21:12:04 - INFO - [ROUND 20]
2025-04-15 21:12:04 - INFO - configure_fit: strategy sampled 20 clients (out of 20)
2025-04-15 21:12:08 - INFO - aggregate_fit: received 20 results and 0 failures
2025-04-15 21:12:10 - INFO - fit progress: (20, 0.0006186843134928495, {'central_global_loss': 0.0006186843134928495, 'central_global_accuracy': 0.992, 'central_clean_loss': 0.00093461185047654, 'central_clean_accuracy': 0.9895, 'central_malicious_loss': 0.00093461185047654, 'central_malicious_accuracy': 0.9895}, 149.1321217)
2025-04-15 21:12:10 - INFO - configure_evaluate: strategy sampled 20 clients (out of 20)
2025-04-15 21:12:11 - INFO - aggregate_evaluate: received 20 results and 0 failures
2025-04-15 21:12:11 - INFO - 
2025-04-15 21:12:11 - INFO - [SUMMARY]
2025-04-15 21:12:11 - INFO - Run finished 20 round(s) in 149.53s
2025-04-15 21:12:11 - INFO - 	History (loss, distributed):
2025-04-15 21:12:11 - INFO - 		round 1: 0.916
2025-04-15 21:12:11 - INFO - 		round 2: 0.9555
2025-04-15 21:12:11 - INFO - 		round 3: 0.966
2025-04-15 21:12:11 - INFO - 		round 4: 0.9726
2025-04-15 21:12:11 - INFO - 		round 5: 0.9769
2025-04-15 21:12:11 - INFO - 		round 6: 0.9796
2025-04-15 21:12:11 - INFO - 		round 7: 0.9816
2025-04-15 21:12:11 - INFO - 		round 8: 0.9829
2025-04-15 21:12:11 - INFO - 		round 9: 0.9847
2025-04-15 21:12:11 - INFO - 		round 10: 0.9852
2025-04-15 21:12:11 - INFO - 		round 11: 0.9855
2025-04-15 21:12:11 - INFO - 		round 12: 0.9862
2025-04-15 21:12:11 - INFO - 		round 13: 0.9869
2025-04-15 21:12:11 - INFO - 		round 14: 0.9872
2025-04-15 21:12:11 - INFO - 		round 15: 0.9874
2025-04-15 21:12:11 - INFO - 		round 16: 0.9878
2025-04-15 21:12:11 - INFO - 		round 17: 0.9882
2025-04-15 21:12:11 - INFO - 		round 18: 0.9886
2025-04-15 21:12:11 - INFO - 		round 19: 0.989
2025-04-15 21:12:11 - INFO - 		round 20: 0.9895
2025-04-15 21:12:11 - INFO - 	History (loss, centralized):
2025-04-15 21:12:11 - INFO - 		round 0: 0.07382761383056641
2025-04-15 21:12:11 - INFO - 		round 1: 0.010037770658731461
2025-04-15 21:12:11 - INFO - 		round 2: 0.0045954111739993095
2025-04-15 21:12:11 - INFO - 		round 3: 0.003128782868385315
2025-04-15 21:12:11 - INFO - 		round 4: 0.0023251435719430446
2025-04-15 21:12:11 - INFO - 		round 5: 0.0018199618943035602
2025-04-15 21:12:11 - INFO - 		round 6: 0.0015100032705813646
2025-04-15 21:12:11 - INFO - 		round 7: 0.0013053909428417682
2025-04-15 21:12:11 - INFO - 		round 8: 0.0011735973544418812
2025-04-15 21:12:11 - INFO - 		round 9: 0.0010617965925484895
2025-04-15 21:12:11 - INFO - 		round 10: 0.0009966486608609557
2025-04-15 21:12:11 - INFO - 		round 11: 0.0009364502495154738
2025-04-15 21:12:11 - INFO - 		round 12: 0.0008834726684726774
2025-04-15 21:12:11 - INFO - 		round 13: 0.0008283061101101339
2025-04-15 21:12:11 - INFO - 		round 14: 0.0007802176256664098
2025-04-15 21:12:11 - INFO - 		round 15: 0.0007765891742892564
2025-04-15 21:12:11 - INFO - 		round 16: 0.0007349030147306621
2025-04-15 21:12:11 - INFO - 		round 17: 0.0007009161771275104
2025-04-15 21:12:11 - INFO - 		round 18: 0.0006728344347793609
2025-04-15 21:12:11 - INFO - 		round 19: 0.0006539198320824653
2025-04-15 21:12:11 - INFO - 		round 20: 0.0006186843134928495
2025-04-15 21:12:11 - INFO - 	History (metrics, distributed, evaluate):
2025-04-15 21:12:11 - INFO - 	{'accuracy': [(1, 0.916),
2025-04-15 21:12:11 - INFO - 	              (2, 0.9555),
2025-04-15 21:12:11 - INFO - 	              (3, 0.966),
2025-04-15 21:12:11 - INFO - 	              (4, 0.9726),
2025-04-15 21:12:11 - INFO - 	              (5, 0.9769),
2025-04-15 21:12:11 - INFO - 	              (6, 0.9796),
2025-04-15 21:12:11 - INFO - 	              (7, 0.9816),
2025-04-15 21:12:11 - INFO - 	              (8, 0.9829),
2025-04-15 21:12:11 - INFO - 	              (9, 0.9847),
2025-04-15 21:12:11 - INFO - 	              (10, 0.9852),
2025-04-15 21:12:11 - INFO - 	              (11, 0.9855),
2025-04-15 21:12:11 - INFO - 	              (12, 0.9862),
2025-04-15 21:12:11 - INFO - 	              (13, 0.9869),
2025-04-15 21:12:11 - INFO - 	              (14, 0.9872),
2025-04-15 21:12:11 - INFO - 	              (15, 0.9874),
2025-04-15 21:12:11 - INFO - 	              (16, 0.9878),
2025-04-15 21:12:11 - INFO - 	              (17, 0.9882),
2025-04-15 21:12:11 - INFO - 	              (18, 0.9886),
2025-04-15 21:12:11 - INFO - 	              (19, 0.989),
2025-04-15 21:12:11 - INFO - 	              (20, 0.9895)],
2025-04-15 21:12:11 - INFO - 	 'clean_accuracy': [(1, 0.916),
2025-04-15 21:12:11 - INFO - 	                    (2, 0.9555),
2025-04-15 21:12:11 - INFO - 	                    (3, 0.966),
2025-04-15 21:12:11 - INFO - 	                    (4, 0.9726),
2025-04-15 21:12:11 - INFO - 	                    (5, 0.9769),
2025-04-15 21:12:11 - INFO - 	                    (6, 0.9796),
2025-04-15 21:12:11 - INFO - 	                    (7, 0.9816),
2025-04-15 21:12:11 - INFO - 	                    (8, 0.9829),
2025-04-15 21:12:11 - INFO - 	                    (9, 0.9847),
2025-04-15 21:12:11 - INFO - 	                    (10, 0.9852),
2025-04-15 21:12:11 - INFO - 	                    (11, 0.9855),
2025-04-15 21:12:11 - INFO - 	                    (12, 0.9862),
2025-04-15 21:12:11 - INFO - 	                    (13, 0.9869),
2025-04-15 21:12:11 - INFO - 	                    (14, 0.9872),
2025-04-15 21:12:11 - INFO - 	                    (15, 0.9874),
2025-04-15 21:12:11 - INFO - 	                    (16, 0.9878),
2025-04-15 21:12:11 - INFO - 	                    (17, 0.9882),
2025-04-15 21:12:11 - INFO - 	                    (18, 0.9886),
2025-04-15 21:12:11 - INFO - 	                    (19, 0.989),
2025-04-15 21:12:11 - INFO - 	                    (20, 0.9895)],
2025-04-15 21:12:11 - INFO - 	 'malicious_accuracy': [(1, 0.0),
2025-04-15 21:12:11 - INFO - 	                        (2, 0.0),
2025-04-15 21:12:11 - INFO - 	                        (3, 0.0),
2025-04-15 21:12:11 - INFO - 	                        (4, 0.0),
2025-04-15 21:12:11 - INFO - 	                        (5, 0.0),
2025-04-15 21:12:11 - INFO - 	                        (6, 0.0),
2025-04-15 21:12:11 - INFO - 	                        (7, 0.0),
2025-04-15 21:12:11 - INFO - 	                        (8, 0.0),
2025-04-15 21:12:11 - INFO - 	                        (9, 0.0),
2025-04-15 21:12:11 - INFO - 	                        (10, 0.0),
2025-04-15 21:12:11 - INFO - 	                        (11, 0.0),
2025-04-15 21:12:11 - INFO - 	                        (12, 0.0),
2025-04-15 21:12:11 - INFO - 	                        (13, 0.0),
2025-04-15 21:12:11 - INFO - 	                        (14, 0.0),
2025-04-15 21:12:11 - INFO - 	                        (15, 0.0),
2025-04-15 21:12:11 - INFO - 	                        (16, 0.0),
2025-04-15 21:12:11 - INFO - 	                        (17, 0.0),
2025-04-15 21:12:11 - INFO - 	                        (18, 0.0),
2025-04-15 21:12:11 - INFO - 	                        (19, 0.0),
2025-04-15 21:12:11 - INFO - 	                        (20, 0.0)]}
2025-04-15 21:12:11 - INFO - 	History (metrics, centralized):
2025-04-15 21:12:11 - INFO - 	{'central_clean_accuracy': [(0, 0.1215),
2025-04-15 21:12:11 - INFO - 	                            (1, 0.916),
2025-04-15 21:12:11 - INFO - 	                            (2, 0.9555),
2025-04-15 21:12:11 - INFO - 	                            (3, 0.966),
2025-04-15 21:12:11 - INFO - 	                            (4, 0.9726),
2025-04-15 21:12:11 - INFO - 	                            (5, 0.9769),
2025-04-15 21:12:11 - INFO - 	                            (6, 0.9796),
2025-04-15 21:12:11 - INFO - 	                            (7, 0.9816),
2025-04-15 21:12:11 - INFO - 	                            (8, 0.9829),
2025-04-15 21:12:11 - INFO - 	                            (9, 0.9847),
2025-04-15 21:12:11 - INFO - 	                            (10, 0.9852),
2025-04-15 21:12:11 - INFO - 	                            (11, 0.9855),
2025-04-15 21:12:11 - INFO - 	                            (12, 0.9862),
2025-04-15 21:12:11 - INFO - 	                            (13, 0.9869),
2025-04-15 21:12:11 - INFO - 	                            (14, 0.9872),
2025-04-15 21:12:11 - INFO - 	                            (15, 0.9874),
2025-04-15 21:12:11 - INFO - 	                            (16, 0.9878),
2025-04-15 21:12:11 - INFO - 	                            (17, 0.9882),
2025-04-15 21:12:11 - INFO - 	                            (18, 0.9886),
2025-04-15 21:12:11 - INFO - 	                            (19, 0.989),
2025-04-15 21:12:11 - INFO - 	                            (20, 0.9895)],
2025-04-15 21:12:11 - INFO - 	 'central_clean_loss': [(0, 0.07206743800640106),
2025-04-15 21:12:11 - INFO - 	                        (1, 0.009623030269891024),
2025-04-15 21:12:11 - INFO - 	                        (2, 0.004534828915307298),
2025-04-15 21:12:11 - INFO - 	                        (3, 0.003281976621854119),
2025-04-15 21:12:11 - INFO - 	                        (4, 0.0026250093041104263),
2025-04-15 21:12:11 - INFO - 	                        (5, 0.0022253073006286285),
2025-04-15 21:12:11 - INFO - 	                        (6, 0.0019604585395223695),
2025-04-15 21:12:11 - INFO - 	                        (7, 0.0017541332135442645),
2025-04-15 21:12:11 - INFO - 	                        (8, 0.0015987004125941895),
2025-04-15 21:12:11 - INFO - 	                        (9, 0.0014745630691497353),
2025-04-15 21:12:11 - INFO - 	                        (10, 0.0013765953997310135),
2025-04-15 21:12:11 - INFO - 	                        (11, 0.0012997097860203211),
2025-04-15 21:12:11 - INFO - 	                        (12, 0.0012347241768628009),
2025-04-15 21:12:11 - INFO - 	                        (13, 0.0011778969197868718),
2025-04-15 21:12:11 - INFO - 	                        (14, 0.0011258438387500064),
2025-04-15 21:12:11 - INFO - 	                        (15, 0.0010886022112208593),
2025-04-15 21:12:11 - INFO - 	                        (16, 0.0010466500469385209),
2025-04-15 21:12:11 - INFO - 	                        (17, 0.0010123219218367012),
2025-04-15 21:12:11 - INFO - 	                        (18, 0.0009817212838292106),
2025-04-15 21:12:11 - INFO - 	                        (19, 0.0009613546665497779),
2025-04-15 21:12:11 - INFO - 	                        (20, 0.00093461185047654)],
2025-04-15 21:12:11 - INFO - 	 'central_global_accuracy': [(0, 0.098),
2025-04-15 21:12:11 - INFO - 	                             (1, 0.912),
2025-04-15 21:12:11 - INFO - 	                             (2, 0.954),
2025-04-15 21:12:11 - INFO - 	                             (3, 0.964),
2025-04-15 21:12:11 - INFO - 	                             (4, 0.978),
2025-04-15 21:12:11 - INFO - 	                             (5, 0.984),
2025-04-15 21:12:11 - INFO - 	                             (6, 0.986),
2025-04-15 21:12:11 - INFO - 	                             (7, 0.988),
2025-04-15 21:12:11 - INFO - 	                             (8, 0.988),
2025-04-15 21:12:11 - INFO - 	                             (9, 0.992),
2025-04-15 21:12:11 - INFO - 	                             (10, 0.992),
2025-04-15 21:12:11 - INFO - 	                             (11, 0.992),
2025-04-15 21:12:11 - INFO - 	                             (12, 0.992),
2025-04-15 21:12:11 - INFO - 	                             (13, 0.992),
2025-04-15 21:12:11 - INFO - 	                             (14, 0.992),
2025-04-15 21:12:11 - INFO - 	                             (15, 0.992),
2025-04-15 21:12:11 - INFO - 	                             (16, 0.992),
2025-04-15 21:12:11 - INFO - 	                             (17, 0.992),
2025-04-15 21:12:11 - INFO - 	                             (18, 0.992),
2025-04-15 21:12:11 - INFO - 	                             (19, 0.99),
2025-04-15 21:12:11 - INFO - 	                             (20, 0.992)],
2025-04-15 21:12:11 - INFO - 	 'central_global_loss': [(0, 0.07382761383056641),
2025-04-15 21:12:11 - INFO - 	                         (1, 0.010037770658731461),
2025-04-15 21:12:11 - INFO - 	                         (2, 0.0045954111739993095),
2025-04-15 21:12:11 - INFO - 	                         (3, 0.003128782868385315),
2025-04-15 21:12:11 - INFO - 	                         (4, 0.0023251435719430446),
2025-04-15 21:12:11 - INFO - 	                         (5, 0.0018199618943035602),
2025-04-15 21:12:11 - INFO - 	                         (6, 0.0015100032705813646),
2025-04-15 21:12:11 - INFO - 	                         (7, 0.0013053909428417682),
2025-04-15 21:12:11 - INFO - 	                         (8, 0.0011735973544418812),
2025-04-15 21:12:11 - INFO - 	                         (9, 0.0010617965925484895),
2025-04-15 21:12:11 - INFO - 	                         (10, 0.0009966486608609557),
2025-04-15 21:12:11 - INFO - 	                         (11, 0.0009364502495154738),
2025-04-15 21:12:11 - INFO - 	                         (12, 0.0008834726684726774),
2025-04-15 21:12:11 - INFO - 	                         (13, 0.0008283061101101339),
2025-04-15 21:12:11 - INFO - 	                         (14, 0.0007802176256664098),
2025-04-15 21:12:11 - INFO - 	                         (15, 0.0007765891742892564),
2025-04-15 21:12:11 - INFO - 	                         (16, 0.0007349030147306621),
2025-04-15 21:12:11 - INFO - 	                         (17, 0.0007009161771275104),
2025-04-15 21:12:11 - INFO - 	                         (18, 0.0006728344347793609),
2025-04-15 21:12:11 - INFO - 	                         (19, 0.0006539198320824653),
2025-04-15 21:12:11 - INFO - 	                         (20, 0.0006186843134928495)],
2025-04-15 21:12:11 - INFO - 	 'central_malicious_accuracy': [(0, 0.1215),
2025-04-15 21:12:11 - INFO - 	                                (1, 0.916),
2025-04-15 21:12:11 - INFO - 	                                (2, 0.9555),
2025-04-15 21:12:11 - INFO - 	                                (3, 0.966),
2025-04-15 21:12:11 - INFO - 	                                (4, 0.9726),
2025-04-15 21:12:11 - INFO - 	                                (5, 0.9769),
2025-04-15 21:12:11 - INFO - 	                                (6, 0.9796),
2025-04-15 21:12:11 - INFO - 	                                (7, 0.9816),
2025-04-15 21:12:11 - INFO - 	                                (8, 0.9829),
2025-04-15 21:12:11 - INFO - 	                                (9, 0.9847),
2025-04-15 21:12:11 - INFO - 	                                (10, 0.9852),
2025-04-15 21:12:11 - INFO - 	                                (11, 0.9855),
2025-04-15 21:12:11 - INFO - 	                                (12, 0.9862),
2025-04-15 21:12:11 - INFO - 	                                (13, 0.9869),
2025-04-15 21:12:11 - INFO - 	                                (14, 0.9872),
2025-04-15 21:12:11 - INFO - 	                                (15, 0.9874),
2025-04-15 21:12:11 - INFO - 	                                (16, 0.9878),
2025-04-15 21:12:11 - INFO - 	                                (17, 0.9882),
2025-04-15 21:12:11 - INFO - 	                                (18, 0.9886),
2025-04-15 21:12:11 - INFO - 	                                (19, 0.989),
2025-04-15 21:12:11 - INFO - 	                                (20, 0.9895)],
2025-04-15 21:12:11 - INFO - 	 'central_malicious_loss': [(0, 0.07206743800640106),
2025-04-15 21:12:11 - INFO - 	                            (1, 0.009623030269891024),
2025-04-15 21:12:11 - INFO - 	                            (2, 0.004534828915307298),
2025-04-15 21:12:11 - INFO - 	                            (3, 0.003281976621854119),
2025-04-15 21:12:11 - INFO - 	                            (4, 0.0026250093041104263),
2025-04-15 21:12:11 - INFO - 	                            (5, 0.0022253073006286285),
2025-04-15 21:12:11 - INFO - 	                            (6, 0.0019604585395223695),
2025-04-15 21:12:11 - INFO - 	                            (7, 0.0017541332135442645),
2025-04-15 21:12:11 - INFO - 	                            (8, 0.0015987004125941895),
2025-04-15 21:12:11 - INFO - 	                            (9, 0.0014745630691497353),
2025-04-15 21:12:11 - INFO - 	                            (10, 0.0013765953997310135),
2025-04-15 21:12:11 - INFO - 	                            (11, 0.0012997097860203211),
2025-04-15 21:12:11 - INFO - 	                            (12, 0.0012347241768628009),
2025-04-15 21:12:11 - INFO - 	                            (13, 0.0011778969197868718),
2025-04-15 21:12:11 - INFO - 	                            (14, 0.0011258438387500064),
2025-04-15 21:12:11 - INFO - 	                            (15, 0.0010886022112208593),
2025-04-15 21:12:11 - INFO - 	                            (16, 0.0010466500469385209),
2025-04-15 21:12:11 - INFO - 	                            (17, 0.0010123219218367012),
2025-04-15 21:12:11 - INFO - 	                            (18, 0.0009817212838292106),
2025-04-15 21:12:11 - INFO - 	                            (19, 0.0009613546665497779),
2025-04-15 21:12:11 - INFO - 	                            (20, 0.00093461185047654)]}
2025-04-15 21:12:11 - INFO - 
2025-04-15 21:12:12 - INFO - Starting Federated Learning Simulation: dataset type: iid, dataset name: mnist, strategy: FedAvg(accept_failures=True), rounds: 20, clients: 20
2025-04-15 21:12:12 - WARNING - DEPRECATED FEATURE: flwr.simulation.start_simulation() is deprecated.
	Instead, use the `flwr run` CLI command to start a local simulation in your Flower app, as shown for example below:

		$ flwr new  # Create a new Flower app from a template

		$ flwr run  # Run the Flower app in Simulation Mode

	Using `start_simulation()` is deprecated.

            This is a deprecated feature. It will be removed
            entirely in future versions of Flower.
        
2025-04-15 21:12:12 - INFO - Starting Flower simulation, config: num_rounds=20, no round_timeout
2025-04-15 21:12:15 - INFO - Flower VCE: Ray initialized with resources: {'accelerator_type:G': 1.0, 'node:__internal_head__': 1.0, 'CPU': 24.0, 'object_store_memory': 6982770278.0, 'node:127.0.0.1': 1.0, 'memory': 13965540558.0, 'GPU': 1.0}
2025-04-15 21:12:15 - INFO - Optimize your simulation with Flower VCE: https://flower.ai/docs/framework/how-to-run-simulations.html
2025-04-15 21:12:15 - INFO - No `client_resources` specified. Using minimal resources for clients.
2025-04-15 21:12:15 - INFO - Flower VCE: Resources for each Virtual Client: {'num_cpus': 1, 'num_gpus': 0.0}
2025-04-15 21:12:15 - INFO - Flower VCE: Creating VirtualClientEngineActorPool with 24 actors
2025-04-15 21:12:15 - INFO - [INIT]
2025-04-15 21:12:15 - INFO - Requesting initial parameters from one random client
2025-04-15 21:12:18 - INFO - Received initial parameters from one random client
2025-04-15 21:12:18 - INFO - Starting evaluation of initial global parameters
2025-04-15 21:12:21 - INFO - initial parameters (loss, other metrics): 0.07382761383056641, {'central_global_loss': 0.07382761383056641, 'central_global_accuracy': 0.098, 'central_clean_loss': 0.07206743800640106, 'central_clean_accuracy': 0.1215, 'central_malicious_loss': 0.07206743800640106, 'central_malicious_accuracy': 0.1215}
2025-04-15 21:12:21 - INFO - 
2025-04-15 21:12:21 - INFO - [ROUND 1]
2025-04-15 21:12:21 - INFO - configure_fit: strategy sampled 20 clients (out of 20)
2025-04-15 21:12:28 - INFO - aggregate_fit: received 20 results and 0 failures
2025-04-15 21:12:28 - WARNING - No fit_metrics_aggregation_fn provided
2025-04-15 21:12:31 - INFO - fit progress: (1, 0.010037770360708237, {'central_global_loss': 0.010037770360708237, 'central_global_accuracy': 0.912, 'central_clean_loss': 0.009623030084744097, 'central_clean_accuracy': 0.916, 'central_malicious_loss': 0.009623030084744097, 'central_malicious_accuracy': 0.916}, 10.066705799999994)
2025-04-15 21:12:31 - INFO - configure_evaluate: strategy sampled 20 clients (out of 20)
2025-04-15 21:12:31 - INFO - aggregate_evaluate: received 20 results and 0 failures
2025-04-15 21:12:31 - INFO - 
2025-04-15 21:12:31 - INFO - [ROUND 2]
2025-04-15 21:12:31 - INFO - configure_fit: strategy sampled 20 clients (out of 20)
2025-04-15 21:12:35 - INFO - aggregate_fit: received 20 results and 0 failures
2025-04-15 21:12:38 - INFO - fit progress: (2, 0.0045955791845917705, {'central_global_loss': 0.0045955791845917705, 'central_global_accuracy': 0.954, 'central_clean_loss': 0.004535484055941924, 'central_clean_accuracy': 0.9555, 'central_malicious_loss': 0.004535484055941924, 'central_malicious_accuracy': 0.9555}, 16.921815199999998)
2025-04-15 21:12:38 - INFO - configure_evaluate: strategy sampled 20 clients (out of 20)
2025-04-15 21:12:38 - INFO - aggregate_evaluate: received 20 results and 0 failures
2025-04-15 21:12:38 - INFO - 
2025-04-15 21:12:38 - INFO - [ROUND 3]
2025-04-15 21:12:38 - INFO - configure_fit: strategy sampled 20 clients (out of 20)
2025-04-15 21:12:42 - INFO - aggregate_fit: received 20 results and 0 failures
2025-04-15 21:12:44 - INFO - fit progress: (3, 0.003125819630920887, {'central_global_loss': 0.003125819630920887, 'central_global_accuracy': 0.964, 'central_clean_loss': 0.0032792088706628418, 'central_clean_accuracy': 0.966, 'central_malicious_loss': 0.0032792088706628418, 'central_malicious_accuracy': 0.966}, 23.633432599999992)
2025-04-15 21:12:44 - INFO - configure_evaluate: strategy sampled 20 clients (out of 20)
2025-04-15 21:12:45 - INFO - aggregate_evaluate: received 20 results and 0 failures
2025-04-15 21:12:45 - INFO - 
2025-04-15 21:12:45 - INFO - [ROUND 4]
2025-04-15 21:12:45 - INFO - configure_fit: strategy sampled 20 clients (out of 20)
2025-04-15 21:12:49 - INFO - aggregate_fit: received 20 results and 0 failures
2025-04-15 21:12:51 - INFO - fit progress: (4, 0.002319291215389967, {'central_global_loss': 0.002319291215389967, 'central_global_accuracy': 0.978, 'central_clean_loss': 0.002624882620153949, 'central_clean_accuracy': 0.9725, 'central_malicious_loss': 0.002624882620153949, 'central_malicious_accuracy': 0.9725}, 30.232434799999993)
2025-04-15 21:12:51 - INFO - configure_evaluate: strategy sampled 20 clients (out of 20)
2025-04-15 21:12:51 - INFO - aggregate_evaluate: received 20 results and 0 failures
2025-04-15 21:12:51 - INFO - 
2025-04-15 21:12:51 - INFO - [ROUND 5]
2025-04-15 21:12:51 - INFO - configure_fit: strategy sampled 20 clients (out of 20)
2025-04-15 21:12:55 - INFO - aggregate_fit: received 20 results and 0 failures
2025-04-15 21:12:58 - INFO - fit progress: (5, 0.001821513744071126, {'central_global_loss': 0.001821513744071126, 'central_global_accuracy': 0.984, 'central_clean_loss': 0.0022236225664353697, 'central_clean_accuracy': 0.977, 'central_malicious_loss': 0.0022236225664353697, 'central_malicious_accuracy': 0.977}, 36.9500151)
2025-04-15 21:12:58 - INFO - configure_evaluate: strategy sampled 20 clients (out of 20)
2025-04-15 21:12:58 - INFO - aggregate_evaluate: received 20 results and 0 failures
2025-04-15 21:12:58 - INFO - 
2025-04-15 21:12:58 - INFO - [ROUND 6]
2025-04-15 21:12:58 - INFO - configure_fit: strategy sampled 20 clients (out of 20)
2025-04-15 21:13:02 - INFO - aggregate_fit: received 20 results and 0 failures
2025-04-15 21:13:04 - INFO - fit progress: (6, 0.0015120184998959304, {'central_global_loss': 0.0015120184998959304, 'central_global_accuracy': 0.986, 'central_clean_loss': 0.0019555685930710753, 'central_clean_accuracy': 0.9797, 'central_malicious_loss': 0.0019555685930710753, 'central_malicious_accuracy': 0.9797}, 43.71286379999998)
2025-04-15 21:13:04 - INFO - configure_evaluate: strategy sampled 20 clients (out of 20)
2025-04-15 21:13:05 - INFO - aggregate_evaluate: received 20 results and 0 failures
2025-04-15 21:13:05 - INFO - 
2025-04-15 21:13:05 - INFO - [ROUND 7]
2025-04-15 21:13:05 - INFO - configure_fit: strategy sampled 20 clients (out of 20)
2025-04-15 21:13:09 - INFO - aggregate_fit: received 20 results and 0 failures
2025-04-15 21:13:11 - INFO - fit progress: (7, 0.0013064404977485538, {'central_global_loss': 0.0013064404977485538, 'central_global_accuracy': 0.988, 'central_clean_loss': 0.0017529864677766455, 'central_clean_accuracy': 0.9816, 'central_malicious_loss': 0.0017529864677766455, 'central_malicious_accuracy': 0.9816}, 50.4087849)
2025-04-15 21:13:11 - INFO - configure_evaluate: strategy sampled 20 clients (out of 20)
2025-04-15 21:13:12 - INFO - aggregate_evaluate: received 20 results and 0 failures
2025-04-15 21:13:12 - INFO - 
2025-04-15 21:13:12 - INFO - [ROUND 8]
2025-04-15 21:13:12 - INFO - configure_fit: strategy sampled 20 clients (out of 20)
2025-04-15 21:13:15 - INFO - aggregate_fit: received 20 results and 0 failures
2025-04-15 21:13:18 - INFO - fit progress: (8, 0.0011760968221351505, {'central_global_loss': 0.0011760968221351505, 'central_global_accuracy': 0.99, 'central_clean_loss': 0.0015991841021546862, 'central_clean_accuracy': 0.9831, 'central_malicious_loss': 0.0015991841021546862, 'central_malicious_accuracy': 0.9831}, 57.161669699999976)
2025-04-15 21:13:18 - INFO - configure_evaluate: strategy sampled 20 clients (out of 20)
2025-04-15 21:13:18 - INFO - aggregate_evaluate: received 20 results and 0 failures
2025-04-15 21:13:18 - INFO - 
2025-04-15 21:13:18 - INFO - [ROUND 9]
2025-04-15 21:13:18 - INFO - configure_fit: strategy sampled 20 clients (out of 20)
2025-04-15 21:13:22 - INFO - aggregate_fit: received 20 results and 0 failures
2025-04-15 21:13:25 - INFO - fit progress: (9, 0.0010812482107430696, {'central_global_loss': 0.0010812482107430696, 'central_global_accuracy': 0.992, 'central_clean_loss': 0.0014778564051754074, 'central_clean_accuracy': 0.9848, 'central_malicious_loss': 0.0014778564051754074, 'central_malicious_accuracy': 0.9848}, 63.8555834)
2025-04-15 21:13:25 - INFO - configure_evaluate: strategy sampled 20 clients (out of 20)
2025-04-15 21:13:25 - INFO - aggregate_evaluate: received 20 results and 0 failures
2025-04-15 21:13:25 - INFO - 
2025-04-15 21:13:25 - INFO - [ROUND 10]
2025-04-15 21:13:25 - INFO - configure_fit: strategy sampled 20 clients (out of 20)
2025-04-15 21:13:29 - INFO - aggregate_fit: received 20 results and 0 failures
2025-04-15 21:13:31 - INFO - fit progress: (10, 0.0010009451471269131, {'central_global_loss': 0.0010009451471269131, 'central_global_accuracy': 0.992, 'central_clean_loss': 0.0013773675173637458, 'central_clean_accuracy': 0.9852, 'central_malicious_loss': 0.0013773675173637458, 'central_malicious_accuracy': 0.9852}, 70.4400818)
2025-04-15 21:13:31 - INFO - configure_evaluate: strategy sampled 20 clients (out of 20)
2025-04-15 21:13:32 - INFO - aggregate_evaluate: received 20 results and 0 failures
2025-04-15 21:13:32 - INFO - 
2025-04-15 21:13:32 - INFO - [ROUND 11]
2025-04-15 21:13:32 - INFO - configure_fit: strategy sampled 20 clients (out of 20)
2025-04-15 21:13:35 - INFO - aggregate_fit: received 20 results and 0 failures
2025-04-15 21:13:38 - INFO - fit progress: (11, 0.0009394845734350384, {'central_global_loss': 0.0009394845734350384, 'central_global_accuracy': 0.992, 'central_clean_loss': 0.001301561499894524, 'central_clean_accuracy': 0.9855, 'central_malicious_loss': 0.001301561499894524, 'central_malicious_accuracy': 0.9855}, 77.07666189999998)
2025-04-15 21:13:38 - INFO - configure_evaluate: strategy sampled 20 clients (out of 20)
2025-04-15 21:13:38 - INFO - aggregate_evaluate: received 20 results and 0 failures
2025-04-15 21:13:38 - INFO - 
2025-04-15 21:13:38 - INFO - [ROUND 12]
2025-04-15 21:13:38 - INFO - configure_fit: strategy sampled 20 clients (out of 20)
2025-04-15 21:13:42 - INFO - aggregate_fit: received 20 results and 0 failures
2025-04-15 21:13:46 - INFO - fit progress: (12, 0.0008713326561264694, {'central_global_loss': 0.0008713326561264694, 'central_global_accuracy': 0.992, 'central_clean_loss': 0.0012337360189350875, 'central_clean_accuracy': 0.9864, 'central_malicious_loss': 0.0012337360189350875, 'central_malicious_accuracy': 0.9864}, 84.8257648)
2025-04-15 21:13:46 - INFO - configure_evaluate: strategy sampled 20 clients (out of 20)
2025-04-15 21:13:46 - INFO - aggregate_evaluate: received 20 results and 0 failures
2025-04-15 21:13:46 - INFO - 
2025-04-15 21:13:46 - INFO - [ROUND 13]
2025-04-15 21:13:46 - INFO - configure_fit: strategy sampled 20 clients (out of 20)
2025-04-15 21:13:50 - INFO - aggregate_fit: received 20 results and 0 failures
2025-04-15 21:13:54 - INFO - fit progress: (13, 0.0008406742308288813, {'central_global_loss': 0.0008406742308288813, 'central_global_accuracy': 0.992, 'central_clean_loss': 0.0011784413533947372, 'central_clean_accuracy': 0.9869, 'central_malicious_loss': 0.0011784413533947372, 'central_malicious_accuracy': 0.9869}, 92.72438519999997)
2025-04-15 21:13:54 - INFO - configure_evaluate: strategy sampled 20 clients (out of 20)
2025-04-15 21:13:54 - INFO - aggregate_evaluate: received 20 results and 0 failures
2025-04-15 21:13:54 - INFO - 
2025-04-15 21:13:54 - INFO - [ROUND 14]
2025-04-15 21:13:54 - INFO - configure_fit: strategy sampled 20 clients (out of 20)
2025-04-15 21:13:58 - INFO - aggregate_fit: received 20 results and 0 failures
2025-04-15 21:14:01 - INFO - fit progress: (14, 0.0007886812277138233, {'central_global_loss': 0.0007886812277138233, 'central_global_accuracy': 0.992, 'central_clean_loss': 0.0011287100430628924, 'central_clean_accuracy': 0.9872, 'central_malicious_loss': 0.0011287100430628924, 'central_malicious_accuracy': 0.9872}, 100.44439319999998)
2025-04-15 21:14:01 - INFO - configure_evaluate: strategy sampled 20 clients (out of 20)
2025-04-15 21:14:02 - INFO - aggregate_evaluate: received 20 results and 0 failures
2025-04-15 21:14:02 - INFO - 
2025-04-15 21:14:02 - INFO - [ROUND 15]
2025-04-15 21:14:02 - INFO - configure_fit: strategy sampled 20 clients (out of 20)
2025-04-15 21:14:06 - INFO - aggregate_fit: received 20 results and 0 failures
2025-04-15 21:14:08 - INFO - fit progress: (15, 0.0007702033128589392, {'central_global_loss': 0.0007702033128589392, 'central_global_accuracy': 0.992, 'central_clean_loss': 0.0010844956214956256, 'central_clean_accuracy': 0.9872, 'central_malicious_loss': 0.0010844956214956256, 'central_malicious_accuracy': 0.9872}, 107.30692319999997)
2025-04-15 21:14:08 - INFO - configure_evaluate: strategy sampled 20 clients (out of 20)
2025-04-15 21:14:08 - INFO - aggregate_evaluate: received 20 results and 0 failures
2025-04-15 21:14:08 - INFO - 
2025-04-15 21:14:08 - INFO - [ROUND 16]
2025-04-15 21:14:08 - INFO - configure_fit: strategy sampled 20 clients (out of 20)
2025-04-15 21:14:12 - INFO - aggregate_fit: received 20 results and 0 failures
2025-04-15 21:14:16 - INFO - fit progress: (16, 0.0007397110359743238, {'central_global_loss': 0.0007397110359743238, 'central_global_accuracy': 0.992, 'central_clean_loss': 0.0010443635509391242, 'central_clean_accuracy': 0.9879, 'central_malicious_loss': 0.0010443635509391242, 'central_malicious_accuracy': 0.9879}, 115.03063220000001)
2025-04-15 21:14:16 - INFO - configure_evaluate: strategy sampled 20 clients (out of 20)
2025-04-15 21:14:16 - INFO - aggregate_evaluate: received 20 results and 0 failures
2025-04-15 21:14:16 - INFO - 
2025-04-15 21:14:16 - INFO - [ROUND 17]
2025-04-15 21:14:16 - INFO - configure_fit: strategy sampled 20 clients (out of 20)
2025-04-15 21:14:20 - INFO - aggregate_fit: received 20 results and 0 failures
2025-04-15 21:14:24 - INFO - fit progress: (17, 0.0007079679763410241, {'central_global_loss': 0.0007079679763410241, 'central_global_accuracy': 0.992, 'central_clean_loss': 0.001009357716325394, 'central_clean_accuracy': 0.9882, 'central_malicious_loss': 0.001009357716325394, 'central_malicious_accuracy': 0.9882}, 122.78761349999996)
2025-04-15 21:14:24 - INFO - configure_evaluate: strategy sampled 20 clients (out of 20)
2025-04-15 21:14:24 - INFO - aggregate_evaluate: received 20 results and 0 failures
2025-04-15 21:14:24 - INFO - 
2025-04-15 21:14:24 - INFO - [ROUND 18]
2025-04-15 21:14:24 - INFO - configure_fit: strategy sampled 20 clients (out of 20)
2025-04-15 21:14:28 - INFO - aggregate_fit: received 20 results and 0 failures
2025-04-15 21:14:31 - INFO - fit progress: (18, 0.0006850337889045477, {'central_global_loss': 0.0006850337889045477, 'central_global_accuracy': 0.99, 'central_clean_loss': 0.0009820119417598106, 'central_clean_accuracy': 0.9888, 'central_malicious_loss': 0.0009820119417598106, 'central_malicious_accuracy': 0.9888}, 130.50138779999997)
2025-04-15 21:14:31 - INFO - configure_evaluate: strategy sampled 20 clients (out of 20)
2025-04-15 21:14:32 - INFO - aggregate_evaluate: received 20 results and 0 failures
2025-04-15 21:14:32 - INFO - 
2025-04-15 21:14:32 - INFO - [ROUND 19]
2025-04-15 21:14:32 - INFO - configure_fit: strategy sampled 20 clients (out of 20)
2025-04-15 21:14:36 - INFO - aggregate_fit: received 20 results and 0 failures
2025-04-15 21:14:39 - INFO - fit progress: (19, 0.0006596084071788937, {'central_global_loss': 0.0006596084071788937, 'central_global_accuracy': 0.99, 'central_clean_loss': 0.0009565715413194993, 'central_clean_accuracy': 0.9892, 'central_malicious_loss': 0.0009565715413194993, 'central_malicious_accuracy': 0.9892}, 138.277396)
2025-04-15 21:14:39 - INFO - configure_evaluate: strategy sampled 20 clients (out of 20)
2025-04-15 21:14:39 - INFO - aggregate_evaluate: received 20 results and 0 failures
2025-04-15 21:14:39 - INFO - 
2025-04-15 21:14:39 - INFO - [ROUND 20]
2025-04-15 21:14:39 - INFO - configure_fit: strategy sampled 20 clients (out of 20)
2025-04-15 21:14:43 - INFO - aggregate_fit: received 20 results and 0 failures
2025-04-15 21:14:47 - INFO - fit progress: (20, 0.0006284407700877637, {'central_global_loss': 0.0006284407700877637, 'central_global_accuracy': 0.992, 'central_clean_loss': 0.0009339728264731093, 'central_clean_accuracy': 0.9897, 'central_malicious_loss': 0.0009339728264731093, 'central_malicious_accuracy': 0.9897}, 146.12474579999997)
2025-04-15 21:14:47 - INFO - configure_evaluate: strategy sampled 20 clients (out of 20)
2025-04-15 21:14:47 - INFO - aggregate_evaluate: received 20 results and 0 failures
2025-04-15 21:14:47 - INFO - 
2025-04-15 21:14:47 - INFO - [SUMMARY]
2025-04-15 21:14:47 - INFO - Run finished 20 round(s) in 146.55s
2025-04-15 21:14:47 - INFO - 	History (loss, distributed):
2025-04-15 21:14:47 - INFO - 		round 1: 0.916
2025-04-15 21:14:47 - INFO - 		round 2: 0.9555
2025-04-15 21:14:47 - INFO - 		round 3: 0.966
2025-04-15 21:14:47 - INFO - 		round 4: 0.9725
2025-04-15 21:14:47 - INFO - 		round 5: 0.977
2025-04-15 21:14:47 - INFO - 		round 6: 0.9797
2025-04-15 21:14:47 - INFO - 		round 7: 0.9816
2025-04-15 21:14:47 - INFO - 		round 8: 0.9831
2025-04-15 21:14:47 - INFO - 		round 9: 0.9848
2025-04-15 21:14:47 - INFO - 		round 10: 0.9852
2025-04-15 21:14:47 - INFO - 		round 11: 0.9855
2025-04-15 21:14:47 - INFO - 		round 12: 0.9864
2025-04-15 21:14:47 - INFO - 		round 13: 0.9869
2025-04-15 21:14:47 - INFO - 		round 14: 0.9872
2025-04-15 21:14:47 - INFO - 		round 15: 0.9872
2025-04-15 21:14:47 - INFO - 		round 16: 0.9879
2025-04-15 21:14:47 - INFO - 		round 17: 0.9882
2025-04-15 21:14:47 - INFO - 		round 18: 0.9888
2025-04-15 21:14:47 - INFO - 		round 19: 0.9892
2025-04-15 21:14:47 - INFO - 		round 20: 0.9897
2025-04-15 21:14:47 - INFO - 	History (loss, centralized):
2025-04-15 21:14:47 - INFO - 		round 0: 0.07382761383056641
2025-04-15 21:14:47 - INFO - 		round 1: 0.010037770360708237
2025-04-15 21:14:47 - INFO - 		round 2: 0.0045955791845917705
2025-04-15 21:14:47 - INFO - 		round 3: 0.003125819630920887
2025-04-15 21:14:47 - INFO - 		round 4: 0.002319291215389967
2025-04-15 21:14:47 - INFO - 		round 5: 0.001821513744071126
2025-04-15 21:14:47 - INFO - 		round 6: 0.0015120184998959304
2025-04-15 21:14:47 - INFO - 		round 7: 0.0013064404977485538
2025-04-15 21:14:47 - INFO - 		round 8: 0.0011760968221351505
2025-04-15 21:14:47 - INFO - 		round 9: 0.0010812482107430696
2025-04-15 21:14:47 - INFO - 		round 10: 0.0010009451471269131
2025-04-15 21:14:47 - INFO - 		round 11: 0.0009394845734350384
2025-04-15 21:14:47 - INFO - 		round 12: 0.0008713326561264694
2025-04-15 21:14:47 - INFO - 		round 13: 0.0008406742308288813
2025-04-15 21:14:47 - INFO - 		round 14: 0.0007886812277138233
2025-04-15 21:14:47 - INFO - 		round 15: 0.0007702033128589392
2025-04-15 21:14:47 - INFO - 		round 16: 0.0007397110359743238
2025-04-15 21:14:47 - INFO - 		round 17: 0.0007079679763410241
2025-04-15 21:14:47 - INFO - 		round 18: 0.0006850337889045477
2025-04-15 21:14:47 - INFO - 		round 19: 0.0006596084071788937
2025-04-15 21:14:47 - INFO - 		round 20: 0.0006284407700877637
2025-04-15 21:14:47 - INFO - 	History (metrics, distributed, evaluate):
2025-04-15 21:14:47 - INFO - 	{'accuracy': [(1, 0.916),
2025-04-15 21:14:47 - INFO - 	              (2, 0.9555),
2025-04-15 21:14:47 - INFO - 	              (3, 0.966),
2025-04-15 21:14:47 - INFO - 	              (4, 0.9725),
2025-04-15 21:14:47 - INFO - 	              (5, 0.977),
2025-04-15 21:14:47 - INFO - 	              (6, 0.9797),
2025-04-15 21:14:47 - INFO - 	              (7, 0.9816),
2025-04-15 21:14:47 - INFO - 	              (8, 0.9831),
2025-04-15 21:14:47 - INFO - 	              (9, 0.9848),
2025-04-15 21:14:47 - INFO - 	              (10, 0.9852),
2025-04-15 21:14:47 - INFO - 	              (11, 0.9855),
2025-04-15 21:14:47 - INFO - 	              (12, 0.9864),
2025-04-15 21:14:47 - INFO - 	              (13, 0.9869),
2025-04-15 21:14:47 - INFO - 	              (14, 0.9872),
2025-04-15 21:14:47 - INFO - 	              (15, 0.9872),
2025-04-15 21:14:47 - INFO - 	              (16, 0.9879),
2025-04-15 21:14:47 - INFO - 	              (17, 0.9882),
2025-04-15 21:14:47 - INFO - 	              (18, 0.9888),
2025-04-15 21:14:47 - INFO - 	              (19, 0.9892),
2025-04-15 21:14:47 - INFO - 	              (20, 0.9897)],
2025-04-15 21:14:47 - INFO - 	 'clean_accuracy': [(1, 0.913),
2025-04-15 21:14:47 - INFO - 	                    (2, 0.952125),
2025-04-15 21:14:47 - INFO - 	                    (3, 0.963125),
2025-04-15 21:14:47 - INFO - 	                    (4, 0.96975),
2025-04-15 21:14:47 - INFO - 	                    (5, 0.974125),
2025-04-15 21:14:47 - INFO - 	                    (6, 0.977),
2025-04-15 21:14:47 - INFO - 	                    (7, 0.97925),
2025-04-15 21:14:47 - INFO - 	                    (8, 0.981125),
2025-04-15 21:14:47 - INFO - 	                    (9, 0.98275),
2025-04-15 21:14:47 - INFO - 	                    (10, 0.983125),
2025-04-15 21:14:47 - INFO - 	                    (11, 0.9835),
2025-04-15 21:14:47 - INFO - 	                    (12, 0.984625),
2025-04-15 21:14:47 - INFO - 	                    (13, 0.98525),
2025-04-15 21:14:47 - INFO - 	                    (14, 0.985625),
2025-04-15 21:14:47 - INFO - 	                    (15, 0.985625),
2025-04-15 21:14:47 - INFO - 	                    (16, 0.9865),
2025-04-15 21:14:47 - INFO - 	                    (17, 0.98675),
2025-04-15 21:14:47 - INFO - 	                    (18, 0.9875),
2025-04-15 21:14:47 - INFO - 	                    (19, 0.988),
2025-04-15 21:14:47 - INFO - 	                    (20, 0.9885)],
2025-04-15 21:14:47 - INFO - 	 'malicious_accuracy': [(1, 0.928),
2025-04-15 21:14:47 - INFO - 	                        (2, 0.969),
2025-04-15 21:14:47 - INFO - 	                        (3, 0.9775),
2025-04-15 21:14:47 - INFO - 	                        (4, 0.9835),
2025-04-15 21:14:47 - INFO - 	                        (5, 0.9885),
2025-04-15 21:14:47 - INFO - 	                        (6, 0.9905),
2025-04-15 21:14:47 - INFO - 	                        (7, 0.991),
2025-04-15 21:14:47 - INFO - 	                        (8, 0.991),
2025-04-15 21:14:47 - INFO - 	                        (9, 0.993),
2025-04-15 21:14:47 - INFO - 	                        (10, 0.9935),
2025-04-15 21:14:47 - INFO - 	                        (11, 0.9935),
2025-04-15 21:14:47 - INFO - 	                        (12, 0.9935),
2025-04-15 21:14:47 - INFO - 	                        (13, 0.9935),
2025-04-15 21:14:47 - INFO - 	                        (14, 0.9935),
2025-04-15 21:14:47 - INFO - 	                        (15, 0.9935),
2025-04-15 21:14:47 - INFO - 	                        (16, 0.9935),
2025-04-15 21:14:47 - INFO - 	                        (17, 0.994),
2025-04-15 21:14:47 - INFO - 	                        (18, 0.994),
2025-04-15 21:14:47 - INFO - 	                        (19, 0.994),
2025-04-15 21:14:47 - INFO - 	                        (20, 0.9945)]}
2025-04-15 21:14:47 - INFO - 	History (metrics, centralized):
2025-04-15 21:14:47 - INFO - 	{'central_clean_accuracy': [(0, 0.1215),
2025-04-15 21:14:47 - INFO - 	                            (1, 0.916),
2025-04-15 21:14:47 - INFO - 	                            (2, 0.9555),
2025-04-15 21:14:47 - INFO - 	                            (3, 0.966),
2025-04-15 21:14:47 - INFO - 	                            (4, 0.9725),
2025-04-15 21:14:47 - INFO - 	                            (5, 0.977),
2025-04-15 21:14:47 - INFO - 	                            (6, 0.9797),
2025-04-15 21:14:47 - INFO - 	                            (7, 0.9816),
2025-04-15 21:14:47 - INFO - 	                            (8, 0.9831),
2025-04-15 21:14:47 - INFO - 	                            (9, 0.9848),
2025-04-15 21:14:47 - INFO - 	                            (10, 0.9852),
2025-04-15 21:14:47 - INFO - 	                            (11, 0.9855),
2025-04-15 21:14:47 - INFO - 	                            (12, 0.9864),
2025-04-15 21:14:47 - INFO - 	                            (13, 0.9869),
2025-04-15 21:14:47 - INFO - 	                            (14, 0.9872),
2025-04-15 21:14:47 - INFO - 	                            (15, 0.9872),
2025-04-15 21:14:47 - INFO - 	                            (16, 0.9879),
2025-04-15 21:14:47 - INFO - 	                            (17, 0.9882),
2025-04-15 21:14:47 - INFO - 	                            (18, 0.9888),
2025-04-15 21:14:47 - INFO - 	                            (19, 0.9892),
2025-04-15 21:14:47 - INFO - 	                            (20, 0.9897)],
2025-04-15 21:14:47 - INFO - 	 'central_clean_loss': [(0, 0.07206743800640106),
2025-04-15 21:14:47 - INFO - 	                        (1, 0.009623030084744097),
2025-04-15 21:14:47 - INFO - 	                        (2, 0.004535484055941924),
2025-04-15 21:14:47 - INFO - 	                        (3, 0.0032792088706628418),
2025-04-15 21:14:47 - INFO - 	                        (4, 0.002624882620153949),
2025-04-15 21:14:47 - INFO - 	                        (5, 0.0022236225664353697),
2025-04-15 21:14:47 - INFO - 	                        (6, 0.0019555685930710753),
2025-04-15 21:14:47 - INFO - 	                        (7, 0.0017529864677766455),
2025-04-15 21:14:47 - INFO - 	                        (8, 0.0015991841021546862),
2025-04-15 21:14:47 - INFO - 	                        (9, 0.0014778564051754074),
2025-04-15 21:14:47 - INFO - 	                        (10, 0.0013773675173637458),
2025-04-15 21:14:47 - INFO - 	                        (11, 0.001301561499894524),
2025-04-15 21:14:47 - INFO - 	                        (12, 0.0012337360189350875),
2025-04-15 21:14:47 - INFO - 	                        (13, 0.0011784413533947372),
2025-04-15 21:14:47 - INFO - 	                        (14, 0.0011287100430628924),
2025-04-15 21:14:47 - INFO - 	                        (15, 0.0010844956214956256),
2025-04-15 21:14:47 - INFO - 	                        (16, 0.0010443635509391242),
2025-04-15 21:14:47 - INFO - 	                        (17, 0.001009357716325394),
2025-04-15 21:14:47 - INFO - 	                        (18, 0.0009820119417598106),
2025-04-15 21:14:47 - INFO - 	                        (19, 0.0009565715413194993),
2025-04-15 21:14:47 - INFO - 	                        (20, 0.0009339728264731093)],
2025-04-15 21:14:47 - INFO - 	 'central_global_accuracy': [(0, 0.098),
2025-04-15 21:14:47 - INFO - 	                             (1, 0.912),
2025-04-15 21:14:47 - INFO - 	                             (2, 0.954),
2025-04-15 21:14:47 - INFO - 	                             (3, 0.964),
2025-04-15 21:14:47 - INFO - 	                             (4, 0.978),
2025-04-15 21:14:47 - INFO - 	                             (5, 0.984),
2025-04-15 21:14:47 - INFO - 	                             (6, 0.986),
2025-04-15 21:14:47 - INFO - 	                             (7, 0.988),
2025-04-15 21:14:47 - INFO - 	                             (8, 0.99),
2025-04-15 21:14:47 - INFO - 	                             (9, 0.992),
2025-04-15 21:14:47 - INFO - 	                             (10, 0.992),
2025-04-15 21:14:47 - INFO - 	                             (11, 0.992),
2025-04-15 21:14:47 - INFO - 	                             (12, 0.992),
2025-04-15 21:14:47 - INFO - 	                             (13, 0.992),
2025-04-15 21:14:47 - INFO - 	                             (14, 0.992),
2025-04-15 21:14:47 - INFO - 	                             (15, 0.992),
2025-04-15 21:14:47 - INFO - 	                             (16, 0.992),
2025-04-15 21:14:47 - INFO - 	                             (17, 0.992),
2025-04-15 21:14:47 - INFO - 	                             (18, 0.99),
2025-04-15 21:14:47 - INFO - 	                             (19, 0.99),
2025-04-15 21:14:47 - INFO - 	                             (20, 0.992)],
2025-04-15 21:14:47 - INFO - 	 'central_global_loss': [(0, 0.07382761383056641),
2025-04-15 21:14:47 - INFO - 	                         (1, 0.010037770360708237),
2025-04-15 21:14:47 - INFO - 	                         (2, 0.0045955791845917705),
2025-04-15 21:14:47 - INFO - 	                         (3, 0.003125819630920887),
2025-04-15 21:14:47 - INFO - 	                         (4, 0.002319291215389967),
2025-04-15 21:14:47 - INFO - 	                         (5, 0.001821513744071126),
2025-04-15 21:14:47 - INFO - 	                         (6, 0.0015120184998959304),
2025-04-15 21:14:47 - INFO - 	                         (7, 0.0013064404977485538),
2025-04-15 21:14:47 - INFO - 	                         (8, 0.0011760968221351505),
2025-04-15 21:14:47 - INFO - 	                         (9, 0.0010812482107430696),
2025-04-15 21:14:47 - INFO - 	                         (10, 0.0010009451471269131),
2025-04-15 21:14:47 - INFO - 	                         (11, 0.0009394845734350384),
2025-04-15 21:14:47 - INFO - 	                         (12, 0.0008713326561264694),
2025-04-15 21:14:47 - INFO - 	                         (13, 0.0008406742308288813),
2025-04-15 21:14:47 - INFO - 	                         (14, 0.0007886812277138233),
2025-04-15 21:14:47 - INFO - 	                         (15, 0.0007702033128589392),
2025-04-15 21:14:47 - INFO - 	                         (16, 0.0007397110359743238),
2025-04-15 21:14:47 - INFO - 	                         (17, 0.0007079679763410241),
2025-04-15 21:14:47 - INFO - 	                         (18, 0.0006850337889045477),
2025-04-15 21:14:47 - INFO - 	                         (19, 0.0006596084071788937),
2025-04-15 21:14:47 - INFO - 	                         (20, 0.0006284407700877637)],
2025-04-15 21:14:47 - INFO - 	 'central_malicious_accuracy': [(0, 0.1215),
2025-04-15 21:14:47 - INFO - 	                                (1, 0.916),
2025-04-15 21:14:47 - INFO - 	                                (2, 0.9555),
2025-04-15 21:14:47 - INFO - 	                                (3, 0.966),
2025-04-15 21:14:47 - INFO - 	                                (4, 0.9725),
2025-04-15 21:14:47 - INFO - 	                                (5, 0.977),
2025-04-15 21:14:47 - INFO - 	                                (6, 0.9797),
2025-04-15 21:14:47 - INFO - 	                                (7, 0.9816),
2025-04-15 21:14:47 - INFO - 	                                (8, 0.9831),
2025-04-15 21:14:47 - INFO - 	                                (9, 0.9848),
2025-04-15 21:14:47 - INFO - 	                                (10, 0.9852),
2025-04-15 21:14:47 - INFO - 	                                (11, 0.9855),
2025-04-15 21:14:47 - INFO - 	                                (12, 0.9864),
2025-04-15 21:14:47 - INFO - 	                                (13, 0.9869),
2025-04-15 21:14:47 - INFO - 	                                (14, 0.9872),
2025-04-15 21:14:47 - INFO - 	                                (15, 0.9872),
2025-04-15 21:14:47 - INFO - 	                                (16, 0.9879),
2025-04-15 21:14:47 - INFO - 	                                (17, 0.9882),
2025-04-15 21:14:47 - INFO - 	                                (18, 0.9888),
2025-04-15 21:14:47 - INFO - 	                                (19, 0.9892),
2025-04-15 21:14:47 - INFO - 	                                (20, 0.9897)],
2025-04-15 21:14:47 - INFO - 	 'central_malicious_loss': [(0, 0.07206743800640106),
2025-04-15 21:14:47 - INFO - 	                            (1, 0.009623030084744097),
2025-04-15 21:14:47 - INFO - 	                            (2, 0.004535484055941924),
2025-04-15 21:14:47 - INFO - 	                            (3, 0.0032792088706628418),
2025-04-15 21:14:47 - INFO - 	                            (4, 0.002624882620153949),
2025-04-15 21:14:47 - INFO - 	                            (5, 0.0022236225664353697),
2025-04-15 21:14:47 - INFO - 	                            (6, 0.0019555685930710753),
2025-04-15 21:14:47 - INFO - 	                            (7, 0.0017529864677766455),
2025-04-15 21:14:47 - INFO - 	                            (8, 0.0015991841021546862),
2025-04-15 21:14:47 - INFO - 	                            (9, 0.0014778564051754074),
2025-04-15 21:14:47 - INFO - 	                            (10, 0.0013773675173637458),
2025-04-15 21:14:47 - INFO - 	                            (11, 0.001301561499894524),
2025-04-15 21:14:47 - INFO - 	                            (12, 0.0012337360189350875),
2025-04-15 21:14:47 - INFO - 	                            (13, 0.0011784413533947372),
2025-04-15 21:14:47 - INFO - 	                            (14, 0.0011287100430628924),
2025-04-15 21:14:47 - INFO - 	                            (15, 0.0010844956214956256),
2025-04-15 21:14:47 - INFO - 	                            (16, 0.0010443635509391242),
2025-04-15 21:14:47 - INFO - 	                            (17, 0.001009357716325394),
2025-04-15 21:14:47 - INFO - 	                            (18, 0.0009820119417598106),
2025-04-15 21:14:47 - INFO - 	                            (19, 0.0009565715413194993),
2025-04-15 21:14:47 - INFO - 	                            (20, 0.0009339728264731093)]}
2025-04-15 21:14:47 - INFO - 
2025-04-15 21:14:48 - INFO - Starting Federated Learning Simulation: dataset type: iid, dataset name: mnist, strategy: FedAvg(accept_failures=True), rounds: 20, clients: 20
2025-04-15 21:14:48 - WARNING - DEPRECATED FEATURE: flwr.simulation.start_simulation() is deprecated.
	Instead, use the `flwr run` CLI command to start a local simulation in your Flower app, as shown for example below:

		$ flwr new  # Create a new Flower app from a template

		$ flwr run  # Run the Flower app in Simulation Mode

	Using `start_simulation()` is deprecated.

            This is a deprecated feature. It will be removed
            entirely in future versions of Flower.
        
2025-04-15 21:14:48 - INFO - Starting Flower simulation, config: num_rounds=20, no round_timeout
2025-04-15 21:14:51 - INFO - Flower VCE: Ray initialized with resources: {'accelerator_type:G': 1.0, 'node:__internal_head__': 1.0, 'CPU': 24.0, 'object_store_memory': 6954757324.0, 'node:127.0.0.1': 1.0, 'memory': 13909514651.0, 'GPU': 1.0}
2025-04-15 21:14:51 - INFO - Optimize your simulation with Flower VCE: https://flower.ai/docs/framework/how-to-run-simulations.html
2025-04-15 21:14:51 - INFO - No `client_resources` specified. Using minimal resources for clients.
2025-04-15 21:14:51 - INFO - Flower VCE: Resources for each Virtual Client: {'num_cpus': 1, 'num_gpus': 0.0}
2025-04-15 21:14:51 - INFO - Flower VCE: Creating VirtualClientEngineActorPool with 24 actors
2025-04-15 21:14:51 - INFO - [INIT]
2025-04-15 21:14:51 - INFO - Requesting initial parameters from one random client
2025-04-15 21:14:55 - INFO - Received initial parameters from one random client
2025-04-15 21:14:55 - INFO - Starting evaluation of initial global parameters
2025-04-15 21:14:58 - INFO - initial parameters (loss, other metrics): 0.07382761383056641, {'central_global_loss': 0.07382761383056641, 'central_global_accuracy': 0.098, 'central_clean_loss': 0.07206743800640106, 'central_clean_accuracy': 0.1215, 'central_malicious_loss': 0.07206743800640106, 'central_malicious_accuracy': 0.1215}
2025-04-15 21:14:58 - INFO - 
2025-04-15 21:14:58 - INFO - [ROUND 1]
2025-04-15 21:14:58 - INFO - configure_fit: strategy sampled 20 clients (out of 20)
2025-04-15 21:15:06 - INFO - aggregate_fit: received 20 results and 0 failures
2025-04-15 21:15:06 - WARNING - No fit_metrics_aggregation_fn provided
2025-04-15 21:15:09 - INFO - fit progress: (1, 0.012494648545980454, {'central_global_loss': 0.012494648545980454, 'central_global_accuracy': 0.872, 'central_clean_loss': 0.011971001783758402, 'central_clean_accuracy': 0.8886, 'central_malicious_loss': 0.011971001783758402, 'central_malicious_accuracy': 0.8886}, 11.262293599999964)
2025-04-15 21:15:09 - INFO - configure_evaluate: strategy sampled 20 clients (out of 20)
2025-04-15 21:15:10 - INFO - aggregate_evaluate: received 20 results and 0 failures
2025-04-15 21:15:10 - INFO - 
2025-04-15 21:15:10 - INFO - [ROUND 2]
2025-04-15 21:15:10 - INFO - configure_fit: strategy sampled 20 clients (out of 20)
2025-04-15 21:15:14 - INFO - aggregate_fit: received 20 results and 0 failures
2025-04-15 21:15:17 - INFO - fit progress: (2, 0.005615147054195404, {'central_global_loss': 0.005615147054195404, 'central_global_accuracy': 0.936, 'central_clean_loss': 0.005748658816562966, 'central_clean_accuracy': 0.9422, 'central_malicious_loss': 0.005748658816562966, 'central_malicious_accuracy': 0.9422}, 19.1615989)
2025-04-15 21:15:17 - INFO - configure_evaluate: strategy sampled 20 clients (out of 20)
2025-04-15 21:15:18 - INFO - aggregate_evaluate: received 20 results and 0 failures
2025-04-15 21:15:18 - INFO - 
2025-04-15 21:15:18 - INFO - [ROUND 3]
2025-04-15 21:15:18 - INFO - configure_fit: strategy sampled 20 clients (out of 20)
2025-04-15 21:15:22 - INFO - aggregate_fit: received 20 results and 0 failures
2025-04-15 21:15:25 - INFO - fit progress: (3, 0.0038593985587358475, {'central_global_loss': 0.0038593985587358475, 'central_global_accuracy': 0.958, 'central_clean_loss': 0.004314241881796624, 'central_clean_accuracy': 0.9573, 'central_malicious_loss': 0.004314241881796624, 'central_malicious_accuracy': 0.9573}, 26.985195799999985)
2025-04-15 21:15:25 - INFO - configure_evaluate: strategy sampled 20 clients (out of 20)
2025-04-15 21:15:25 - INFO - aggregate_evaluate: received 20 results and 0 failures
2025-04-15 21:15:25 - INFO - 
2025-04-15 21:15:25 - INFO - [ROUND 4]
2025-04-15 21:15:25 - INFO - configure_fit: strategy sampled 20 clients (out of 20)
2025-04-15 21:15:29 - INFO - aggregate_fit: received 20 results and 0 failures
2025-04-15 21:15:33 - INFO - fit progress: (4, 0.0031288444958627224, {'central_global_loss': 0.0031288444958627224, 'central_global_accuracy': 0.968, 'central_clean_loss': 0.0038104107992257925, 'central_clean_accuracy': 0.9601, 'central_malicious_loss': 0.0038104107992257925, 'central_malicious_accuracy': 0.9601}, 34.890228899999954)
2025-04-15 21:15:33 - INFO - configure_evaluate: strategy sampled 20 clients (out of 20)
2025-04-15 21:15:33 - INFO - aggregate_evaluate: received 20 results and 0 failures
2025-04-15 21:15:33 - INFO - 
2025-04-15 21:15:33 - INFO - [ROUND 5]
2025-04-15 21:15:33 - INFO - configure_fit: strategy sampled 20 clients (out of 20)
2025-04-15 21:15:37 - INFO - aggregate_fit: received 20 results and 0 failures
2025-04-15 21:15:41 - INFO - fit progress: (5, 0.002887827383354306, {'central_global_loss': 0.002887827383354306, 'central_global_accuracy': 0.968, 'central_clean_loss': 0.003647291368545848, 'central_clean_accuracy': 0.9624, 'central_malicious_loss': 0.003647291368545848, 'central_malicious_accuracy': 0.9624}, 42.61971089999997)
2025-04-15 21:15:41 - INFO - configure_evaluate: strategy sampled 20 clients (out of 20)
2025-04-15 21:15:41 - INFO - aggregate_evaluate: received 20 results and 0 failures
2025-04-15 21:15:41 - INFO - 
2025-04-15 21:15:41 - INFO - [ROUND 6]
2025-04-15 21:15:41 - INFO - configure_fit: strategy sampled 20 clients (out of 20)
2025-04-15 21:15:45 - INFO - aggregate_fit: received 20 results and 0 failures
2025-04-15 21:15:48 - INFO - fit progress: (6, 0.002682528242468834, {'central_global_loss': 0.002682528242468834, 'central_global_accuracy': 0.97, 'central_clean_loss': 0.0037302598279959054, 'central_clean_accuracy': 0.9637, 'central_malicious_loss': 0.0037302598279959054, 'central_malicious_accuracy': 0.9637}, 50.42410239999998)
2025-04-15 21:15:48 - INFO - configure_evaluate: strategy sampled 20 clients (out of 20)
2025-04-15 21:15:49 - INFO - aggregate_evaluate: received 20 results and 0 failures
2025-04-15 21:15:49 - INFO - 
2025-04-15 21:15:49 - INFO - [ROUND 7]
2025-04-15 21:15:49 - INFO - configure_fit: strategy sampled 20 clients (out of 20)
2025-04-15 21:15:53 - INFO - aggregate_fit: received 20 results and 0 failures
2025-04-15 21:15:56 - INFO - fit progress: (7, 0.0031468974752351642, {'central_global_loss': 0.0031468974752351642, 'central_global_accuracy': 0.97, 'central_clean_loss': 0.004060235502451724, 'central_clean_accuracy': 0.9627, 'central_malicious_loss': 0.004060235502451724, 'central_malicious_accuracy': 0.9627}, 58.182946999999956)
2025-04-15 21:15:56 - INFO - configure_evaluate: strategy sampled 20 clients (out of 20)
2025-04-15 21:15:57 - INFO - aggregate_evaluate: received 20 results and 0 failures
2025-04-15 21:15:57 - INFO - 
2025-04-15 21:15:57 - INFO - [ROUND 8]
2025-04-15 21:15:57 - INFO - configure_fit: strategy sampled 20 clients (out of 20)
2025-04-15 21:16:00 - INFO - aggregate_fit: received 20 results and 0 failures
2025-04-15 21:16:04 - INFO - fit progress: (8, 0.0036611418835818766, {'central_global_loss': 0.0036611418835818766, 'central_global_accuracy': 0.962, 'central_clean_loss': 0.004355974225736099, 'central_clean_accuracy': 0.9614, 'central_malicious_loss': 0.004355974225736099, 'central_malicious_accuracy': 0.9614}, 65.8897174)
2025-04-15 21:16:04 - INFO - configure_evaluate: strategy sampled 20 clients (out of 20)
2025-04-15 21:16:04 - INFO - aggregate_evaluate: received 20 results and 0 failures
2025-04-15 21:16:04 - INFO - 
2025-04-15 21:16:04 - INFO - [ROUND 9]
2025-04-15 21:16:04 - INFO - configure_fit: strategy sampled 20 clients (out of 20)
2025-04-15 21:16:08 - INFO - aggregate_fit: received 20 results and 0 failures
2025-04-15 21:16:12 - INFO - fit progress: (9, 0.004538710185792297, {'central_global_loss': 0.004538710185792297, 'central_global_accuracy': 0.958, 'central_clean_loss': 0.004745495447785152, 'central_clean_accuracy': 0.9637, 'central_malicious_loss': 0.004745495447785152, 'central_malicious_accuracy': 0.9637}, 73.61911269999996)
2025-04-15 21:16:12 - INFO - configure_evaluate: strategy sampled 20 clients (out of 20)
2025-04-15 21:16:12 - INFO - aggregate_evaluate: received 20 results and 0 failures
2025-04-15 21:16:12 - INFO - 
2025-04-15 21:16:12 - INFO - [ROUND 10]
2025-04-15 21:16:12 - INFO - configure_fit: strategy sampled 20 clients (out of 20)
2025-04-15 21:16:16 - INFO - aggregate_fit: received 20 results and 0 failures
2025-04-15 21:16:19 - INFO - fit progress: (10, 0.003715828372107353, {'central_global_loss': 0.003715828372107353, 'central_global_accuracy': 0.972, 'central_clean_loss': 0.00547328007088663, 'central_clean_accuracy': 0.9621, 'central_malicious_loss': 0.00547328007088663, 'central_malicious_accuracy': 0.9621}, 81.21088259999999)
2025-04-15 21:16:19 - INFO - configure_evaluate: strategy sampled 20 clients (out of 20)
2025-04-15 21:16:20 - INFO - aggregate_evaluate: received 20 results and 0 failures
2025-04-15 21:16:20 - INFO - 
2025-04-15 21:16:20 - INFO - [ROUND 11]
2025-04-15 21:16:20 - INFO - configure_fit: strategy sampled 20 clients (out of 20)
2025-04-15 21:16:24 - INFO - aggregate_fit: received 20 results and 0 failures
2025-04-15 21:16:27 - INFO - fit progress: (11, 0.004383258017711341, {'central_global_loss': 0.004383258017711341, 'central_global_accuracy': 0.97, 'central_clean_loss': 0.005474585781270855, 'central_clean_accuracy': 0.9624, 'central_malicious_loss': 0.005474585781270855, 'central_malicious_accuracy': 0.9624}, 88.85385129999997)
2025-04-15 21:16:27 - INFO - configure_evaluate: strategy sampled 20 clients (out of 20)
2025-04-15 21:16:27 - INFO - aggregate_evaluate: received 20 results and 0 failures
2025-04-15 21:16:27 - INFO - 
2025-04-15 21:16:27 - INFO - [ROUND 12]
2025-04-15 21:16:27 - INFO - configure_fit: strategy sampled 20 clients (out of 20)
2025-04-15 21:16:31 - INFO - aggregate_fit: received 20 results and 0 failures
2025-04-15 21:16:35 - INFO - fit progress: (12, 0.004827464694390073, {'central_global_loss': 0.004827464694390073, 'central_global_accuracy': 0.968, 'central_clean_loss': 0.005886714243025682, 'central_clean_accuracy': 0.9634, 'central_malicious_loss': 0.005886714243025682, 'central_malicious_accuracy': 0.9634}, 96.52057079999997)
2025-04-15 21:16:35 - INFO - configure_evaluate: strategy sampled 20 clients (out of 20)
2025-04-15 21:16:35 - INFO - aggregate_evaluate: received 20 results and 0 failures
2025-04-15 21:16:35 - INFO - 
2025-04-15 21:16:35 - INFO - [ROUND 13]
2025-04-15 21:16:35 - INFO - configure_fit: strategy sampled 20 clients (out of 20)
2025-04-15 21:16:39 - INFO - aggregate_fit: received 20 results and 0 failures
2025-04-15 21:16:42 - INFO - fit progress: (13, 0.004684014909202233, {'central_global_loss': 0.004684014909202233, 'central_global_accuracy': 0.968, 'central_clean_loss': 0.006799013037688641, 'central_clean_accuracy': 0.9602, 'central_malicious_loss': 0.006799013037688641, 'central_malicious_accuracy': 0.9602}, 104.25726939999998)
2025-04-15 21:16:42 - INFO - configure_evaluate: strategy sampled 20 clients (out of 20)
2025-04-15 21:16:43 - INFO - aggregate_evaluate: received 20 results and 0 failures
2025-04-15 21:16:43 - INFO - 
2025-04-15 21:16:43 - INFO - [ROUND 14]
2025-04-15 21:16:43 - INFO - configure_fit: strategy sampled 20 clients (out of 20)
2025-04-15 21:16:47 - INFO - aggregate_fit: received 20 results and 0 failures
2025-04-15 21:16:50 - INFO - fit progress: (14, 0.006347157784330193, {'central_global_loss': 0.006347157784330193, 'central_global_accuracy': 0.97, 'central_clean_loss': 0.007116109152995783, 'central_clean_accuracy': 0.9606, 'central_malicious_loss': 0.007116109152995783, 'central_malicious_accuracy': 0.9606}, 111.91979879999997)
2025-04-15 21:16:50 - INFO - configure_evaluate: strategy sampled 20 clients (out of 20)
2025-04-15 21:16:50 - INFO - aggregate_evaluate: received 20 results and 0 failures
2025-04-15 21:16:50 - INFO - 
2025-04-15 21:16:50 - INFO - [ROUND 15]
2025-04-15 21:16:50 - INFO - configure_fit: strategy sampled 20 clients (out of 20)
2025-04-15 21:16:54 - INFO - aggregate_fit: received 20 results and 0 failures
2025-04-15 21:16:58 - INFO - fit progress: (15, 0.007173709637120282, {'central_global_loss': 0.007173709637120282, 'central_global_accuracy': 0.96, 'central_clean_loss': 0.007960022746620447, 'central_clean_accuracy': 0.9627, 'central_malicious_loss': 0.007960022746620447, 'central_malicious_accuracy': 0.9627}, 119.58081269999997)
2025-04-15 21:16:58 - INFO - configure_evaluate: strategy sampled 20 clients (out of 20)
2025-04-15 21:16:58 - INFO - aggregate_evaluate: received 20 results and 0 failures
2025-04-15 21:16:58 - INFO - 
2025-04-15 21:16:58 - INFO - [ROUND 16]
2025-04-15 21:16:58 - INFO - configure_fit: strategy sampled 20 clients (out of 20)
2025-04-15 21:17:02 - INFO - aggregate_fit: received 20 results and 0 failures
2025-04-15 21:17:05 - INFO - fit progress: (16, 0.007605784056242556, {'central_global_loss': 0.007605784056242556, 'central_global_accuracy': 0.966, 'central_clean_loss': 0.00832858127227025, 'central_clean_accuracy': 0.9615, 'central_malicious_loss': 0.00832858127227025, 'central_malicious_accuracy': 0.9615}, 127.27040619999997)
2025-04-15 21:17:05 - INFO - configure_evaluate: strategy sampled 20 clients (out of 20)
2025-04-15 21:17:06 - INFO - aggregate_evaluate: received 20 results and 0 failures
2025-04-15 21:17:06 - INFO - 
2025-04-15 21:17:06 - INFO - [ROUND 17]
2025-04-15 21:17:06 - INFO - configure_fit: strategy sampled 20 clients (out of 20)
2025-04-15 21:17:10 - INFO - aggregate_fit: received 20 results and 0 failures
2025-04-15 21:17:13 - INFO - fit progress: (17, 0.010053887855028733, {'central_global_loss': 0.010053887855028733, 'central_global_accuracy': 0.956, 'central_clean_loss': 0.008387564452502862, 'central_clean_accuracy': 0.9591, 'central_malicious_loss': 0.008387564452502862, 'central_malicious_accuracy': 0.9591}, 135.0151308)
2025-04-15 21:17:13 - INFO - configure_evaluate: strategy sampled 20 clients (out of 20)
2025-04-15 21:17:13 - INFO - aggregate_evaluate: received 20 results and 0 failures
2025-04-15 21:17:13 - INFO - 
2025-04-15 21:17:13 - INFO - [ROUND 18]
2025-04-15 21:17:13 - INFO - configure_fit: strategy sampled 20 clients (out of 20)
2025-04-15 21:17:18 - INFO - aggregate_fit: received 20 results and 0 failures
2025-04-15 21:17:21 - INFO - fit progress: (18, 0.009222697855264413, {'central_global_loss': 0.009222697855264413, 'central_global_accuracy': 0.95, 'central_clean_loss': 0.00948476746703886, 'central_clean_accuracy': 0.9573, 'central_malicious_loss': 0.00948476746703886, 'central_malicious_accuracy': 0.9573}, 142.95320629999998)
2025-04-15 21:17:21 - INFO - configure_evaluate: strategy sampled 20 clients (out of 20)
2025-04-15 21:17:21 - INFO - aggregate_evaluate: received 20 results and 0 failures
2025-04-15 21:17:21 - INFO - 
2025-04-15 21:17:21 - INFO - [ROUND 19]
2025-04-15 21:17:21 - INFO - configure_fit: strategy sampled 20 clients (out of 20)
2025-04-15 21:17:25 - INFO - aggregate_fit: received 20 results and 0 failures
2025-04-15 21:17:29 - INFO - fit progress: (19, 0.013703003253498536, {'central_global_loss': 0.013703003253498536, 'central_global_accuracy': 0.946, 'central_clean_loss': 0.010784415704548979, 'central_clean_accuracy': 0.9575, 'central_malicious_loss': 0.010784415704548979, 'central_malicious_accuracy': 0.9575}, 150.68597949999997)
2025-04-15 21:17:29 - INFO - configure_evaluate: strategy sampled 20 clients (out of 20)
2025-04-15 21:17:29 - INFO - aggregate_evaluate: received 20 results and 0 failures
2025-04-15 21:17:29 - INFO - 
2025-04-15 21:17:29 - INFO - [ROUND 20]
2025-04-15 21:17:29 - INFO - configure_fit: strategy sampled 20 clients (out of 20)
2025-04-15 21:17:33 - INFO - aggregate_fit: received 20 results and 0 failures
2025-04-15 21:17:37 - INFO - fit progress: (20, 0.012047643382335082, {'central_global_loss': 0.012047643382335082, 'central_global_accuracy': 0.946, 'central_clean_loss': 0.011935826050126866, 'central_clean_accuracy': 0.9552, 'central_malicious_loss': 0.011935826050126866, 'central_malicious_accuracy': 0.9552}, 158.7769649)
2025-04-15 21:17:37 - INFO - configure_evaluate: strategy sampled 20 clients (out of 20)
2025-04-15 21:17:37 - INFO - aggregate_evaluate: received 20 results and 0 failures
2025-04-15 21:17:37 - INFO - 
2025-04-15 21:17:37 - INFO - [SUMMARY]
2025-04-15 21:17:37 - INFO - Run finished 20 round(s) in 159.18s
2025-04-15 21:17:37 - INFO - 	History (loss, distributed):
2025-04-15 21:17:37 - INFO - 		round 1: 0.8886
2025-04-15 21:17:37 - INFO - 		round 2: 0.9422
2025-04-15 21:17:37 - INFO - 		round 3: 0.9573
2025-04-15 21:17:37 - INFO - 		round 4: 0.9601
2025-04-15 21:17:37 - INFO - 		round 5: 0.9624
2025-04-15 21:17:37 - INFO - 		round 6: 0.9637
2025-04-15 21:17:37 - INFO - 		round 7: 0.9627
2025-04-15 21:17:37 - INFO - 		round 8: 0.9614
2025-04-15 21:17:37 - INFO - 		round 9: 0.9637
2025-04-15 21:17:37 - INFO - 		round 10: 0.9621
2025-04-15 21:17:37 - INFO - 		round 11: 0.9624
2025-04-15 21:17:37 - INFO - 		round 12: 0.9634
2025-04-15 21:17:37 - INFO - 		round 13: 0.9602
2025-04-15 21:17:37 - INFO - 		round 14: 0.9606
2025-04-15 21:17:37 - INFO - 		round 15: 0.9627
2025-04-15 21:17:37 - INFO - 		round 16: 0.9615
2025-04-15 21:17:37 - INFO - 		round 17: 0.9591
2025-04-15 21:17:37 - INFO - 		round 18: 0.9573
2025-04-15 21:17:37 - INFO - 		round 19: 0.9575
2025-04-15 21:17:37 - INFO - 		round 20: 0.9552
2025-04-15 21:17:37 - INFO - 	History (loss, centralized):
2025-04-15 21:17:37 - INFO - 		round 0: 0.07382761383056641
2025-04-15 21:17:37 - INFO - 		round 1: 0.012494648545980454
2025-04-15 21:17:37 - INFO - 		round 2: 0.005615147054195404
2025-04-15 21:17:37 - INFO - 		round 3: 0.0038593985587358475
2025-04-15 21:17:37 - INFO - 		round 4: 0.0031288444958627224
2025-04-15 21:17:37 - INFO - 		round 5: 0.002887827383354306
2025-04-15 21:17:37 - INFO - 		round 6: 0.002682528242468834
2025-04-15 21:17:37 - INFO - 		round 7: 0.0031468974752351642
2025-04-15 21:17:37 - INFO - 		round 8: 0.0036611418835818766
2025-04-15 21:17:37 - INFO - 		round 9: 0.004538710185792297
2025-04-15 21:17:37 - INFO - 		round 10: 0.003715828372107353
2025-04-15 21:17:37 - INFO - 		round 11: 0.004383258017711341
2025-04-15 21:17:37 - INFO - 		round 12: 0.004827464694390073
2025-04-15 21:17:37 - INFO - 		round 13: 0.004684014909202233
2025-04-15 21:17:37 - INFO - 		round 14: 0.006347157784330193
2025-04-15 21:17:37 - INFO - 		round 15: 0.007173709637120282
2025-04-15 21:17:37 - INFO - 		round 16: 0.007605784056242556
2025-04-15 21:17:37 - INFO - 		round 17: 0.010053887855028733
2025-04-15 21:17:37 - INFO - 		round 18: 0.009222697855264413
2025-04-15 21:17:37 - INFO - 		round 19: 0.013703003253498536
2025-04-15 21:17:37 - INFO - 		round 20: 0.012047643382335082
2025-04-15 21:17:37 - INFO - 	History (metrics, distributed, evaluate):
2025-04-15 21:17:37 - INFO - 	{'accuracy': [(1, 0.8886),
2025-04-15 21:17:37 - INFO - 	              (2, 0.9422),
2025-04-15 21:17:37 - INFO - 	              (3, 0.9573),
2025-04-15 21:17:37 - INFO - 	              (4, 0.9601),
2025-04-15 21:17:37 - INFO - 	              (5, 0.9624),
2025-04-15 21:17:37 - INFO - 	              (6, 0.9637),
2025-04-15 21:17:37 - INFO - 	              (7, 0.9627),
2025-04-15 21:17:37 - INFO - 	              (8, 0.9614),
2025-04-15 21:17:37 - INFO - 	              (9, 0.9637),
2025-04-15 21:17:37 - INFO - 	              (10, 0.9621),
2025-04-15 21:17:37 - INFO - 	              (11, 0.9624),
2025-04-15 21:17:37 - INFO - 	              (12, 0.9634),
2025-04-15 21:17:37 - INFO - 	              (13, 0.9602),
2025-04-15 21:17:37 - INFO - 	              (14, 0.9606),
2025-04-15 21:17:37 - INFO - 	              (15, 0.9627),
2025-04-15 21:17:37 - INFO - 	              (16, 0.9615),
2025-04-15 21:17:37 - INFO - 	              (17, 0.9591),
2025-04-15 21:17:37 - INFO - 	              (18, 0.9573),
2025-04-15 21:17:37 - INFO - 	              (19, 0.9575),
2025-04-15 21:17:37 - INFO - 	              (20, 0.9552)],
2025-04-15 21:17:37 - INFO - 	 'clean_accuracy': [(1, 0.885875),
2025-04-15 21:17:37 - INFO - 	                    (2, 0.939),
2025-04-15 21:17:37 - INFO - 	                    (3, 0.954375),
2025-04-15 21:17:37 - INFO - 	                    (4, 0.957375),
2025-04-15 21:17:37 - INFO - 	                    (5, 0.960125),
2025-04-15 21:17:37 - INFO - 	                    (6, 0.960875),
2025-04-15 21:17:37 - INFO - 	                    (7, 0.959875),
2025-04-15 21:17:37 - INFO - 	                    (8, 0.958375),
2025-04-15 21:17:37 - INFO - 	                    (9, 0.961375),
2025-04-15 21:17:37 - INFO - 	                    (10, 0.959),
2025-04-15 21:17:37 - INFO - 	                    (11, 0.959875),
2025-04-15 21:17:37 - INFO - 	                    (12, 0.96175),
2025-04-15 21:17:37 - INFO - 	                    (13, 0.958),
2025-04-15 21:17:37 - INFO - 	                    (14, 0.958125),
2025-04-15 21:17:37 - INFO - 	                    (15, 0.9605),
2025-04-15 21:17:37 - INFO - 	                    (16, 0.9605),
2025-04-15 21:17:37 - INFO - 	                    (17, 0.958),
2025-04-15 21:17:37 - INFO - 	                    (18, 0.95675),
2025-04-15 21:17:37 - INFO - 	                    (19, 0.95675),
2025-04-15 21:17:37 - INFO - 	                    (20, 0.954375)],
2025-04-15 21:17:37 - INFO - 	 'malicious_accuracy': [(1, 0.8995),
2025-04-15 21:17:37 - INFO - 	                        (2, 0.955),
2025-04-15 21:17:37 - INFO - 	                        (3, 0.969),
2025-04-15 21:17:37 - INFO - 	                        (4, 0.971),
2025-04-15 21:17:37 - INFO - 	                        (5, 0.9715),
2025-04-15 21:17:37 - INFO - 	                        (6, 0.975),
2025-04-15 21:17:37 - INFO - 	                        (7, 0.974),
2025-04-15 21:17:37 - INFO - 	                        (8, 0.9735),
2025-04-15 21:17:37 - INFO - 	                        (9, 0.973),
2025-04-15 21:17:37 - INFO - 	                        (10, 0.9745),
2025-04-15 21:17:37 - INFO - 	                        (11, 0.9725),
2025-04-15 21:17:37 - INFO - 	                        (12, 0.97),
2025-04-15 21:17:37 - INFO - 	                        (13, 0.969),
2025-04-15 21:17:37 - INFO - 	                        (14, 0.9705),
2025-04-15 21:17:37 - INFO - 	                        (15, 0.9715),
2025-04-15 21:17:37 - INFO - 	                        (16, 0.9655),
2025-04-15 21:17:37 - INFO - 	                        (17, 0.9635),
2025-04-15 21:17:37 - INFO - 	                        (18, 0.9595),
2025-04-15 21:17:37 - INFO - 	                        (19, 0.9605),
2025-04-15 21:17:37 - INFO - 	                        (20, 0.9585)]}
2025-04-15 21:17:37 - INFO - 	History (metrics, centralized):
2025-04-15 21:17:37 - INFO - 	{'central_clean_accuracy': [(0, 0.1215),
2025-04-15 21:17:37 - INFO - 	                            (1, 0.8886),
2025-04-15 21:17:37 - INFO - 	                            (2, 0.9422),
2025-04-15 21:17:37 - INFO - 	                            (3, 0.9573),
2025-04-15 21:17:37 - INFO - 	                            (4, 0.9601),
2025-04-15 21:17:37 - INFO - 	                            (5, 0.9624),
2025-04-15 21:17:37 - INFO - 	                            (6, 0.9637),
2025-04-15 21:17:37 - INFO - 	                            (7, 0.9627),
2025-04-15 21:17:37 - INFO - 	                            (8, 0.9614),
2025-04-15 21:17:37 - INFO - 	                            (9, 0.9637),
2025-04-15 21:17:37 - INFO - 	                            (10, 0.9621),
2025-04-15 21:17:37 - INFO - 	                            (11, 0.9624),
2025-04-15 21:17:37 - INFO - 	                            (12, 0.9634),
2025-04-15 21:17:37 - INFO - 	                            (13, 0.9602),
2025-04-15 21:17:37 - INFO - 	                            (14, 0.9606),
2025-04-15 21:17:37 - INFO - 	                            (15, 0.9627),
2025-04-15 21:17:37 - INFO - 	                            (16, 0.9615),
2025-04-15 21:17:37 - INFO - 	                            (17, 0.9591),
2025-04-15 21:17:37 - INFO - 	                            (18, 0.9573),
2025-04-15 21:17:37 - INFO - 	                            (19, 0.9575),
2025-04-15 21:17:37 - INFO - 	                            (20, 0.9552)],
2025-04-15 21:17:37 - INFO - 	 'central_clean_loss': [(0, 0.07206743800640106),
2025-04-15 21:17:37 - INFO - 	                        (1, 0.011971001783758402),
2025-04-15 21:17:37 - INFO - 	                        (2, 0.005748658816562966),
2025-04-15 21:17:37 - INFO - 	                        (3, 0.004314241881796624),
2025-04-15 21:17:37 - INFO - 	                        (4, 0.0038104107992257925),
2025-04-15 21:17:37 - INFO - 	                        (5, 0.003647291368545848),
2025-04-15 21:17:37 - INFO - 	                        (6, 0.0037302598279959054),
2025-04-15 21:17:37 - INFO - 	                        (7, 0.004060235502451724),
2025-04-15 21:17:37 - INFO - 	                        (8, 0.004355974225736099),
2025-04-15 21:17:37 - INFO - 	                        (9, 0.004745495447785152),
2025-04-15 21:17:37 - INFO - 	                        (10, 0.00547328007088663),
2025-04-15 21:17:37 - INFO - 	                        (11, 0.005474585781270855),
2025-04-15 21:17:37 - INFO - 	                        (12, 0.005886714243025682),
2025-04-15 21:17:37 - INFO - 	                        (13, 0.006799013037688641),
2025-04-15 21:17:37 - INFO - 	                        (14, 0.007116109152995783),
2025-04-15 21:17:37 - INFO - 	                        (15, 0.007960022746620447),
2025-04-15 21:17:37 - INFO - 	                        (16, 0.00832858127227025),
2025-04-15 21:17:37 - INFO - 	                        (17, 0.008387564452502862),
2025-04-15 21:17:37 - INFO - 	                        (18, 0.00948476746703886),
2025-04-15 21:17:37 - INFO - 	                        (19, 0.010784415704548979),
2025-04-15 21:17:37 - INFO - 	                        (20, 0.011935826050126866)],
2025-04-15 21:17:37 - INFO - 	 'central_global_accuracy': [(0, 0.098),
2025-04-15 21:17:37 - INFO - 	                             (1, 0.872),
2025-04-15 21:17:37 - INFO - 	                             (2, 0.936),
2025-04-15 21:17:37 - INFO - 	                             (3, 0.958),
2025-04-15 21:17:37 - INFO - 	                             (4, 0.968),
2025-04-15 21:17:37 - INFO - 	                             (5, 0.968),
2025-04-15 21:17:37 - INFO - 	                             (6, 0.97),
2025-04-15 21:17:37 - INFO - 	                             (7, 0.97),
2025-04-15 21:17:37 - INFO - 	                             (8, 0.962),
2025-04-15 21:17:37 - INFO - 	                             (9, 0.958),
2025-04-15 21:17:37 - INFO - 	                             (10, 0.972),
2025-04-15 21:17:37 - INFO - 	                             (11, 0.97),
2025-04-15 21:17:37 - INFO - 	                             (12, 0.968),
2025-04-15 21:17:37 - INFO - 	                             (13, 0.968),
2025-04-15 21:17:37 - INFO - 	                             (14, 0.97),
2025-04-15 21:17:37 - INFO - 	                             (15, 0.96),
2025-04-15 21:17:37 - INFO - 	                             (16, 0.966),
2025-04-15 21:17:37 - INFO - 	                             (17, 0.956),
2025-04-15 21:17:37 - INFO - 	                             (18, 0.95),
2025-04-15 21:17:37 - INFO - 	                             (19, 0.946),
2025-04-15 21:17:37 - INFO - 	                             (20, 0.946)],
2025-04-15 21:17:37 - INFO - 	 'central_global_loss': [(0, 0.07382761383056641),
2025-04-15 21:17:37 - INFO - 	                         (1, 0.012494648545980454),
2025-04-15 21:17:37 - INFO - 	                         (2, 0.005615147054195404),
2025-04-15 21:17:37 - INFO - 	                         (3, 0.0038593985587358475),
2025-04-15 21:17:37 - INFO - 	                         (4, 0.0031288444958627224),
2025-04-15 21:17:37 - INFO - 	                         (5, 0.002887827383354306),
2025-04-15 21:17:37 - INFO - 	                         (6, 0.002682528242468834),
2025-04-15 21:17:37 - INFO - 	                         (7, 0.0031468974752351642),
2025-04-15 21:17:37 - INFO - 	                         (8, 0.0036611418835818766),
2025-04-15 21:17:37 - INFO - 	                         (9, 0.004538710185792297),
2025-04-15 21:17:37 - INFO - 	                         (10, 0.003715828372107353),
2025-04-15 21:17:37 - INFO - 	                         (11, 0.004383258017711341),
2025-04-15 21:17:37 - INFO - 	                         (12, 0.004827464694390073),
2025-04-15 21:17:37 - INFO - 	                         (13, 0.004684014909202233),
2025-04-15 21:17:37 - INFO - 	                         (14, 0.006347157784330193),
2025-04-15 21:17:37 - INFO - 	                         (15, 0.007173709637120282),
2025-04-15 21:17:37 - INFO - 	                         (16, 0.007605784056242556),
2025-04-15 21:17:37 - INFO - 	                         (17, 0.010053887855028733),
2025-04-15 21:17:37 - INFO - 	                         (18, 0.009222697855264413),
2025-04-15 21:17:37 - INFO - 	                         (19, 0.013703003253498536),
2025-04-15 21:17:37 - INFO - 	                         (20, 0.012047643382335082)],
2025-04-15 21:17:37 - INFO - 	 'central_malicious_accuracy': [(0, 0.1215),
2025-04-15 21:17:37 - INFO - 	                                (1, 0.8886),
2025-04-15 21:17:37 - INFO - 	                                (2, 0.9422),
2025-04-15 21:17:37 - INFO - 	                                (3, 0.9573),
2025-04-15 21:17:37 - INFO - 	                                (4, 0.9601),
2025-04-15 21:17:37 - INFO - 	                                (5, 0.9624),
2025-04-15 21:17:37 - INFO - 	                                (6, 0.9637),
2025-04-15 21:17:37 - INFO - 	                                (7, 0.9627),
2025-04-15 21:17:37 - INFO - 	                                (8, 0.9614),
2025-04-15 21:17:37 - INFO - 	                                (9, 0.9637),
2025-04-15 21:17:37 - INFO - 	                                (10, 0.9621),
2025-04-15 21:17:37 - INFO - 	                                (11, 0.9624),
2025-04-15 21:17:37 - INFO - 	                                (12, 0.9634),
2025-04-15 21:17:37 - INFO - 	                                (13, 0.9602),
2025-04-15 21:17:37 - INFO - 	                                (14, 0.9606),
2025-04-15 21:17:37 - INFO - 	                                (15, 0.9627),
2025-04-15 21:17:37 - INFO - 	                                (16, 0.9615),
2025-04-15 21:17:37 - INFO - 	                                (17, 0.9591),
2025-04-15 21:17:37 - INFO - 	                                (18, 0.9573),
2025-04-15 21:17:37 - INFO - 	                                (19, 0.9575),
2025-04-15 21:17:37 - INFO - 	                                (20, 0.9552)],
2025-04-15 21:17:37 - INFO - 	 'central_malicious_loss': [(0, 0.07206743800640106),
2025-04-15 21:17:37 - INFO - 	                            (1, 0.011971001783758402),
2025-04-15 21:17:37 - INFO - 	                            (2, 0.005748658816562966),
2025-04-15 21:17:37 - INFO - 	                            (3, 0.004314241881796624),
2025-04-15 21:17:37 - INFO - 	                            (4, 0.0038104107992257925),
2025-04-15 21:17:37 - INFO - 	                            (5, 0.003647291368545848),
2025-04-15 21:17:37 - INFO - 	                            (6, 0.0037302598279959054),
2025-04-15 21:17:37 - INFO - 	                            (7, 0.004060235502451724),
2025-04-15 21:17:37 - INFO - 	                            (8, 0.004355974225736099),
2025-04-15 21:17:37 - INFO - 	                            (9, 0.004745495447785152),
2025-04-15 21:17:37 - INFO - 	                            (10, 0.00547328007088663),
2025-04-15 21:17:37 - INFO - 	                            (11, 0.005474585781270855),
2025-04-15 21:17:37 - INFO - 	                            (12, 0.005886714243025682),
2025-04-15 21:17:37 - INFO - 	                            (13, 0.006799013037688641),
2025-04-15 21:17:37 - INFO - 	                            (14, 0.007116109152995783),
2025-04-15 21:17:37 - INFO - 	                            (15, 0.007960022746620447),
2025-04-15 21:17:37 - INFO - 	                            (16, 0.00832858127227025),
2025-04-15 21:17:37 - INFO - 	                            (17, 0.008387564452502862),
2025-04-15 21:17:37 - INFO - 	                            (18, 0.00948476746703886),
2025-04-15 21:17:37 - INFO - 	                            (19, 0.010784415704548979),
2025-04-15 21:17:37 - INFO - 	                            (20, 0.011935826050126866)]}
2025-04-15 21:17:37 - INFO - 
