2025-04-30 17:59:00 - INFO - Starting Federated Learning Simulation: dataset type: iid, dataset name: mnist, strategy: FedAvg(accept_failures=True), rounds: 50, clients: 20
2025-04-30 17:59:00 - WARNING - DEPRECATED FEATURE: flwr.simulation.start_simulation() is deprecated.
	Instead, use the `flwr run` CLI command to start a local simulation in your Flower app, as shown for example below:

		$ flwr new  # Create a new Flower app from a template

		$ flwr run  # Run the Flower app in Simulation Mode

	Using `start_simulation()` is deprecated.

            This is a deprecated feature. It will be removed
            entirely in future versions of Flower.
        
2025-04-30 17:59:00 - INFO - Starting Flower simulation, config: num_rounds=50, no round_timeout
2025-04-30 17:59:02 - INFO - Flower VCE: Ray initialized with resources: {'accelerator_type:G': 1.0, 'node:__internal_head__': 1.0, 'CPU': 24.0, 'memory': 11939790030.0, 'node:127.0.0.1': 1.0, 'object_store_memory': 5969895014.0, 'GPU': 1.0}
2025-04-30 17:59:02 - INFO - Optimize your simulation with Flower VCE: https://flower.ai/docs/framework/how-to-run-simulations.html
2025-04-30 17:59:02 - INFO - No `client_resources` specified. Using minimal resources for clients.
2025-04-30 17:59:02 - INFO - Flower VCE: Resources for each Virtual Client: {'num_cpus': 1, 'num_gpus': 0.0}
2025-04-30 17:59:02 - INFO - Flower VCE: Creating VirtualClientEngineActorPool with 24 actors
2025-04-30 17:59:02 - INFO - [INIT]
2025-04-30 17:59:02 - INFO - Requesting initial parameters from one random client
2025-04-30 17:59:06 - INFO - Received initial parameters from one random client
2025-04-30 17:59:06 - INFO - Starting evaluation of initial global parameters
2025-04-30 17:59:10 - INFO - initial parameters (loss, other metrics): 0.07382761383056641, {'central_global_loss': 0.07382761383056641, 'central_global_accuracy': 0.098, 'central_clean_loss': 0.07206743800640106, 'central_clean_accuracy': 0.1215, 'central_malicious_loss': 0.07206743800640106, 'central_malicious_accuracy': 0.1215}
2025-04-30 17:59:10 - INFO - 
2025-04-30 17:59:10 - INFO - [ROUND 1]
2025-04-30 17:59:10 - INFO - configure_fit: strategy sampled 20 clients (out of 20)
2025-04-30 17:59:33 - INFO - aggregate_fit: received 20 results and 0 failures
2025-04-30 17:59:33 - WARNING - No fit_metrics_aggregation_fn provided
2025-04-30 17:59:37 - INFO - fit progress: (1, 0.03549351751804352, {'central_global_loss': 0.03549351751804352, 'central_global_accuracy': 0.668, 'central_clean_loss': 0.035934831804037094, 'central_clean_accuracy': 0.6408, 'central_malicious_loss': 0.035934831804037094, 'central_malicious_accuracy': 0.6408}, 26.9011415)
2025-04-30 17:59:37 - INFO - configure_evaluate: strategy sampled 20 clients (out of 20)
2025-04-30 17:59:38 - INFO - aggregate_evaluate: received 20 results and 0 failures
2025-04-30 17:59:38 - INFO - 
2025-04-30 17:59:38 - INFO - [ROUND 2]
2025-04-30 17:59:38 - INFO - configure_fit: strategy sampled 20 clients (out of 20)
2025-04-30 17:59:56 - INFO - aggregate_fit: received 20 results and 0 failures
2025-04-30 18:00:00 - INFO - fit progress: (2, 0.017323236852884293, {'central_global_loss': 0.017323236852884293, 'central_global_accuracy': 0.866, 'central_clean_loss': 0.017667478764872065, 'central_clean_accuracy': 0.8627, 'central_malicious_loss': 0.017667478764872065, 'central_malicious_accuracy': 0.8627}, 49.8291629)
2025-04-30 18:00:00 - INFO - configure_evaluate: strategy sampled 20 clients (out of 20)
2025-04-30 18:00:01 - INFO - aggregate_evaluate: received 20 results and 0 failures
2025-04-30 18:00:01 - INFO - 
2025-04-30 18:00:01 - INFO - [ROUND 3]
2025-04-30 18:00:01 - INFO - configure_fit: strategy sampled 20 clients (out of 20)
2025-04-30 18:00:20 - INFO - aggregate_fit: received 20 results and 0 failures
2025-04-30 18:00:23 - INFO - fit progress: (3, 0.02182607465982437, {'central_global_loss': 0.02182607465982437, 'central_global_accuracy': 0.878, 'central_clean_loss': 0.021216150362836198, 'central_clean_accuracy': 0.8704, 'central_malicious_loss': 0.021216150362836198, 'central_malicious_accuracy': 0.8704}, 72.9939036)
2025-04-30 18:00:23 - INFO - configure_evaluate: strategy sampled 20 clients (out of 20)
2025-04-30 18:00:24 - INFO - aggregate_evaluate: received 20 results and 0 failures
2025-04-30 18:00:24 - INFO - 
2025-04-30 18:00:24 - INFO - [ROUND 4]
2025-04-30 18:00:24 - INFO - configure_fit: strategy sampled 20 clients (out of 20)
2025-04-30 18:00:42 - INFO - aggregate_fit: received 20 results and 0 failures
2025-04-30 18:00:46 - INFO - fit progress: (4, 0.013162187576293945, {'central_global_loss': 0.013162187576293945, 'central_global_accuracy': 0.888, 'central_clean_loss': 0.016566770152072422, 'central_clean_accuracy': 0.8826, 'central_malicious_loss': 0.016566770152072422, 'central_malicious_accuracy': 0.8826}, 95.3256704)
2025-04-30 18:00:46 - INFO - configure_evaluate: strategy sampled 20 clients (out of 20)
2025-04-30 18:00:46 - INFO - aggregate_evaluate: received 20 results and 0 failures
2025-04-30 18:00:46 - INFO - 
2025-04-30 18:00:46 - INFO - [ROUND 5]
2025-04-30 18:00:46 - INFO - configure_fit: strategy sampled 20 clients (out of 20)
2025-04-30 18:01:04 - INFO - aggregate_fit: received 20 results and 0 failures
2025-04-30 18:01:08 - INFO - fit progress: (5, 0.008664398493245243, {'central_global_loss': 0.008664398493245243, 'central_global_accuracy': 0.928, 'central_clean_loss': 0.012671468031609038, 'central_clean_accuracy': 0.9231, 'central_malicious_loss': 0.012671468031609038, 'central_malicious_accuracy': 0.9231}, 117.3694624)
2025-04-30 18:01:08 - INFO - configure_evaluate: strategy sampled 20 clients (out of 20)
2025-04-30 18:01:08 - INFO - aggregate_evaluate: received 20 results and 0 failures
2025-04-30 18:01:08 - INFO - 
2025-04-30 18:01:08 - INFO - [ROUND 6]
2025-04-30 18:01:08 - INFO - configure_fit: strategy sampled 20 clients (out of 20)
2025-04-30 18:01:26 - INFO - aggregate_fit: received 20 results and 0 failures
2025-04-30 18:01:29 - INFO - fit progress: (6, 0.010915542848408222, {'central_global_loss': 0.010915542848408222, 'central_global_accuracy': 0.93, 'central_clean_loss': 0.014219392012970275, 'central_clean_accuracy': 0.9252, 'central_malicious_loss': 0.014219392012970275, 'central_malicious_accuracy': 0.9252}, 138.2722694)
2025-04-30 18:01:29 - INFO - configure_evaluate: strategy sampled 20 clients (out of 20)
2025-04-30 18:01:29 - INFO - aggregate_evaluate: received 20 results and 0 failures
2025-04-30 18:01:29 - INFO - 
2025-04-30 18:01:29 - INFO - [ROUND 7]
2025-04-30 18:01:29 - INFO - configure_fit: strategy sampled 20 clients (out of 20)
2025-04-30 18:01:46 - INFO - aggregate_fit: received 20 results and 0 failures
2025-04-30 18:01:50 - INFO - fit progress: (7, 0.014954089855775237, {'central_global_loss': 0.014954089855775237, 'central_global_accuracy': 0.924, 'central_clean_loss': 0.020278635775522663, 'central_clean_accuracy': 0.9233, 'central_malicious_loss': 0.020278635775522663, 'central_malicious_accuracy': 0.9233}, 159.7054483)
2025-04-30 18:01:50 - INFO - configure_evaluate: strategy sampled 20 clients (out of 20)
2025-04-30 18:01:50 - INFO - aggregate_evaluate: received 20 results and 0 failures
2025-04-30 18:01:50 - INFO - 
2025-04-30 18:01:50 - INFO - [ROUND 8]
2025-04-30 18:01:50 - INFO - configure_fit: strategy sampled 20 clients (out of 20)
2025-04-30 18:02:09 - INFO - aggregate_fit: received 20 results and 0 failures
2025-04-30 18:02:13 - INFO - fit progress: (8, 0.0177496895166114, {'central_global_loss': 0.0177496895166114, 'central_global_accuracy': 0.928, 'central_clean_loss': 0.020776360640266417, 'central_clean_accuracy': 0.9316, 'central_malicious_loss': 0.020776360640266417, 'central_malicious_accuracy': 0.9316}, 182.3403788)
2025-04-30 18:02:13 - INFO - configure_evaluate: strategy sampled 20 clients (out of 20)
2025-04-30 18:02:13 - INFO - aggregate_evaluate: received 20 results and 0 failures
2025-04-30 18:02:13 - INFO - 
2025-04-30 18:02:13 - INFO - [ROUND 9]
2025-04-30 18:02:13 - INFO - configure_fit: strategy sampled 20 clients (out of 20)
